#
# A fatal error has been detected by the Java Runtime Environment:
#
#  EXCEPTION_ACCESS_VIOLATION (0xc0000005) at pc=0x00007ffb4d3b0000, pid=10012, tid=14288
#
# JRE version: OpenJDK Runtime Environment (15.0.2+7) (build 15.0.2+7-27)
# Java VM: OpenJDK 64-Bit Server VM (15.0.2+7-27, mixed mode, sharing, tiered, compressed oops, g1 gc, windows-amd64)
# Problematic frame:
# C  [jniLLVM.dll+0x0]
#
# No core dump will be written. Minidumps are not enabled by default on client versions of Windows
#
# If you would like to submit a bug report, please visit:
#   https://bugreport.java.com/bugreport/crash.jsp
# The crash happened outside the Java Virtual Machine in native code.
# See problematic frame for where to report the bug.
#

---------------  S U M M A R Y ------------

Command Line: -javaagent:E:\IntelliJ IDEA 2021.3.2\lib\idea_rt.jar=56678:E:\IntelliJ IDEA 2021.3.2\bin -Dfile.encoding=UTF-8 Main E:\\bianyiyuanli\\Lab\\src\\a.txt E:\\bianyiyuanli\\Lab\\src\\b.txt

Host: AMD Ryzen 5 3600 6-Core Processor              , 12 cores, 15G,  Windows 10 , 64 bit Build 19041 (10.0.19041.2364)
Time: Thu Jan 12 19:31:27 2023 中国标准时间 elapsed time: 0.498805 seconds (0d 0h 0m 0s)

---------------  T H R E A D  ---------------

Current thread (0x000002a25327db10):  JavaThread "main" [_thread_in_native, id=14288, stack(0x000000bf4fc00000,0x000000bf4fd00000)]

Stack: [0x000000bf4fc00000,0x000000bf4fd00000],  sp=0x000000bf4fcfe450,  free space=1017k
Native frames: (J=compiled Java code, j=interpreted, Vv=VM code, C=native code)
C  [jniLLVM.dll+0x0]

Java frames: (J=compiled Java code, j=interpreted, Vv=VM code)
j  org.bytedeco.llvm.global.LLVM.LLVMBuildLoad(Lorg/bytedeco/llvm/LLVM/LLVMBuilderRef;Lorg/bytedeco/llvm/LLVM/LLVMValueRef;Ljava/lang/String;)Lorg/bytedeco/llvm/LLVM/LLVMValueRef;+0
j  LLVMVisitor.getExpVal(LSysYParser$ExpContext;)Lorg/bytedeco/llvm/LLVM/LLVMValueRef;+770
j  LLVMVisitor.getExpVal(LSysYParser$ExpContext;)Lorg/bytedeco/llvm/LLVM/LLVMValueRef;+366
j  LLVMVisitor.visitStmt(LSysYParser$StmtContext;)Lorg/bytedeco/llvm/LLVM/LLVMValueRef;+107
j  LLVMVisitor.visitStmt(LSysYParser$StmtContext;)Ljava/lang/Object;+2
j  SysYParser$StmtContext.accept(Lorg/antlr/v4/runtime/tree/ParseTreeVisitor;)Ljava/lang/Object;+12
j  org.antlr.v4.runtime.tree.AbstractParseTreeVisitor.visitChildren(Lorg/antlr/v4/runtime/tree/RuleNode;)Ljava/lang/Object;+46
j  SysYParserBaseVisitor.visitBlockItem(LSysYParser$BlockItemContext;)Ljava/lang/Object;+2
j  SysYParser$BlockItemContext.accept(Lorg/antlr/v4/runtime/tree/ParseTreeVisitor;)Ljava/lang/Object;+12
j  org.antlr.v4.runtime.tree.AbstractParseTreeVisitor.visitChildren(Lorg/antlr/v4/runtime/tree/RuleNode;)Ljava/lang/Object;+46
j  SysYParserBaseVisitor.visitBlock(LSysYParser$BlockContext;)Ljava/lang/Object;+2
j  LLVMVisitor.visitBlock(LSysYParser$BlockContext;)Lorg/bytedeco/llvm/LLVM/LLVMValueRef;+32
j  LLVMVisitor.visitBlock(LSysYParser$BlockContext;)Ljava/lang/Object;+2
j  SysYParser$BlockContext.accept(Lorg/antlr/v4/runtime/tree/ParseTreeVisitor;)Ljava/lang/Object;+12
j  org.antlr.v4.runtime.tree.AbstractParseTreeVisitor.visitChildren(Lorg/antlr/v4/runtime/tree/RuleNode;)Ljava/lang/Object;+46
j  SysYParserBaseVisitor.visitFuncDef(LSysYParser$FuncDefContext;)Ljava/lang/Object;+2
j  LLVMVisitor.visitFuncDef(LSysYParser$FuncDefContext;)Lorg/bytedeco/llvm/LLVM/LLVMValueRef;+364
j  LLVMVisitor.visitFuncDef(LSysYParser$FuncDefContext;)Ljava/lang/Object;+2
j  SysYParser$FuncDefContext.accept(Lorg/antlr/v4/runtime/tree/ParseTreeVisitor;)Ljava/lang/Object;+12
j  org.antlr.v4.runtime.tree.AbstractParseTreeVisitor.visitChildren(Lorg/antlr/v4/runtime/tree/RuleNode;)Ljava/lang/Object;+46
j  SysYParserBaseVisitor.visitCompUnit(LSysYParser$CompUnitContext;)Ljava/lang/Object;+2
j  LLVMVisitor.visitCompUnit(LSysYParser$CompUnitContext;)Lorg/bytedeco/llvm/LLVM/LLVMValueRef;+13
j  LLVMVisitor.visitCompUnit(LSysYParser$CompUnitContext;)Ljava/lang/Object;+2
j  SysYParser$CompUnitContext.accept(Lorg/antlr/v4/runtime/tree/ParseTreeVisitor;)Ljava/lang/Object;+12
j  org.antlr.v4.runtime.tree.AbstractParseTreeVisitor.visitChildren(Lorg/antlr/v4/runtime/tree/RuleNode;)Ljava/lang/Object;+46
j  SysYParserBaseVisitor.visitProgram(LSysYParser$ProgramContext;)Ljava/lang/Object;+2
j  SysYParser$ProgramContext.accept(Lorg/antlr/v4/runtime/tree/ParseTreeVisitor;)Ljava/lang/Object;+12
j  org.antlr.v4.runtime.tree.AbstractParseTreeVisitor.visit(Lorg/antlr/v4/runtime/tree/ParseTree;)Ljava/lang/Object;+2
j  Main.main([Ljava/lang/String;)V+94
v  ~StubRoutines::call_stub

siginfo: EXCEPTION_ACCESS_VIOLATION (0xc0000005), data execution prevention violation at address 0x00007ffb4d3b0000


Register to memory mapping:

RIP=0x00007ffb4d3b0000 jniLLVM.dll
RAX=0x00007ffb4d3b0000 jniLLVM.dll
RBX=0x000000bf4fcfe550 is pointing into the stack for thread: 0x000002a25327db10
RCX=0x00007ffb4d3b0000 jniLLVM.dll
RDX=0x000000bf4fcfe550 is pointing into the stack for thread: 0x000002a25327db10
RSP=0x000000bf4fcfe450 is pointing into the stack for thread: 0x000002a25327db10
RBP=0x0000000000000001 is an unknown value
RSI=0x000002a276c4b1c0 points into unknown readable memory: 0x000002a2781183e0 | e0 83 11 78 a2 02 00 00
RDI=0x000002a278bbe870 points into unknown readable memory: 0x0000000000000000 | 00 00 00 00 00 00 00 00
R8 =0x000002a276c4b1c0 points into unknown readable memory: 0x000002a2781183e0 | e0 83 11 78 a2 02 00 00
R9 =0x0000000000000001 is an unknown value
R10=0x00007ffb5cc3de40 jvm.dll
R11=0x000000bf4fcfe4f0 is pointing into the stack for thread: 0x000002a25327db10
R12=0x0 is NULL
R13={method} {0x000002a27733e720} 'LLVMBuildLoad' '(Lorg/bytedeco/llvm/LLVM/LLVMBuilderRef;Lorg/bytedeco/llvm/LLVM/LLVMValueRef;Ljava/lang/String;)Lorg/bytedeco/llvm/LLVM/LLVMValueRef;' in 'org/bytedeco/llvm/global/LLVM'
R14=0x000002a278bce508 points into unknown readable memory: 0x000002a276c4b1e0 | e0 b1 c4 76 a2 02 00 00
R15=0x000002a277a5abe0 points into unknown readable memory: 0x00007972746e4500 | 00 45 6e 74 72 79 00 00


Registers:
RAX=0x00007ffb4d3b0000, RBX=0x000000bf4fcfe550, RCX=0x00007ffb4d3b0000, RDX=0x000000bf4fcfe550
RSP=0x000000bf4fcfe450, RBP=0x0000000000000001, RSI=0x000002a276c4b1c0, RDI=0x000002a278bbe870
R8 =0x000002a276c4b1c0, R9 =0x0000000000000001, R10=0x00007ffb5cc3de40, R11=0x000000bf4fcfe4f0
R12=0x0000000000000000, R13=0x000002a27733e718, R14=0x000002a278bce508, R15=0x000002a277a5abe0
RIP=0x00007ffb4d3b0000, EFLAGS=0x0000000000010206

Top of Stack: (sp=0x000000bf4fcfe450)
0x000000bf4fcfe450:   0000000000000000 000000bf4fcfe6a0
0x000000bf4fcfe460:   000002a27733e718 0000000000000000
0x000000bf4fcfe470:   000002a2779dc6b8 000002a25327db10
0x000000bf4fcfe480:   000002a25327de38 00007ffb4e269591
0x000000bf4fcfe490:   000002a25327db10 000000bf4fcfe550
0x000000bf4fcfe4a0:   000002a276c4b1c0 000002a278f4a0b0
0x000000bf4fcfe4b0:   0000000000000000 00007ffb4d75442f
0x000000bf4fcfe4c0:   000002a27733e718 0000000000000000
0x000000bf4fcfe4d0:   000002a25327de38 000002a2533413d0
0x000000bf4fcfe4e0:   0000000000000000 00007ffbe05efde6
0x000000bf4fcfe4f0:   0000000000000010 0000000000000000
0x000000bf4fcfe500:   000002a27733e718 0000000000000000
0x000000bf4fcfe510:   0000000710e68a60 00007ffb5c5f3c31
0x000000bf4fcfe520:   000002a25327db10 0000000000000000
0x000000bf4fcfe530:   000002a278bce508 000002a25327de38
0x000000bf4fcfe540:   000000bf4fcfe6a8 00007ffb4e25878b 

Instructions: (pc=0x00007ffb4d3b0000)
0x00007ffb4d3aff00:   ?? ?? ?? ?? ?? ?? ?? ?? ?? ?? ?? ?? ?? ?? ?? ??
0x00007ffb4d3aff10:   ?? ?? ?? ?? ?? ?? ?? ?? ?? ?? ?? ?? ?? ?? ?? ??
0x00007ffb4d3aff20:   ?? ?? ?? ?? ?? ?? ?? ?? ?? ?? ?? ?? ?? ?? ?? ??
0x00007ffb4d3aff30:   ?? ?? ?? ?? ?? ?? ?? ?? ?? ?? ?? ?? ?? ?? ?? ??
0x00007ffb4d3aff40:   ?? ?? ?? ?? ?? ?? ?? ?? ?? ?? ?? ?? ?? ?? ?? ??
0x00007ffb4d3aff50:   ?? ?? ?? ?? ?? ?? ?? ?? ?? ?? ?? ?? ?? ?? ?? ??
0x00007ffb4d3aff60:   ?? ?? ?? ?? ?? ?? ?? ?? ?? ?? ?? ?? ?? ?? ?? ??
0x00007ffb4d3aff70:   ?? ?? ?? ?? ?? ?? ?? ?? ?? ?? ?? ?? ?? ?? ?? ??
0x00007ffb4d3aff80:   ?? ?? ?? ?? ?? ?? ?? ?? ?? ?? ?? ?? ?? ?? ?? ??
0x00007ffb4d3aff90:   ?? ?? ?? ?? ?? ?? ?? ?? ?? ?? ?? ?? ?? ?? ?? ??
0x00007ffb4d3affa0:   ?? ?? ?? ?? ?? ?? ?? ?? ?? ?? ?? ?? ?? ?? ?? ??
0x00007ffb4d3affb0:   ?? ?? ?? ?? ?? ?? ?? ?? ?? ?? ?? ?? ?? ?? ?? ??
0x00007ffb4d3affc0:   ?? ?? ?? ?? ?? ?? ?? ?? ?? ?? ?? ?? ?? ?? ?? ??
0x00007ffb4d3affd0:   ?? ?? ?? ?? ?? ?? ?? ?? ?? ?? ?? ?? ?? ?? ?? ??
0x00007ffb4d3affe0:   ?? ?? ?? ?? ?? ?? ?? ?? ?? ?? ?? ?? ?? ?? ?? ??
0x00007ffb4d3afff0:   ?? ?? ?? ?? ?? ?? ?? ?? ?? ?? ?? ?? ?? ?? ?? ??
0x00007ffb4d3b0000:   4d 5a 90 00 03 00 00 00 04 00 00 00 ff ff 00 00
0x00007ffb4d3b0010:   b8 00 00 00 00 00 00 00 40 00 00 00 00 00 00 00
0x00007ffb4d3b0020:   00 00 00 00 00 00 00 00 00 00 00 00 00 00 00 00
0x00007ffb4d3b0030:   00 00 00 00 00 00 00 00 00 00 00 00 20 01 00 00
0x00007ffb4d3b0040:   0e 1f ba 0e 00 b4 09 cd 21 b8 01 4c cd 21 54 68
0x00007ffb4d3b0050:   69 73 20 70 72 6f 67 72 61 6d 20 63 61 6e 6e 6f
0x00007ffb4d3b0060:   74 20 62 65 20 72 75 6e 20 69 6e 20 44 4f 53 20
0x00007ffb4d3b0070:   6d 6f 64 65 2e 0d 0d 0a 24 00 00 00 00 00 00 00
0x00007ffb4d3b0080:   f0 25 61 29 b4 44 0f 7a b4 44 0f 7a b4 44 0f 7a
0x00007ffb4d3b0090:   bd 3c 9c 7a a6 44 0f 7a e6 31 0b 7b bc 44 0f 7a
0x00007ffb4d3b00a0:   e6 31 0c 7b b0 44 0f 7a e6 31 0a 7b aa 44 0f 7a
0x00007ffb4d3b00b0:   e6 31 0e 7b b2 44 0f 7a d2 2b f2 7a b3 44 0f 7a
0x00007ffb4d3b00c0:   67 36 0b 7b b5 44 0f 7a 67 36 0e 7b bf 44 0f 7a
0x00007ffb4d3b00d0:   0f 31 0a 7b 61 4c 0f 7a 0f 31 0b 7b e8 44 0f 7a
0x00007ffb4d3b00e0:   0f 31 0e 7b b2 44 0f 7a b4 44 0e 7a 05 45 0f 7a
0x00007ffb4d3b00f0:   0f 31 06 7b b6 44 0f 7a 0f 31 0f 7b b5 44 0f 7a 


Stack slot to memory mapping:
stack at sp + 0 slots: 0x0 is NULL
stack at sp + 1 slots: 0x000000bf4fcfe6a0 is pointing into the stack for thread: 0x000002a25327db10
stack at sp + 2 slots: {method} {0x000002a27733e720} 'LLVMBuildLoad' '(Lorg/bytedeco/llvm/LLVM/LLVMBuilderRef;Lorg/bytedeco/llvm/LLVM/LLVMValueRef;Ljava/lang/String;)Lorg/bytedeco/llvm/LLVM/LLVMValueRef;' in 'org/bytedeco/llvm/global/LLVM'
stack at sp + 3 slots: 0x0 is NULL
stack at sp + 4 slots: 0x000002a2779dc6b8 points into unknown readable memory: 0x00000008000275a8 | a8 75 02 00 08 00 00 00
stack at sp + 5 slots: 0x000002a25327db10 is a thread
stack at sp + 6 slots: 0x000002a25327de38 points into unknown readable memory: 0x00007ffb5cc3de40 | 40 de c3 5c fb 7f 00 00
stack at sp + 7 slots: 0x00007ffb4e269591 jniLLVM.dll


---------------  P R O C E S S  ---------------

Threads class SMR info:
_java_thread_list=0x000002a2779b9a80, length=14, elements={
0x000002a25327db10, 0x000002a2775e4e20, 0x000002a2775e5800, 0x000002a277600760,
0x000002a277604040, 0x000002a2776049f0, 0x000002a27761a3a0, 0x000002a27763b250,
0x000002a27760aca0, 0x000002a27773d690, 0x000002a2777e6930, 0x000002a277929460,
0x000002a27798f9d0, 0x000002a2779bbbb0
}

Java Threads: ( => current thread )
=>0x000002a25327db10 JavaThread "main" [_thread_in_native, id=14288, stack(0x000000bf4fc00000,0x000000bf4fd00000)]
  0x000002a2775e4e20 JavaThread "Reference Handler" daemon [_thread_blocked, id=18832, stack(0x000000bf50300000,0x000000bf50400000)]
  0x000002a2775e5800 JavaThread "Finalizer" daemon [_thread_blocked, id=17608, stack(0x000000bf50400000,0x000000bf50500000)]
  0x000002a277600760 JavaThread "Signal Dispatcher" daemon [_thread_blocked, id=2420, stack(0x000000bf50500000,0x000000bf50600000)]
  0x000002a277604040 JavaThread "Attach Listener" daemon [_thread_blocked, id=15832, stack(0x000000bf50600000,0x000000bf50700000)]
  0x000002a2776049f0 JavaThread "Service Thread" daemon [_thread_blocked, id=20368, stack(0x000000bf50700000,0x000000bf50800000)]
  0x000002a27761a3a0 JavaThread "C2 CompilerThread0" daemon [_thread_blocked, id=11772, stack(0x000000bf50800000,0x000000bf50900000)]
  0x000002a27763b250 JavaThread "C1 CompilerThread0" daemon [_thread_blocked, id=13040, stack(0x000000bf50900000,0x000000bf50a00000)]
  0x000002a27760aca0 JavaThread "Sweeper thread" daemon [_thread_blocked, id=11248, stack(0x000000bf50a00000,0x000000bf50b00000)]
  0x000002a27773d690 JavaThread "Common-Cleaner" daemon [_thread_blocked, id=19308, stack(0x000000bf50b00000,0x000000bf50c00000)]
  0x000002a2777e6930 JavaThread "C2 CompilerThread1" daemon [_thread_blocked, id=6340, stack(0x000000bf50c00000,0x000000bf50d00000)]
  0x000002a277929460 JavaThread "Monitor Ctrl-Break" daemon [_thread_in_native, id=14988, stack(0x000000bf50d00000,0x000000bf50e00000)]
  0x000002a27798f9d0 JavaThread "Notification Thread" daemon [_thread_blocked, id=15284, stack(0x000000bf50e00000,0x000000bf50f00000)]
  0x000002a2779bbbb0 JavaThread "JavaCPP Deallocator" daemon [_thread_blocked, id=16720, stack(0x000000bf51000000,0x000000bf51100000)]

Other Threads:
  0x000002a2775e40a0 VMThread "VM Thread" [stack: 0x000000bf50200000,0x000000bf50300000] [id=19176]
  0x000002a25327ea50 WatcherThread [stack: 0x000000bf50f00000,0x000000bf51000000] [id=2116]
  0x000002a2532ce510 GCTaskThread "GC Thread#0" [stack: 0x000000bf4fd00000,0x000000bf4fe00000] [id=6592]
  0x000002a277b3eba0 GCTaskThread "GC Thread#1" [stack: 0x000000bf51100000,0x000000bf51200000] [id=8836]
  0x000002a277b3d220 GCTaskThread "GC Thread#2" [stack: 0x000000bf51200000,0x000000bf51300000] [id=6188]
  0x000002a277b3eed0 GCTaskThread "GC Thread#3" [stack: 0x000000bf51300000,0x000000bf51400000] [id=20164]
  0x000002a277b40850 GCTaskThread "GC Thread#4" [stack: 0x000000bf51400000,0x000000bf51500000] [id=14168]
  0x000002a277b3f200 GCTaskThread "GC Thread#5" [stack: 0x000000bf51500000,0x000000bf51600000] [id=15084]
  0x000002a2532df4e0 ConcurrentGCThread "G1 Main Marker" [stack: 0x000000bf4fe00000,0x000000bf4ff00000] [id=18608]
  0x000002a2532e0870 ConcurrentGCThread "G1 Conc#0" [stack: 0x000000bf4ff00000,0x000000bf50000000] [id=9044]
  0x000002a276c620d0 ConcurrentGCThread "G1 Refine#0" [stack: 0x000000bf50000000,0x000000bf50100000] [id=17836]
  0x000002a276c64af0 ConcurrentGCThread "G1 Young RemSet Sampling" [stack: 0x000000bf50100000,0x000000bf50200000] [id=11176]

Threads with active compile tasks:

VM state: not at safepoint (normal execution)

VM Mutex/Monitor currently owned by a thread: None

Heap address: 0x0000000701800000, size: 4072 MB, Compressed Oops mode: Zero based, Oop shift amount: 3
CDS archive(s) mapped at: [0x0000000800000000-0x0000000800b50000-0x0000000800b50000), size 11862016, SharedBaseAddress: 0x0000000800000000, ArchiveRelocationMode: 0.
Compressed class space mapped at: 0x0000000800b50000-0x0000000840b50000, size: 1073741824
Narrow klass base: 0x0000000800000000, Narrow klass shift: 3, Narrow klass range: 0x100000000

GC Precious Log:
 CPUs: 12 total, 12 available
 Memory: 16280M
 Large Page Support: Disabled
 NUMA Support: Disabled
 Compressed Oops: Enabled (Zero based)
 Heap Region Size: 2M
 Heap Min Capacity: 8M
 Heap Initial Capacity: 256M
 Heap Max Capacity: 4072M
 Pre-touch: Disabled
 Parallel Workers: 10
 Concurrent Workers: 3
 Concurrent Refinement Workers: 10
 Periodic GC: Disabled

Heap:
 garbage-first heap   total 262144K, used 14052K [0x0000000701800000, 0x0000000800000000)
  region size 2048K, 7 young (14336K), 2 survivors (4096K)
 Metaspace       used 4163K, capacity 6550K, committed 6656K, reserved 1056768K
  class space    used 436K, capacity 668K, committed 768K, reserved 1048576K

Heap Regions: E=young(eden), S=young(survivor), O=old, HS=humongous(starts), HC=humongous(continues), CS=collection set, F=free, OA=open archive, CA=closed archive, TAMS=top-at-mark-start (previous, next)
|   0|0x0000000701800000, 0x00000007019b9000, 0x0000000701a00000| 86%| O|  |TAMS 0x0000000701800000, 0x0000000701800000| Untracked 
|   1|0x0000000701a00000, 0x0000000701a00000, 0x0000000701c00000|  0%| F|  |TAMS 0x0000000701a00000, 0x0000000701a00000| Untracked 
|   2|0x0000000701c00000, 0x0000000701c00000, 0x0000000701e00000|  0%| F|  |TAMS 0x0000000701c00000, 0x0000000701c00000| Untracked 
|   3|0x0000000701e00000, 0x0000000701e00000, 0x0000000702000000|  0%| F|  |TAMS 0x0000000701e00000, 0x0000000701e00000| Untracked 
|   4|0x0000000702000000, 0x0000000702000000, 0x0000000702200000|  0%| F|  |TAMS 0x0000000702000000, 0x0000000702000000| Untracked 
|   5|0x0000000702200000, 0x0000000702200000, 0x0000000702400000|  0%| F|  |TAMS 0x0000000702200000, 0x0000000702200000| Untracked 
|   6|0x0000000702400000, 0x0000000702400000, 0x0000000702600000|  0%| F|  |TAMS 0x0000000702400000, 0x0000000702400000| Untracked 
|   7|0x0000000702600000, 0x0000000702600000, 0x0000000702800000|  0%| F|  |TAMS 0x0000000702600000, 0x0000000702600000| Untracked 
|   8|0x0000000702800000, 0x0000000702800000, 0x0000000702a00000|  0%| F|  |TAMS 0x0000000702800000, 0x0000000702800000| Untracked 
|   9|0x0000000702a00000, 0x0000000702a00000, 0x0000000702c00000|  0%| F|  |TAMS 0x0000000702a00000, 0x0000000702a00000| Untracked 
|  10|0x0000000702c00000, 0x0000000702c00000, 0x0000000702e00000|  0%| F|  |TAMS 0x0000000702c00000, 0x0000000702c00000| Untracked 
|  11|0x0000000702e00000, 0x0000000702e00000, 0x0000000703000000|  0%| F|  |TAMS 0x0000000702e00000, 0x0000000702e00000| Untracked 
|  12|0x0000000703000000, 0x0000000703000000, 0x0000000703200000|  0%| F|  |TAMS 0x0000000703000000, 0x0000000703000000| Untracked 
|  13|0x0000000703200000, 0x0000000703200000, 0x0000000703400000|  0%| F|  |TAMS 0x0000000703200000, 0x0000000703200000| Untracked 
|  14|0x0000000703400000, 0x0000000703400000, 0x0000000703600000|  0%| F|  |TAMS 0x0000000703400000, 0x0000000703400000| Untracked 
|  15|0x0000000703600000, 0x0000000703600000, 0x0000000703800000|  0%| F|  |TAMS 0x0000000703600000, 0x0000000703600000| Untracked 
|  16|0x0000000703800000, 0x0000000703800000, 0x0000000703a00000|  0%| F|  |TAMS 0x0000000703800000, 0x0000000703800000| Untracked 
|  17|0x0000000703a00000, 0x0000000703a00000, 0x0000000703c00000|  0%| F|  |TAMS 0x0000000703a00000, 0x0000000703a00000| Untracked 
|  18|0x0000000703c00000, 0x0000000703c00000, 0x0000000703e00000|  0%| F|  |TAMS 0x0000000703c00000, 0x0000000703c00000| Untracked 
|  19|0x0000000703e00000, 0x0000000703e00000, 0x0000000704000000|  0%| F|  |TAMS 0x0000000703e00000, 0x0000000703e00000| Untracked 
|  20|0x0000000704000000, 0x0000000704000000, 0x0000000704200000|  0%| F|  |TAMS 0x0000000704000000, 0x0000000704000000| Untracked 
|  21|0x0000000704200000, 0x0000000704200000, 0x0000000704400000|  0%| F|  |TAMS 0x0000000704200000, 0x0000000704200000| Untracked 
|  22|0x0000000704400000, 0x0000000704400000, 0x0000000704600000|  0%| F|  |TAMS 0x0000000704400000, 0x0000000704400000| Untracked 
|  23|0x0000000704600000, 0x0000000704600000, 0x0000000704800000|  0%| F|  |TAMS 0x0000000704600000, 0x0000000704600000| Untracked 
|  24|0x0000000704800000, 0x0000000704800000, 0x0000000704a00000|  0%| F|  |TAMS 0x0000000704800000, 0x0000000704800000| Untracked 
|  25|0x0000000704a00000, 0x0000000704a00000, 0x0000000704c00000|  0%| F|  |TAMS 0x0000000704a00000, 0x0000000704a00000| Untracked 
|  26|0x0000000704c00000, 0x0000000704c00000, 0x0000000704e00000|  0%| F|  |TAMS 0x0000000704c00000, 0x0000000704c00000| Untracked 
|  27|0x0000000704e00000, 0x0000000704e00000, 0x0000000705000000|  0%| F|  |TAMS 0x0000000704e00000, 0x0000000704e00000| Untracked 
|  28|0x0000000705000000, 0x0000000705000000, 0x0000000705200000|  0%| F|  |TAMS 0x0000000705000000, 0x0000000705000000| Untracked 
|  29|0x0000000705200000, 0x0000000705200000, 0x0000000705400000|  0%| F|  |TAMS 0x0000000705200000, 0x0000000705200000| Untracked 
|  30|0x0000000705400000, 0x0000000705400000, 0x0000000705600000|  0%| F|  |TAMS 0x0000000705400000, 0x0000000705400000| Untracked 
|  31|0x0000000705600000, 0x0000000705600000, 0x0000000705800000|  0%| F|  |TAMS 0x0000000705600000, 0x0000000705600000| Untracked 
|  32|0x0000000705800000, 0x0000000705800000, 0x0000000705a00000|  0%| F|  |TAMS 0x0000000705800000, 0x0000000705800000| Untracked 
|  33|0x0000000705a00000, 0x0000000705a00000, 0x0000000705c00000|  0%| F|  |TAMS 0x0000000705a00000, 0x0000000705a00000| Untracked 
|  34|0x0000000705c00000, 0x0000000705c00000, 0x0000000705e00000|  0%| F|  |TAMS 0x0000000705c00000, 0x0000000705c00000| Untracked 
|  35|0x0000000705e00000, 0x0000000705e00000, 0x0000000706000000|  0%| F|  |TAMS 0x0000000705e00000, 0x0000000705e00000| Untracked 
|  36|0x0000000706000000, 0x0000000706000000, 0x0000000706200000|  0%| F|  |TAMS 0x0000000706000000, 0x0000000706000000| Untracked 
|  37|0x0000000706200000, 0x0000000706200000, 0x0000000706400000|  0%| F|  |TAMS 0x0000000706200000, 0x0000000706200000| Untracked 
|  38|0x0000000706400000, 0x0000000706400000, 0x0000000706600000|  0%| F|  |TAMS 0x0000000706400000, 0x0000000706400000| Untracked 
|  39|0x0000000706600000, 0x0000000706600000, 0x0000000706800000|  0%| F|  |TAMS 0x0000000706600000, 0x0000000706600000| Untracked 
|  40|0x0000000706800000, 0x0000000706800000, 0x0000000706a00000|  0%| F|  |TAMS 0x0000000706800000, 0x0000000706800000| Untracked 
|  41|0x0000000706a00000, 0x0000000706a00000, 0x0000000706c00000|  0%| F|  |TAMS 0x0000000706a00000, 0x0000000706a00000| Untracked 
|  42|0x0000000706c00000, 0x0000000706c00000, 0x0000000706e00000|  0%| F|  |TAMS 0x0000000706c00000, 0x0000000706c00000| Untracked 
|  43|0x0000000706e00000, 0x0000000706e00000, 0x0000000707000000|  0%| F|  |TAMS 0x0000000706e00000, 0x0000000706e00000| Untracked 
|  44|0x0000000707000000, 0x0000000707000000, 0x0000000707200000|  0%| F|  |TAMS 0x0000000707000000, 0x0000000707000000| Untracked 
|  45|0x0000000707200000, 0x0000000707200000, 0x0000000707400000|  0%| F|  |TAMS 0x0000000707200000, 0x0000000707200000| Untracked 
|  46|0x0000000707400000, 0x0000000707400000, 0x0000000707600000|  0%| F|  |TAMS 0x0000000707400000, 0x0000000707400000| Untracked 
|  47|0x0000000707600000, 0x0000000707600000, 0x0000000707800000|  0%| F|  |TAMS 0x0000000707600000, 0x0000000707600000| Untracked 
|  48|0x0000000707800000, 0x0000000707800000, 0x0000000707a00000|  0%| F|  |TAMS 0x0000000707800000, 0x0000000707800000| Untracked 
|  49|0x0000000707a00000, 0x0000000707a00000, 0x0000000707c00000|  0%| F|  |TAMS 0x0000000707a00000, 0x0000000707a00000| Untracked 
|  50|0x0000000707c00000, 0x0000000707c00000, 0x0000000707e00000|  0%| F|  |TAMS 0x0000000707c00000, 0x0000000707c00000| Untracked 
|  51|0x0000000707e00000, 0x0000000707e00000, 0x0000000708000000|  0%| F|  |TAMS 0x0000000707e00000, 0x0000000707e00000| Untracked 
|  52|0x0000000708000000, 0x0000000708000000, 0x0000000708200000|  0%| F|  |TAMS 0x0000000708000000, 0x0000000708000000| Untracked 
|  53|0x0000000708200000, 0x0000000708200000, 0x0000000708400000|  0%| F|  |TAMS 0x0000000708200000, 0x0000000708200000| Untracked 
|  54|0x0000000708400000, 0x0000000708400000, 0x0000000708600000|  0%| F|  |TAMS 0x0000000708400000, 0x0000000708400000| Untracked 
|  55|0x0000000708600000, 0x0000000708600000, 0x0000000708800000|  0%| F|  |TAMS 0x0000000708600000, 0x0000000708600000| Untracked 
|  56|0x0000000708800000, 0x0000000708800000, 0x0000000708a00000|  0%| F|  |TAMS 0x0000000708800000, 0x0000000708800000| Untracked 
|  57|0x0000000708a00000, 0x0000000708a00000, 0x0000000708c00000|  0%| F|  |TAMS 0x0000000708a00000, 0x0000000708a00000| Untracked 
|  58|0x0000000708c00000, 0x0000000708c00000, 0x0000000708e00000|  0%| F|  |TAMS 0x0000000708c00000, 0x0000000708c00000| Untracked 
|  59|0x0000000708e00000, 0x0000000708e00000, 0x0000000709000000|  0%| F|  |TAMS 0x0000000708e00000, 0x0000000708e00000| Untracked 
|  60|0x0000000709000000, 0x0000000709000000, 0x0000000709200000|  0%| F|  |TAMS 0x0000000709000000, 0x0000000709000000| Untracked 
|  61|0x0000000709200000, 0x0000000709200000, 0x0000000709400000|  0%| F|  |TAMS 0x0000000709200000, 0x0000000709200000| Untracked 
|  62|0x0000000709400000, 0x0000000709400000, 0x0000000709600000|  0%| F|  |TAMS 0x0000000709400000, 0x0000000709400000| Untracked 
|  63|0x0000000709600000, 0x0000000709600000, 0x0000000709800000|  0%| F|  |TAMS 0x0000000709600000, 0x0000000709600000| Untracked 
|  64|0x0000000709800000, 0x0000000709800000, 0x0000000709a00000|  0%| F|  |TAMS 0x0000000709800000, 0x0000000709800000| Untracked 
|  65|0x0000000709a00000, 0x0000000709a00000, 0x0000000709c00000|  0%| F|  |TAMS 0x0000000709a00000, 0x0000000709a00000| Untracked 
|  66|0x0000000709c00000, 0x0000000709c00000, 0x0000000709e00000|  0%| F|  |TAMS 0x0000000709c00000, 0x0000000709c00000| Untracked 
|  67|0x0000000709e00000, 0x0000000709e00000, 0x000000070a000000|  0%| F|  |TAMS 0x0000000709e00000, 0x0000000709e00000| Untracked 
|  68|0x000000070a000000, 0x000000070a000000, 0x000000070a200000|  0%| F|  |TAMS 0x000000070a000000, 0x000000070a000000| Untracked 
|  69|0x000000070a200000, 0x000000070a200000, 0x000000070a400000|  0%| F|  |TAMS 0x000000070a200000, 0x000000070a200000| Untracked 
|  70|0x000000070a400000, 0x000000070a400000, 0x000000070a600000|  0%| F|  |TAMS 0x000000070a400000, 0x000000070a400000| Untracked 
|  71|0x000000070a600000, 0x000000070a600000, 0x000000070a800000|  0%| F|  |TAMS 0x000000070a600000, 0x000000070a600000| Untracked 
|  72|0x000000070a800000, 0x000000070a800000, 0x000000070aa00000|  0%| F|  |TAMS 0x000000070a800000, 0x000000070a800000| Untracked 
|  73|0x000000070aa00000, 0x000000070aa00000, 0x000000070ac00000|  0%| F|  |TAMS 0x000000070aa00000, 0x000000070aa00000| Untracked 
|  74|0x000000070ac00000, 0x000000070ac00000, 0x000000070ae00000|  0%| F|  |TAMS 0x000000070ac00000, 0x000000070ac00000| Untracked 
|  75|0x000000070ae00000, 0x000000070ae00000, 0x000000070b000000|  0%| F|  |TAMS 0x000000070ae00000, 0x000000070ae00000| Untracked 
|  76|0x000000070b000000, 0x000000070b000000, 0x000000070b200000|  0%| F|  |TAMS 0x000000070b000000, 0x000000070b000000| Untracked 
|  77|0x000000070b200000, 0x000000070b200000, 0x000000070b400000|  0%| F|  |TAMS 0x000000070b200000, 0x000000070b200000| Untracked 
|  78|0x000000070b400000, 0x000000070b400000, 0x000000070b600000|  0%| F|  |TAMS 0x000000070b400000, 0x000000070b400000| Untracked 
|  79|0x000000070b600000, 0x000000070b600000, 0x000000070b800000|  0%| F|  |TAMS 0x000000070b600000, 0x000000070b600000| Untracked 
|  80|0x000000070b800000, 0x000000070b800000, 0x000000070ba00000|  0%| F|  |TAMS 0x000000070b800000, 0x000000070b800000| Untracked 
|  81|0x000000070ba00000, 0x000000070ba00000, 0x000000070bc00000|  0%| F|  |TAMS 0x000000070ba00000, 0x000000070ba00000| Untracked 
|  82|0x000000070bc00000, 0x000000070bc00000, 0x000000070be00000|  0%| F|  |TAMS 0x000000070bc00000, 0x000000070bc00000| Untracked 
|  83|0x000000070be00000, 0x000000070be00000, 0x000000070c000000|  0%| F|  |TAMS 0x000000070be00000, 0x000000070be00000| Untracked 
|  84|0x000000070c000000, 0x000000070c000000, 0x000000070c200000|  0%| F|  |TAMS 0x000000070c000000, 0x000000070c000000| Untracked 
|  85|0x000000070c200000, 0x000000070c200000, 0x000000070c400000|  0%| F|  |TAMS 0x000000070c200000, 0x000000070c200000| Untracked 
|  86|0x000000070c400000, 0x000000070c400000, 0x000000070c600000|  0%| F|  |TAMS 0x000000070c400000, 0x000000070c400000| Untracked 
|  87|0x000000070c600000, 0x000000070c600000, 0x000000070c800000|  0%| F|  |TAMS 0x000000070c600000, 0x000000070c600000| Untracked 
|  88|0x000000070c800000, 0x000000070c800000, 0x000000070ca00000|  0%| F|  |TAMS 0x000000070c800000, 0x000000070c800000| Untracked 
|  89|0x000000070ca00000, 0x000000070ca00000, 0x000000070cc00000|  0%| F|  |TAMS 0x000000070ca00000, 0x000000070ca00000| Untracked 
|  90|0x000000070cc00000, 0x000000070cc00000, 0x000000070ce00000|  0%| F|  |TAMS 0x000000070cc00000, 0x000000070cc00000| Untracked 
|  91|0x000000070ce00000, 0x000000070ce00000, 0x000000070d000000|  0%| F|  |TAMS 0x000000070ce00000, 0x000000070ce00000| Untracked 
|  92|0x000000070d000000, 0x000000070d000000, 0x000000070d200000|  0%| F|  |TAMS 0x000000070d000000, 0x000000070d000000| Untracked 
|  93|0x000000070d200000, 0x000000070d200000, 0x000000070d400000|  0%| F|  |TAMS 0x000000070d200000, 0x000000070d200000| Untracked 
|  94|0x000000070d400000, 0x000000070d400000, 0x000000070d600000|  0%| F|  |TAMS 0x000000070d400000, 0x000000070d400000| Untracked 
|  95|0x000000070d600000, 0x000000070d600000, 0x000000070d800000|  0%| F|  |TAMS 0x000000070d600000, 0x000000070d600000| Untracked 
|  96|0x000000070d800000, 0x000000070d800000, 0x000000070da00000|  0%| F|  |TAMS 0x000000070d800000, 0x000000070d800000| Untracked 
|  97|0x000000070da00000, 0x000000070da00000, 0x000000070dc00000|  0%| F|  |TAMS 0x000000070da00000, 0x000000070da00000| Untracked 
|  98|0x000000070dc00000, 0x000000070dc00000, 0x000000070de00000|  0%| F|  |TAMS 0x000000070dc00000, 0x000000070dc00000| Untracked 
|  99|0x000000070de00000, 0x000000070de00000, 0x000000070e000000|  0%| F|  |TAMS 0x000000070de00000, 0x000000070de00000| Untracked 
| 100|0x000000070e000000, 0x000000070e000000, 0x000000070e200000|  0%| F|  |TAMS 0x000000070e000000, 0x000000070e000000| Untracked 
| 101|0x000000070e200000, 0x000000070e200000, 0x000000070e400000|  0%| F|  |TAMS 0x000000070e200000, 0x000000070e200000| Untracked 
| 102|0x000000070e400000, 0x000000070e400000, 0x000000070e600000|  0%| F|  |TAMS 0x000000070e400000, 0x000000070e400000| Untracked 
| 103|0x000000070e600000, 0x000000070e600000, 0x000000070e800000|  0%| F|  |TAMS 0x000000070e600000, 0x000000070e600000| Untracked 
| 104|0x000000070e800000, 0x000000070e800000, 0x000000070ea00000|  0%| F|  |TAMS 0x000000070e800000, 0x000000070e800000| Untracked 
| 105|0x000000070ea00000, 0x000000070ea00000, 0x000000070ec00000|  0%| F|  |TAMS 0x000000070ea00000, 0x000000070ea00000| Untracked 
| 106|0x000000070ec00000, 0x000000070ec00000, 0x000000070ee00000|  0%| F|  |TAMS 0x000000070ec00000, 0x000000070ec00000| Untracked 
| 107|0x000000070ee00000, 0x000000070ee00000, 0x000000070f000000|  0%| F|  |TAMS 0x000000070ee00000, 0x000000070ee00000| Untracked 
| 108|0x000000070f000000, 0x000000070f000000, 0x000000070f200000|  0%| F|  |TAMS 0x000000070f000000, 0x000000070f000000| Untracked 
| 109|0x000000070f200000, 0x000000070f200000, 0x000000070f400000|  0%| F|  |TAMS 0x000000070f200000, 0x000000070f200000| Untracked 
| 110|0x000000070f400000, 0x000000070f400000, 0x000000070f600000|  0%| F|  |TAMS 0x000000070f400000, 0x000000070f400000| Untracked 
| 111|0x000000070f600000, 0x000000070f600000, 0x000000070f800000|  0%| F|  |TAMS 0x000000070f600000, 0x000000070f600000| Untracked 
| 112|0x000000070f800000, 0x000000070f800000, 0x000000070fa00000|  0%| F|  |TAMS 0x000000070f800000, 0x000000070f800000| Untracked 
| 113|0x000000070fa00000, 0x000000070fa00000, 0x000000070fc00000|  0%| F|  |TAMS 0x000000070fa00000, 0x000000070fa00000| Untracked 
| 114|0x000000070fc00000, 0x000000070fc00000, 0x000000070fe00000|  0%| F|  |TAMS 0x000000070fc00000, 0x000000070fc00000| Untracked 
| 115|0x000000070fe00000, 0x0000000710000000, 0x0000000710000000|100%| S|CS|TAMS 0x000000070fe00000, 0x000000070fe00000| Complete 
| 116|0x0000000710000000, 0x0000000710200000, 0x0000000710200000|100%| S|CS|TAMS 0x0000000710000000, 0x0000000710000000| Complete 
| 117|0x0000000710200000, 0x0000000710200000, 0x0000000710400000|  0%| F|  |TAMS 0x0000000710200000, 0x0000000710200000| Untracked 
| 118|0x0000000710400000, 0x0000000710400000, 0x0000000710600000|  0%| F|  |TAMS 0x0000000710400000, 0x0000000710400000| Untracked 
| 119|0x0000000710600000, 0x0000000710600000, 0x0000000710800000|  0%| F|  |TAMS 0x0000000710600000, 0x0000000710600000| Untracked 
| 120|0x0000000710800000, 0x0000000710800000, 0x0000000710a00000|  0%| F|  |TAMS 0x0000000710800000, 0x0000000710800000| Untracked 
| 121|0x0000000710a00000, 0x0000000710a00000, 0x0000000710c00000|  0%| F|  |TAMS 0x0000000710a00000, 0x0000000710a00000| Untracked 
| 122|0x0000000710c00000, 0x0000000710c00000, 0x0000000710e00000|  0%| F|  |TAMS 0x0000000710c00000, 0x0000000710c00000| Untracked 
| 123|0x0000000710e00000, 0x0000000710e82d68, 0x0000000711000000| 25%| E|  |TAMS 0x0000000710e00000, 0x0000000710e00000| Complete 
| 124|0x0000000711000000, 0x0000000711200000, 0x0000000711200000|100%| E|CS|TAMS 0x0000000711000000, 0x0000000711000000| Complete 
| 125|0x0000000711200000, 0x0000000711400000, 0x0000000711400000|100%| E|CS|TAMS 0x0000000711200000, 0x0000000711200000| Complete 
| 126|0x0000000711400000, 0x0000000711600000, 0x0000000711600000|100%| E|CS|TAMS 0x0000000711400000, 0x0000000711400000| Complete 
| 127|0x0000000711600000, 0x0000000711800000, 0x0000000711800000|100%| E|CS|TAMS 0x0000000711600000, 0x0000000711600000| Complete 

Card table byte_map: [0x000002a26b200000,0x000002a26ba00000] _byte_map_base: 0x000002a2679f4000

Marking Bits (Prev, Next): (CMBitMap*) 0x000002a2532ced00, (CMBitMap*) 0x000002a2532ced40
 Prev Bits: [0x000002a26c200000, 0x000002a2701a0000)
 Next Bits: [0x000002a2701a0000, 0x000002a274140000)

Polling page: 0x000002a2511f0000

Metaspace:

Usage:
  Non-class:      5.74 MB capacity,     3.64 MB ( 63%) used,     2.10 MB ( 37%) free+waste,     4.62 KB ( <1%) overhead. 
      Class:    668.00 KB capacity,   436.91 KB ( 65%) used,   229.03 KB ( 34%) free+waste,     2.06 KB ( <1%) overhead. 
       Both:      6.40 MB capacity,     4.07 MB ( 64%) used,     2.32 MB ( 36%) free+waste,     6.69 KB ( <1%) overhead. 

Virtual space:
  Non-class space:        8.00 MB reserved,       5.75 MB ( 72%) committed 
      Class space:        1.00 GB reserved,     768.00 KB ( <1%) committed 
             Both:        1.01 GB reserved,       6.50 MB ( <1%) committed 

Chunk freelists:
   Non-Class:  6.00 KB
       Class:  4.00 KB
        Both:  10.00 KB

MaxMetaspaceSize: 17179869184.00 GB
CompressedClassSpaceSize: 1.00 GB

CodeHeap 'non-profiled nmethods': size=120000Kb used=489Kb max_used=489Kb free=119510Kb
 bounds [0x000002a262f80000, 0x000002a2631f0000, 0x000002a26a4b0000]
CodeHeap 'profiled nmethods': size=120000Kb used=2147Kb max_used=2147Kb free=117852Kb
 bounds [0x000002a25ba50000, 0x000002a25bcc0000, 0x000002a262f80000]
CodeHeap 'non-nmethods': size=5760Kb used=1176Kb max_used=1204Kb free=4583Kb
 bounds [0x000002a25b4b0000, 0x000002a25b720000, 0x000002a25ba50000]
 total_blobs=1463 nmethods=1028 adapters=348
 compilation: enabled
              stopped_count=0, restarted_count=0
 full_count=0

Compilation events (20 events):
Event: 0.474 Thread 0x000002a27763b250 nmethod 1015 0x000002a25bc5b110 code [0x000002a25bc5b300, 0x000002a25bc5b6e8]
Event: 0.475 Thread 0x000002a27763b250 1018       3       sun.nio.fs.WindowsPathParser::parse (384 bytes)
Event: 0.475 Thread 0x000002a2777e6930 nmethod 1013% 0x000002a262ff5890 code [0x000002a262ff5a20, 0x000002a262ff5d38]
Event: 0.475 Thread 0x000002a2777e6930 1017   !   4       sun.nio.fs.WindowsPath::initOffsets (153 bytes)
Event: 0.478 Thread 0x000002a27763b250 nmethod 1018 0x000002a25bc5b890 code [0x000002a25bc5bfa0, 0x000002a25bc5fda8]
Event: 0.478 Thread 0x000002a27763b250 1019       3       sun.nio.fs.WindowsPathParser$Result::<init> (20 bytes)
Event: 0.478 Thread 0x000002a27763b250 nmethod 1019 0x000002a25bc61410 code [0x000002a25bc615c0, 0x000002a25bc61858]
Event: 0.478 Thread 0x000002a27763b250 1020       3       sun.nio.fs.WindowsPathParser::parse (6 bytes)
Event: 0.478 Thread 0x000002a27763b250 nmethod 1020 0x000002a25bc61910 code [0x000002a25bc61aa0, 0x000002a25bc61ba8]
Event: 0.479 Thread 0x000002a27761a3a0 nmethod 1014 0x000002a262ff5f10 code [0x000002a262ff60a0, 0x000002a262ff6718]
Event: 0.479 Thread 0x000002a27761a3a0 1021       4       java.net.URI$Parser::scan (41 bytes)
Event: 0.482 Thread 0x000002a27761a3a0 nmethod 1021 0x000002a262ff6a10 code [0x000002a262ff6ba0, 0x000002a262ff6e58]
Event: 0.482 Thread 0x000002a27761a3a0 1022       4       java.io.File::getParentFile (24 bytes)
Event: 0.482 Thread 0x000002a27763b250 1024       3       sun.nio.fs.WindowsPath::normalize (365 bytes)
Event: 0.486 Thread 0x000002a27763b250 nmethod 1024 0x000002a25bc61c90 code [0x000002a25bc62180, 0x000002a25bc64908]
Event: 0.486 Thread 0x000002a27763b250 1026       3       java.util.ImmutableCollections$List12::get (35 bytes)
Event: 0.486 Thread 0x000002a27763b250 nmethod 1026 0x000002a25bc65690 code [0x000002a25bc65840, 0x000002a25bc65ac8]
Event: 0.486 Thread 0x000002a27763b250 1027       3       java.lang.invoke.MemberName::getMethodOrFieldType (72 bytes)
Event: 0.487 Thread 0x000002a27763b250 nmethod 1027 0x000002a25bc65b90 code [0x000002a25bc65ea0, 0x000002a25bc66d48]
Event: 0.487 Thread 0x000002a27763b250 1028       3       jdk.internal.org.objectweb.asm.MethodWriter::visitMethodInsn (191 bytes)

GC Heap History (2 events):
Event: 0.328 GC heap before
{Heap before GC invocations=0 (full 0):
 garbage-first heap   total 262144K, used 20480K [0x0000000701800000, 0x0000000800000000)
  region size 2048K, 11 young (22528K), 0 survivors (0K)
 Metaspace       used 2061K, capacity 4883K, committed 5120K, reserved 1056768K
  class space    used 175K, capacity 433K, committed 512K, reserved 1048576K
}
Event: 0.330 GC heap after
{Heap after GC invocations=1 (full 0):
 garbage-first heap   total 262144K, used 5860K [0x0000000701800000, 0x0000000800000000)
  region size 2048K, 2 young (4096K), 2 survivors (4096K)
 Metaspace       used 2061K, capacity 4883K, committed 5120K, reserved 1056768K
  class space    used 175K, capacity 433K, committed 512K, reserved 1048576K
}

Deoptimization events (20 events):
Event: 0.427 Thread 0x000002a25327db10 DEOPT PACKING pc=0x000002a262fc4a44 sp=0x000000bf4fcfdfd0
Event: 0.427 Thread 0x000002a25327db10 DEOPT UNPACKING pc=0x000002a25b4fe42f sp=0x000000bf4fcfdee0 mode 2
Event: 0.427 Thread 0x000002a25327db10 Uncommon trap: trap_request=0xffffff45 fr.pc=0x000002a262fb499c relative=0x000000000000027c
Event: 0.427 Thread 0x000002a25327db10 Uncommon trap: reason=unstable_if action=reinterpret pc=0x000002a262fb499c method=jdk.internal.loader.URLClassPath.getLoader(I)Ljdk/internal/loader/URLClassPath$Loader; @ 19 c2
Event: 0.427 Thread 0x000002a25327db10 DEOPT PACKING pc=0x000002a262fb499c sp=0x000000bf4fcfe010
Event: 0.427 Thread 0x000002a25327db10 DEOPT UNPACKING pc=0x000002a25b4fe42f sp=0x000000bf4fcfdfa8 mode 2
Event: 0.428 Thread 0x000002a25327db10 Uncommon trap: trap_request=0xffffff45 fr.pc=0x000002a262fb24cc relative=0x000000000000038c
Event: 0.428 Thread 0x000002a25327db10 Uncommon trap: reason=unstable_if action=reinterpret pc=0x000002a262fb24cc method=java.io.WinNTFileSystem.normalize(Ljava/lang/String;)Ljava/lang/String; @ 128 c2
Event: 0.428 Thread 0x000002a25327db10 DEOPT PACKING pc=0x000002a262fb24cc sp=0x000000bf4fcfe110
Event: 0.428 Thread 0x000002a25327db10 DEOPT UNPACKING pc=0x000002a25b4fe42f sp=0x000000bf4fcfe098 mode 2
Event: 0.429 Thread 0x000002a25327db10 Uncommon trap: trap_request=0xffffff45 fr.pc=0x000002a262fd6858 relative=0x00000000000001b8
Event: 0.429 Thread 0x000002a25327db10 Uncommon trap: reason=unstable_if action=reinterpret pc=0x000002a262fd6858 method=java.io.WinNTFileSystem.prefixLength(Ljava/lang/String;)I @ 82 c2
Event: 0.429 Thread 0x000002a25327db10 DEOPT PACKING pc=0x000002a262fd6858 sp=0x000000bf4fcfe120
Event: 0.429 Thread 0x000002a25327db10 DEOPT UNPACKING pc=0x000002a25b4fe42f sp=0x000000bf4fcfe0b8 mode 2
Event: 0.429 Thread 0x000002a25327db10 Uncommon trap: trap_request=0xffffff45 fr.pc=0x000002a262faea1c relative=0x000000000000045c
Event: 0.429 Thread 0x000002a25327db10 Uncommon trap: reason=unstable_if action=reinterpret pc=0x000002a262faea1c method=java.io.WinNTFileSystem.normalize(Ljava/lang/String;)Ljava/lang/String; @ 128 c2
Event: 0.429 Thread 0x000002a25327db10 DEOPT PACKING pc=0x000002a262faea1c sp=0x000000bf4fcfe100
Event: 0.429 Thread 0x000002a25327db10 DEOPT UNPACKING pc=0x000002a25b4fe42f sp=0x000000bf4fcfe0a8 mode 2
Event: 0.479 Thread 0x000002a25327db10 DEOPT PACKING pc=0x000002a25bb7f321 sp=0x000000bf4fcfdd80
Event: 0.479 Thread 0x000002a25327db10 DEOPT UNPACKING pc=0x000002a25b4fe23f sp=0x000000bf4fcfd298 mode 0

Classes unloaded (0 events):
No events

Classes redefined (0 events):
No events

Internal exceptions (8 events):
Event: 0.125 Thread 0x000002a277929460 Exception <a 'java/lang/NoSuchMethodError'{0x000000071116efb0}: 'java.lang.Object java.lang.invoke.DirectMethodHandle$Holder.invokeStatic(java.lang.Object)'> (0x000000071116efb0) 
thrown [./open/src/hotspot/share/interpreter/linkResolver.cpp, line 782]
Event: 0.126 Thread 0x000002a277929460 Exception <a 'java/lang/NoSuchMethodError'{0x00000007111728c0}: 'java.lang.Object java.lang.invoke.DirectMethodHandle$Holder.invokeStaticInit(java.lang.Object)'> (0x00000007111728c0) 
thrown [./open/src/hotspot/share/interpreter/linkResolver.cpp, line 782]
Event: 0.130 Thread 0x000002a277929460 Exception <a 'java/lang/NoSuchMethodError'{0x000000071117fd08}: 'void java.lang.invoke.DirectMethodHandle$Holder.invokeStatic(java.lang.Object, java.lang.Object)'> (0x000000071117fd08) 
thrown [./open/src/hotspot/share/interpreter/linkResolver.cpp, line 782]
Event: 0.133 Thread 0x000002a25327db10 Exception <a 'java/lang/NoSuchMethodError'{0x00000007111f5f78}: 'int java.lang.invoke.DirectMethodHandle$Holder.invokeStaticInit(java.lang.Object, java.lang.Object, java.lang.Object, java.lang.Object)'> (0x00000007111f5f78) 
thrown [./open/src/hotspot/share/interpreter/linkResolver.cpp, line 782]
Event: 0.134 Thread 0x000002a25327db10 Exception <a 'java/lang/NoSuchMethodError'{0x0000000710e01060}: 'java.lang.Object java.lang.invoke.DirectMethodHandle$Holder.invokeInterface(java.lang.Object, java.lang.Object)'> (0x0000000710e01060) 
thrown [./open/src/hotspot/share/interpreter/linkResolver.cpp, line 782]
Event: 0.134 Thread 0x000002a25327db10 Exception <a 'java/lang/IncompatibleClassChangeError'{0x0000000710e047b0}: Found class java.lang.Object, but interface was expected> (0x0000000710e047b0) 
thrown [./open/src/hotspot/share/interpreter/linkResolver.cpp, line 848]
Event: 0.135 Thread 0x000002a25327db10 Exception <a 'java/lang/NoSuchMethodError'{0x0000000710e079f8}: 'void java.lang.invoke.DirectMethodHandle$Holder.invokeStaticInit(java.lang.Object, java.lang.Object)'> (0x0000000710e079f8) 
thrown [./open/src/hotspot/share/interpreter/linkResolver.cpp, line 782]
Event: 0.135 Thread 0x000002a25327db10 Exception <a 'java/lang/NoSuchMethodError'{0x0000000710e0ee50}: 'int java.lang.invoke.DirectMethodHandle$Holder.invokeStaticInit(java.lang.Object, java.lang.Object)'> (0x0000000710e0ee50) 
thrown [./open/src/hotspot/share/interpreter/linkResolver.cpp, line 782]

Events (20 events):
Event: 0.415 loading class java/util/regex/Pattern$BnM done
Event: 0.415 loading class java/util/regex/Pattern$SliceS
Event: 0.415 loading class java/util/regex/Pattern$SliceS done
Event: 0.436 Loaded shared library C:\Users\Destroy\.javacpp\cache\llvm-13.0.1-1.5.7-windows-x86_64.jar\org\bytedeco\llvm\windows-x86_64\LTO.dll
Event: 0.440 Loaded shared library C:\Users\Destroy\.javacpp\cache\llvm-13.0.1-1.5.7-windows-x86_64.jar\org\bytedeco\llvm\windows-x86_64\Remarks.dll
Event: 0.446 Loaded shared library C:\Users\Destroy\.javacpp\cache\llvm-13.0.1-1.5.7-windows-x86_64.jar\org\bytedeco\llvm\windows-x86_64\jniLLVM.dll
Event: 0.462 loading class java/lang/invoke/BoundMethodHandle$Species_LL
Event: 0.462 loading class java/lang/invoke/BoundMethodHandle$Species_LL done
Event: 0.465 loading class java/lang/invoke/BoundMethodHandle$Species_LLL
Event: 0.466 loading class java/lang/invoke/BoundMethodHandle$Species_LLL done
Event: 0.466 loading class java/lang/invoke/BoundMethodHandle$Species_LLLL
Event: 0.466 loading class java/lang/invoke/BoundMethodHandle$Species_LLLL done
Event: 0.467 loading class java/lang/invoke/BoundMethodHandle$Species_LLLLL
Event: 0.467 loading class java/lang/invoke/BoundMethodHandle$Species_LLLLL done
Event: 0.468 loading class java/lang/invoke/BoundMethodHandle$Species_LJ
Event: 0.468 loading class java/lang/invoke/BoundMethodHandle$Species_LJ done
Event: 0.469 loading class java/lang/invoke/BoundMethodHandle$Species_LLLLLL
Event: 0.469 loading class java/lang/invoke/BoundMethodHandle$Species_LLLLLL done
Event: 0.469 loading class java/lang/invoke/BoundMethodHandle$Species_LLLLLLL
Event: 0.469 loading class java/lang/invoke/BoundMethodHandle$Species_LLLLLLL done


Dynamic libraries:
0x00007ff785000000 - 0x00007ff78500d000 	C:\Users\Destroy\.jdks\openjdk-15.0.2\bin\java.exe
0x00007ffbe2d70000 - 0x00007ffbe2f68000 	C:\WINDOWS\SYSTEM32\ntdll.dll
0x00007ffbe1e70000 - 0x00007ffbe1f2f000 	C:\WINDOWS\System32\KERNEL32.DLL
0x00007ffbe09f0000 - 0x00007ffbe0cc2000 	C:\WINDOWS\System32\KERNELBASE.dll
0x00007ffbe05e0000 - 0x00007ffbe06e0000 	C:\WINDOWS\System32\ucrtbase.dll
0x00007ffbdcc60000 - 0x00007ffbdcc79000 	C:\Users\Destroy\.jdks\openjdk-15.0.2\bin\VCRUNTIME140.dll
0x00007ffbdcc40000 - 0x00007ffbdcc58000 	C:\Users\Destroy\.jdks\openjdk-15.0.2\bin\jli.dll
0x00007ffbe0ed0000 - 0x00007ffbe1071000 	C:\WINDOWS\System32\USER32.dll
0x00007ffbe06e0000 - 0x00007ffbe0702000 	C:\WINDOWS\System32\win32u.dll
0x00007ffbcb850000 - 0x00007ffbcbaea000 	C:\WINDOWS\WinSxS\amd64_microsoft.windows.common-controls_6595b64144ccf1df_6.0.19041.1110_none_60b5254171f9507e\COMCTL32.dll
0x00007ffbe1130000 - 0x00007ffbe11ce000 	C:\WINDOWS\System32\msvcrt.dll
0x00007ffbe0ea0000 - 0x00007ffbe0ecb000 	C:\WINDOWS\System32\GDI32.dll
0x00007ffbe04d0000 - 0x00007ffbe05df000 	C:\WINDOWS\System32\gdi32full.dll
0x00007ffbe0870000 - 0x00007ffbe090d000 	C:\WINDOWS\System32\msvcp_win.dll
0x00007ffbe0e60000 - 0x00007ffbe0e92000 	C:\WINDOWS\System32\IMM32.DLL
0x00007ffbdcc90000 - 0x00007ffbdcc9c000 	C:\Users\Destroy\.jdks\openjdk-15.0.2\bin\vcruntime140_1.dll
0x00007ffbdcba0000 - 0x00007ffbdcc31000 	C:\Users\Destroy\.jdks\openjdk-15.0.2\bin\msvcp140.dll
0x00007ffb5c240000 - 0x00007ffb5cd9e000 	C:\Users\Destroy\.jdks\openjdk-15.0.2\bin\server\jvm.dll
0x00007ffbe1080000 - 0x00007ffbe112e000 	C:\WINDOWS\System32\ADVAPI32.dll
0x00007ffbe2c90000 - 0x00007ffbe2d2c000 	C:\WINDOWS\System32\sechost.dll
0x00007ffbe2b60000 - 0x00007ffbe2c85000 	C:\WINDOWS\System32\RPCRT4.dll
0x00007ffbe1e60000 - 0x00007ffbe1e68000 	C:\WINDOWS\System32\PSAPI.DLL
0x00007ffbd2d50000 - 0x00007ffbd2d77000 	C:\WINDOWS\SYSTEM32\WINMM.dll
0x00007ffbd8a90000 - 0x00007ffbd8a9a000 	C:\WINDOWS\SYSTEM32\VERSION.dll
0x00007ffbb9bc0000 - 0x00007ffbb9bc9000 	C:\WINDOWS\SYSTEM32\WSOCK32.dll
0x00007ffbe1290000 - 0x00007ffbe12fb000 	C:\WINDOWS\System32\WS2_32.dll
0x00007ffbdece0000 - 0x00007ffbdecf2000 	C:\WINDOWS\SYSTEM32\kernel.appcore.dll
0x00007ffbdcb90000 - 0x00007ffbdcb9a000 	C:\Users\Destroy\.jdks\openjdk-15.0.2\bin\jimage.dll
0x00007ffbd0120000 - 0x00007ffbd0304000 	C:\WINDOWS\SYSTEM32\DBGHELP.DLL
0x00007ffbc8350000 - 0x00007ffbc8385000 	C:\WINDOWS\SYSTEM32\dbgcore.DLL
0x00007ffbe0960000 - 0x00007ffbe09e2000 	C:\WINDOWS\System32\bcryptPrimitives.dll
0x00007ffbdcb50000 - 0x00007ffbdcb5e000 	C:\Users\Destroy\.jdks\openjdk-15.0.2\bin\instrument.dll
0x00007ffbdcb60000 - 0x00007ffbdcb85000 	C:\Users\Destroy\.jdks\openjdk-15.0.2\bin\java.dll
0x00007ffbe1710000 - 0x00007ffbe1e54000 	C:\WINDOWS\System32\SHELL32.dll
0x00007ffbde390000 - 0x00007ffbdeb22000 	C:\WINDOWS\SYSTEM32\windows.storage.dll
0x00007ffbe1f90000 - 0x00007ffbe22e5000 	C:\WINDOWS\System32\combase.dll
0x00007ffbdfec0000 - 0x00007ffbdfef0000 	C:\WINDOWS\SYSTEM32\Wldp.dll
0x00007ffbe0db0000 - 0x00007ffbe0e5d000 	C:\WINDOWS\System32\SHCORE.dll
0x00007ffbe1f30000 - 0x00007ffbe1f85000 	C:\WINDOWS\System32\shlwapi.dll
0x00007ffbe03a0000 - 0x00007ffbe03bf000 	C:\WINDOWS\SYSTEM32\profapi.dll
0x00007ffbd23a0000 - 0x00007ffbd23b8000 	C:\Users\Destroy\.jdks\openjdk-15.0.2\bin\zip.dll
0x00007ffbd8b60000 - 0x00007ffbd8b79000 	C:\Users\Destroy\.jdks\openjdk-15.0.2\bin\net.dll
0x00007ffbd8100000 - 0x00007ffbd820c000 	C:\WINDOWS\SYSTEM32\WINHTTP.dll
0x00007ffbdfc20000 - 0x00007ffbdfc8a000 	C:\WINDOWS\system32\mswsock.dll
0x00007ffbd23c0000 - 0x00007ffbd23d2000 	C:\Users\Destroy\.jdks\openjdk-15.0.2\bin\nio.dll
0x00007ffbc70a0000 - 0x00007ffbc70ba000 	E:\IntelliJ IDEA 2021.3.2\bin\breakgen64.dll
0x000002a253220000 - 0x000002a253224000 	C:\Users\Destroy\.javacpp\cache\javacpp-1.5.7-windows-x86_64.jar\org\bytedeco\javacpp\windows-x86_64\api-ms-win-crt-locale-l1-1-0.dll
0x000002a253230000 - 0x000002a253235000 	C:\Users\Destroy\.javacpp\cache\javacpp-1.5.7-windows-x86_64.jar\org\bytedeco\javacpp\windows-x86_64\api-ms-win-crt-string-l1-1-0.dll
0x000002a253240000 - 0x000002a253245000 	C:\Users\Destroy\.javacpp\cache\javacpp-1.5.7-windows-x86_64.jar\org\bytedeco\javacpp\windows-x86_64\api-ms-win-crt-stdio-l1-1-0.dll
0x000002a278240000 - 0x000002a278246000 	C:\Users\Destroy\.javacpp\cache\javacpp-1.5.7-windows-x86_64.jar\org\bytedeco\javacpp\windows-x86_64\api-ms-win-crt-math-l1-1-0.dll
0x000002a278250000 - 0x000002a278254000 	C:\Users\Destroy\.javacpp\cache\javacpp-1.5.7-windows-x86_64.jar\org\bytedeco\javacpp\windows-x86_64\api-ms-win-crt-heap-l1-1-0.dll
0x000002a278260000 - 0x000002a278265000 	C:\Users\Destroy\.javacpp\cache\javacpp-1.5.7-windows-x86_64.jar\org\bytedeco\javacpp\windows-x86_64\api-ms-win-crt-runtime-l1-1-0.dll
0x000002a278270000 - 0x000002a278275000 	C:\Users\Destroy\.javacpp\cache\javacpp-1.5.7-windows-x86_64.jar\org\bytedeco\javacpp\windows-x86_64\api-ms-win-crt-convert-l1-1-0.dll
0x000002a278280000 - 0x000002a278284000 	C:\Users\Destroy\.javacpp\cache\javacpp-1.5.7-windows-x86_64.jar\org\bytedeco\javacpp\windows-x86_64\api-ms-win-crt-environment-l1-1-0.dll
0x000002a278290000 - 0x000002a278294000 	C:\Users\Destroy\.javacpp\cache\javacpp-1.5.7-windows-x86_64.jar\org\bytedeco\javacpp\windows-x86_64\api-ms-win-crt-time-l1-1-0.dll
0x000002a2782a0000 - 0x000002a2782a4000 	C:\Users\Destroy\.javacpp\cache\javacpp-1.5.7-windows-x86_64.jar\org\bytedeco\javacpp\windows-x86_64\api-ms-win-crt-filesystem-l1-1-0.dll
0x000002a2782b0000 - 0x000002a2782b4000 	C:\Users\Destroy\.javacpp\cache\javacpp-1.5.7-windows-x86_64.jar\org\bytedeco\javacpp\windows-x86_64\api-ms-win-crt-utility-l1-1-0.dll
0x000002a2782c0000 - 0x000002a2782c6000 	C:\Users\Destroy\.javacpp\cache\javacpp-1.5.7-windows-x86_64.jar\org\bytedeco\javacpp\windows-x86_64\api-ms-win-crt-multibyte-l1-1-0.dll
0x000002a2782d0000 - 0x000002a2782d4000 	C:\Users\Destroy\.javacpp\cache\javacpp-1.5.7-windows-x86_64.jar\org\bytedeco\javacpp\windows-x86_64\api-ms-win-crt-conio-l1-1-0.dll
0x000002a2782e0000 - 0x000002a2782f1000 	C:\Users\Destroy\.javacpp\cache\javacpp-1.5.7-windows-x86_64.jar\org\bytedeco\javacpp\windows-x86_64\api-ms-win-crt-private-l1-1-0.dll
0x000002a278300000 - 0x000002a278304000 	C:\Users\Destroy\.javacpp\cache\javacpp-1.5.7-windows-x86_64.jar\org\bytedeco\javacpp\windows-x86_64\api-ms-win-crt-process-l1-1-0.dll
0x000002a278310000 - 0x000002a278314000 	C:\Users\Destroy\.javacpp\cache\javacpp-1.5.7-windows-x86_64.jar\org\bytedeco\javacpp\windows-x86_64\api-ms-win-core-console-l1-2-0.dll
0x000002a278320000 - 0x000002a278324000 	C:\Users\Destroy\.javacpp\cache\javacpp-1.5.7-windows-x86_64.jar\org\bytedeco\javacpp\windows-x86_64\api-ms-win-core-string-l1-1-0.dll
0x000002a278330000 - 0x000002a278334000 	C:\Users\Destroy\.javacpp\cache\javacpp-1.5.7-windows-x86_64.jar\org\bytedeco\javacpp\windows-x86_64\api-ms-win-core-errorhandling-l1-1-0.dll
0x000002a278340000 - 0x000002a278344000 	C:\Users\Destroy\.javacpp\cache\javacpp-1.5.7-windows-x86_64.jar\org\bytedeco\javacpp\windows-x86_64\api-ms-win-core-timezone-l1-1-0.dll
0x000002a278350000 - 0x000002a278355000 	C:\Users\Destroy\.javacpp\cache\javacpp-1.5.7-windows-x86_64.jar\org\bytedeco\javacpp\windows-x86_64\api-ms-win-core-file-l1-1-0.dll
0x000002a278360000 - 0x000002a278364000 	C:\Users\Destroy\.javacpp\cache\javacpp-1.5.7-windows-x86_64.jar\org\bytedeco\javacpp\windows-x86_64\api-ms-win-core-namedpipe-l1-1-0.dll
0x000002a278370000 - 0x000002a278374000 	C:\Users\Destroy\.javacpp\cache\javacpp-1.5.7-windows-x86_64.jar\org\bytedeco\javacpp\windows-x86_64\api-ms-win-core-handle-l1-1-0.dll
0x000002a278380000 - 0x000002a278384000 	C:\Users\Destroy\.javacpp\cache\javacpp-1.5.7-windows-x86_64.jar\org\bytedeco\javacpp\windows-x86_64\api-ms-win-core-file-l2-1-0.dll
0x000002a278390000 - 0x000002a278394000 	C:\Users\Destroy\.javacpp\cache\javacpp-1.5.7-windows-x86_64.jar\org\bytedeco\javacpp\windows-x86_64\api-ms-win-core-heap-l1-1-0.dll
0x000002a2783a0000 - 0x000002a2783a4000 	C:\Users\Destroy\.javacpp\cache\javacpp-1.5.7-windows-x86_64.jar\org\bytedeco\javacpp\windows-x86_64\api-ms-win-core-libraryloader-l1-1-0.dll
0x000002a2783b0000 - 0x000002a2783b4000 	C:\Users\Destroy\.javacpp\cache\javacpp-1.5.7-windows-x86_64.jar\org\bytedeco\javacpp\windows-x86_64\api-ms-win-core-synch-l1-1-0.dll
0x000002a2783c0000 - 0x000002a2783c4000 	C:\Users\Destroy\.javacpp\cache\javacpp-1.5.7-windows-x86_64.jar\org\bytedeco\javacpp\windows-x86_64\api-ms-win-core-processthreads-l1-1-0.dll
0x000002a2783d0000 - 0x000002a2783d4000 	C:\Users\Destroy\.javacpp\cache\javacpp-1.5.7-windows-x86_64.jar\org\bytedeco\javacpp\windows-x86_64\api-ms-win-core-processenvironment-l1-1-0.dll
0x000002a2783e0000 - 0x000002a2783e4000 	C:\Users\Destroy\.javacpp\cache\javacpp-1.5.7-windows-x86_64.jar\org\bytedeco\javacpp\windows-x86_64\api-ms-win-core-datetime-l1-1-0.dll
0x000002a2793c0000 - 0x000002a2793c4000 	C:\Users\Destroy\.javacpp\cache\javacpp-1.5.7-windows-x86_64.jar\org\bytedeco\javacpp\windows-x86_64\api-ms-win-core-localization-l1-2-0.dll
0x000002a2793d0000 - 0x000002a2793d4000 	C:\Users\Destroy\.javacpp\cache\javacpp-1.5.7-windows-x86_64.jar\org\bytedeco\javacpp\windows-x86_64\api-ms-win-core-sysinfo-l1-1-0.dll
0x000002a2793e0000 - 0x000002a2793e4000 	C:\Users\Destroy\.javacpp\cache\javacpp-1.5.7-windows-x86_64.jar\org\bytedeco\javacpp\windows-x86_64\api-ms-win-core-synch-l1-2-0.dll
0x000002a2793f0000 - 0x000002a2793f4000 	C:\Users\Destroy\.javacpp\cache\javacpp-1.5.7-windows-x86_64.jar\org\bytedeco\javacpp\windows-x86_64\api-ms-win-core-console-l1-1-0.dll
0x000002a279400000 - 0x000002a279404000 	C:\Users\Destroy\.javacpp\cache\javacpp-1.5.7-windows-x86_64.jar\org\bytedeco\javacpp\windows-x86_64\api-ms-win-core-debug-l1-1-0.dll
0x000002a279410000 - 0x000002a279414000 	C:\Users\Destroy\.javacpp\cache\javacpp-1.5.7-windows-x86_64.jar\org\bytedeco\javacpp\windows-x86_64\api-ms-win-core-rtlsupport-l1-1-0.dll
0x000002a279420000 - 0x000002a279424000 	C:\Users\Destroy\.javacpp\cache\javacpp-1.5.7-windows-x86_64.jar\org\bytedeco\javacpp\windows-x86_64\api-ms-win-core-processthreads-l1-1-1.dll
0x000002a279430000 - 0x000002a279434000 	C:\Users\Destroy\.javacpp\cache\javacpp-1.5.7-windows-x86_64.jar\org\bytedeco\javacpp\windows-x86_64\api-ms-win-core-file-l1-2-0.dll
0x000002a279440000 - 0x000002a279444000 	C:\Users\Destroy\.javacpp\cache\javacpp-1.5.7-windows-x86_64.jar\org\bytedeco\javacpp\windows-x86_64\api-ms-win-core-profile-l1-1-0.dll
0x000002a279450000 - 0x000002a279454000 	C:\Users\Destroy\.javacpp\cache\javacpp-1.5.7-windows-x86_64.jar\org\bytedeco\javacpp\windows-x86_64\api-ms-win-core-memory-l1-1-0.dll
0x000002a279460000 - 0x000002a279464000 	C:\Users\Destroy\.javacpp\cache\javacpp-1.5.7-windows-x86_64.jar\org\bytedeco\javacpp\windows-x86_64\api-ms-win-core-util-l1-1-0.dll
0x000002a279470000 - 0x000002a279474000 	C:\Users\Destroy\.javacpp\cache\javacpp-1.5.7-windows-x86_64.jar\org\bytedeco\javacpp\windows-x86_64\api-ms-win-core-interlocked-l1-1-0.dll
0x00007ffbb76b0000 - 0x00007ffbb77c1000 	C:\Users\Destroy\.javacpp\cache\javacpp-1.5.7-windows-x86_64.jar\org\bytedeco\javacpp\windows-x86_64\ucrtbase.dll
0x00007ffbc7080000 - 0x00007ffbc709b000 	C:\Users\Destroy\.javacpp\cache\javacpp-1.5.7-windows-x86_64.jar\org\bytedeco\javacpp\windows-x86_64\vcruntime140.dll
0x00007ffbc7020000 - 0x00007ffbc702c000 	C:\Users\Destroy\.javacpp\cache\javacpp-1.5.7-windows-x86_64.jar\org\bytedeco\javacpp\windows-x86_64\vcruntime140_1.dll
0x00007ffbb8680000 - 0x00007ffbb870d000 	C:\Users\Destroy\.javacpp\cache\javacpp-1.5.7-windows-x86_64.jar\org\bytedeco\javacpp\windows-x86_64\msvcp140.dll
0x00007ffbc7010000 - 0x00007ffbc7019000 	C:\Users\Destroy\.javacpp\cache\javacpp-1.5.7-windows-x86_64.jar\org\bytedeco\javacpp\windows-x86_64\msvcp140_1.dll
0x00007ffbc0820000 - 0x00007ffbc086e000 	C:\Users\Destroy\.javacpp\cache\javacpp-1.5.7-windows-x86_64.jar\org\bytedeco\javacpp\windows-x86_64\concrt140.dll
0x00007ffbbd250000 - 0x00007ffbbd281000 	C:\Users\Destroy\.javacpp\cache\javacpp-1.5.7-windows-x86_64.jar\org\bytedeco\javacpp\windows-x86_64\vcomp140.dll
0x00007ffbc7000000 - 0x00007ffbc700e000 	C:\Users\Destroy\.javacpp\cache\javacpp-1.5.7-windows-x86_64.jar\org\bytedeco\javacpp\windows-x86_64\jnijavacpp.dll
0x00007ffb51c00000 - 0x00007ffb5629d000 	C:\Users\Destroy\.javacpp\cache\llvm-13.0.1-1.5.7-windows-x86_64.jar\org\bytedeco\llvm\windows-x86_64\LTO.dll
0x00007ffbbabf0000 - 0x00007ffbbac2b000 	C:\Users\Destroy\.javacpp\cache\llvm-13.0.1-1.5.7-windows-x86_64.jar\org\bytedeco\llvm\windows-x86_64\Remarks.dll
0x00007ffb4d3b0000 - 0x00007ffb51c00000 	C:\Users\Destroy\.javacpp\cache\llvm-13.0.1-1.5.7-windows-x86_64.jar\org\bytedeco\llvm\windows-x86_64\jniLLVM.dll
0x00007ffbe1430000 - 0x00007ffbe155a000 	C:\WINDOWS\System32\ole32.dll

dbghelp: loaded successfully - version: 4.0.5 - missing functions: none
symbol engine: initialized successfully - sym options: 0x614 - pdb path: .;C:\Users\Destroy\.jdks\openjdk-15.0.2\bin;C:\WINDOWS\SYSTEM32;C:\WINDOWS\WinSxS\amd64_microsoft.windows.common-controls_6595b64144ccf1df_6.0.19041.1110_none_60b5254171f9507e;C:\Users\Destroy\.jdks\openjdk-15.0.2\bin\server;E:\IntelliJ IDEA 2021.3.2\bin;C:\Users\Destroy\.javacpp\cache\javacpp-1.5.7-windows-x86_64.jar\org\bytedeco\javacpp\windows-x86_64;C:\Users\Destroy\.javacpp\cache\llvm-13.0.1-1.5.7-windows-x86_64.jar\org\bytedeco\llvm\windows-x86_64

VM Arguments:
jvm_args: -javaagent:E:\IntelliJ IDEA 2021.3.2\lib\idea_rt.jar=56678:E:\IntelliJ IDEA 2021.3.2\bin -Dfile.encoding=UTF-8 
java_command: Main E:\\bianyiyuanli\\Lab\\src\\a.txt E:\\bianyiyuanli\\Lab\\src\\b.txt
java_class_path (initial): E:\bianyiyuanli\Lab\target\classes;C:\Users\Destroy\.m2\repository\org\antlr\antlr4-runtime\4.10.1\antlr4-runtime-4.10.1.jar;C:\Users\Destroy\.m2\repository\org\antlr\antlr4\4.10.1\antlr4-4.10.1.jar;C:\Users\Destroy\.m2\repository\org\bytedeco\llvm-platform\13.0.1-1.5.7\llvm-platform-13.0.1-1.5.7.jar;C:\Users\Destroy\.m2\repository\org\bytedeco\javacpp-platform\1.5.7\javacpp-platform-1.5.7.jar;C:\Users\Destroy\.m2\repository\org\bytedeco\javacpp\1.5.7\javacpp-1.5.7.jar;C:\Users\Destroy\.m2\repository\org\bytedeco\javacpp\1.5.7\javacpp-1.5.7-android-arm.jar;C:\Users\Destroy\.m2\repository\org\bytedeco\javacpp\1.5.7\javacpp-1.5.7-android-arm64.jar;C:\Users\Destroy\.m2\repository\org\bytedeco\javacpp\1.5.7\javacpp-1.5.7-android-x86.jar;C:\Users\Destroy\.m2\repository\org\bytedeco\javacpp\1.5.7\javacpp-1.5.7-android-x86_64.jar;C:\Users\Destroy\.m2\repository\org\bytedeco\javacpp\1.5.7\javacpp-1.5.7-ios-arm64.jar;C:\Users\Destroy\.m2\repository\org\bytedeco\javacpp\1.5.7\javacpp-1.5.7-ios-x86_64.jar;C:\Users\Destroy\.m2\repository\org\bytedeco\javacpp\1.5.7\javacpp-1.5.7-linux-armhf.jar;C:\Users\Destroy\.m2\repository\org\bytedeco\javacpp\1.5.7\javacpp-1.5.7-linux-arm64.jar;C:\Users\Destroy\.m2\repository\org\bytedeco\javacpp\1.5.7\javacpp-1.5.7-linux-ppc64le.jar;C:\Users\Destroy\.m2\repository\org\bytedeco\javacpp\1.5.7\javacpp-1.5.7-linux-x86.jar;C:\Users\Destroy\.m2\repository\org\bytedeco\javacpp\1.5.7\javacpp-1.5.7-linux-x86_64.jar;C:\Users\Destroy\.m2\repository\org\bytedeco\javacpp\1.5.7\javacpp-1.5.7-macosx-arm64.jar;C:\Users\Destroy\.m2\repository\org\bytedeco\javacpp\1.5.7\javacpp-1.5.7-macosx-x86_64.jar;C:\Users\Destroy\.m2\repository\org\bytedeco\javacpp\1.5.7\javacpp-1.5.7-windows-x86.jar;C:\Users\Destroy\.m2\repository\org\bytedeco\javacpp\1.5.7\javacpp-1.5.7-windows-x86_64.jar;C:\Users\Destroy\.m2\repository\org\bytedeco\llvm\13.0.1-1.5.7\llvm-13.0.1-1.5.7.jar;C:\Users\Destroy\.m2\repository\org\bytedeco\llvm\13.0.1-1.5.7\llvm-
Launcher Type: SUN_STANDARD

[Global flags]
     intx CICompilerCount                          = 4                                         {product} {ergonomic}
     uint ConcGCThreads                            = 3                                         {product} {ergonomic}
     uint G1ConcRefinementThreads                  = 10                                        {product} {ergonomic}
   size_t G1HeapRegionSize                         = 2097152                                   {product} {ergonomic}
    uintx GCDrainStackTargetSize                   = 64                                        {product} {ergonomic}
   size_t InitialHeapSize                          = 268435456                                 {product} {ergonomic}
   size_t MarkStackSize                            = 4194304                                   {product} {ergonomic}
   size_t MaxHeapSize                              = 4269801472                                {product} {ergonomic}
   size_t MaxNewSize                               = 2560622592                                {product} {ergonomic}
   size_t MinHeapDeltaBytes                        = 2097152                                   {product} {ergonomic}
   size_t MinHeapSize                              = 8388608                                   {product} {ergonomic}
    uintx NonNMethodCodeHeapSize                   = 5839372                                {pd product} {ergonomic}
    uintx NonProfiledCodeHeapSize                  = 122909434                              {pd product} {ergonomic}
    uintx ProfiledCodeHeapSize                     = 122909434                              {pd product} {ergonomic}
    uintx ReservedCodeCacheSize                    = 251658240                              {pd product} {ergonomic}
     bool SegmentedCodeCache                       = true                                      {product} {ergonomic}
   size_t SoftMaxHeapSize                          = 4269801472                             {manageable} {ergonomic}
     bool UseCompressedClassPointers               = true                                 {lp64_product} {ergonomic}
     bool UseCompressedOops                        = true                                 {lp64_product} {ergonomic}
     bool UseG1GC                                  = true                                      {product} {ergonomic}
     bool UseLargePagesIndividualAllocation        = false                                  {pd product} {ergonomic}

Logging:
Log output configuration:
 #0: stdout all=warning uptime,level,tags
 #1: stderr all=off uptime,level,tags

Environment Variables:
PATH=C:\Program Files\PlasticSCM5\server;C:\Program Files\PlasticSCM5\client;C:\Program Files\NVIDIA GPU Computing Toolkit\CUDA\v11.4\bin;C:\Program Files\NVIDIA GPU Computing Toolkit\CUDA\v11.4\libnvvp;C:\Program Files (x86)\Common Files\Oracle\Java\javapath;C:\Program Files (x86)\Common Files\Intel\Shared Libraries\redist\intel64\compiler;C:\Windows\system32;C:\Windows;C:\Windows\System32\Wbem;C:\Windows\System32\WindowsPowerShell\v1.0\;C:\Windows\System32\OpenSSH\;C:\Program Files (x86)\NVIDIA Corporation\PhysX\Common;C:\Program Files\NVIDIA Corporation\NVIDIA NvDLISR;C:\Users\Destroy\.dnx\bin;C:\Program Files\Microsoft DNX\Dnvm\;C:\Program Files\Microsoft SQL Server\130\Tools\Binn\;D:\Git\cmd;C:\Program Files\dotnet\;C:\Program Files\NVIDIA Corporation\Nsight Compute 2021.2.2\;C:\Program Files\Microsoft SQL Server\Client SDK\ODBC\170\Tools\Binn\;C:\Program Files\nodejs\;C:\WINDOWS\system32;C:\WINDOWS;C:\WINDOWS\System32\Wbem;C:\WINDOWS\System32\WindowsPowerShell\v1.0\;C:\WINDOWS\System32\OpenSSH\;C:;C:\Program Files (x86)\scala\bin;C:\Users\Destroy\AppData\Local\bin\NASM;D:\U_pro\A_GAME\python-envs;C:\Program Files\MySQL\MySQL Shell 8.0\bin\;D:\ANACONDA\envs\tf;C:\Users\Destroy\AppData\Local\Programs\Python\Python39\Scripts\;C:\Users\Destroy\AppData\Local\Programs\Python\Python39\;C:\Users\Destroy\AppData\Local\Microsoft\WindowsApps;D:\texlive\2020\bin\win32;C:\Users\Destroy\.dotnet\tools;C:\Users\Destroy\AppData\Local\Programs\Fiddler;C:\Users\Destroy\AppData\Roaming\npm;C:\Users\Destroy\AppData\Local\Microsoft\WindowsApps;E:\Microsoft VS Code\bin;C:\MinGW\bin;C:\Users\Destroy\AppData\Local\bin\NASM;D:\U_pro\A_GAME\python-envs;
USERNAME=Destroy
OS=Windows_NT
PROCESSOR_IDENTIFIER=AMD64 Family 23 Model 113 Stepping 0, AuthenticAMD



---------------  S Y S T E M  ---------------

OS:
 Windows 10 , 64 bit Build 19041 (10.0.19041.2364)
OS uptime: 0 days 3:28 hours

CPU: total 12 (initial active 12) (12 cores per cpu, 2 threads per core) family 23 model 113 stepping 0 microcode 0x0, cmov, cx8, fxsr, mmx, sse, sse2, sse3, ssse3, sse4.1, sse4.2, popcnt, vzeroupper, avx, avx2, aes, clmul, 3dnowpref, lzcnt, sse4a, ht, tsc, tscinvbit, tscinv, bmi1, bmi2, adx, sha, fma, clflush, clflushopt

Memory: 4k page, system-wide physical 16280M (7409M free)
TotalPageFile size 28056M (AvailPageFile size 14597M)
current process WorkingSet (physical memory assigned to process): 99M, peak: 100M
current process commit charge ("private bytes"): 380M, peak: 382M

vm_info: OpenJDK 64-Bit Server VM (15.0.2+7-27) for windows-amd64 JRE (15.0.2+7-27), built on Dec  7 2020 20:02:38 by "mach5one" with unknown MS VC++:1925

END.
