#
# A fatal error has been detected by the Java Runtime Environment:
#
#  EXCEPTION_ACCESS_VIOLATION (0xc0000005) at pc=0x00007ffb46815354, pid=5936, tid=13096
#
# JRE version: OpenJDK Runtime Environment (15.0.2+7) (build 15.0.2+7-27)
# Java VM: OpenJDK 64-Bit Server VM (15.0.2+7-27, mixed mode, sharing, tiered, compressed oops, g1 gc, windows-amd64)
# Problematic frame:
# C  [jniLLVM.dll+0xea5354]
#
# No core dump will be written. Minidumps are not enabled by default on client versions of Windows
#
# If you would like to submit a bug report, please visit:
#   https://bugreport.java.com/bugreport/crash.jsp
# The crash happened outside the Java Virtual Machine in native code.
# See problematic frame for where to report the bug.
#

---------------  S U M M A R Y ------------

Command Line: -javaagent:E:\IntelliJ IDEA 2021.3.2\lib\idea_rt.jar=62704:E:\IntelliJ IDEA 2021.3.2\bin -Dfile.encoding=UTF-8 Main E:\\bianyiyuanli\\Lab\\src\\a.txt E:\\bianyiyuanli\\Lab\\src\\b.txt

Host: AMD Ryzen 5 3600 6-Core Processor              , 12 cores, 15G,  Windows 10 , 64 bit Build 19041 (10.0.19041.2364)
Time: Fri Jan 13 02:21:58 2023 中国标准时间 elapsed time: 0.529220 seconds (0d 0h 0m 0s)

---------------  T H R E A D  ---------------

Current thread (0x000002087a4bdee0):  JavaThread "main" [_thread_in_native, id=13096, stack(0x0000003c9cd00000,0x0000003c9ce00000)]

Stack: [0x0000003c9cd00000,0x0000003c9ce00000],  sp=0x0000003c9cdfe960,  free space=1018k
Native frames: (J=compiled Java code, j=interpreted, Vv=VM code, C=native code)
C  [jniLLVM.dll+0xea5354]

Java frames: (J=compiled Java code, j=interpreted, Vv=VM code)
j  org.bytedeco.llvm.global.LLVM.LLVMBuildCall(Lorg/bytedeco/llvm/LLVM/LLVMBuilderRef;Lorg/bytedeco/llvm/LLVM/LLVMValueRef;Lorg/bytedeco/javacpp/PointerPointer;ILjava/lang/String;)Lorg/bytedeco/llvm/LLVM/LLVMValueRef;+0
j  LLVMVisitor.functionCallHandler(LSysYParser$CallFuncExpContext;)Lorg/bytedeco/llvm/LLVM/LLVMValueRef;+131
j  LLVMVisitor.visitStmt(LSysYParser$StmtContext;)Lorg/bytedeco/llvm/LLVM/LLVMValueRef;+196
j  LLVMVisitor.visitStmt(LSysYParser$StmtContext;)Ljava/lang/Object;+2
j  SysYParser$StmtContext.accept(Lorg/antlr/v4/runtime/tree/ParseTreeVisitor;)Ljava/lang/Object;+12
j  org.antlr.v4.runtime.tree.AbstractParseTreeVisitor.visitChildren(Lorg/antlr/v4/runtime/tree/RuleNode;)Ljava/lang/Object;+46
j  SysYParserBaseVisitor.visitBlockItem(LSysYParser$BlockItemContext;)Ljava/lang/Object;+2
j  SysYParser$BlockItemContext.accept(Lorg/antlr/v4/runtime/tree/ParseTreeVisitor;)Ljava/lang/Object;+12
j  org.antlr.v4.runtime.tree.AbstractParseTreeVisitor.visitChildren(Lorg/antlr/v4/runtime/tree/RuleNode;)Ljava/lang/Object;+46
j  SysYParserBaseVisitor.visitBlock(LSysYParser$BlockContext;)Ljava/lang/Object;+2
j  LLVMVisitor.visitBlock(LSysYParser$BlockContext;)Lorg/bytedeco/llvm/LLVM/LLVMValueRef;+32
j  LLVMVisitor.visitBlock(LSysYParser$BlockContext;)Ljava/lang/Object;+2
j  SysYParser$BlockContext.accept(Lorg/antlr/v4/runtime/tree/ParseTreeVisitor;)Ljava/lang/Object;+12
j  org.antlr.v4.runtime.tree.AbstractParseTreeVisitor.visitChildren(Lorg/antlr/v4/runtime/tree/RuleNode;)Ljava/lang/Object;+46
j  SysYParserBaseVisitor.visitFuncDef(LSysYParser$FuncDefContext;)Ljava/lang/Object;+2
j  LLVMVisitor.visitFuncDef(LSysYParser$FuncDefContext;)Lorg/bytedeco/llvm/LLVM/LLVMValueRef;+364
j  LLVMVisitor.visitFuncDef(LSysYParser$FuncDefContext;)Ljava/lang/Object;+2
j  SysYParser$FuncDefContext.accept(Lorg/antlr/v4/runtime/tree/ParseTreeVisitor;)Ljava/lang/Object;+12
j  org.antlr.v4.runtime.tree.AbstractParseTreeVisitor.visitChildren(Lorg/antlr/v4/runtime/tree/RuleNode;)Ljava/lang/Object;+46
j  SysYParserBaseVisitor.visitCompUnit(LSysYParser$CompUnitContext;)Ljava/lang/Object;+2
j  LLVMVisitor.visitCompUnit(LSysYParser$CompUnitContext;)Lorg/bytedeco/llvm/LLVM/LLVMValueRef;+13
j  LLVMVisitor.visitCompUnit(LSysYParser$CompUnitContext;)Ljava/lang/Object;+2
j  SysYParser$CompUnitContext.accept(Lorg/antlr/v4/runtime/tree/ParseTreeVisitor;)Ljava/lang/Object;+12
j  org.antlr.v4.runtime.tree.AbstractParseTreeVisitor.visitChildren(Lorg/antlr/v4/runtime/tree/RuleNode;)Ljava/lang/Object;+46
j  SysYParserBaseVisitor.visitProgram(LSysYParser$ProgramContext;)Ljava/lang/Object;+2
j  SysYParser$ProgramContext.accept(Lorg/antlr/v4/runtime/tree/ParseTreeVisitor;)Ljava/lang/Object;+12
j  org.antlr.v4.runtime.tree.AbstractParseTreeVisitor.visit(Lorg/antlr/v4/runtime/tree/ParseTree;)Ljava/lang/Object;+2
j  Main.main([Ljava/lang/String;)V+94
v  ~StubRoutines::call_stub

siginfo: EXCEPTION_ACCESS_VIOLATION (0xc0000005), reading address 0x0000000000000000


Register to memory mapping:

RIP=0x00007ffb46815354 jniLLVM.dll
RAX=0x00000208225ce960 points into unknown readable memory: 0x1200c01119113a00 | 00 3a 11 19 11 c0 00 12
RBX=0x0 is NULL
RCX=0x0000020821ceaed0 points into unknown readable memory: 0x0000020821ceaee0 | e0 ae ce 21 08 02 00 00
RDX=0x0 is NULL
RSP=0x0000003c9cdfe960 is pointing into the stack for thread: 0x000002087a4bdee0
RBP=0x0 is NULL
RSI=0x0 is NULL
RDI=0x000002087a4be208 points into unknown readable memory: 0x00007ffba866de40 | 40 de 66 a8 fb 7f 00 00
R8 =0x000002087a4bda80 points into unknown readable memory: 0x0000020821658490 | 90 84 65 21 08 02 00 00
R9 =0x0000000000000001 is an unknown value
R10=0x00007ffba866de40 jvm.dll
R11=0x0000003c9cdfe910 is pointing into the stack for thread: 0x000002087a4bdee0
R12=0x00000208225ce960 points into unknown readable memory: 0x1200c01119113a00 | 00 3a 11 19 11 c0 00 12
R13=0x000002087a4bda80 points into unknown readable memory: 0x0000020821658490 | 90 84 65 21 08 02 00 00
R14=0x0 is NULL
R15=0x0000020821ceaed0 points into unknown readable memory: 0x0000020821ceaee0 | e0 ae ce 21 08 02 00 00


Registers:
RAX=0x00000208225ce960, RBX=0x0000000000000000, RCX=0x0000020821ceaed0, RDX=0x0000000000000000
RSP=0x0000003c9cdfe960, RBP=0x0000000000000000, RSI=0x0000000000000000, RDI=0x000002087a4be208
R8 =0x000002087a4bda80, R9 =0x0000000000000001, R10=0x00007ffba866de40, R11=0x0000003c9cdfe910
R12=0x00000208225ce960, R13=0x000002087a4bda80, R14=0x0000000000000000, R15=0x0000020821ceaed0
RIP=0x00007ffb46815354, EFLAGS=0x0000000000010206

Top of Stack: (sp=0x0000003c9cdfe960)
0x0000003c9cdfe960:   000002087a4bdee0 0000000000000000
0x0000003c9cdfe970:   000002087a4be208 0000000000000000
0x0000003c9cdfe980:   0000020821ceaed0 0000000000000000
0x0000003c9cdfe990:   00000208225ce960 00007ffb45a318a1
0x0000003c9cdfe9a0:   000002087a4be208 0000000000000000
0x0000003c9cdfe9b0:   000002087a57e710 0000000710ed1328
0x0000003c9cdfe9c0:   00000208225ce960 0000000800935676
0x0000003c9cdfe9d0:   0000000000000000 00007ffb45a47118
0x0000003c9cdfe9e0:   0000000000000000 0000000000000000
0x0000003c9cdfe9f0:   000002087a4be208 0000000000000000
0x0000003c9cdfea00:   00000208225ce960 000002080fc95b10
0x0000003c9cdfea10:   000002087a4bdee0 0000003c9cdfeb18
0x0000003c9cdfea20:   000002087f4ca9d0 0000000000000000
0x0000003c9cdfea30:   000000000000009e 000002080816f177
0x0000003c9cdfea40:   000002087f4ca9d8 0000003c9cdfead8
0x0000003c9cdfea50:   0000000000000180 0000003c9cdfeaa0 

Instructions: (pc=0x00007ffb46815354)
0x00007ffb46815254:   8b f0 80 78 10 1a 0f 82 c7 00 00 00 48 8b 4f 50
0x00007ffb46815264:   4c 8d 44 24 30 48 8b 47 38 48 8b d6 4c 8b 4f 30
0x00007ffb46815274:   48 89 44 24 20 4c 8b 11 41 ff 52 08 48 8b 1f 8b
0x00007ffb46815284:   7f 08 48 c1 e7 04 48 03 fb 48 3b df 0f 84 91 00
0x00007ffb46815294:   00 00 66 66 0f 1f 84 00 00 00 00 00 4c 8b 43 08
0x00007ffb468152a4:   48 8b ce 8b 13 e8 b2 a8 09 00 48 83 c3 10 48 3b
0x00007ffb468152b4:   df 75 e9 eb 6e 4c 8d 4c 24 58 66 c7 44 24 78 01
0x00007ffb468152c4:   01 4d 8b c2 48 89 44 24 20 b9 31 00 00 00 e8 29
0x00007ffb468152d4:   b4 06 00 48 8b 4f 50 4c 8d 44 24 30 4c 8b 4f 30
0x00007ffb468152e4:   48 8b f0 48 8b 47 38 48 8b d6 48 89 44 24 20 4c
0x00007ffb468152f4:   8b 11 41 ff 52 08 48 8b 1f 8b 7f 08 48 c1 e7 04
0x00007ffb46815304:   48 03 fb 48 3b df 74 1b 0f 1f 40 00 4c 8b 43 08
0x00007ffb46815314:   48 8b ce 8b 13 e8 42 a8 09 00 48 83 c3 10 48 3b
0x00007ffb46815324:   df 75 e9 48 8b 9c 24 90 00 00 00 48 8b c6 48 8b
0x00007ffb46815334:   b4 24 98 00 00 00 48 81 c4 80 00 00 00 5f c3 cc
0x00007ffb46815344:   cc cc cc cc cc cc cc cc cc cc cc cc 48 83 ec 78
0x00007ffb46815354:   48 8b 02 c6 44 24 61 01 4c 8b 50 18 48 8b 84 24
0x00007ffb46815364:   a0 00 00 00 80 38 00 74 0c 48 89 44 24 40 c6 44
0x00007ffb46815374:   24 60 03 eb 05 c6 44 24 60 01 41 8b c1 4c 8d 4c
0x00007ffb46815384:   24 30 48 89 44 24 38 48 8d 44 24 40 4c 89 44 24
0x00007ffb46815394:   30 4c 8b c2 48 c7 44 24 28 00 00 00 00 49 8b d2
0x00007ffb468153a4:   48 89 44 24 20 e8 82 b0 fb ff 48 83 c4 78 c3 cc
0x00007ffb468153b4:   cc cc cc cc cc cc cc cc cc cc cc cc 48 83 ec 78
0x00007ffb468153c4:   48 8b 84 24 a8 00 00 00 c6 44 24 61 01 80 38 00
0x00007ffb468153d4:   74 0c 48 89 44 24 40 c6 44 24 60 03 eb 05 c6 44
0x00007ffb468153e4:   24 60 01 8b 84 24 a0 00 00 00 48 89 44 24 38 48
0x00007ffb468153f4:   8d 44 24 40 4c 89 4c 24 30 4c 8d 4c 24 30 48 c7
0x00007ffb46815404:   44 24 28 00 00 00 00 48 89 44 24 20 e8 1b b0 fb
0x00007ffb46815414:   ff 48 83 c4 78 c3 cc cc cc cc cc cc 48 89 5c 24
0x00007ffb46815424:   18 41 56 48 81 ec 80 00 00 00 48 8b 84 24 b0 00
0x00007ffb46815434:   00 00 4d 8b d9 4d 8b d0 c6 44 24 51 01 4c 8b f1
0x00007ffb46815444:   80 38 00 74 0c 48 89 44 24 30 c6 44 24 50 03 eb 


Stack slot to memory mapping:
stack at sp + 0 slots: 0x000002087a4bdee0 is a thread
stack at sp + 1 slots: 0x0 is NULL
stack at sp + 2 slots: 0x000002087a4be208 points into unknown readable memory: 0x00007ffba866de40 | 40 de 66 a8 fb 7f 00 00
stack at sp + 3 slots: 0x0 is NULL
stack at sp + 4 slots: 0x0000020821ceaed0 points into unknown readable memory: 0x0000020821ceaee0 | e0 ae ce 21 08 02 00 00
stack at sp + 5 slots: 0x0 is NULL
stack at sp + 6 slots: 0x00000208225ce960 points into unknown readable memory: 0x1200c01119113a00 | 00 3a 11 19 11 c0 00 12
stack at sp + 7 slots: 0x00007ffb45a318a1 jniLLVM.dll


---------------  P R O C E S S  ---------------

Threads class SMR info:
_java_thread_list=0x00000208217edfb0, length=15, elements={
0x000002087a4bdee0, 0x000002087f7660b0, 0x000002087f766a90, 0x000002087f7822e0,
0x000002087f787cd0, 0x000002087f788780, 0x000002087f789610, 0x000002087f7905d0,
0x000002087f798fd0, 0x000002087f85d850, 0x000002087fad9870, 0x000002087f8fe500,
0x000002087fa34270, 0x00000208210c1e70, 0x00000208211c8640
}

Java Threads: ( => current thread )
=>0x000002087a4bdee0 JavaThread "main" [_thread_in_native, id=13096, stack(0x0000003c9cd00000,0x0000003c9ce00000)]
  0x000002087f7660b0 JavaThread "Reference Handler" daemon [_thread_blocked, id=17788, stack(0x0000003c9d400000,0x0000003c9d500000)]
  0x000002087f766a90 JavaThread "Finalizer" daemon [_thread_blocked, id=7784, stack(0x0000003c9d500000,0x0000003c9d600000)]
  0x000002087f7822e0 JavaThread "Signal Dispatcher" daemon [_thread_blocked, id=18440, stack(0x0000003c9d600000,0x0000003c9d700000)]
  0x000002087f787cd0 JavaThread "Attach Listener" daemon [_thread_blocked, id=17200, stack(0x0000003c9d700000,0x0000003c9d800000)]
  0x000002087f788780 JavaThread "Service Thread" daemon [_thread_blocked, id=4296, stack(0x0000003c9d800000,0x0000003c9d900000)]
  0x000002087f789610 JavaThread "C2 CompilerThread0" daemon [_thread_blocked, id=8620, stack(0x0000003c9d900000,0x0000003c9da00000)]
  0x000002087f7905d0 JavaThread "C1 CompilerThread0" daemon [_thread_blocked, id=7328, stack(0x0000003c9da00000,0x0000003c9db00000)]
  0x000002087f798fd0 JavaThread "Sweeper thread" daemon [_thread_blocked, id=18832, stack(0x0000003c9db00000,0x0000003c9dc00000)]
  0x000002087f85d850 JavaThread "Common-Cleaner" daemon [_thread_blocked, id=18444, stack(0x0000003c9dc00000,0x0000003c9dd00000)]
  0x000002087fad9870 JavaThread "C2 CompilerThread1" daemon [_thread_blocked, id=20136, stack(0x0000003c9dd00000,0x0000003c9de00000)]
  0x000002087f8fe500 JavaThread "Monitor Ctrl-Break" daemon [_thread_in_native, id=19940, stack(0x0000003c9de00000,0x0000003c9df00000)]
  0x000002087fa34270 JavaThread "Notification Thread" daemon [_thread_blocked, id=1876, stack(0x0000003c9df00000,0x0000003c9e000000)]
  0x00000208210c1e70 JavaThread "JavaCPP Deallocator" daemon [_thread_blocked, id=11452, stack(0x0000003c9e100000,0x0000003c9e200000)]
  0x00000208211c8640 JavaThread "C2 CompilerThread2" daemon [_thread_blocked, id=15572, stack(0x0000003c9e700000,0x0000003c9e800000)]

Other Threads:
  0x000002087ef5d490 VMThread "VM Thread" [stack: 0x0000003c9d300000,0x0000003c9d400000] [id=4488]
  0x000002087f978000 WatcherThread [stack: 0x0000003c9e000000,0x0000003c9e100000] [id=17836]
  0x000002087a50e6d0 GCTaskThread "GC Thread#0" [stack: 0x0000003c9ce00000,0x0000003c9cf00000] [id=14996]
  0x00000208217820b0 GCTaskThread "GC Thread#1" [stack: 0x0000003c9e200000,0x0000003c9e300000] [id=12204]
  0x00000208217830a0 GCTaskThread "GC Thread#2" [stack: 0x0000003c9e300000,0x0000003c9e400000] [id=19920]
  0x0000020821783a30 GCTaskThread "GC Thread#3" [stack: 0x0000003c9e400000,0x0000003c9e500000] [id=15004]
  0x0000020821782a40 GCTaskThread "GC Thread#4" [stack: 0x0000003c9e500000,0x0000003c9e600000] [id=7420]
  0x00000208217833d0 GCTaskThread "GC Thread#5" [stack: 0x0000003c9e600000,0x0000003c9e700000] [id=16120]
  0x000002087a51f6a0 ConcurrentGCThread "G1 Main Marker" [stack: 0x0000003c9cf00000,0x0000003c9d000000] [id=16552]
  0x000002087a520a30 ConcurrentGCThread "G1 Conc#0" [stack: 0x0000003c9d000000,0x0000003c9d100000] [id=2460]
  0x000002087a57f190 ConcurrentGCThread "G1 Refine#0" [stack: 0x0000003c9d100000,0x0000003c9d200000] [id=4400]
  0x000002087a57fd90 ConcurrentGCThread "G1 Young RemSet Sampling" [stack: 0x0000003c9d200000,0x0000003c9d300000] [id=17916]

Threads with active compile tasks:

VM state: not at safepoint (normal execution)

VM Mutex/Monitor currently owned by a thread: None

Heap address: 0x0000000701800000, size: 4072 MB, Compressed Oops mode: Zero based, Oop shift amount: 3
CDS archive(s) mapped at: [0x0000000800000000-0x0000000800b50000-0x0000000800b50000), size 11862016, SharedBaseAddress: 0x0000000800000000, ArchiveRelocationMode: 0.
Compressed class space mapped at: 0x0000000800b50000-0x0000000840b50000, size: 1073741824
Narrow klass base: 0x0000000800000000, Narrow klass shift: 3, Narrow klass range: 0x100000000

GC Precious Log:
 CPUs: 12 total, 12 available
 Memory: 16280M
 Large Page Support: Disabled
 NUMA Support: Disabled
 Compressed Oops: Enabled (Zero based)
 Heap Region Size: 2M
 Heap Min Capacity: 8M
 Heap Initial Capacity: 256M
 Heap Max Capacity: 4072M
 Pre-touch: Disabled
 Parallel Workers: 10
 Concurrent Workers: 3
 Concurrent Refinement Workers: 10
 Periodic GC: Disabled

Heap:
 garbage-first heap   total 262144K, used 14068K [0x0000000701800000, 0x0000000800000000)
  region size 2048K, 7 young (14336K), 2 survivors (4096K)
 Metaspace       used 4229K, capacity 6632K, committed 6912K, reserved 1056768K
  class space    used 441K, capacity 674K, committed 768K, reserved 1048576K

Heap Regions: E=young(eden), S=young(survivor), O=old, HS=humongous(starts), HC=humongous(continues), CS=collection set, F=free, OA=open archive, CA=closed archive, TAMS=top-at-mark-start (previous, next)
|   0|0x0000000701800000, 0x00000007019bd000, 0x0000000701a00000| 86%| O|  |TAMS 0x0000000701800000, 0x0000000701800000| Untracked 
|   1|0x0000000701a00000, 0x0000000701a00000, 0x0000000701c00000|  0%| F|  |TAMS 0x0000000701a00000, 0x0000000701a00000| Untracked 
|   2|0x0000000701c00000, 0x0000000701c00000, 0x0000000701e00000|  0%| F|  |TAMS 0x0000000701c00000, 0x0000000701c00000| Untracked 
|   3|0x0000000701e00000, 0x0000000701e00000, 0x0000000702000000|  0%| F|  |TAMS 0x0000000701e00000, 0x0000000701e00000| Untracked 
|   4|0x0000000702000000, 0x0000000702000000, 0x0000000702200000|  0%| F|  |TAMS 0x0000000702000000, 0x0000000702000000| Untracked 
|   5|0x0000000702200000, 0x0000000702200000, 0x0000000702400000|  0%| F|  |TAMS 0x0000000702200000, 0x0000000702200000| Untracked 
|   6|0x0000000702400000, 0x0000000702400000, 0x0000000702600000|  0%| F|  |TAMS 0x0000000702400000, 0x0000000702400000| Untracked 
|   7|0x0000000702600000, 0x0000000702600000, 0x0000000702800000|  0%| F|  |TAMS 0x0000000702600000, 0x0000000702600000| Untracked 
|   8|0x0000000702800000, 0x0000000702800000, 0x0000000702a00000|  0%| F|  |TAMS 0x0000000702800000, 0x0000000702800000| Untracked 
|   9|0x0000000702a00000, 0x0000000702a00000, 0x0000000702c00000|  0%| F|  |TAMS 0x0000000702a00000, 0x0000000702a00000| Untracked 
|  10|0x0000000702c00000, 0x0000000702c00000, 0x0000000702e00000|  0%| F|  |TAMS 0x0000000702c00000, 0x0000000702c00000| Untracked 
|  11|0x0000000702e00000, 0x0000000702e00000, 0x0000000703000000|  0%| F|  |TAMS 0x0000000702e00000, 0x0000000702e00000| Untracked 
|  12|0x0000000703000000, 0x0000000703000000, 0x0000000703200000|  0%| F|  |TAMS 0x0000000703000000, 0x0000000703000000| Untracked 
|  13|0x0000000703200000, 0x0000000703200000, 0x0000000703400000|  0%| F|  |TAMS 0x0000000703200000, 0x0000000703200000| Untracked 
|  14|0x0000000703400000, 0x0000000703400000, 0x0000000703600000|  0%| F|  |TAMS 0x0000000703400000, 0x0000000703400000| Untracked 
|  15|0x0000000703600000, 0x0000000703600000, 0x0000000703800000|  0%| F|  |TAMS 0x0000000703600000, 0x0000000703600000| Untracked 
|  16|0x0000000703800000, 0x0000000703800000, 0x0000000703a00000|  0%| F|  |TAMS 0x0000000703800000, 0x0000000703800000| Untracked 
|  17|0x0000000703a00000, 0x0000000703a00000, 0x0000000703c00000|  0%| F|  |TAMS 0x0000000703a00000, 0x0000000703a00000| Untracked 
|  18|0x0000000703c00000, 0x0000000703c00000, 0x0000000703e00000|  0%| F|  |TAMS 0x0000000703c00000, 0x0000000703c00000| Untracked 
|  19|0x0000000703e00000, 0x0000000703e00000, 0x0000000704000000|  0%| F|  |TAMS 0x0000000703e00000, 0x0000000703e00000| Untracked 
|  20|0x0000000704000000, 0x0000000704000000, 0x0000000704200000|  0%| F|  |TAMS 0x0000000704000000, 0x0000000704000000| Untracked 
|  21|0x0000000704200000, 0x0000000704200000, 0x0000000704400000|  0%| F|  |TAMS 0x0000000704200000, 0x0000000704200000| Untracked 
|  22|0x0000000704400000, 0x0000000704400000, 0x0000000704600000|  0%| F|  |TAMS 0x0000000704400000, 0x0000000704400000| Untracked 
|  23|0x0000000704600000, 0x0000000704600000, 0x0000000704800000|  0%| F|  |TAMS 0x0000000704600000, 0x0000000704600000| Untracked 
|  24|0x0000000704800000, 0x0000000704800000, 0x0000000704a00000|  0%| F|  |TAMS 0x0000000704800000, 0x0000000704800000| Untracked 
|  25|0x0000000704a00000, 0x0000000704a00000, 0x0000000704c00000|  0%| F|  |TAMS 0x0000000704a00000, 0x0000000704a00000| Untracked 
|  26|0x0000000704c00000, 0x0000000704c00000, 0x0000000704e00000|  0%| F|  |TAMS 0x0000000704c00000, 0x0000000704c00000| Untracked 
|  27|0x0000000704e00000, 0x0000000704e00000, 0x0000000705000000|  0%| F|  |TAMS 0x0000000704e00000, 0x0000000704e00000| Untracked 
|  28|0x0000000705000000, 0x0000000705000000, 0x0000000705200000|  0%| F|  |TAMS 0x0000000705000000, 0x0000000705000000| Untracked 
|  29|0x0000000705200000, 0x0000000705200000, 0x0000000705400000|  0%| F|  |TAMS 0x0000000705200000, 0x0000000705200000| Untracked 
|  30|0x0000000705400000, 0x0000000705400000, 0x0000000705600000|  0%| F|  |TAMS 0x0000000705400000, 0x0000000705400000| Untracked 
|  31|0x0000000705600000, 0x0000000705600000, 0x0000000705800000|  0%| F|  |TAMS 0x0000000705600000, 0x0000000705600000| Untracked 
|  32|0x0000000705800000, 0x0000000705800000, 0x0000000705a00000|  0%| F|  |TAMS 0x0000000705800000, 0x0000000705800000| Untracked 
|  33|0x0000000705a00000, 0x0000000705a00000, 0x0000000705c00000|  0%| F|  |TAMS 0x0000000705a00000, 0x0000000705a00000| Untracked 
|  34|0x0000000705c00000, 0x0000000705c00000, 0x0000000705e00000|  0%| F|  |TAMS 0x0000000705c00000, 0x0000000705c00000| Untracked 
|  35|0x0000000705e00000, 0x0000000705e00000, 0x0000000706000000|  0%| F|  |TAMS 0x0000000705e00000, 0x0000000705e00000| Untracked 
|  36|0x0000000706000000, 0x0000000706000000, 0x0000000706200000|  0%| F|  |TAMS 0x0000000706000000, 0x0000000706000000| Untracked 
|  37|0x0000000706200000, 0x0000000706200000, 0x0000000706400000|  0%| F|  |TAMS 0x0000000706200000, 0x0000000706200000| Untracked 
|  38|0x0000000706400000, 0x0000000706400000, 0x0000000706600000|  0%| F|  |TAMS 0x0000000706400000, 0x0000000706400000| Untracked 
|  39|0x0000000706600000, 0x0000000706600000, 0x0000000706800000|  0%| F|  |TAMS 0x0000000706600000, 0x0000000706600000| Untracked 
|  40|0x0000000706800000, 0x0000000706800000, 0x0000000706a00000|  0%| F|  |TAMS 0x0000000706800000, 0x0000000706800000| Untracked 
|  41|0x0000000706a00000, 0x0000000706a00000, 0x0000000706c00000|  0%| F|  |TAMS 0x0000000706a00000, 0x0000000706a00000| Untracked 
|  42|0x0000000706c00000, 0x0000000706c00000, 0x0000000706e00000|  0%| F|  |TAMS 0x0000000706c00000, 0x0000000706c00000| Untracked 
|  43|0x0000000706e00000, 0x0000000706e00000, 0x0000000707000000|  0%| F|  |TAMS 0x0000000706e00000, 0x0000000706e00000| Untracked 
|  44|0x0000000707000000, 0x0000000707000000, 0x0000000707200000|  0%| F|  |TAMS 0x0000000707000000, 0x0000000707000000| Untracked 
|  45|0x0000000707200000, 0x0000000707200000, 0x0000000707400000|  0%| F|  |TAMS 0x0000000707200000, 0x0000000707200000| Untracked 
|  46|0x0000000707400000, 0x0000000707400000, 0x0000000707600000|  0%| F|  |TAMS 0x0000000707400000, 0x0000000707400000| Untracked 
|  47|0x0000000707600000, 0x0000000707600000, 0x0000000707800000|  0%| F|  |TAMS 0x0000000707600000, 0x0000000707600000| Untracked 
|  48|0x0000000707800000, 0x0000000707800000, 0x0000000707a00000|  0%| F|  |TAMS 0x0000000707800000, 0x0000000707800000| Untracked 
|  49|0x0000000707a00000, 0x0000000707a00000, 0x0000000707c00000|  0%| F|  |TAMS 0x0000000707a00000, 0x0000000707a00000| Untracked 
|  50|0x0000000707c00000, 0x0000000707c00000, 0x0000000707e00000|  0%| F|  |TAMS 0x0000000707c00000, 0x0000000707c00000| Untracked 
|  51|0x0000000707e00000, 0x0000000707e00000, 0x0000000708000000|  0%| F|  |TAMS 0x0000000707e00000, 0x0000000707e00000| Untracked 
|  52|0x0000000708000000, 0x0000000708000000, 0x0000000708200000|  0%| F|  |TAMS 0x0000000708000000, 0x0000000708000000| Untracked 
|  53|0x0000000708200000, 0x0000000708200000, 0x0000000708400000|  0%| F|  |TAMS 0x0000000708200000, 0x0000000708200000| Untracked 
|  54|0x0000000708400000, 0x0000000708400000, 0x0000000708600000|  0%| F|  |TAMS 0x0000000708400000, 0x0000000708400000| Untracked 
|  55|0x0000000708600000, 0x0000000708600000, 0x0000000708800000|  0%| F|  |TAMS 0x0000000708600000, 0x0000000708600000| Untracked 
|  56|0x0000000708800000, 0x0000000708800000, 0x0000000708a00000|  0%| F|  |TAMS 0x0000000708800000, 0x0000000708800000| Untracked 
|  57|0x0000000708a00000, 0x0000000708a00000, 0x0000000708c00000|  0%| F|  |TAMS 0x0000000708a00000, 0x0000000708a00000| Untracked 
|  58|0x0000000708c00000, 0x0000000708c00000, 0x0000000708e00000|  0%| F|  |TAMS 0x0000000708c00000, 0x0000000708c00000| Untracked 
|  59|0x0000000708e00000, 0x0000000708e00000, 0x0000000709000000|  0%| F|  |TAMS 0x0000000708e00000, 0x0000000708e00000| Untracked 
|  60|0x0000000709000000, 0x0000000709000000, 0x0000000709200000|  0%| F|  |TAMS 0x0000000709000000, 0x0000000709000000| Untracked 
|  61|0x0000000709200000, 0x0000000709200000, 0x0000000709400000|  0%| F|  |TAMS 0x0000000709200000, 0x0000000709200000| Untracked 
|  62|0x0000000709400000, 0x0000000709400000, 0x0000000709600000|  0%| F|  |TAMS 0x0000000709400000, 0x0000000709400000| Untracked 
|  63|0x0000000709600000, 0x0000000709600000, 0x0000000709800000|  0%| F|  |TAMS 0x0000000709600000, 0x0000000709600000| Untracked 
|  64|0x0000000709800000, 0x0000000709800000, 0x0000000709a00000|  0%| F|  |TAMS 0x0000000709800000, 0x0000000709800000| Untracked 
|  65|0x0000000709a00000, 0x0000000709a00000, 0x0000000709c00000|  0%| F|  |TAMS 0x0000000709a00000, 0x0000000709a00000| Untracked 
|  66|0x0000000709c00000, 0x0000000709c00000, 0x0000000709e00000|  0%| F|  |TAMS 0x0000000709c00000, 0x0000000709c00000| Untracked 
|  67|0x0000000709e00000, 0x0000000709e00000, 0x000000070a000000|  0%| F|  |TAMS 0x0000000709e00000, 0x0000000709e00000| Untracked 
|  68|0x000000070a000000, 0x000000070a000000, 0x000000070a200000|  0%| F|  |TAMS 0x000000070a000000, 0x000000070a000000| Untracked 
|  69|0x000000070a200000, 0x000000070a200000, 0x000000070a400000|  0%| F|  |TAMS 0x000000070a200000, 0x000000070a200000| Untracked 
|  70|0x000000070a400000, 0x000000070a400000, 0x000000070a600000|  0%| F|  |TAMS 0x000000070a400000, 0x000000070a400000| Untracked 
|  71|0x000000070a600000, 0x000000070a600000, 0x000000070a800000|  0%| F|  |TAMS 0x000000070a600000, 0x000000070a600000| Untracked 
|  72|0x000000070a800000, 0x000000070a800000, 0x000000070aa00000|  0%| F|  |TAMS 0x000000070a800000, 0x000000070a800000| Untracked 
|  73|0x000000070aa00000, 0x000000070aa00000, 0x000000070ac00000|  0%| F|  |TAMS 0x000000070aa00000, 0x000000070aa00000| Untracked 
|  74|0x000000070ac00000, 0x000000070ac00000, 0x000000070ae00000|  0%| F|  |TAMS 0x000000070ac00000, 0x000000070ac00000| Untracked 
|  75|0x000000070ae00000, 0x000000070ae00000, 0x000000070b000000|  0%| F|  |TAMS 0x000000070ae00000, 0x000000070ae00000| Untracked 
|  76|0x000000070b000000, 0x000000070b000000, 0x000000070b200000|  0%| F|  |TAMS 0x000000070b000000, 0x000000070b000000| Untracked 
|  77|0x000000070b200000, 0x000000070b200000, 0x000000070b400000|  0%| F|  |TAMS 0x000000070b200000, 0x000000070b200000| Untracked 
|  78|0x000000070b400000, 0x000000070b400000, 0x000000070b600000|  0%| F|  |TAMS 0x000000070b400000, 0x000000070b400000| Untracked 
|  79|0x000000070b600000, 0x000000070b600000, 0x000000070b800000|  0%| F|  |TAMS 0x000000070b600000, 0x000000070b600000| Untracked 
|  80|0x000000070b800000, 0x000000070b800000, 0x000000070ba00000|  0%| F|  |TAMS 0x000000070b800000, 0x000000070b800000| Untracked 
|  81|0x000000070ba00000, 0x000000070ba00000, 0x000000070bc00000|  0%| F|  |TAMS 0x000000070ba00000, 0x000000070ba00000| Untracked 
|  82|0x000000070bc00000, 0x000000070bc00000, 0x000000070be00000|  0%| F|  |TAMS 0x000000070bc00000, 0x000000070bc00000| Untracked 
|  83|0x000000070be00000, 0x000000070be00000, 0x000000070c000000|  0%| F|  |TAMS 0x000000070be00000, 0x000000070be00000| Untracked 
|  84|0x000000070c000000, 0x000000070c000000, 0x000000070c200000|  0%| F|  |TAMS 0x000000070c000000, 0x000000070c000000| Untracked 
|  85|0x000000070c200000, 0x000000070c200000, 0x000000070c400000|  0%| F|  |TAMS 0x000000070c200000, 0x000000070c200000| Untracked 
|  86|0x000000070c400000, 0x000000070c400000, 0x000000070c600000|  0%| F|  |TAMS 0x000000070c400000, 0x000000070c400000| Untracked 
|  87|0x000000070c600000, 0x000000070c600000, 0x000000070c800000|  0%| F|  |TAMS 0x000000070c600000, 0x000000070c600000| Untracked 
|  88|0x000000070c800000, 0x000000070c800000, 0x000000070ca00000|  0%| F|  |TAMS 0x000000070c800000, 0x000000070c800000| Untracked 
|  89|0x000000070ca00000, 0x000000070ca00000, 0x000000070cc00000|  0%| F|  |TAMS 0x000000070ca00000, 0x000000070ca00000| Untracked 
|  90|0x000000070cc00000, 0x000000070cc00000, 0x000000070ce00000|  0%| F|  |TAMS 0x000000070cc00000, 0x000000070cc00000| Untracked 
|  91|0x000000070ce00000, 0x000000070ce00000, 0x000000070d000000|  0%| F|  |TAMS 0x000000070ce00000, 0x000000070ce00000| Untracked 
|  92|0x000000070d000000, 0x000000070d000000, 0x000000070d200000|  0%| F|  |TAMS 0x000000070d000000, 0x000000070d000000| Untracked 
|  93|0x000000070d200000, 0x000000070d200000, 0x000000070d400000|  0%| F|  |TAMS 0x000000070d200000, 0x000000070d200000| Untracked 
|  94|0x000000070d400000, 0x000000070d400000, 0x000000070d600000|  0%| F|  |TAMS 0x000000070d400000, 0x000000070d400000| Untracked 
|  95|0x000000070d600000, 0x000000070d600000, 0x000000070d800000|  0%| F|  |TAMS 0x000000070d600000, 0x000000070d600000| Untracked 
|  96|0x000000070d800000, 0x000000070d800000, 0x000000070da00000|  0%| F|  |TAMS 0x000000070d800000, 0x000000070d800000| Untracked 
|  97|0x000000070da00000, 0x000000070da00000, 0x000000070dc00000|  0%| F|  |TAMS 0x000000070da00000, 0x000000070da00000| Untracked 
|  98|0x000000070dc00000, 0x000000070dc00000, 0x000000070de00000|  0%| F|  |TAMS 0x000000070dc00000, 0x000000070dc00000| Untracked 
|  99|0x000000070de00000, 0x000000070de00000, 0x000000070e000000|  0%| F|  |TAMS 0x000000070de00000, 0x000000070de00000| Untracked 
| 100|0x000000070e000000, 0x000000070e000000, 0x000000070e200000|  0%| F|  |TAMS 0x000000070e000000, 0x000000070e000000| Untracked 
| 101|0x000000070e200000, 0x000000070e200000, 0x000000070e400000|  0%| F|  |TAMS 0x000000070e200000, 0x000000070e200000| Untracked 
| 102|0x000000070e400000, 0x000000070e400000, 0x000000070e600000|  0%| F|  |TAMS 0x000000070e400000, 0x000000070e400000| Untracked 
| 103|0x000000070e600000, 0x000000070e600000, 0x000000070e800000|  0%| F|  |TAMS 0x000000070e600000, 0x000000070e600000| Untracked 
| 104|0x000000070e800000, 0x000000070e800000, 0x000000070ea00000|  0%| F|  |TAMS 0x000000070e800000, 0x000000070e800000| Untracked 
| 105|0x000000070ea00000, 0x000000070ea00000, 0x000000070ec00000|  0%| F|  |TAMS 0x000000070ea00000, 0x000000070ea00000| Untracked 
| 106|0x000000070ec00000, 0x000000070ec00000, 0x000000070ee00000|  0%| F|  |TAMS 0x000000070ec00000, 0x000000070ec00000| Untracked 
| 107|0x000000070ee00000, 0x000000070ee00000, 0x000000070f000000|  0%| F|  |TAMS 0x000000070ee00000, 0x000000070ee00000| Untracked 
| 108|0x000000070f000000, 0x000000070f000000, 0x000000070f200000|  0%| F|  |TAMS 0x000000070f000000, 0x000000070f000000| Untracked 
| 109|0x000000070f200000, 0x000000070f200000, 0x000000070f400000|  0%| F|  |TAMS 0x000000070f200000, 0x000000070f200000| Untracked 
| 110|0x000000070f400000, 0x000000070f400000, 0x000000070f600000|  0%| F|  |TAMS 0x000000070f400000, 0x000000070f400000| Untracked 
| 111|0x000000070f600000, 0x000000070f600000, 0x000000070f800000|  0%| F|  |TAMS 0x000000070f600000, 0x000000070f600000| Untracked 
| 112|0x000000070f800000, 0x000000070f800000, 0x000000070fa00000|  0%| F|  |TAMS 0x000000070f800000, 0x000000070f800000| Untracked 
| 113|0x000000070fa00000, 0x000000070fa00000, 0x000000070fc00000|  0%| F|  |TAMS 0x000000070fa00000, 0x000000070fa00000| Untracked 
| 114|0x000000070fc00000, 0x000000070fc00000, 0x000000070fe00000|  0%| F|  |TAMS 0x000000070fc00000, 0x000000070fc00000| Untracked 
| 115|0x000000070fe00000, 0x0000000710000000, 0x0000000710000000|100%| S|CS|TAMS 0x000000070fe00000, 0x000000070fe00000| Complete 
| 116|0x0000000710000000, 0x0000000710200000, 0x0000000710200000|100%| S|CS|TAMS 0x0000000710000000, 0x0000000710000000| Complete 
| 117|0x0000000710200000, 0x0000000710200000, 0x0000000710400000|  0%| F|  |TAMS 0x0000000710200000, 0x0000000710200000| Untracked 
| 118|0x0000000710400000, 0x0000000710400000, 0x0000000710600000|  0%| F|  |TAMS 0x0000000710400000, 0x0000000710400000| Untracked 
| 119|0x0000000710600000, 0x0000000710600000, 0x0000000710800000|  0%| F|  |TAMS 0x0000000710600000, 0x0000000710600000| Untracked 
| 120|0x0000000710800000, 0x0000000710800000, 0x0000000710a00000|  0%| F|  |TAMS 0x0000000710800000, 0x0000000710800000| Untracked 
| 121|0x0000000710a00000, 0x0000000710a00000, 0x0000000710c00000|  0%| F|  |TAMS 0x0000000710a00000, 0x0000000710a00000| Untracked 
| 122|0x0000000710c00000, 0x0000000710c00000, 0x0000000710e00000|  0%| F|  |TAMS 0x0000000710c00000, 0x0000000710c00000| Untracked 
| 123|0x0000000710e00000, 0x0000000710f052a0, 0x0000000711000000| 51%| E|  |TAMS 0x0000000710e00000, 0x0000000710e00000| Complete 
| 124|0x0000000711000000, 0x0000000711200000, 0x0000000711200000|100%| E|CS|TAMS 0x0000000711000000, 0x0000000711000000| Complete 
| 125|0x0000000711200000, 0x0000000711400000, 0x0000000711400000|100%| E|CS|TAMS 0x0000000711200000, 0x0000000711200000| Complete 
| 126|0x0000000711400000, 0x0000000711600000, 0x0000000711600000|100%| E|CS|TAMS 0x0000000711400000, 0x0000000711400000| Complete 
| 127|0x0000000711600000, 0x0000000711800000, 0x0000000711800000|100%| E|CS|TAMS 0x0000000711600000, 0x0000000711600000| Complete 

Card table byte_map: [0x000002087d230000,0x000002087da30000] _byte_map_base: 0x0000020879a24000

Marking Bits (Prev, Next): (CMBitMap*) 0x000002087a50eec0, (CMBitMap*) 0x000002087a50ef00
 Prev Bits: [0x0000020817160000, 0x000002081b100000)
 Next Bits: [0x000002081b100000, 0x000002081f0a0000)

Polling page: 0x000002087a230000

Metaspace:

Usage:
  Non-class:      5.82 MB capacity,     3.70 MB ( 64%) used,     2.11 MB ( 36%) free+waste,     5.44 KB ( <1%) overhead. 
      Class:    674.00 KB capacity,   441.58 KB ( 66%) used,   229.98 KB ( 34%) free+waste,     2.44 KB ( <1%) overhead. 
       Both:      6.48 MB capacity,     4.13 MB ( 64%) used,     2.34 MB ( 36%) free+waste,     7.88 KB ( <1%) overhead. 

Virtual space:
  Non-class space:        8.00 MB reserved,       6.00 MB ( 75%) committed 
      Class space:        1.00 GB reserved,     768.00 KB ( <1%) committed 
             Both:        1.01 GB reserved,       6.75 MB ( <1%) committed 

Chunk freelists:
   Non-Class:  0 bytes
       Class:  0 bytes
        Both:  0 bytes

MaxMetaspaceSize: 17179869184.00 GB
CompressedClassSpaceSize: 1.00 GB

CodeHeap 'non-profiled nmethods': size=120000Kb used=511Kb max_used=511Kb free=119488Kb
 bounds [0x000002080fc30000, 0x000002080fea0000, 0x0000020817160000]
CodeHeap 'profiled nmethods': size=120000Kb used=2246Kb max_used=2246Kb free=117753Kb
 bounds [0x0000020808700000, 0x0000020808970000, 0x000002080fc30000]
CodeHeap 'non-nmethods': size=5760Kb used=1177Kb max_used=1203Kb free=4582Kb
 bounds [0x0000020808160000, 0x00000208083d0000, 0x0000020808700000]
 total_blobs=1529 nmethods=1092 adapters=350
 compilation: enabled
              stopped_count=0, restarted_count=0
 full_count=0

Compilation events (20 events):
Event: 0.516 Thread 0x000002087f7905d0 1076       3       jdk.internal.org.objectweb.asm.SymbolTable::addConstantNameAndType (137 bytes)
Event: 0.516 Thread 0x000002087f7905d0 nmethod 1076 0x000002080892cc90 code [0x000002080892cee0, 0x000002080892d608]
Event: 0.516 Thread 0x000002087f7905d0 1068       3       jdk.internal.org.objectweb.asm.SymbolTable::addConstantMethodref (24 bytes)
Event: 0.516 Thread 0x000002087f7905d0 nmethod 1068 0x000002080892da10 code [0x000002080892dbc0, 0x000002080892dd68]
Event: 0.516 Thread 0x000002087f7905d0 1082       3       jdk.internal.org.objectweb.asm.ByteVector::put11 (52 bytes)
Event: 0.516 Thread 0x000002087f7905d0 nmethod 1082 0x000002080892de10 code [0x000002080892dfc0, 0x000002080892e1c8]
Event: 0.516 Thread 0x000002087f7905d0 1077       3       jdk.internal.org.objectweb.asm.SymbolTable$Entry::<init> (20 bytes)
Event: 0.517 Thread 0x000002087f7905d0 nmethod 1077 0x000002080892e310 code [0x000002080892e4c0, 0x000002080892e608]
Event: 0.517 Thread 0x000002087f7905d0 1069       3       sun.invoke.util.VerifyAccess::isSamePackage (32 bytes)
Event: 0.517 Thread 0x000002087f7905d0 nmethod 1069 0x000002080892e710 code [0x000002080892ea60, 0x00000208089301c8]
Event: 0.517 Thread 0x000002087f7905d0 1085       3       java.lang.invoke.LambdaForm$NamedFunction::methodType (23 bytes)
Event: 0.517 Thread 0x000002087f7905d0 nmethod 1085 0x0000020808930890 code [0x0000020808930a40, 0x0000020808930c88]
Event: 0.517 Thread 0x000002087f7905d0 1089       3       java.util.concurrent.ConcurrentHashMap::values (25 bytes)
Event: 0.517 Thread 0x000002087f7905d0 nmethod 1089 0x0000020808930d90 code [0x0000020808930f40, 0x00000208089312d8]
Event: 0.517 Thread 0x000002087f7905d0 1088       1       java.lang.invoke.DirectMethodHandle::internalMemberName (5 bytes)
Event: 0.518 Thread 0x000002087f7905d0 nmethod 1088 0x000002080fcaf810 code [0x000002080fcaf9a0, 0x000002080fcafa58]
Event: 0.518 Thread 0x000002087f7905d0 1091       3       java.lang.invoke.DirectMethodHandle::internalMemberName (8 bytes)
Event: 0.518 Thread 0x000002087fad9870 1092       4       java.util.concurrent.ConcurrentHashMap$BaseIterator::hasNext (13 bytes)
Event: 0.518 Thread 0x000002087f7905d0 nmethod 1091 0x0000020808931410 code [0x00000208089315a0, 0x0000020808931798]
Event: 0.518 Thread 0x000002087fad9870 nmethod 1092 0x000002080fcafb10 code [0x000002080fcafc80, 0x000002080fcafcf8]

GC Heap History (2 events):
Event: 0.341 GC heap before
{Heap before GC invocations=0 (full 0):
 garbage-first heap   total 262144K, used 20480K [0x0000000701800000, 0x0000000800000000)
  region size 2048K, 11 young (22528K), 0 survivors (0K)
 Metaspace       used 2052K, capacity 4883K, committed 5120K, reserved 1056768K
  class space    used 175K, capacity 433K, committed 512K, reserved 1048576K
}
Event: 0.344 GC heap after
{Heap after GC invocations=1 (full 0):
 garbage-first heap   total 262144K, used 5876K [0x0000000701800000, 0x0000000800000000)
  region size 2048K, 2 young (4096K), 2 survivors (4096K)
 Metaspace       used 2052K, capacity 4883K, committed 5120K, reserved 1056768K
  class space    used 175K, capacity 433K, committed 512K, reserved 1048576K
}

Deoptimization events (20 events):
Event: 0.461 Thread 0x000002087a4bdee0 Uncommon trap: trap_request=0xffffff45 fr.pc=0x000002080fc6739c relative=0x000000000000027c
Event: 0.461 Thread 0x000002087a4bdee0 Uncommon trap: reason=unstable_if action=reinterpret pc=0x000002080fc6739c method=jdk.internal.loader.URLClassPath.getLoader(I)Ljdk/internal/loader/URLClassPath$Loader; @ 19 c2
Event: 0.461 Thread 0x000002087a4bdee0 DEOPT PACKING pc=0x000002080fc6739c sp=0x0000003c9cdfe3e0
Event: 0.461 Thread 0x000002087a4bdee0 DEOPT UNPACKING pc=0x00000208081ae42f sp=0x0000003c9cdfe378 mode 2
Event: 0.463 Thread 0x000002087a4bdee0 Uncommon trap: trap_request=0xffffff45 fr.pc=0x000002080fc62678 relative=0x0000000000000338
Event: 0.463 Thread 0x000002087a4bdee0 Uncommon trap: reason=unstable_if action=reinterpret pc=0x000002080fc62678 method=java.io.WinNTFileSystem.normalize(Ljava/lang/String;)Ljava/lang/String; @ 128 c2
Event: 0.463 Thread 0x000002087a4bdee0 DEOPT PACKING pc=0x000002080fc62678 sp=0x0000003c9cdfe4e0
Event: 0.463 Thread 0x000002087a4bdee0 DEOPT UNPACKING pc=0x00000208081ae42f sp=0x0000003c9cdfe468 mode 2
Event: 0.463 Thread 0x000002087a4bdee0 Uncommon trap: trap_request=0xffffff45 fr.pc=0x000002080fc60c9c relative=0x000000000000045c
Event: 0.463 Thread 0x000002087a4bdee0 Uncommon trap: reason=unstable_if action=reinterpret pc=0x000002080fc60c9c method=java.io.WinNTFileSystem.normalize(Ljava/lang/String;)Ljava/lang/String; @ 128 c2
Event: 0.463 Thread 0x000002087a4bdee0 DEOPT PACKING pc=0x000002080fc60c9c sp=0x0000003c9cdfe4d0
Event: 0.463 Thread 0x000002087a4bdee0 DEOPT UNPACKING pc=0x00000208081ae42f sp=0x0000003c9cdfe478 mode 2
Event: 0.464 Thread 0x000002087a4bdee0 Uncommon trap: trap_request=0xffffff45 fr.pc=0x000002080fc8b4d8 relative=0x00000000000001b8
Event: 0.464 Thread 0x000002087a4bdee0 Uncommon trap: reason=unstable_if action=reinterpret pc=0x000002080fc8b4d8 method=java.io.WinNTFileSystem.prefixLength(Ljava/lang/String;)I @ 82 c2
Event: 0.464 Thread 0x000002087a4bdee0 DEOPT PACKING pc=0x000002080fc8b4d8 sp=0x0000003c9cdfe4f0
Event: 0.464 Thread 0x000002087a4bdee0 DEOPT UNPACKING pc=0x00000208081ae42f sp=0x0000003c9cdfe488 mode 2
Event: 0.486 Thread 0x000002087a4bdee0 DEOPT PACKING pc=0x000002080882eaa0 sp=0x0000003c9cdfca60
Event: 0.486 Thread 0x000002087a4bdee0 DEOPT UNPACKING pc=0x00000208081ae23f sp=0x0000003c9cdfbf78 mode 0
Event: 0.495 Thread 0x000002087a4bdee0 DEOPT PACKING pc=0x0000020808834ea1 sp=0x0000003c9cdfe240
Event: 0.495 Thread 0x000002087a4bdee0 DEOPT UNPACKING pc=0x00000208081ae23f sp=0x0000003c9cdfd758 mode 0

Classes unloaded (0 events):
No events

Classes redefined (0 events):
No events

Internal exceptions (8 events):
Event: 0.138 Thread 0x000002087f8fe500 Exception <a 'java/lang/NoSuchMethodError'{0x000000071116efb0}: 'java.lang.Object java.lang.invoke.DirectMethodHandle$Holder.invokeStatic(java.lang.Object)'> (0x000000071116efb0) 
thrown [./open/src/hotspot/share/interpreter/linkResolver.cpp, line 782]
Event: 0.138 Thread 0x000002087f8fe500 Exception <a 'java/lang/NoSuchMethodError'{0x00000007111728c0}: 'java.lang.Object java.lang.invoke.DirectMethodHandle$Holder.invokeStaticInit(java.lang.Object)'> (0x00000007111728c0) 
thrown [./open/src/hotspot/share/interpreter/linkResolver.cpp, line 782]
Event: 0.142 Thread 0x000002087f8fe500 Exception <a 'java/lang/NoSuchMethodError'{0x000000071117fd08}: 'void java.lang.invoke.DirectMethodHandle$Holder.invokeStatic(java.lang.Object, java.lang.Object)'> (0x000000071117fd08) 
thrown [./open/src/hotspot/share/interpreter/linkResolver.cpp, line 782]
Event: 0.146 Thread 0x000002087a4bdee0 Exception <a 'java/lang/NoSuchMethodError'{0x00000007111f5f78}: 'int java.lang.invoke.DirectMethodHandle$Holder.invokeStaticInit(java.lang.Object, java.lang.Object, java.lang.Object, java.lang.Object)'> (0x00000007111f5f78) 
thrown [./open/src/hotspot/share/interpreter/linkResolver.cpp, line 782]
Event: 0.146 Thread 0x000002087a4bdee0 Exception <a 'java/lang/NoSuchMethodError'{0x0000000710e01140}: 'java.lang.Object java.lang.invoke.DirectMethodHandle$Holder.invokeInterface(java.lang.Object, java.lang.Object)'> (0x0000000710e01140) 
thrown [./open/src/hotspot/share/interpreter/linkResolver.cpp, line 782]
Event: 0.147 Thread 0x000002087a4bdee0 Exception <a 'java/lang/IncompatibleClassChangeError'{0x0000000710e04890}: Found class java.lang.Object, but interface was expected> (0x0000000710e04890) 
thrown [./open/src/hotspot/share/interpreter/linkResolver.cpp, line 848]
Event: 0.147 Thread 0x000002087a4bdee0 Exception <a 'java/lang/NoSuchMethodError'{0x0000000710e07ad8}: 'void java.lang.invoke.DirectMethodHandle$Holder.invokeStaticInit(java.lang.Object, java.lang.Object)'> (0x0000000710e07ad8) 
thrown [./open/src/hotspot/share/interpreter/linkResolver.cpp, line 782]
Event: 0.147 Thread 0x000002087a4bdee0 Exception <a 'java/lang/NoSuchMethodError'{0x0000000710e0dc10}: 'int java.lang.invoke.DirectMethodHandle$Holder.invokeStaticInit(java.lang.Object, java.lang.Object)'> (0x0000000710e0dc10) 
thrown [./open/src/hotspot/share/interpreter/linkResolver.cpp, line 782]

Events (20 events):
Event: 0.450 loading class java/util/regex/Pattern$BnM done
Event: 0.450 loading class java/util/regex/Pattern$SliceS
Event: 0.450 loading class java/util/regex/Pattern$SliceS done
Event: 0.470 Loaded shared library C:\Users\Destroy\.javacpp\cache\llvm-13.0.1-1.5.7-windows-x86_64.jar\org\bytedeco\llvm\windows-x86_64\LTO.dll
Event: 0.473 Loaded shared library C:\Users\Destroy\.javacpp\cache\llvm-13.0.1-1.5.7-windows-x86_64.jar\org\bytedeco\llvm\windows-x86_64\Remarks.dll
Event: 0.478 Loaded shared library C:\Users\Destroy\.javacpp\cache\llvm-13.0.1-1.5.7-windows-x86_64.jar\org\bytedeco\llvm\windows-x86_64\jniLLVM.dll
Event: 0.506 loading class java/lang/invoke/BoundMethodHandle$Species_LL
Event: 0.506 loading class java/lang/invoke/BoundMethodHandle$Species_LL done
Event: 0.509 loading class java/lang/invoke/BoundMethodHandle$Species_LLL
Event: 0.509 loading class java/lang/invoke/BoundMethodHandle$Species_LLL done
Event: 0.510 loading class java/lang/invoke/BoundMethodHandle$Species_LLLL
Event: 0.510 loading class java/lang/invoke/BoundMethodHandle$Species_LLLL done
Event: 0.511 loading class java/lang/invoke/BoundMethodHandle$Species_LLLLL
Event: 0.511 loading class java/lang/invoke/BoundMethodHandle$Species_LLLLL done
Event: 0.512 loading class java/lang/invoke/BoundMethodHandle$Species_LJ
Event: 0.512 loading class java/lang/invoke/BoundMethodHandle$Species_LJ done
Event: 0.513 loading class java/lang/invoke/BoundMethodHandle$Species_LLLLLL
Event: 0.513 loading class java/lang/invoke/BoundMethodHandle$Species_LLLLLL done
Event: 0.513 loading class java/lang/invoke/BoundMethodHandle$Species_LLLLLLL
Event: 0.513 loading class java/lang/invoke/BoundMethodHandle$Species_LLLLLLL done


Dynamic libraries:
0x00007ff6180f0000 - 0x00007ff6180fd000 	C:\Users\Destroy\.jdks\openjdk-15.0.2\bin\java.exe
0x00007ffbe2d70000 - 0x00007ffbe2f68000 	C:\WINDOWS\SYSTEM32\ntdll.dll
0x00007ffbe1e70000 - 0x00007ffbe1f2f000 	C:\WINDOWS\System32\KERNEL32.DLL
0x00007ffbe09f0000 - 0x00007ffbe0cc2000 	C:\WINDOWS\System32\KERNELBASE.dll
0x00007ffbe05e0000 - 0x00007ffbe06e0000 	C:\WINDOWS\System32\ucrtbase.dll
0x00007ffbdb3d0000 - 0x00007ffbdb3e9000 	C:\Users\Destroy\.jdks\openjdk-15.0.2\bin\VCRUNTIME140.dll
0x00007ffbdcc00000 - 0x00007ffbdcc18000 	C:\Users\Destroy\.jdks\openjdk-15.0.2\bin\jli.dll
0x00007ffbe0ed0000 - 0x00007ffbe1071000 	C:\WINDOWS\System32\USER32.dll
0x00007ffbcb850000 - 0x00007ffbcbaea000 	C:\WINDOWS\WinSxS\amd64_microsoft.windows.common-controls_6595b64144ccf1df_6.0.19041.1110_none_60b5254171f9507e\COMCTL32.dll
0x00007ffbe06e0000 - 0x00007ffbe0702000 	C:\WINDOWS\System32\win32u.dll
0x00007ffbe1130000 - 0x00007ffbe11ce000 	C:\WINDOWS\System32\msvcrt.dll
0x00007ffbe0ea0000 - 0x00007ffbe0ecb000 	C:\WINDOWS\System32\GDI32.dll
0x00007ffbe04d0000 - 0x00007ffbe05df000 	C:\WINDOWS\System32\gdi32full.dll
0x00007ffbe0870000 - 0x00007ffbe090d000 	C:\WINDOWS\System32\msvcp_win.dll
0x00007ffbe0e60000 - 0x00007ffbe0e92000 	C:\WINDOWS\System32\IMM32.DLL
0x00007ffbdb3c0000 - 0x00007ffbdb3cc000 	C:\Users\Destroy\.jdks\openjdk-15.0.2\bin\vcruntime140_1.dll
0x00007ffbc08d0000 - 0x00007ffbc0961000 	C:\Users\Destroy\.jdks\openjdk-15.0.2\bin\msvcp140.dll
0x00007ffba7c70000 - 0x00007ffba87ce000 	C:\Users\Destroy\.jdks\openjdk-15.0.2\bin\server\jvm.dll
0x00007ffbe1080000 - 0x00007ffbe112e000 	C:\WINDOWS\System32\ADVAPI32.dll
0x00007ffbe2c90000 - 0x00007ffbe2d2c000 	C:\WINDOWS\System32\sechost.dll
0x00007ffbe2b60000 - 0x00007ffbe2c85000 	C:\WINDOWS\System32\RPCRT4.dll
0x00007ffbe1e60000 - 0x00007ffbe1e68000 	C:\WINDOWS\System32\PSAPI.DLL
0x00007ffbdcc90000 - 0x00007ffbdcc99000 	C:\WINDOWS\SYSTEM32\WSOCK32.dll
0x00007ffbd2d50000 - 0x00007ffbd2d77000 	C:\WINDOWS\SYSTEM32\WINMM.dll
0x00007ffbe1290000 - 0x00007ffbe12fb000 	C:\WINDOWS\System32\WS2_32.dll
0x00007ffbd8a90000 - 0x00007ffbd8a9a000 	C:\WINDOWS\SYSTEM32\VERSION.dll
0x00007ffbdece0000 - 0x00007ffbdecf2000 	C:\WINDOWS\SYSTEM32\kernel.appcore.dll
0x00007ffbdb3b0000 - 0x00007ffbdb3ba000 	C:\Users\Destroy\.jdks\openjdk-15.0.2\bin\jimage.dll
0x00007ffbd0120000 - 0x00007ffbd0304000 	C:\WINDOWS\SYSTEM32\DBGHELP.DLL
0x00007ffbc8350000 - 0x00007ffbc8385000 	C:\WINDOWS\SYSTEM32\dbgcore.DLL
0x00007ffbe0960000 - 0x00007ffbe09e2000 	C:\WINDOWS\System32\bcryptPrimitives.dll
0x00007ffbda790000 - 0x00007ffbda79e000 	C:\Users\Destroy\.jdks\openjdk-15.0.2\bin\instrument.dll
0x00007ffbd6a00000 - 0x00007ffbd6a25000 	C:\Users\Destroy\.jdks\openjdk-15.0.2\bin\java.dll
0x00007ffbe1710000 - 0x00007ffbe1e54000 	C:\WINDOWS\System32\SHELL32.dll
0x00007ffbde390000 - 0x00007ffbdeb22000 	C:\WINDOWS\SYSTEM32\windows.storage.dll
0x00007ffbe1f90000 - 0x00007ffbe22e5000 	C:\WINDOWS\System32\combase.dll
0x00007ffbdfec0000 - 0x00007ffbdfef0000 	C:\WINDOWS\SYSTEM32\Wldp.dll
0x00007ffbe0db0000 - 0x00007ffbe0e5d000 	C:\WINDOWS\System32\SHCORE.dll
0x00007ffbe1f30000 - 0x00007ffbe1f85000 	C:\WINDOWS\System32\shlwapi.dll
0x00007ffbe03a0000 - 0x00007ffbe03bf000 	C:\WINDOWS\SYSTEM32\profapi.dll
0x00007ffbc9c10000 - 0x00007ffbc9c28000 	C:\Users\Destroy\.jdks\openjdk-15.0.2\bin\zip.dll
0x00007ffbcbb20000 - 0x00007ffbcbb39000 	C:\Users\Destroy\.jdks\openjdk-15.0.2\bin\net.dll
0x00007ffbd8100000 - 0x00007ffbd820c000 	C:\WINDOWS\SYSTEM32\WINHTTP.dll
0x00007ffbdfc20000 - 0x00007ffbdfc8a000 	C:\WINDOWS\system32\mswsock.dll
0x00007ffbcbb00000 - 0x00007ffbcbb12000 	C:\Users\Destroy\.jdks\openjdk-15.0.2\bin\nio.dll
0x00007ffbc9bf0000 - 0x00007ffbc9c0a000 	E:\IntelliJ IDEA 2021.3.2\bin\breakgen64.dll
0x000002087fb80000 - 0x000002087fb84000 	C:\Users\Destroy\.javacpp\cache\javacpp-1.5.7-windows-x86_64.jar\org\bytedeco\javacpp\windows-x86_64\api-ms-win-crt-locale-l1-1-0.dll
0x000002087fb90000 - 0x000002087fb95000 	C:\Users\Destroy\.javacpp\cache\javacpp-1.5.7-windows-x86_64.jar\org\bytedeco\javacpp\windows-x86_64\api-ms-win-crt-string-l1-1-0.dll
0x000002087fba0000 - 0x000002087fba5000 	C:\Users\Destroy\.javacpp\cache\javacpp-1.5.7-windows-x86_64.jar\org\bytedeco\javacpp\windows-x86_64\api-ms-win-crt-stdio-l1-1-0.dll
0x000002087fbb0000 - 0x000002087fbb6000 	C:\Users\Destroy\.javacpp\cache\javacpp-1.5.7-windows-x86_64.jar\org\bytedeco\javacpp\windows-x86_64\api-ms-win-crt-math-l1-1-0.dll
0x000002087fbc0000 - 0x000002087fbc4000 	C:\Users\Destroy\.javacpp\cache\javacpp-1.5.7-windows-x86_64.jar\org\bytedeco\javacpp\windows-x86_64\api-ms-win-crt-heap-l1-1-0.dll
0x000002087fbd0000 - 0x000002087fbd5000 	C:\Users\Destroy\.javacpp\cache\javacpp-1.5.7-windows-x86_64.jar\org\bytedeco\javacpp\windows-x86_64\api-ms-win-crt-runtime-l1-1-0.dll
0x000002087fbe0000 - 0x000002087fbe5000 	C:\Users\Destroy\.javacpp\cache\javacpp-1.5.7-windows-x86_64.jar\org\bytedeco\javacpp\windows-x86_64\api-ms-win-crt-convert-l1-1-0.dll
0x000002087fbf0000 - 0x000002087fbf4000 	C:\Users\Destroy\.javacpp\cache\javacpp-1.5.7-windows-x86_64.jar\org\bytedeco\javacpp\windows-x86_64\api-ms-win-crt-environment-l1-1-0.dll
0x000002087fc00000 - 0x000002087fc04000 	C:\Users\Destroy\.javacpp\cache\javacpp-1.5.7-windows-x86_64.jar\org\bytedeco\javacpp\windows-x86_64\api-ms-win-crt-time-l1-1-0.dll
0x000002087fc10000 - 0x000002087fc14000 	C:\Users\Destroy\.javacpp\cache\javacpp-1.5.7-windows-x86_64.jar\org\bytedeco\javacpp\windows-x86_64\api-ms-win-crt-filesystem-l1-1-0.dll
0x000002087fc20000 - 0x000002087fc24000 	C:\Users\Destroy\.javacpp\cache\javacpp-1.5.7-windows-x86_64.jar\org\bytedeco\javacpp\windows-x86_64\api-ms-win-crt-utility-l1-1-0.dll
0x000002087fc30000 - 0x000002087fc36000 	C:\Users\Destroy\.javacpp\cache\javacpp-1.5.7-windows-x86_64.jar\org\bytedeco\javacpp\windows-x86_64\api-ms-win-crt-multibyte-l1-1-0.dll
0x000002087fc40000 - 0x000002087fc44000 	C:\Users\Destroy\.javacpp\cache\javacpp-1.5.7-windows-x86_64.jar\org\bytedeco\javacpp\windows-x86_64\api-ms-win-crt-conio-l1-1-0.dll
0x000002087fc50000 - 0x000002087fc61000 	C:\Users\Destroy\.javacpp\cache\javacpp-1.5.7-windows-x86_64.jar\org\bytedeco\javacpp\windows-x86_64\api-ms-win-crt-private-l1-1-0.dll
0x000002087fc70000 - 0x000002087fc74000 	C:\Users\Destroy\.javacpp\cache\javacpp-1.5.7-windows-x86_64.jar\org\bytedeco\javacpp\windows-x86_64\api-ms-win-crt-process-l1-1-0.dll
0x000002087fc80000 - 0x000002087fc84000 	C:\Users\Destroy\.javacpp\cache\javacpp-1.5.7-windows-x86_64.jar\org\bytedeco\javacpp\windows-x86_64\api-ms-win-core-console-l1-2-0.dll
0x000002087fc90000 - 0x000002087fc94000 	C:\Users\Destroy\.javacpp\cache\javacpp-1.5.7-windows-x86_64.jar\org\bytedeco\javacpp\windows-x86_64\api-ms-win-core-string-l1-1-0.dll
0x000002087fca0000 - 0x000002087fca4000 	C:\Users\Destroy\.javacpp\cache\javacpp-1.5.7-windows-x86_64.jar\org\bytedeco\javacpp\windows-x86_64\api-ms-win-core-errorhandling-l1-1-0.dll
0x000002087fcb0000 - 0x000002087fcb4000 	C:\Users\Destroy\.javacpp\cache\javacpp-1.5.7-windows-x86_64.jar\org\bytedeco\javacpp\windows-x86_64\api-ms-win-core-timezone-l1-1-0.dll
0x000002087fcc0000 - 0x000002087fcc5000 	C:\Users\Destroy\.javacpp\cache\javacpp-1.5.7-windows-x86_64.jar\org\bytedeco\javacpp\windows-x86_64\api-ms-win-core-file-l1-1-0.dll
0x000002087fcd0000 - 0x000002087fcd4000 	C:\Users\Destroy\.javacpp\cache\javacpp-1.5.7-windows-x86_64.jar\org\bytedeco\javacpp\windows-x86_64\api-ms-win-core-namedpipe-l1-1-0.dll
0x000002087fce0000 - 0x000002087fce4000 	C:\Users\Destroy\.javacpp\cache\javacpp-1.5.7-windows-x86_64.jar\org\bytedeco\javacpp\windows-x86_64\api-ms-win-core-handle-l1-1-0.dll
0x000002087fcf0000 - 0x000002087fcf4000 	C:\Users\Destroy\.javacpp\cache\javacpp-1.5.7-windows-x86_64.jar\org\bytedeco\javacpp\windows-x86_64\api-ms-win-core-file-l2-1-0.dll
0x000002087fd00000 - 0x000002087fd04000 	C:\Users\Destroy\.javacpp\cache\javacpp-1.5.7-windows-x86_64.jar\org\bytedeco\javacpp\windows-x86_64\api-ms-win-core-heap-l1-1-0.dll
0x000002087fd10000 - 0x000002087fd14000 	C:\Users\Destroy\.javacpp\cache\javacpp-1.5.7-windows-x86_64.jar\org\bytedeco\javacpp\windows-x86_64\api-ms-win-core-libraryloader-l1-1-0.dll
0x000002087fd20000 - 0x000002087fd24000 	C:\Users\Destroy\.javacpp\cache\javacpp-1.5.7-windows-x86_64.jar\org\bytedeco\javacpp\windows-x86_64\api-ms-win-core-synch-l1-1-0.dll
0x000002087fd30000 - 0x000002087fd34000 	C:\Users\Destroy\.javacpp\cache\javacpp-1.5.7-windows-x86_64.jar\org\bytedeco\javacpp\windows-x86_64\api-ms-win-core-processthreads-l1-1-0.dll
0x000002087fd40000 - 0x000002087fd44000 	C:\Users\Destroy\.javacpp\cache\javacpp-1.5.7-windows-x86_64.jar\org\bytedeco\javacpp\windows-x86_64\api-ms-win-core-processenvironment-l1-1-0.dll
0x000002087fd50000 - 0x000002087fd54000 	C:\Users\Destroy\.javacpp\cache\javacpp-1.5.7-windows-x86_64.jar\org\bytedeco\javacpp\windows-x86_64\api-ms-win-core-datetime-l1-1-0.dll
0x000002087fd60000 - 0x000002087fd64000 	C:\Users\Destroy\.javacpp\cache\javacpp-1.5.7-windows-x86_64.jar\org\bytedeco\javacpp\windows-x86_64\api-ms-win-core-localization-l1-2-0.dll
0x000002087fd70000 - 0x000002087fd74000 	C:\Users\Destroy\.javacpp\cache\javacpp-1.5.7-windows-x86_64.jar\org\bytedeco\javacpp\windows-x86_64\api-ms-win-core-sysinfo-l1-1-0.dll
0x000002087fd80000 - 0x000002087fd84000 	C:\Users\Destroy\.javacpp\cache\javacpp-1.5.7-windows-x86_64.jar\org\bytedeco\javacpp\windows-x86_64\api-ms-win-core-synch-l1-2-0.dll
0x000002087fd90000 - 0x000002087fd94000 	C:\Users\Destroy\.javacpp\cache\javacpp-1.5.7-windows-x86_64.jar\org\bytedeco\javacpp\windows-x86_64\api-ms-win-core-console-l1-1-0.dll
0x000002087fda0000 - 0x000002087fda4000 	C:\Users\Destroy\.javacpp\cache\javacpp-1.5.7-windows-x86_64.jar\org\bytedeco\javacpp\windows-x86_64\api-ms-win-core-debug-l1-1-0.dll
0x000002087fdb0000 - 0x000002087fdb4000 	C:\Users\Destroy\.javacpp\cache\javacpp-1.5.7-windows-x86_64.jar\org\bytedeco\javacpp\windows-x86_64\api-ms-win-core-rtlsupport-l1-1-0.dll
0x000002087fdc0000 - 0x000002087fdc4000 	C:\Users\Destroy\.javacpp\cache\javacpp-1.5.7-windows-x86_64.jar\org\bytedeco\javacpp\windows-x86_64\api-ms-win-core-processthreads-l1-1-1.dll
0x000002087fdd0000 - 0x000002087fdd4000 	C:\Users\Destroy\.javacpp\cache\javacpp-1.5.7-windows-x86_64.jar\org\bytedeco\javacpp\windows-x86_64\api-ms-win-core-file-l1-2-0.dll
0x000002087fde0000 - 0x000002087fde4000 	C:\Users\Destroy\.javacpp\cache\javacpp-1.5.7-windows-x86_64.jar\org\bytedeco\javacpp\windows-x86_64\api-ms-win-core-profile-l1-1-0.dll
0x000002087fdf0000 - 0x000002087fdf4000 	C:\Users\Destroy\.javacpp\cache\javacpp-1.5.7-windows-x86_64.jar\org\bytedeco\javacpp\windows-x86_64\api-ms-win-core-memory-l1-1-0.dll
0x000002087fe00000 - 0x000002087fe04000 	C:\Users\Destroy\.javacpp\cache\javacpp-1.5.7-windows-x86_64.jar\org\bytedeco\javacpp\windows-x86_64\api-ms-win-core-util-l1-1-0.dll
0x000002087fe10000 - 0x000002087fe14000 	C:\Users\Destroy\.javacpp\cache\javacpp-1.5.7-windows-x86_64.jar\org\bytedeco\javacpp\windows-x86_64\api-ms-win-core-interlocked-l1-1-0.dll
0x00007ffbb7090000 - 0x00007ffbb71a1000 	C:\Users\Destroy\.javacpp\cache\javacpp-1.5.7-windows-x86_64.jar\org\bytedeco\javacpp\windows-x86_64\ucrtbase.dll
0x00007ffbc9bd0000 - 0x00007ffbc9beb000 	C:\Users\Destroy\.javacpp\cache\javacpp-1.5.7-windows-x86_64.jar\org\bytedeco\javacpp\windows-x86_64\vcruntime140.dll
0x00007ffbca520000 - 0x00007ffbca52c000 	C:\Users\Destroy\.javacpp\cache\javacpp-1.5.7-windows-x86_64.jar\org\bytedeco\javacpp\windows-x86_64\vcruntime140_1.dll
0x00007ffbbd1d0000 - 0x00007ffbbd25d000 	C:\Users\Destroy\.javacpp\cache\javacpp-1.5.7-windows-x86_64.jar\org\bytedeco\javacpp\windows-x86_64\msvcp140.dll
0x00007ffbc95e0000 - 0x00007ffbc95e9000 	C:\Users\Destroy\.javacpp\cache\javacpp-1.5.7-windows-x86_64.jar\org\bytedeco\javacpp\windows-x86_64\msvcp140_1.dll
0x00007ffbb8040000 - 0x00007ffbb808e000 	C:\Users\Destroy\.javacpp\cache\javacpp-1.5.7-windows-x86_64.jar\org\bytedeco\javacpp\windows-x86_64\concrt140.dll
0x00007ffbc6290000 - 0x00007ffbc62c1000 	C:\Users\Destroy\.javacpp\cache\javacpp-1.5.7-windows-x86_64.jar\org\bytedeco\javacpp\windows-x86_64\vcomp140.dll
0x00007ffbc95d0000 - 0x00007ffbc95de000 	C:\Users\Destroy\.javacpp\cache\javacpp-1.5.7-windows-x86_64.jar\org\bytedeco\javacpp\windows-x86_64\jnijavacpp.dll
0x00007ffba11f0000 - 0x00007ffba588d000 	C:\Users\Destroy\.javacpp\cache\llvm-13.0.1-1.5.7-windows-x86_64.jar\org\bytedeco\llvm\windows-x86_64\LTO.dll
0x00007ffbbac30000 - 0x00007ffbbac6b000 	C:\Users\Destroy\.javacpp\cache\llvm-13.0.1-1.5.7-windows-x86_64.jar\org\bytedeco\llvm\windows-x86_64\Remarks.dll
0x00007ffb45970000 - 0x00007ffb4a1c0000 	C:\Users\Destroy\.javacpp\cache\llvm-13.0.1-1.5.7-windows-x86_64.jar\org\bytedeco\llvm\windows-x86_64\jniLLVM.dll
0x00007ffbe1430000 - 0x00007ffbe155a000 	C:\WINDOWS\System32\ole32.dll

dbghelp: loaded successfully - version: 4.0.5 - missing functions: none
symbol engine: initialized successfully - sym options: 0x614 - pdb path: .;C:\Users\Destroy\.jdks\openjdk-15.0.2\bin;C:\WINDOWS\SYSTEM32;C:\WINDOWS\WinSxS\amd64_microsoft.windows.common-controls_6595b64144ccf1df_6.0.19041.1110_none_60b5254171f9507e;C:\Users\Destroy\.jdks\openjdk-15.0.2\bin\server;E:\IntelliJ IDEA 2021.3.2\bin;C:\Users\Destroy\.javacpp\cache\javacpp-1.5.7-windows-x86_64.jar\org\bytedeco\javacpp\windows-x86_64;C:\Users\Destroy\.javacpp\cache\llvm-13.0.1-1.5.7-windows-x86_64.jar\org\bytedeco\llvm\windows-x86_64

VM Arguments:
jvm_args: -javaagent:E:\IntelliJ IDEA 2021.3.2\lib\idea_rt.jar=62704:E:\IntelliJ IDEA 2021.3.2\bin -Dfile.encoding=UTF-8 
java_command: Main E:\\bianyiyuanli\\Lab\\src\\a.txt E:\\bianyiyuanli\\Lab\\src\\b.txt
java_class_path (initial): E:\bianyiyuanli\Lab\target\classes;C:\Users\Destroy\.m2\repository\org\antlr\antlr4-runtime\4.10.1\antlr4-runtime-4.10.1.jar;C:\Users\Destroy\.m2\repository\org\antlr\antlr4\4.10.1\antlr4-4.10.1.jar;C:\Users\Destroy\.m2\repository\org\bytedeco\llvm-platform\13.0.1-1.5.7\llvm-platform-13.0.1-1.5.7.jar;C:\Users\Destroy\.m2\repository\org\bytedeco\javacpp-platform\1.5.7\javacpp-platform-1.5.7.jar;C:\Users\Destroy\.m2\repository\org\bytedeco\javacpp\1.5.7\javacpp-1.5.7.jar;C:\Users\Destroy\.m2\repository\org\bytedeco\javacpp\1.5.7\javacpp-1.5.7-android-arm.jar;C:\Users\Destroy\.m2\repository\org\bytedeco\javacpp\1.5.7\javacpp-1.5.7-android-arm64.jar;C:\Users\Destroy\.m2\repository\org\bytedeco\javacpp\1.5.7\javacpp-1.5.7-android-x86.jar;C:\Users\Destroy\.m2\repository\org\bytedeco\javacpp\1.5.7\javacpp-1.5.7-android-x86_64.jar;C:\Users\Destroy\.m2\repository\org\bytedeco\javacpp\1.5.7\javacpp-1.5.7-ios-arm64.jar;C:\Users\Destroy\.m2\repository\org\bytedeco\javacpp\1.5.7\javacpp-1.5.7-ios-x86_64.jar;C:\Users\Destroy\.m2\repository\org\bytedeco\javacpp\1.5.7\javacpp-1.5.7-linux-armhf.jar;C:\Users\Destroy\.m2\repository\org\bytedeco\javacpp\1.5.7\javacpp-1.5.7-linux-arm64.jar;C:\Users\Destroy\.m2\repository\org\bytedeco\javacpp\1.5.7\javacpp-1.5.7-linux-ppc64le.jar;C:\Users\Destroy\.m2\repository\org\bytedeco\javacpp\1.5.7\javacpp-1.5.7-linux-x86.jar;C:\Users\Destroy\.m2\repository\org\bytedeco\javacpp\1.5.7\javacpp-1.5.7-linux-x86_64.jar;C:\Users\Destroy\.m2\repository\org\bytedeco\javacpp\1.5.7\javacpp-1.5.7-macosx-arm64.jar;C:\Users\Destroy\.m2\repository\org\bytedeco\javacpp\1.5.7\javacpp-1.5.7-macosx-x86_64.jar;C:\Users\Destroy\.m2\repository\org\bytedeco\javacpp\1.5.7\javacpp-1.5.7-windows-x86.jar;C:\Users\Destroy\.m2\repository\org\bytedeco\javacpp\1.5.7\javacpp-1.5.7-windows-x86_64.jar;C:\Users\Destroy\.m2\repository\org\bytedeco\llvm\13.0.1-1.5.7\llvm-13.0.1-1.5.7.jar;C:\Users\Destroy\.m2\repository\org\bytedeco\llvm\13.0.1-1.5.7\llvm-
Launcher Type: SUN_STANDARD

[Global flags]
     intx CICompilerCount                          = 4                                         {product} {ergonomic}
     uint ConcGCThreads                            = 3                                         {product} {ergonomic}
     uint G1ConcRefinementThreads                  = 10                                        {product} {ergonomic}
   size_t G1HeapRegionSize                         = 2097152                                   {product} {ergonomic}
    uintx GCDrainStackTargetSize                   = 64                                        {product} {ergonomic}
   size_t InitialHeapSize                          = 268435456                                 {product} {ergonomic}
   size_t MarkStackSize                            = 4194304                                   {product} {ergonomic}
   size_t MaxHeapSize                              = 4269801472                                {product} {ergonomic}
   size_t MaxNewSize                               = 2560622592                                {product} {ergonomic}
   size_t MinHeapDeltaBytes                        = 2097152                                   {product} {ergonomic}
   size_t MinHeapSize                              = 8388608                                   {product} {ergonomic}
    uintx NonNMethodCodeHeapSize                   = 5839372                                {pd product} {ergonomic}
    uintx NonProfiledCodeHeapSize                  = 122909434                              {pd product} {ergonomic}
    uintx ProfiledCodeHeapSize                     = 122909434                              {pd product} {ergonomic}
    uintx ReservedCodeCacheSize                    = 251658240                              {pd product} {ergonomic}
     bool SegmentedCodeCache                       = true                                      {product} {ergonomic}
   size_t SoftMaxHeapSize                          = 4269801472                             {manageable} {ergonomic}
     bool UseCompressedClassPointers               = true                                 {lp64_product} {ergonomic}
     bool UseCompressedOops                        = true                                 {lp64_product} {ergonomic}
     bool UseG1GC                                  = true                                      {product} {ergonomic}
     bool UseLargePagesIndividualAllocation        = false                                  {pd product} {ergonomic}

Logging:
Log output configuration:
 #0: stdout all=warning uptime,level,tags
 #1: stderr all=off uptime,level,tags

Environment Variables:
PATH=C:\Program Files\PlasticSCM5\server;C:\Program Files\PlasticSCM5\client;C:\Program Files\NVIDIA GPU Computing Toolkit\CUDA\v11.4\bin;C:\Program Files\NVIDIA GPU Computing Toolkit\CUDA\v11.4\libnvvp;C:\Program Files (x86)\Common Files\Oracle\Java\javapath;C:\Program Files (x86)\Common Files\Intel\Shared Libraries\redist\intel64\compiler;C:\Windows\system32;C:\Windows;C:\Windows\System32\Wbem;C:\Windows\System32\WindowsPowerShell\v1.0\;C:\Windows\System32\OpenSSH\;C:\Program Files (x86)\NVIDIA Corporation\PhysX\Common;C:\Program Files\NVIDIA Corporation\NVIDIA NvDLISR;C:\Users\Destroy\.dnx\bin;C:\Program Files\Microsoft DNX\Dnvm\;C:\Program Files\Microsoft SQL Server\130\Tools\Binn\;D:\Git\cmd;C:\Program Files\dotnet\;C:\Program Files\NVIDIA Corporation\Nsight Compute 2021.2.2\;C:\Program Files\Microsoft SQL Server\Client SDK\ODBC\170\Tools\Binn\;C:\Program Files\nodejs\;C:\WINDOWS\system32;C:\WINDOWS;C:\WINDOWS\System32\Wbem;C:\WINDOWS\System32\WindowsPowerShell\v1.0\;C:\WINDOWS\System32\OpenSSH\;C:;C:\Program Files (x86)\scala\bin;C:\Users\Destroy\AppData\Local\bin\NASM;D:\U_pro\A_GAME\python-envs;C:\Program Files\MySQL\MySQL Shell 8.0\bin\;D:\ANACONDA\envs\tf;C:\Users\Destroy\AppData\Local\Programs\Python\Python39\Scripts\;C:\Users\Destroy\AppData\Local\Programs\Python\Python39\;C:\Users\Destroy\AppData\Local\Microsoft\WindowsApps;D:\texlive\2020\bin\win32;C:\Users\Destroy\.dotnet\tools;C:\Users\Destroy\AppData\Local\Programs\Fiddler;C:\Users\Destroy\AppData\Roaming\npm;C:\Users\Destroy\AppData\Local\Microsoft\WindowsApps;E:\Microsoft VS Code\bin;C:\MinGW\bin;C:\Users\Destroy\AppData\Local\bin\NASM;D:\U_pro\A_GAME\python-envs;
USERNAME=Destroy
OS=Windows_NT
PROCESSOR_IDENTIFIER=AMD64 Family 23 Model 113 Stepping 0, AuthenticAMD



---------------  S Y S T E M  ---------------

OS:
 Windows 10 , 64 bit Build 19041 (10.0.19041.2364)
OS uptime: 0 days 10:18 hours

CPU: total 12 (initial active 12) (12 cores per cpu, 2 threads per core) family 23 model 113 stepping 0 microcode 0x0, cmov, cx8, fxsr, mmx, sse, sse2, sse3, ssse3, sse4.1, sse4.2, popcnt, vzeroupper, avx, avx2, aes, clmul, 3dnowpref, lzcnt, sse4a, ht, tsc, tscinvbit, tscinv, bmi1, bmi2, adx, sha, fma, clflush, clflushopt

Memory: 4k page, system-wide physical 16280M (2677M free)
TotalPageFile size 28056M (AvailPageFile size 8299M)
current process WorkingSet (physical memory assigned to process): 97M, peak: 97M
current process commit charge ("private bytes"): 378M, peak: 379M

vm_info: OpenJDK 64-Bit Server VM (15.0.2+7-27) for windows-amd64 JRE (15.0.2+7-27), built on Dec  7 2020 20:02:38 by "mach5one" with unknown MS VC++:1925

END.
