#
# A fatal error has been detected by the Java Runtime Environment:
#
#  EXCEPTION_ACCESS_VIOLATION (0xc0000005) at pc=0x00007ffbe45c8b4c, pid=17472, tid=18016
#
# JRE version: OpenJDK Runtime Environment (15.0.2+7) (build 15.0.2+7-27)
# Java VM: OpenJDK 64-Bit Server VM (15.0.2+7-27, mixed mode, sharing, tiered, compressed oops, g1 gc, windows-amd64)
# Problematic frame:
# C  0x00007ffbe45c8b4c
#
# No core dump will be written. Minidumps are not enabled by default on client versions of Windows
#
# If you would like to submit a bug report, please visit:
#   https://bugreport.java.com/bugreport/crash.jsp
# The crash happened outside the Java Virtual Machine in native code.
# See problematic frame for where to report the bug.
#

---------------  S U M M A R Y ------------

Command Line: -agentlib:jdwp=transport=dt_socket,address=127.0.0.1:59745,suspend=y,server=n -javaagent:C:\Users\Destroy\AppData\Local\JetBrains\IntelliJIdea2021.3\captureAgent\debugger-agent.jar -Dfile.encoding=UTF-8 Main E:\\bianyiyuanli\\Lab\\src\\a.txt E:\\bianyiyuanli\\Lab\\src\\b.txt

Host: AMD Ryzen 5 3600 6-Core Processor              , 12 cores, 15G,  Windows 10 , 64 bit Build 19041 (10.0.19041.2364)
Time: Fri Jan  6 23:06:21 2023 中国标准时间 elapsed time: 29.894815 seconds (0d 0h 0m 29s)

---------------  T H R E A D  ---------------

Current thread (0x000001dfdc5df770):  JavaThread "main" [_thread_in_native, id=18016, stack(0x0000002912300000,0x0000002912400000)]

Stack: [0x0000002912300000,0x0000002912400000],  sp=0x00000029123feab0,  free space=1018k
Native frames: (J=compiled Java code, j=interpreted, Vv=VM code, C=native code)
C  0x00007ffbe45c8b4c

Java frames: (J=compiled Java code, j=interpreted, Vv=VM code)
j  org.bytedeco.llvm.global.LLVM.LLVMBuildLoad(Lorg/bytedeco/llvm/LLVM/LLVMBuilderRef;Lorg/bytedeco/llvm/LLVM/LLVMValueRef;Ljava/lang/String;)Lorg/bytedeco/llvm/LLVM/LLVMValueRef;+0
j  LLVMVisitor.getExpVal(LSysYParser$ExpContext;)Lorg/bytedeco/llvm/LLVM/LLVMValueRef;+770
j  LLVMVisitor.visitBlock(LSysYParser$BlockContext;)Lorg/bytedeco/llvm/LLVM/LLVMValueRef;+103
j  LLVMVisitor.visitBlock(LSysYParser$BlockContext;)Ljava/lang/Object;+2
j  SysYParser$BlockContext.accept(Lorg/antlr/v4/runtime/tree/ParseTreeVisitor;)Ljava/lang/Object;+12
j  org.antlr.v4.runtime.tree.AbstractParseTreeVisitor.visitChildren(Lorg/antlr/v4/runtime/tree/RuleNode;)Ljava/lang/Object;+46
j  SysYParserBaseVisitor.visitFuncDef(LSysYParser$FuncDefContext;)Ljava/lang/Object;+2
j  LLVMVisitor.visitFuncDef(LSysYParser$FuncDefContext;)Lorg/bytedeco/llvm/LLVM/LLVMValueRef;+351
j  LLVMVisitor.visitFuncDef(LSysYParser$FuncDefContext;)Ljava/lang/Object;+2
j  SysYParser$FuncDefContext.accept(Lorg/antlr/v4/runtime/tree/ParseTreeVisitor;)Ljava/lang/Object;+12
j  org.antlr.v4.runtime.tree.AbstractParseTreeVisitor.visitChildren(Lorg/antlr/v4/runtime/tree/RuleNode;)Ljava/lang/Object;+46
j  SysYParserBaseVisitor.visitCompUnit(LSysYParser$CompUnitContext;)Ljava/lang/Object;+2
j  LLVMVisitor.visitCompUnit(LSysYParser$CompUnitContext;)Lorg/bytedeco/llvm/LLVM/LLVMValueRef;+13
j  LLVMVisitor.visitCompUnit(LSysYParser$CompUnitContext;)Ljava/lang/Object;+2
j  SysYParser$CompUnitContext.accept(Lorg/antlr/v4/runtime/tree/ParseTreeVisitor;)Ljava/lang/Object;+12
j  org.antlr.v4.runtime.tree.AbstractParseTreeVisitor.visitChildren(Lorg/antlr/v4/runtime/tree/RuleNode;)Ljava/lang/Object;+46
j  SysYParserBaseVisitor.visitProgram(LSysYParser$ProgramContext;)Ljava/lang/Object;+2
j  SysYParser$ProgramContext.accept(Lorg/antlr/v4/runtime/tree/ParseTreeVisitor;)Ljava/lang/Object;+12
j  org.antlr.v4.runtime.tree.AbstractParseTreeVisitor.visit(Lorg/antlr/v4/runtime/tree/ParseTree;)Ljava/lang/Object;+2
j  Main.main([Ljava/lang/String;)V+94
v  ~StubRoutines::call_stub

siginfo: EXCEPTION_ACCESS_VIOLATION (0xc0000005), data execution prevention violation at address 0x00007ffbe45c8b4c


Register to memory mapping:

RIP=0x00007ffbe45c8b4c is an unknown value
RAX=0x00007ffbe45c8b4c is an unknown value
RBX=0x00000029123febb0 is pointing into the stack for thread: 0x000001dfdc5df770
RCX=0x00007ffb588a0000 jniLLVM.dll
RDX=0x00000029123febb0 is pointing into the stack for thread: 0x000001dfdc5df770
RSP=0x00000029123feab0 is pointing into the stack for thread: 0x000001dfdc5df770
RBP=0x0000000000000001 is an unknown value
RSI=0x000001df84108f30 points into unknown readable memory: 0x000001df844be020 | 20 e0 4b 84 df 01 00 00
RDI=0x000001df84baa9a0 points into unknown readable memory: 0x0000000061746f00 | 00 6f 74 61 00 00 00 00
R8 =0x000001df84108f30 points into unknown readable memory: 0x000001df844be020 | 20 e0 4b 84 df 01 00 00
R9 =0x0000000000000001 is an unknown value
R10=0x00007ffbb25fde40 jvm.dll
R11=0x00000029123feb50 is pointing into the stack for thread: 0x000001dfdc5df770
R12=0x0 is NULL
R13={method} {0x000001df8275cf90} 'LLVMBuildLoad' '(Lorg/bytedeco/llvm/LLVM/LLVMBuilderRef;Lorg/bytedeco/llvm/LLVM/LLVMValueRef;Ljava/lang/String;)Lorg/bytedeco/llvm/LLVM/LLVMValueRef;' in 'org/bytedeco/llvm/global/LLVM'
R14=0x000001df84857330 points into unknown readable memory: 0x000001df844be610 | 10 e6 4b 84 df 01 00 00
R15=0x000001df8447e010 points into unknown readable memory: 0x9a04000000000000 | 00 00 00 00 00 00 04 9a


Registers:
RAX=0x00007ffbe45c8b4c, RBX=0x00000029123febb0, RCX=0x00007ffb588a0000, RDX=0x00000029123febb0
RSP=0x00000029123feab0, RBP=0x0000000000000001, RSI=0x000001df84108f30, RDI=0x000001df84baa9a0
R8 =0x000001df84108f30, R9 =0x0000000000000001, R10=0x00007ffbb25fde40, R11=0x00000029123feb50
R12=0x0000000000000000, R13=0x000001df8275cf88, R14=0x000001df84857330, R15=0x000001df8447e010
RIP=0x00007ffbe45c8b4c, EFLAGS=0x0000000000010202

Top of Stack: (sp=0x00000029123feab0)
0x00000029123feab0:   0000000000000000 00000029123fed00
0x00000029123feac0:   000001df8275cf88 0000000000000000
0x00000029123fead0:   000001df82e490a0 000001dfdc5df770
0x00000029123feae0:   000001dfdc5dfa98 00007ffb59759591
0x00000029123feaf0:   000001dfdc5df770 00000029123febb0
0x00000029123feb00:   000001df84108f30 000001df84857260
0x00000029123feb10:   0000000000000000 00007ffb58c4442f
0x00000029123feb20:   000001df8275cf88 0000000000000000
0x00000029123feb30:   000001dfdc5dfa98 000001dfdc6a1230
0x00000029123feb40:   0000000000000000 00007ffbf5d0fde6
0x00000029123feb50:   0000000000000010 0000000000000000
0x00000029123feb60:   000001df8275cf88 0000000000000000
0x00000029123feb70:   0000000710d44268 00007ffbb1fb3c31
0x00000029123feb80:   000001dfdc5df770 0000000000000000
0x00000029123feb90:   000001df84857330 000001dfdc5dfa98
0x00000029123feba0:   00000029123fed08 00007ffb5974878b 

Instructions: (pc=0x00007ffbe45c8b4c)
0x00007ffbe45c8a4c:   ?? ?? ?? ?? ?? ?? ?? ?? ?? ?? ?? ?? ?? ?? ?? ??
0x00007ffbe45c8a5c:   ?? ?? ?? ?? ?? ?? ?? ?? ?? ?? ?? ?? ?? ?? ?? ??
0x00007ffbe45c8a6c:   ?? ?? ?? ?? ?? ?? ?? ?? ?? ?? ?? ?? ?? ?? ?? ??
0x00007ffbe45c8a7c:   ?? ?? ?? ?? ?? ?? ?? ?? ?? ?? ?? ?? ?? ?? ?? ??
0x00007ffbe45c8a8c:   ?? ?? ?? ?? ?? ?? ?? ?? ?? ?? ?? ?? ?? ?? ?? ??
0x00007ffbe45c8a9c:   ?? ?? ?? ?? ?? ?? ?? ?? ?? ?? ?? ?? ?? ?? ?? ??
0x00007ffbe45c8aac:   ?? ?? ?? ?? ?? ?? ?? ?? ?? ?? ?? ?? ?? ?? ?? ??
0x00007ffbe45c8abc:   ?? ?? ?? ?? ?? ?? ?? ?? ?? ?? ?? ?? ?? ?? ?? ??
0x00007ffbe45c8acc:   ?? ?? ?? ?? ?? ?? ?? ?? ?? ?? ?? ?? ?? ?? ?? ??
0x00007ffbe45c8adc:   ?? ?? ?? ?? ?? ?? ?? ?? ?? ?? ?? ?? ?? ?? ?? ??
0x00007ffbe45c8aec:   ?? ?? ?? ?? ?? ?? ?? ?? ?? ?? ?? ?? ?? ?? ?? ??
0x00007ffbe45c8afc:   ?? ?? ?? ?? ?? ?? ?? ?? ?? ?? ?? ?? ?? ?? ?? ??
0x00007ffbe45c8b0c:   ?? ?? ?? ?? ?? ?? ?? ?? ?? ?? ?? ?? ?? ?? ?? ??
0x00007ffbe45c8b1c:   ?? ?? ?? ?? ?? ?? ?? ?? ?? ?? ?? ?? ?? ?? ?? ??
0x00007ffbe45c8b2c:   ?? ?? ?? ?? ?? ?? ?? ?? ?? ?? ?? ?? ?? ?? ?? ??
0x00007ffbe45c8b3c:   ?? ?? ?? ?? ?? ?? ?? ?? ?? ?? ?? ?? ?? ?? ?? ??
0x00007ffbe45c8b4c:   ?? ?? ?? ?? ?? ?? ?? ?? ?? ?? ?? ?? ?? ?? ?? ??
0x00007ffbe45c8b5c:   ?? ?? ?? ?? ?? ?? ?? ?? ?? ?? ?? ?? ?? ?? ?? ??
0x00007ffbe45c8b6c:   ?? ?? ?? ?? ?? ?? ?? ?? ?? ?? ?? ?? ?? ?? ?? ??
0x00007ffbe45c8b7c:   ?? ?? ?? ?? ?? ?? ?? ?? ?? ?? ?? ?? ?? ?? ?? ??
0x00007ffbe45c8b8c:   ?? ?? ?? ?? ?? ?? ?? ?? ?? ?? ?? ?? ?? ?? ?? ??
0x00007ffbe45c8b9c:   ?? ?? ?? ?? ?? ?? ?? ?? ?? ?? ?? ?? ?? ?? ?? ??
0x00007ffbe45c8bac:   ?? ?? ?? ?? ?? ?? ?? ?? ?? ?? ?? ?? ?? ?? ?? ??
0x00007ffbe45c8bbc:   ?? ?? ?? ?? ?? ?? ?? ?? ?? ?? ?? ?? ?? ?? ?? ??
0x00007ffbe45c8bcc:   ?? ?? ?? ?? ?? ?? ?? ?? ?? ?? ?? ?? ?? ?? ?? ??
0x00007ffbe45c8bdc:   ?? ?? ?? ?? ?? ?? ?? ?? ?? ?? ?? ?? ?? ?? ?? ??
0x00007ffbe45c8bec:   ?? ?? ?? ?? ?? ?? ?? ?? ?? ?? ?? ?? ?? ?? ?? ??
0x00007ffbe45c8bfc:   ?? ?? ?? ?? ?? ?? ?? ?? ?? ?? ?? ?? ?? ?? ?? ??
0x00007ffbe45c8c0c:   ?? ?? ?? ?? ?? ?? ?? ?? ?? ?? ?? ?? ?? ?? ?? ??
0x00007ffbe45c8c1c:   ?? ?? ?? ?? ?? ?? ?? ?? ?? ?? ?? ?? ?? ?? ?? ??
0x00007ffbe45c8c2c:   ?? ?? ?? ?? ?? ?? ?? ?? ?? ?? ?? ?? ?? ?? ?? ??
0x00007ffbe45c8c3c:   ?? ?? ?? ?? ?? ?? ?? ?? ?? ?? ?? ?? ?? ?? ?? ?? 


Stack slot to memory mapping:
stack at sp + 0 slots: 0x0 is NULL
stack at sp + 1 slots: 0x00000029123fed00 is pointing into the stack for thread: 0x000001dfdc5df770
stack at sp + 2 slots: {method} {0x000001df8275cf90} 'LLVMBuildLoad' '(Lorg/bytedeco/llvm/LLVM/LLVMBuilderRef;Lorg/bytedeco/llvm/LLVM/LLVMValueRef;Ljava/lang/String;)Lorg/bytedeco/llvm/LLVM/LLVMValueRef;' in 'org/bytedeco/llvm/global/LLVM'
stack at sp + 3 slots: 0x0 is NULL
stack at sp + 4 slots: 0x000001df82e490a0 points into unknown readable memory: 0x00000008000275a8 | a8 75 02 00 08 00 00 00
stack at sp + 5 slots: 0x000001dfdc5df770 is a thread
stack at sp + 6 slots: 0x000001dfdc5dfa98 points into unknown readable memory: 0x00007ffbb25fde40 | 40 de 5f b2 fb 7f 00 00
stack at sp + 7 slots: 0x00007ffb59759591 jniLLVM.dll


---------------  P R O C E S S  ---------------

Threads class SMR info:
_java_thread_list=0x000001df834b07e0, length=15, elements={
0x000001dfdc5df770, 0x000001df821fdfd0, 0x000001df821fe890, 0x000001df82a26df0,
0x000001df82a2a6d0, 0x000001df82a2b090, 0x000001df82a2be30, 0x000001df82a2ea00,
0x000001df82a3ac10, 0x000001df82b4c0a0, 0x000001df82c6f5b0, 0x000001df82c0a650,
0x000001df82c0d330, 0x000001df82c77650, 0x000001df82d26a70
}

Java Threads: ( => current thread )
=>0x000001dfdc5df770 JavaThread "main" [_thread_in_native, id=18016, stack(0x0000002912300000,0x0000002912400000)]
  0x000001df821fdfd0 JavaThread "Reference Handler" daemon [_thread_blocked, id=21476, stack(0x0000002912a00000,0x0000002912b00000)]
  0x000001df821fe890 JavaThread "Finalizer" daemon [_thread_blocked, id=21488, stack(0x0000002912b00000,0x0000002912c00000)]
  0x000001df82a26df0 JavaThread "Signal Dispatcher" daemon [_thread_blocked, id=22768, stack(0x0000002912c00000,0x0000002912d00000)]
  0x000001df82a2a6d0 JavaThread "Attach Listener" daemon [_thread_blocked, id=7116, stack(0x0000002912d00000,0x0000002912e00000)]
  0x000001df82a2b090 JavaThread "Service Thread" daemon [_thread_blocked, id=8772, stack(0x0000002912e00000,0x0000002912f00000)]
  0x000001df82a2be30 JavaThread "C2 CompilerThread0" daemon [_thread_blocked, id=10332, stack(0x0000002912f00000,0x0000002913000000)]
  0x000001df82a2ea00 JavaThread "C1 CompilerThread0" daemon [_thread_blocked, id=12788, stack(0x0000002913000000,0x0000002913100000)]
  0x000001df82a3ac10 JavaThread "Sweeper thread" daemon [_thread_blocked, id=23000, stack(0x0000002913100000,0x0000002913200000)]
  0x000001df82b4c0a0 JavaThread "Common-Cleaner" daemon [_thread_blocked, id=572, stack(0x0000002913200000,0x0000002913300000)]
  0x000001df82c6f5b0 JavaThread "JDWP Transport Listener: dt_socket" daemon [_thread_blocked, id=18960, stack(0x0000002913300000,0x0000002913400000)]
  0x000001df82c0a650 JavaThread "JDWP Event Helper Thread" daemon [_thread_blocked, id=4120, stack(0x0000002913400000,0x0000002913500000)]
  0x000001df82c0d330 JavaThread "JDWP Command Reader" daemon [_thread_in_native, id=20680, stack(0x0000002913500000,0x0000002913600000)]
  0x000001df82c77650 JavaThread "Notification Thread" daemon [_thread_blocked, id=19052, stack(0x0000002913600000,0x0000002913700000)]
  0x000001df82d26a70 JavaThread "JavaCPP Deallocator" daemon [_thread_blocked, id=20512, stack(0x0000002913800000,0x0000002913900000)]

Other Threads:
  0x000001df82a09540 VMThread "VM Thread" [stack: 0x0000002912900000,0x0000002912a00000] [id=16784]
  0x000001df82c2f9a0 WatcherThread [stack: 0x0000002913700000,0x0000002913800000] [id=21228]
  0x000001dfdc631080 GCTaskThread "GC Thread#0" [stack: 0x0000002912400000,0x0000002912500000] [id=4552]
  0x000001df830de200 GCTaskThread "GC Thread#1" [stack: 0x0000002913b00000,0x0000002913c00000] [id=21588]
  0x000001df830dd870 GCTaskThread "GC Thread#2" [stack: 0x0000002913c00000,0x0000002913d00000] [id=9852]
  0x000001df830dcbb0 GCTaskThread "GC Thread#3" [stack: 0x0000002913d00000,0x0000002913e00000] [id=21596]
  0x000001df830dc550 GCTaskThread "GC Thread#4" [stack: 0x0000002913e00000,0x0000002913f00000] [id=19544]
  0x000001df830de860 GCTaskThread "GC Thread#5" [stack: 0x0000002913f00000,0x0000002914000000] [id=22904]
  0x000001dfdc642f70 ConcurrentGCThread "G1 Main Marker" [stack: 0x0000002912500000,0x0000002912600000] [id=22236]
  0x000001dfdc644210 ConcurrentGCThread "G1 Conc#0" [stack: 0x0000002912600000,0x0000002912700000] [id=6520]
  0x000001dfdc6a1530 ConcurrentGCThread "G1 Refine#0" [stack: 0x0000002912700000,0x0000002912800000] [id=9296]
  0x000001df82082230 ConcurrentGCThread "G1 Young RemSet Sampling" [stack: 0x0000002912800000,0x0000002912900000] [id=16248]

Threads with active compile tasks:

VM state: not at safepoint (normal execution)

VM Mutex/Monitor currently owned by a thread: None

Heap address: 0x0000000701800000, size: 4072 MB, Compressed Oops mode: Zero based, Oop shift amount: 3
CDS archive(s) mapped at: [0x0000000800000000-0x0000000800b50000-0x0000000800b50000), size 11862016, SharedBaseAddress: 0x0000000800000000, ArchiveRelocationMode: 0.
Compressed class space mapped at: 0x0000000800b50000-0x0000000840b50000, size: 1073741824
Narrow klass base: 0x0000000800000000, Narrow klass shift: 3, Narrow klass range: 0x100000000

GC Precious Log:
 CPUs: 12 total, 12 available
 Memory: 16280M
 Large Page Support: Disabled
 NUMA Support: Disabled
 Compressed Oops: Enabled (Zero based)
 Heap Region Size: 2M
 Heap Min Capacity: 8M
 Heap Initial Capacity: 256M
 Heap Max Capacity: 4072M
 Pre-touch: Disabled
 Parallel Workers: 10
 Concurrent Workers: 3
 Concurrent Refinement Workers: 10
 Periodic GC: Disabled

Heap:
 garbage-first heap   total 262144K, used 9905K [0x0000000701800000, 0x0000000800000000)
  region size 2048K, 7 young (14336K), 1 survivors (2048K)
 Metaspace       used 3975K, capacity 6545K, committed 6656K, reserved 1056768K
  class space    used 414K, capacity 666K, committed 768K, reserved 1048576K

Heap Regions: E=young(eden), S=young(survivor), O=old, HS=humongous(starts), HC=humongous(continues), CS=collection set, F=free, OA=open archive, CA=closed archive, TAMS=top-at-mark-start (previous, next)
|   0|0x0000000701800000, 0x0000000701800000, 0x0000000701a00000|  0%| F|  |TAMS 0x0000000701800000, 0x0000000701800000| Untracked 
|   1|0x0000000701a00000, 0x0000000701a00000, 0x0000000701c00000|  0%| F|  |TAMS 0x0000000701a00000, 0x0000000701a00000| Untracked 
|   2|0x0000000701c00000, 0x0000000701c00000, 0x0000000701e00000|  0%| F|  |TAMS 0x0000000701c00000, 0x0000000701c00000| Untracked 
|   3|0x0000000701e00000, 0x0000000701e00000, 0x0000000702000000|  0%| F|  |TAMS 0x0000000701e00000, 0x0000000701e00000| Untracked 
|   4|0x0000000702000000, 0x0000000702000000, 0x0000000702200000|  0%| F|  |TAMS 0x0000000702000000, 0x0000000702000000| Untracked 
|   5|0x0000000702200000, 0x0000000702200000, 0x0000000702400000|  0%| F|  |TAMS 0x0000000702200000, 0x0000000702200000| Untracked 
|   6|0x0000000702400000, 0x0000000702400000, 0x0000000702600000|  0%| F|  |TAMS 0x0000000702400000, 0x0000000702400000| Untracked 
|   7|0x0000000702600000, 0x0000000702600000, 0x0000000702800000|  0%| F|  |TAMS 0x0000000702600000, 0x0000000702600000| Untracked 
|   8|0x0000000702800000, 0x0000000702800000, 0x0000000702a00000|  0%| F|  |TAMS 0x0000000702800000, 0x0000000702800000| Untracked 
|   9|0x0000000702a00000, 0x0000000702a00000, 0x0000000702c00000|  0%| F|  |TAMS 0x0000000702a00000, 0x0000000702a00000| Untracked 
|  10|0x0000000702c00000, 0x0000000702c00000, 0x0000000702e00000|  0%| F|  |TAMS 0x0000000702c00000, 0x0000000702c00000| Untracked 
|  11|0x0000000702e00000, 0x0000000702e00000, 0x0000000703000000|  0%| F|  |TAMS 0x0000000702e00000, 0x0000000702e00000| Untracked 
|  12|0x0000000703000000, 0x0000000703000000, 0x0000000703200000|  0%| F|  |TAMS 0x0000000703000000, 0x0000000703000000| Untracked 
|  13|0x0000000703200000, 0x0000000703200000, 0x0000000703400000|  0%| F|  |TAMS 0x0000000703200000, 0x0000000703200000| Untracked 
|  14|0x0000000703400000, 0x0000000703400000, 0x0000000703600000|  0%| F|  |TAMS 0x0000000703400000, 0x0000000703400000| Untracked 
|  15|0x0000000703600000, 0x0000000703600000, 0x0000000703800000|  0%| F|  |TAMS 0x0000000703600000, 0x0000000703600000| Untracked 
|  16|0x0000000703800000, 0x0000000703800000, 0x0000000703a00000|  0%| F|  |TAMS 0x0000000703800000, 0x0000000703800000| Untracked 
|  17|0x0000000703a00000, 0x0000000703a00000, 0x0000000703c00000|  0%| F|  |TAMS 0x0000000703a00000, 0x0000000703a00000| Untracked 
|  18|0x0000000703c00000, 0x0000000703c00000, 0x0000000703e00000|  0%| F|  |TAMS 0x0000000703c00000, 0x0000000703c00000| Untracked 
|  19|0x0000000703e00000, 0x0000000703e00000, 0x0000000704000000|  0%| F|  |TAMS 0x0000000703e00000, 0x0000000703e00000| Untracked 
|  20|0x0000000704000000, 0x0000000704000000, 0x0000000704200000|  0%| F|  |TAMS 0x0000000704000000, 0x0000000704000000| Untracked 
|  21|0x0000000704200000, 0x0000000704200000, 0x0000000704400000|  0%| F|  |TAMS 0x0000000704200000, 0x0000000704200000| Untracked 
|  22|0x0000000704400000, 0x0000000704400000, 0x0000000704600000|  0%| F|  |TAMS 0x0000000704400000, 0x0000000704400000| Untracked 
|  23|0x0000000704600000, 0x0000000704600000, 0x0000000704800000|  0%| F|  |TAMS 0x0000000704600000, 0x0000000704600000| Untracked 
|  24|0x0000000704800000, 0x0000000704800000, 0x0000000704a00000|  0%| F|  |TAMS 0x0000000704800000, 0x0000000704800000| Untracked 
|  25|0x0000000704a00000, 0x0000000704a00000, 0x0000000704c00000|  0%| F|  |TAMS 0x0000000704a00000, 0x0000000704a00000| Untracked 
|  26|0x0000000704c00000, 0x0000000704c00000, 0x0000000704e00000|  0%| F|  |TAMS 0x0000000704c00000, 0x0000000704c00000| Untracked 
|  27|0x0000000704e00000, 0x0000000704e00000, 0x0000000705000000|  0%| F|  |TAMS 0x0000000704e00000, 0x0000000704e00000| Untracked 
|  28|0x0000000705000000, 0x0000000705000000, 0x0000000705200000|  0%| F|  |TAMS 0x0000000705000000, 0x0000000705000000| Untracked 
|  29|0x0000000705200000, 0x0000000705200000, 0x0000000705400000|  0%| F|  |TAMS 0x0000000705200000, 0x0000000705200000| Untracked 
|  30|0x0000000705400000, 0x0000000705400000, 0x0000000705600000|  0%| F|  |TAMS 0x0000000705400000, 0x0000000705400000| Untracked 
|  31|0x0000000705600000, 0x0000000705600000, 0x0000000705800000|  0%| F|  |TAMS 0x0000000705600000, 0x0000000705600000| Untracked 
|  32|0x0000000705800000, 0x0000000705800000, 0x0000000705a00000|  0%| F|  |TAMS 0x0000000705800000, 0x0000000705800000| Untracked 
|  33|0x0000000705a00000, 0x0000000705a00000, 0x0000000705c00000|  0%| F|  |TAMS 0x0000000705a00000, 0x0000000705a00000| Untracked 
|  34|0x0000000705c00000, 0x0000000705c00000, 0x0000000705e00000|  0%| F|  |TAMS 0x0000000705c00000, 0x0000000705c00000| Untracked 
|  35|0x0000000705e00000, 0x0000000705e00000, 0x0000000706000000|  0%| F|  |TAMS 0x0000000705e00000, 0x0000000705e00000| Untracked 
|  36|0x0000000706000000, 0x0000000706000000, 0x0000000706200000|  0%| F|  |TAMS 0x0000000706000000, 0x0000000706000000| Untracked 
|  37|0x0000000706200000, 0x0000000706200000, 0x0000000706400000|  0%| F|  |TAMS 0x0000000706200000, 0x0000000706200000| Untracked 
|  38|0x0000000706400000, 0x0000000706400000, 0x0000000706600000|  0%| F|  |TAMS 0x0000000706400000, 0x0000000706400000| Untracked 
|  39|0x0000000706600000, 0x0000000706600000, 0x0000000706800000|  0%| F|  |TAMS 0x0000000706600000, 0x0000000706600000| Untracked 
|  40|0x0000000706800000, 0x0000000706800000, 0x0000000706a00000|  0%| F|  |TAMS 0x0000000706800000, 0x0000000706800000| Untracked 
|  41|0x0000000706a00000, 0x0000000706a00000, 0x0000000706c00000|  0%| F|  |TAMS 0x0000000706a00000, 0x0000000706a00000| Untracked 
|  42|0x0000000706c00000, 0x0000000706c00000, 0x0000000706e00000|  0%| F|  |TAMS 0x0000000706c00000, 0x0000000706c00000| Untracked 
|  43|0x0000000706e00000, 0x0000000706e00000, 0x0000000707000000|  0%| F|  |TAMS 0x0000000706e00000, 0x0000000706e00000| Untracked 
|  44|0x0000000707000000, 0x0000000707000000, 0x0000000707200000|  0%| F|  |TAMS 0x0000000707000000, 0x0000000707000000| Untracked 
|  45|0x0000000707200000, 0x0000000707200000, 0x0000000707400000|  0%| F|  |TAMS 0x0000000707200000, 0x0000000707200000| Untracked 
|  46|0x0000000707400000, 0x0000000707400000, 0x0000000707600000|  0%| F|  |TAMS 0x0000000707400000, 0x0000000707400000| Untracked 
|  47|0x0000000707600000, 0x0000000707600000, 0x0000000707800000|  0%| F|  |TAMS 0x0000000707600000, 0x0000000707600000| Untracked 
|  48|0x0000000707800000, 0x0000000707800000, 0x0000000707a00000|  0%| F|  |TAMS 0x0000000707800000, 0x0000000707800000| Untracked 
|  49|0x0000000707a00000, 0x0000000707a00000, 0x0000000707c00000|  0%| F|  |TAMS 0x0000000707a00000, 0x0000000707a00000| Untracked 
|  50|0x0000000707c00000, 0x0000000707c00000, 0x0000000707e00000|  0%| F|  |TAMS 0x0000000707c00000, 0x0000000707c00000| Untracked 
|  51|0x0000000707e00000, 0x0000000707e00000, 0x0000000708000000|  0%| F|  |TAMS 0x0000000707e00000, 0x0000000707e00000| Untracked 
|  52|0x0000000708000000, 0x0000000708000000, 0x0000000708200000|  0%| F|  |TAMS 0x0000000708000000, 0x0000000708000000| Untracked 
|  53|0x0000000708200000, 0x0000000708200000, 0x0000000708400000|  0%| F|  |TAMS 0x0000000708200000, 0x0000000708200000| Untracked 
|  54|0x0000000708400000, 0x0000000708400000, 0x0000000708600000|  0%| F|  |TAMS 0x0000000708400000, 0x0000000708400000| Untracked 
|  55|0x0000000708600000, 0x0000000708600000, 0x0000000708800000|  0%| F|  |TAMS 0x0000000708600000, 0x0000000708600000| Untracked 
|  56|0x0000000708800000, 0x0000000708800000, 0x0000000708a00000|  0%| F|  |TAMS 0x0000000708800000, 0x0000000708800000| Untracked 
|  57|0x0000000708a00000, 0x0000000708a00000, 0x0000000708c00000|  0%| F|  |TAMS 0x0000000708a00000, 0x0000000708a00000| Untracked 
|  58|0x0000000708c00000, 0x0000000708c00000, 0x0000000708e00000|  0%| F|  |TAMS 0x0000000708c00000, 0x0000000708c00000| Untracked 
|  59|0x0000000708e00000, 0x0000000708e00000, 0x0000000709000000|  0%| F|  |TAMS 0x0000000708e00000, 0x0000000708e00000| Untracked 
|  60|0x0000000709000000, 0x0000000709000000, 0x0000000709200000|  0%| F|  |TAMS 0x0000000709000000, 0x0000000709000000| Untracked 
|  61|0x0000000709200000, 0x0000000709200000, 0x0000000709400000|  0%| F|  |TAMS 0x0000000709200000, 0x0000000709200000| Untracked 
|  62|0x0000000709400000, 0x0000000709400000, 0x0000000709600000|  0%| F|  |TAMS 0x0000000709400000, 0x0000000709400000| Untracked 
|  63|0x0000000709600000, 0x0000000709600000, 0x0000000709800000|  0%| F|  |TAMS 0x0000000709600000, 0x0000000709600000| Untracked 
|  64|0x0000000709800000, 0x0000000709800000, 0x0000000709a00000|  0%| F|  |TAMS 0x0000000709800000, 0x0000000709800000| Untracked 
|  65|0x0000000709a00000, 0x0000000709a00000, 0x0000000709c00000|  0%| F|  |TAMS 0x0000000709a00000, 0x0000000709a00000| Untracked 
|  66|0x0000000709c00000, 0x0000000709c00000, 0x0000000709e00000|  0%| F|  |TAMS 0x0000000709c00000, 0x0000000709c00000| Untracked 
|  67|0x0000000709e00000, 0x0000000709e00000, 0x000000070a000000|  0%| F|  |TAMS 0x0000000709e00000, 0x0000000709e00000| Untracked 
|  68|0x000000070a000000, 0x000000070a000000, 0x000000070a200000|  0%| F|  |TAMS 0x000000070a000000, 0x000000070a000000| Untracked 
|  69|0x000000070a200000, 0x000000070a200000, 0x000000070a400000|  0%| F|  |TAMS 0x000000070a200000, 0x000000070a200000| Untracked 
|  70|0x000000070a400000, 0x000000070a400000, 0x000000070a600000|  0%| F|  |TAMS 0x000000070a400000, 0x000000070a400000| Untracked 
|  71|0x000000070a600000, 0x000000070a600000, 0x000000070a800000|  0%| F|  |TAMS 0x000000070a600000, 0x000000070a600000| Untracked 
|  72|0x000000070a800000, 0x000000070a800000, 0x000000070aa00000|  0%| F|  |TAMS 0x000000070a800000, 0x000000070a800000| Untracked 
|  73|0x000000070aa00000, 0x000000070aa00000, 0x000000070ac00000|  0%| F|  |TAMS 0x000000070aa00000, 0x000000070aa00000| Untracked 
|  74|0x000000070ac00000, 0x000000070ac00000, 0x000000070ae00000|  0%| F|  |TAMS 0x000000070ac00000, 0x000000070ac00000| Untracked 
|  75|0x000000070ae00000, 0x000000070ae00000, 0x000000070b000000|  0%| F|  |TAMS 0x000000070ae00000, 0x000000070ae00000| Untracked 
|  76|0x000000070b000000, 0x000000070b000000, 0x000000070b200000|  0%| F|  |TAMS 0x000000070b000000, 0x000000070b000000| Untracked 
|  77|0x000000070b200000, 0x000000070b200000, 0x000000070b400000|  0%| F|  |TAMS 0x000000070b200000, 0x000000070b200000| Untracked 
|  78|0x000000070b400000, 0x000000070b400000, 0x000000070b600000|  0%| F|  |TAMS 0x000000070b400000, 0x000000070b400000| Untracked 
|  79|0x000000070b600000, 0x000000070b600000, 0x000000070b800000|  0%| F|  |TAMS 0x000000070b600000, 0x000000070b600000| Untracked 
|  80|0x000000070b800000, 0x000000070b800000, 0x000000070ba00000|  0%| F|  |TAMS 0x000000070b800000, 0x000000070b800000| Untracked 
|  81|0x000000070ba00000, 0x000000070ba00000, 0x000000070bc00000|  0%| F|  |TAMS 0x000000070ba00000, 0x000000070ba00000| Untracked 
|  82|0x000000070bc00000, 0x000000070bc00000, 0x000000070be00000|  0%| F|  |TAMS 0x000000070bc00000, 0x000000070bc00000| Untracked 
|  83|0x000000070be00000, 0x000000070be00000, 0x000000070c000000|  0%| F|  |TAMS 0x000000070be00000, 0x000000070be00000| Untracked 
|  84|0x000000070c000000, 0x000000070c000000, 0x000000070c200000|  0%| F|  |TAMS 0x000000070c000000, 0x000000070c000000| Untracked 
|  85|0x000000070c200000, 0x000000070c200000, 0x000000070c400000|  0%| F|  |TAMS 0x000000070c200000, 0x000000070c200000| Untracked 
|  86|0x000000070c400000, 0x000000070c400000, 0x000000070c600000|  0%| F|  |TAMS 0x000000070c400000, 0x000000070c400000| Untracked 
|  87|0x000000070c600000, 0x000000070c600000, 0x000000070c800000|  0%| F|  |TAMS 0x000000070c600000, 0x000000070c600000| Untracked 
|  88|0x000000070c800000, 0x000000070c800000, 0x000000070ca00000|  0%| F|  |TAMS 0x000000070c800000, 0x000000070c800000| Untracked 
|  89|0x000000070ca00000, 0x000000070ca00000, 0x000000070cc00000|  0%| F|  |TAMS 0x000000070ca00000, 0x000000070ca00000| Untracked 
|  90|0x000000070cc00000, 0x000000070cc00000, 0x000000070ce00000|  0%| F|  |TAMS 0x000000070cc00000, 0x000000070cc00000| Untracked 
|  91|0x000000070ce00000, 0x000000070ce00000, 0x000000070d000000|  0%| F|  |TAMS 0x000000070ce00000, 0x000000070ce00000| Untracked 
|  92|0x000000070d000000, 0x000000070d000000, 0x000000070d200000|  0%| F|  |TAMS 0x000000070d000000, 0x000000070d000000| Untracked 
|  93|0x000000070d200000, 0x000000070d200000, 0x000000070d400000|  0%| F|  |TAMS 0x000000070d200000, 0x000000070d200000| Untracked 
|  94|0x000000070d400000, 0x000000070d400000, 0x000000070d600000|  0%| F|  |TAMS 0x000000070d400000, 0x000000070d400000| Untracked 
|  95|0x000000070d600000, 0x000000070d600000, 0x000000070d800000|  0%| F|  |TAMS 0x000000070d600000, 0x000000070d600000| Untracked 
|  96|0x000000070d800000, 0x000000070d800000, 0x000000070da00000|  0%| F|  |TAMS 0x000000070d800000, 0x000000070d800000| Untracked 
|  97|0x000000070da00000, 0x000000070da00000, 0x000000070dc00000|  0%| F|  |TAMS 0x000000070da00000, 0x000000070da00000| Untracked 
|  98|0x000000070dc00000, 0x000000070dc00000, 0x000000070de00000|  0%| F|  |TAMS 0x000000070dc00000, 0x000000070dc00000| Untracked 
|  99|0x000000070de00000, 0x000000070de00000, 0x000000070e000000|  0%| F|  |TAMS 0x000000070de00000, 0x000000070de00000| Untracked 
| 100|0x000000070e000000, 0x000000070e000000, 0x000000070e200000|  0%| F|  |TAMS 0x000000070e000000, 0x000000070e000000| Untracked 
| 101|0x000000070e200000, 0x000000070e200000, 0x000000070e400000|  0%| F|  |TAMS 0x000000070e200000, 0x000000070e200000| Untracked 
| 102|0x000000070e400000, 0x000000070e400000, 0x000000070e600000|  0%| F|  |TAMS 0x000000070e400000, 0x000000070e400000| Untracked 
| 103|0x000000070e600000, 0x000000070e600000, 0x000000070e800000|  0%| F|  |TAMS 0x000000070e600000, 0x000000070e600000| Untracked 
| 104|0x000000070e800000, 0x000000070e800000, 0x000000070ea00000|  0%| F|  |TAMS 0x000000070e800000, 0x000000070e800000| Untracked 
| 105|0x000000070ea00000, 0x000000070ea00000, 0x000000070ec00000|  0%| F|  |TAMS 0x000000070ea00000, 0x000000070ea00000| Untracked 
| 106|0x000000070ec00000, 0x000000070ec00000, 0x000000070ee00000|  0%| F|  |TAMS 0x000000070ec00000, 0x000000070ec00000| Untracked 
| 107|0x000000070ee00000, 0x000000070ee00000, 0x000000070f000000|  0%| F|  |TAMS 0x000000070ee00000, 0x000000070ee00000| Untracked 
| 108|0x000000070f000000, 0x000000070f000000, 0x000000070f200000|  0%| F|  |TAMS 0x000000070f000000, 0x000000070f000000| Untracked 
| 109|0x000000070f200000, 0x000000070f200000, 0x000000070f400000|  0%| F|  |TAMS 0x000000070f200000, 0x000000070f200000| Untracked 
| 110|0x000000070f400000, 0x000000070f400000, 0x000000070f600000|  0%| F|  |TAMS 0x000000070f400000, 0x000000070f400000| Untracked 
| 111|0x000000070f600000, 0x000000070f600000, 0x000000070f800000|  0%| F|  |TAMS 0x000000070f600000, 0x000000070f600000| Untracked 
| 112|0x000000070f800000, 0x000000070f800000, 0x000000070fa00000|  0%| F|  |TAMS 0x000000070f800000, 0x000000070f800000| Untracked 
| 113|0x000000070fa00000, 0x000000070fa00000, 0x000000070fc00000|  0%| F|  |TAMS 0x000000070fa00000, 0x000000070fa00000| Untracked 
| 114|0x000000070fc00000, 0x000000070fc00000, 0x000000070fe00000|  0%| F|  |TAMS 0x000000070fc00000, 0x000000070fc00000| Untracked 
| 115|0x000000070fe00000, 0x000000070fe00000, 0x0000000710000000|  0%| F|  |TAMS 0x000000070fe00000, 0x000000070fe00000| Untracked 
| 116|0x0000000710000000, 0x00000007101ac790, 0x0000000710200000| 83%| S|CS|TAMS 0x0000000710000000, 0x0000000710000000| Complete 
| 117|0x0000000710200000, 0x0000000710200000, 0x0000000710400000|  0%| F|  |TAMS 0x0000000710200000, 0x0000000710200000| Untracked 
| 118|0x0000000710400000, 0x0000000710400000, 0x0000000710600000|  0%| F|  |TAMS 0x0000000710400000, 0x0000000710400000| Untracked 
| 119|0x0000000710600000, 0x0000000710600000, 0x0000000710800000|  0%| F|  |TAMS 0x0000000710600000, 0x0000000710600000| Untracked 
| 120|0x0000000710800000, 0x0000000710800000, 0x0000000710a00000|  0%| F|  |TAMS 0x0000000710800000, 0x0000000710800000| Untracked 
| 121|0x0000000710a00000, 0x0000000710a00000, 0x0000000710c00000|  0%| F|  |TAMS 0x0000000710a00000, 0x0000000710a00000| Untracked 
| 122|0x0000000710c00000, 0x0000000710d96820, 0x0000000710e00000| 79%| E|  |TAMS 0x0000000710c00000, 0x0000000710c00000| Complete 
| 123|0x0000000710e00000, 0x0000000711000000, 0x0000000711000000|100%| E|CS|TAMS 0x0000000710e00000, 0x0000000710e00000| Complete 
| 124|0x0000000711000000, 0x0000000711200000, 0x0000000711200000|100%| E|  |TAMS 0x0000000711000000, 0x0000000711000000| Complete 
| 125|0x0000000711200000, 0x0000000711400000, 0x0000000711400000|100%| E|CS|TAMS 0x0000000711200000, 0x0000000711200000| Complete 
| 126|0x0000000711400000, 0x0000000711600000, 0x0000000711600000|100%| E|CS|TAMS 0x0000000711400000, 0x0000000711400000| Complete 
| 127|0x0000000711600000, 0x0000000711800000, 0x0000000711800000|100%| E|CS|TAMS 0x0000000711600000, 0x0000000711600000| Complete 

Card table byte_map: [0x000001dff6470000,0x000001dff6c70000] _byte_map_base: 0x000001dff2c64000

Marking Bits (Prev, Next): (CMBitMap*) 0x000001dfdc631780, (CMBitMap*) 0x000001dfdc6317c0
 Prev Bits: [0x000001dff7470000, 0x000001dffb410000)
 Next Bits: [0x000001dffb410000, 0x000001dfff3b0000)

Polling page: 0x000001dfdc6b0000

Metaspace:

Usage:
  Non-class:      5.74 MB capacity,     3.48 MB ( 61%) used,     2.26 MB ( 39%) free+waste,     4.44 KB ( <1%) overhead. 
      Class:    666.00 KB capacity,   414.84 KB ( 62%) used,   249.22 KB ( 37%) free+waste,     1.94 KB ( <1%) overhead. 
       Both:      6.39 MB capacity,     3.88 MB ( 61%) used,     2.50 MB ( 39%) free+waste,     6.38 KB ( <1%) overhead. 

Virtual space:
  Non-class space:        8.00 MB reserved,       5.75 MB ( 72%) committed 
      Class space:        1.00 GB reserved,     768.00 KB ( <1%) committed 
             Both:        1.01 GB reserved,       6.50 MB ( <1%) committed 

Chunk freelists:
   Non-Class:  9.00 KB
       Class:  6.00 KB
        Both:  15.00 KB

MaxMetaspaceSize: 17179869184.00 GB
CompressedClassSpaceSize: 1.00 GB

CodeHeap 'non-profiled nmethods': size=120000Kb used=532Kb max_used=532Kb free=119467Kb
 bounds [0x000001dfedab0000, 0x000001dfedd20000, 0x000001dff4fe0000]
CodeHeap 'profiled nmethods': size=120000Kb used=2182Kb max_used=2182Kb free=117817Kb
 bounds [0x000001dfe6580000, 0x000001dfe67f0000, 0x000001dfedab0000]
CodeHeap 'non-nmethods': size=5760Kb used=1244Kb max_used=1293Kb free=4515Kb
 bounds [0x000001dfe5fe0000, 0x000001dfe6250000, 0x000001dfe6580000]
 total_blobs=1423 nmethods=1010 adapters=326
 compilation: enabled
              stopped_count=0, restarted_count=0
 full_count=0

Compilation events (20 events):
Event: 5.367 Thread 0x000001df82a2ea00 nmethod 992 0x000001dfe679f010 code [0x000001dfe679f1c0, 0x000001dfe679f338]
Event: 5.367 Thread 0x000001df82a2ea00  993       1       java.lang.invoke.LambdaForm$BasicType::basicTypeClass (5 bytes)
Event: 5.367 Thread 0x000001df82a2ea00 nmethod 993 0x000001dfedb33710 code [0x000001dfedb338a0, 0x000001dfedb33958]
Event: 5.367 Thread 0x000001df82a2ea00  987       1       java.lang.invoke.MethodTypeForm::basicType (5 bytes)
Event: 5.367 Thread 0x000001df82a2ea00 nmethod 987 0x000001dfedb33a10 code [0x000001dfedb33ba0, 0x000001dfedb33c58]
Event: 5.367 Thread 0x000001df82a2ea00 1002       3       jdk.internal.org.objectweb.asm.Frame::push (59 bytes)
Event: 5.367 Thread 0x000001df82a2ea00 nmethod 1002 0x000001dfe679f490 code [0x000001dfe679f6e0, 0x000001dfe679fe58]
Event: 5.367 Thread 0x000001df82a2ea00 1005       3       java.lang.Integer::getChars (131 bytes)
Event: 5.367 Thread 0x000001df82a2ea00 nmethod 1005 0x000001dfe67a0190 code [0x000001dfe67a0360, 0x000001dfe67a0798]
Event: 5.368 Thread 0x000001df82a2ea00 1008       3       java.lang.Integer::stringSize (47 bytes)
Event: 5.368 Thread 0x000001df82a2ea00 nmethod 1008 0x000001dfe67a0a10 code [0x000001dfe67a0bc0, 0x000001dfe67a0df8]
Event: 5.368 Thread 0x000001df82a2ea00 1004       3       java.lang.invoke.LambdaForm::parameterType (9 bytes)
Event: 5.368 Thread 0x000001df82a2ea00 nmethod 1004 0x000001dfe67a0e90 code [0x000001dfe67a1040, 0x000001dfe67a11a8]
Event: 5.368 Thread 0x000001df82a2ea00 1007       1       java.lang.invoke.LambdaForm$Name::type (5 bytes)
Event: 5.368 Thread 0x000001df82a2ea00 nmethod 1007 0x000001dfedb34310 code [0x000001dfedb344a0, 0x000001dfedb34558]
Event: 5.368 Thread 0x000001df82a2ea00 1009       3       jdk.internal.org.objectweb.asm.ByteVector::put11 (52 bytes)
Event: 5.368 Thread 0x000001df82a2ea00 nmethod 1009 0x000001dfe67a1290 code [0x000001dfe67a1440, 0x000001dfe67a1648]
Event: 5.368 Thread 0x000001df82a2ea00 1010       3       jdk.internal.org.objectweb.asm.Frame::getInputStackSize (6 bytes)
Event: 5.368 Thread 0x000001df82a2ea00 nmethod 1010 0x000001dfe67a1790 code [0x000001dfe67a1920, 0x000001dfe67a1a38]
Event: 5.369 Thread 0x000001df82a2be30 nmethod 971 0x000001dfedb34610 code [0x000001dfedb347c0, 0x000001dfedb34e68]

GC Heap History (2 events):
Event: 0.414 GC heap before
{Heap before GC invocations=0 (full 0):
 garbage-first heap   total 262144K, used 22528K [0x0000000701800000, 0x0000000800000000)
  region size 2048K, 11 young (22528K), 0 survivors (0K)
 Metaspace       used 2503K, capacity 5325K, committed 5376K, reserved 1056768K
  class space    used 231K, capacity 495K, committed 512K, reserved 1048576K
}
Event: 0.416 GC heap after
{Heap after GC invocations=1 (full 0):
 garbage-first heap   total 262144K, used 1713K [0x0000000701800000, 0x0000000800000000)
  region size 2048K, 1 young (2048K), 1 survivors (2048K)
 Metaspace       used 2503K, capacity 5325K, committed 5376K, reserved 1056768K
  class space    used 231K, capacity 495K, committed 512K, reserved 1048576K
}

Deoptimization events (20 events):
Event: 0.542 Thread 0x000001dfdc5df770 DEOPT PACKING pc=0x000001dfe67428fc sp=0x00000029123fe0a0
Event: 0.542 Thread 0x000001dfdc5df770 DEOPT UNPACKING pc=0x000001dfe602e23f sp=0x00000029123fda70 mode 1
Event: 0.543 Thread 0x000001dfdc5df770 DEOPT PACKING pc=0x000001dfe67428fc sp=0x00000029123fe0a0
Event: 0.543 Thread 0x000001dfdc5df770 DEOPT UNPACKING pc=0x000001dfe602e23f sp=0x00000029123fda70 mode 1
Event: 0.543 Thread 0x000001dfdc5df770 DEOPT PACKING pc=0x000001dfe67428fc sp=0x00000029123fe0a0
Event: 0.543 Thread 0x000001dfdc5df770 DEOPT UNPACKING pc=0x000001dfe602e23f sp=0x00000029123fda70 mode 1
Event: 0.543 Thread 0x000001dfdc5df770 DEOPT PACKING pc=0x000001dfe67428fc sp=0x00000029123fe0a0
Event: 0.543 Thread 0x000001dfdc5df770 DEOPT UNPACKING pc=0x000001dfe602e23f sp=0x00000029123fda70 mode 1
Event: 0.726 Thread 0x000001dfdc5df770 Uncommon trap: trap_request=0xffffff45 fr.pc=0x000001dfedaf0144 relative=0x0000000000000584
Event: 0.726 Thread 0x000001dfdc5df770 Uncommon trap: reason=unstable_if action=reinterpret pc=0x000001dfedaf0144 method=java.lang.Integer.stringSize(I)I @ 24 c2
Event: 0.726 Thread 0x000001dfdc5df770 DEOPT PACKING pc=0x000001dfedaf0144 sp=0x00000029123fe340
Event: 0.726 Thread 0x000001dfdc5df770 DEOPT UNPACKING pc=0x000001dfe602e42f sp=0x00000029123fe2a8 mode 2
Event: 0.726 Thread 0x000001dfdc5df770 Uncommon trap: trap_request=0xffffff45 fr.pc=0x000001dfedaed650 relative=0x0000000000000130
Event: 0.726 Thread 0x000001dfdc5df770 Uncommon trap: reason=unstable_if action=reinterpret pc=0x000001dfedaed650 method=java.lang.Integer.getChars(II[B)I @ 99 c2
Event: 0.726 Thread 0x000001dfdc5df770 DEOPT PACKING pc=0x000001dfedaed650 sp=0x00000029123fe2f0
Event: 0.726 Thread 0x000001dfdc5df770 DEOPT UNPACKING pc=0x000001dfe602e42f sp=0x00000029123fe290 mode 2
Event: 0.726 Thread 0x000001dfdc5df770 Uncommon trap: trap_request=0xffffff45 fr.pc=0x000001dfedae8fcc relative=0x000000000000004c
Event: 0.726 Thread 0x000001dfdc5df770 Uncommon trap: reason=unstable_if action=reinterpret pc=0x000001dfedae8fcc method=java.lang.Integer.stringSize(I)I @ 24 c2
Event: 0.726 Thread 0x000001dfdc5df770 DEOPT PACKING pc=0x000001dfedae8fcc sp=0x00000029123fe310
Event: 0.726 Thread 0x000001dfdc5df770 DEOPT UNPACKING pc=0x000001dfe602e42f sp=0x00000029123fe290 mode 2

Classes unloaded (0 events):
No events

Classes redefined (0 events):
No events

Internal exceptions (6 events):
Event: 0.129 Thread 0x000001dfdc5df770 Exception <a 'java/lang/NoSuchMethodError'{0x00000007115d6098}: 'int java.lang.invoke.DirectMethodHandle$Holder.invokeStaticInit(java.lang.Object, java.lang.Object, java.lang.Object, java.lang.Object)'> (0x00000007115d6098) 
thrown [./open/src/hotspot/share/interpreter/linkResolver.cpp, line 782]
Event: 0.130 Thread 0x000001dfdc5df770 Exception <a 'java/lang/NoSuchMethodError'{0x00000007115e0c98}: 'java.lang.Object java.lang.invoke.DirectMethodHandle$Holder.invokeInterface(java.lang.Object, java.lang.Object)'> (0x00000007115e0c98) 
thrown [./open/src/hotspot/share/interpreter/linkResolver.cpp, line 782]
Event: 0.131 Thread 0x000001dfdc5df770 Exception <a 'java/lang/IncompatibleClassChangeError'{0x00000007115e43e8}: Found class java.lang.Object, but interface was expected> (0x00000007115e43e8) 
thrown [./open/src/hotspot/share/interpreter/linkResolver.cpp, line 848]
Event: 0.131 Thread 0x000001dfdc5df770 Exception <a 'java/lang/NoSuchMethodError'{0x00000007115e7d88}: 'void java.lang.invoke.DirectMethodHandle$Holder.invokeStatic(java.lang.Object, java.lang.Object)'> (0x00000007115e7d88) 
thrown [./open/src/hotspot/share/interpreter/linkResolver.cpp, line 782]
Event: 0.132 Thread 0x000001dfdc5df770 Exception <a 'java/lang/NoSuchMethodError'{0x00000007115eb4e8}: 'void java.lang.invoke.DirectMethodHandle$Holder.invokeStaticInit(java.lang.Object, java.lang.Object)'> (0x00000007115eb4e8) 
thrown [./open/src/hotspot/share/interpreter/linkResolver.cpp, line 782]
Event: 0.132 Thread 0x000001dfdc5df770 Exception <a 'java/lang/NoSuchMethodError'{0x00000007115f3cd8}: 'int java.lang.invoke.DirectMethodHandle$Holder.invokeStaticInit(java.lang.Object, java.lang.Object)'> (0x00000007115f3cd8) 
thrown [./open/src/hotspot/share/interpreter/linkResolver.cpp, line 782]

Events (20 events):
Event: 24.994 Executing VM operation: get/set locals
Event: 24.994 Executing VM operation: get/set locals done
Event: 24.994 Executing VM operation: get/set locals
Event: 24.994 Executing VM operation: get/set locals done
Event: 24.994 Executing VM operation: get/set locals
Event: 24.994 Executing VM operation: get/set locals done
Event: 24.994 Executing VM operation: get/set locals
Event: 24.994 Executing VM operation: get/set locals done
Event: 24.994 Executing VM operation: get/set locals
Event: 24.994 Executing VM operation: get/set locals done
Event: 24.994 Executing VM operation: get/set locals
Event: 24.994 Executing VM operation: get/set locals done
Event: 24.995 Executing VM operation: GetFrameLocation
Event: 24.995 Executing VM operation: GetFrameLocation done
Event: 24.995 Executing VM operation: get/set locals
Event: 24.995 Executing VM operation: get/set locals done
Event: 25.083 Executing VM operation: GetFrameCount
Event: 25.084 Executing VM operation: GetFrameCount done
Event: 25.084 Executing VM operation: GetStackTrace
Event: 25.084 Executing VM operation: GetStackTrace done


Dynamic libraries:
0x00007ff71fc80000 - 0x00007ff71fc8d000 	C:\Users\Destroy\.jdks\openjdk-15.0.2\bin\java.exe
0x00007ffbf7f50000 - 0x00007ffbf8148000 	C:\WINDOWS\SYSTEM32\ntdll.dll
0x00007ffbf6030000 - 0x00007ffbf60ef000 	C:\WINDOWS\System32\KERNEL32.DLL
0x00007ffbf56f0000 - 0x00007ffbf59c2000 	C:\WINDOWS\System32\KERNELBASE.dll
0x00007ffbf5d00000 - 0x00007ffbf5e00000 	C:\WINDOWS\System32\ucrtbase.dll
0x00007ffbef1a0000 - 0x00007ffbef1b8000 	C:\Users\Destroy\.jdks\openjdk-15.0.2\bin\jli.dll
0x00007ffbef230000 - 0x00007ffbef249000 	C:\Users\Destroy\.jdks\openjdk-15.0.2\bin\VCRUNTIME140.dll
0x00007ffbf7250000 - 0x00007ffbf73f1000 	C:\WINDOWS\System32\USER32.dll
0x00007ffbe0ca0000 - 0x00007ffbe0f3a000 	C:\WINDOWS\WinSxS\amd64_microsoft.windows.common-controls_6595b64144ccf1df_6.0.19041.1110_none_60b5254171f9507e\COMCTL32.dll
0x00007ffbf5bc0000 - 0x00007ffbf5be2000 	C:\WINDOWS\System32\win32u.dll
0x00007ffbf7400000 - 0x00007ffbf742b000 	C:\WINDOWS\System32\GDI32.dll
0x00007ffbf63d0000 - 0x00007ffbf646e000 	C:\WINDOWS\System32\msvcrt.dll
0x00007ffbf5e80000 - 0x00007ffbf5f8f000 	C:\WINDOWS\System32\gdi32full.dll
0x00007ffbf5bf0000 - 0x00007ffbf5c8d000 	C:\WINDOWS\System32\msvcp_win.dll
0x00007ffbf7080000 - 0x00007ffbf70b2000 	C:\WINDOWS\System32\IMM32.DLL
0x00007ffbf1d60000 - 0x00007ffbf1d6c000 	C:\Users\Destroy\.jdks\openjdk-15.0.2\bin\vcruntime140_1.dll
0x00007ffbdeb80000 - 0x00007ffbdec11000 	C:\Users\Destroy\.jdks\openjdk-15.0.2\bin\msvcp140.dll
0x00007ffbb1c00000 - 0x00007ffbb275e000 	C:\Users\Destroy\.jdks\openjdk-15.0.2\bin\server\jvm.dll
0x00007ffbf6310000 - 0x00007ffbf63be000 	C:\WINDOWS\System32\ADVAPI32.dll
0x00007ffbf5f90000 - 0x00007ffbf602c000 	C:\WINDOWS\System32\sechost.dll
0x00007ffbf6160000 - 0x00007ffbf6285000 	C:\WINDOWS\System32\RPCRT4.dll
0x00007ffbf63c0000 - 0x00007ffbf63c8000 	C:\WINDOWS\System32\PSAPI.DLL
0x00007ffbe88c0000 - 0x00007ffbe88e7000 	C:\WINDOWS\SYSTEM32\WINMM.dll
0x00007ffbf0b70000 - 0x00007ffbf0b79000 	C:\WINDOWS\SYSTEM32\WSOCK32.dll
0x00007ffbf6b00000 - 0x00007ffbf6b6b000 	C:\WINDOWS\System32\WS2_32.dll
0x00007ffbee080000 - 0x00007ffbee08a000 	C:\WINDOWS\SYSTEM32\VERSION.dll
0x00007ffbf3ec0000 - 0x00007ffbf3ed2000 	C:\WINDOWS\SYSTEM32\kernel.appcore.dll
0x00007ffbef220000 - 0x00007ffbef22a000 	C:\Users\Destroy\.jdks\openjdk-15.0.2\bin\jimage.dll
0x00007ffbe5270000 - 0x00007ffbe5454000 	C:\WINDOWS\SYSTEM32\DBGHELP.DLL
0x00007ffbde2c0000 - 0x00007ffbde2f5000 	C:\WINDOWS\SYSTEM32\dbgcore.DLL
0x00007ffbf59d0000 - 0x00007ffbf5a52000 	C:\WINDOWS\System32\bcryptPrimitives.dll
0x00007ffbd19f0000 - 0x00007ffbd1a29000 	C:\Users\Destroy\.jdks\openjdk-15.0.2\bin\jdwp.dll
0x00007ffbec310000 - 0x00007ffbec31e000 	C:\Users\Destroy\.jdks\openjdk-15.0.2\bin\instrument.dll
0x00007ffbec370000 - 0x00007ffbec395000 	C:\Users\Destroy\.jdks\openjdk-15.0.2\bin\java.dll
0x00007ffbe7d00000 - 0x00007ffbe7d18000 	C:\Users\Destroy\.jdks\openjdk-15.0.2\bin\zip.dll
0x00007ffbf7570000 - 0x00007ffbf7cb4000 	C:\WINDOWS\System32\SHELL32.dll
0x00007ffbf34d0000 - 0x00007ffbf3c62000 	C:\WINDOWS\SYSTEM32\windows.storage.dll
0x00007ffbf6d20000 - 0x00007ffbf7075000 	C:\WINDOWS\System32\combase.dll
0x00007ffbf50a0000 - 0x00007ffbf50d0000 	C:\WINDOWS\SYSTEM32\Wldp.dll
0x00007ffbf74c0000 - 0x00007ffbf756d000 	C:\WINDOWS\System32\SHCORE.dll
0x00007ffbf7de0000 - 0x00007ffbf7e35000 	C:\WINDOWS\System32\shlwapi.dll
0x00007ffbf5580000 - 0x00007ffbf559f000 	C:\WINDOWS\SYSTEM32\profapi.dll
0x00007ffbec2f0000 - 0x00007ffbec2fb000 	C:\Users\Destroy\.jdks\openjdk-15.0.2\bin\dt_socket.dll
0x00007ffbf4aa0000 - 0x00007ffbf4adb000 	C:\WINDOWS\SYSTEM32\IPHLPAPI.DLL
0x00007ffbd3650000 - 0x00007ffbd375d000 	C:\WINDOWS\SysWOW64\ierd_tgp_lsp64.dll
0x00007ffbf70c0000 - 0x00007ffbf71ea000 	C:\WINDOWS\System32\ole32.dll
0x00007ffbf4e00000 - 0x00007ffbf4e6a000 	C:\WINDOWS\system32\mswsock.dll
0x00007ffbec350000 - 0x00007ffbec369000 	C:\Users\Destroy\.jdks\openjdk-15.0.2\bin\net.dll
0x00007ffbed2c0000 - 0x00007ffbed3cc000 	C:\WINDOWS\SYSTEM32\WINHTTP.dll
0x00007ffbec330000 - 0x00007ffbec342000 	C:\Users\Destroy\.jdks\openjdk-15.0.2\bin\nio.dll
0x000001df83600000 - 0x000001df83604000 	C:\Users\Destroy\.javacpp\cache\javacpp-1.5.7-windows-x86_64.jar\org\bytedeco\javacpp\windows-x86_64\api-ms-win-crt-locale-l1-1-0.dll
0x000001df83610000 - 0x000001df83615000 	C:\Users\Destroy\.javacpp\cache\javacpp-1.5.7-windows-x86_64.jar\org\bytedeco\javacpp\windows-x86_64\api-ms-win-crt-string-l1-1-0.dll
0x000001df83620000 - 0x000001df83625000 	C:\Users\Destroy\.javacpp\cache\javacpp-1.5.7-windows-x86_64.jar\org\bytedeco\javacpp\windows-x86_64\api-ms-win-crt-stdio-l1-1-0.dll
0x000001df83630000 - 0x000001df83636000 	C:\Users\Destroy\.javacpp\cache\javacpp-1.5.7-windows-x86_64.jar\org\bytedeco\javacpp\windows-x86_64\api-ms-win-crt-math-l1-1-0.dll
0x000001df83640000 - 0x000001df83644000 	C:\Users\Destroy\.javacpp\cache\javacpp-1.5.7-windows-x86_64.jar\org\bytedeco\javacpp\windows-x86_64\api-ms-win-crt-heap-l1-1-0.dll
0x000001df83650000 - 0x000001df83655000 	C:\Users\Destroy\.javacpp\cache\javacpp-1.5.7-windows-x86_64.jar\org\bytedeco\javacpp\windows-x86_64\api-ms-win-crt-runtime-l1-1-0.dll
0x000001df83660000 - 0x000001df83665000 	C:\Users\Destroy\.javacpp\cache\javacpp-1.5.7-windows-x86_64.jar\org\bytedeco\javacpp\windows-x86_64\api-ms-win-crt-convert-l1-1-0.dll
0x000001df83670000 - 0x000001df83674000 	C:\Users\Destroy\.javacpp\cache\javacpp-1.5.7-windows-x86_64.jar\org\bytedeco\javacpp\windows-x86_64\api-ms-win-crt-environment-l1-1-0.dll
0x000001df83680000 - 0x000001df83684000 	C:\Users\Destroy\.javacpp\cache\javacpp-1.5.7-windows-x86_64.jar\org\bytedeco\javacpp\windows-x86_64\api-ms-win-crt-time-l1-1-0.dll
0x000001df83690000 - 0x000001df83694000 	C:\Users\Destroy\.javacpp\cache\javacpp-1.5.7-windows-x86_64.jar\org\bytedeco\javacpp\windows-x86_64\api-ms-win-crt-filesystem-l1-1-0.dll
0x000001df836a0000 - 0x000001df836a4000 	C:\Users\Destroy\.javacpp\cache\javacpp-1.5.7-windows-x86_64.jar\org\bytedeco\javacpp\windows-x86_64\api-ms-win-crt-utility-l1-1-0.dll
0x000001df836b0000 - 0x000001df836b6000 	C:\Users\Destroy\.javacpp\cache\javacpp-1.5.7-windows-x86_64.jar\org\bytedeco\javacpp\windows-x86_64\api-ms-win-crt-multibyte-l1-1-0.dll
0x000001df836c0000 - 0x000001df836c4000 	C:\Users\Destroy\.javacpp\cache\javacpp-1.5.7-windows-x86_64.jar\org\bytedeco\javacpp\windows-x86_64\api-ms-win-crt-conio-l1-1-0.dll
0x000001df836d0000 - 0x000001df836e1000 	C:\Users\Destroy\.javacpp\cache\javacpp-1.5.7-windows-x86_64.jar\org\bytedeco\javacpp\windows-x86_64\api-ms-win-crt-private-l1-1-0.dll
0x000001df836f0000 - 0x000001df836f4000 	C:\Users\Destroy\.javacpp\cache\javacpp-1.5.7-windows-x86_64.jar\org\bytedeco\javacpp\windows-x86_64\api-ms-win-crt-process-l1-1-0.dll
0x000001df83700000 - 0x000001df83704000 	C:\Users\Destroy\.javacpp\cache\javacpp-1.5.7-windows-x86_64.jar\org\bytedeco\javacpp\windows-x86_64\api-ms-win-core-console-l1-2-0.dll
0x000001df83710000 - 0x000001df83714000 	C:\Users\Destroy\.javacpp\cache\javacpp-1.5.7-windows-x86_64.jar\org\bytedeco\javacpp\windows-x86_64\api-ms-win-core-string-l1-1-0.dll
0x000001df83720000 - 0x000001df83724000 	C:\Users\Destroy\.javacpp\cache\javacpp-1.5.7-windows-x86_64.jar\org\bytedeco\javacpp\windows-x86_64\api-ms-win-core-errorhandling-l1-1-0.dll
0x000001df83730000 - 0x000001df83734000 	C:\Users\Destroy\.javacpp\cache\javacpp-1.5.7-windows-x86_64.jar\org\bytedeco\javacpp\windows-x86_64\api-ms-win-core-timezone-l1-1-0.dll
0x000001df83740000 - 0x000001df83745000 	C:\Users\Destroy\.javacpp\cache\javacpp-1.5.7-windows-x86_64.jar\org\bytedeco\javacpp\windows-x86_64\api-ms-win-core-file-l1-1-0.dll
0x000001df83750000 - 0x000001df83754000 	C:\Users\Destroy\.javacpp\cache\javacpp-1.5.7-windows-x86_64.jar\org\bytedeco\javacpp\windows-x86_64\api-ms-win-core-namedpipe-l1-1-0.dll
0x000001df83760000 - 0x000001df83764000 	C:\Users\Destroy\.javacpp\cache\javacpp-1.5.7-windows-x86_64.jar\org\bytedeco\javacpp\windows-x86_64\api-ms-win-core-handle-l1-1-0.dll
0x000001df83770000 - 0x000001df83774000 	C:\Users\Destroy\.javacpp\cache\javacpp-1.5.7-windows-x86_64.jar\org\bytedeco\javacpp\windows-x86_64\api-ms-win-core-file-l2-1-0.dll
0x000001df83780000 - 0x000001df83784000 	C:\Users\Destroy\.javacpp\cache\javacpp-1.5.7-windows-x86_64.jar\org\bytedeco\javacpp\windows-x86_64\api-ms-win-core-heap-l1-1-0.dll
0x000001df83790000 - 0x000001df83794000 	C:\Users\Destroy\.javacpp\cache\javacpp-1.5.7-windows-x86_64.jar\org\bytedeco\javacpp\windows-x86_64\api-ms-win-core-libraryloader-l1-1-0.dll
0x000001df837a0000 - 0x000001df837a4000 	C:\Users\Destroy\.javacpp\cache\javacpp-1.5.7-windows-x86_64.jar\org\bytedeco\javacpp\windows-x86_64\api-ms-win-core-synch-l1-1-0.dll
0x000001df837b0000 - 0x000001df837b4000 	C:\Users\Destroy\.javacpp\cache\javacpp-1.5.7-windows-x86_64.jar\org\bytedeco\javacpp\windows-x86_64\api-ms-win-core-processthreads-l1-1-0.dll
0x000001df837c0000 - 0x000001df837c4000 	C:\Users\Destroy\.javacpp\cache\javacpp-1.5.7-windows-x86_64.jar\org\bytedeco\javacpp\windows-x86_64\api-ms-win-core-processenvironment-l1-1-0.dll
0x000001df837d0000 - 0x000001df837d4000 	C:\Users\Destroy\.javacpp\cache\javacpp-1.5.7-windows-x86_64.jar\org\bytedeco\javacpp\windows-x86_64\api-ms-win-core-datetime-l1-1-0.dll
0x000001df837e0000 - 0x000001df837e4000 	C:\Users\Destroy\.javacpp\cache\javacpp-1.5.7-windows-x86_64.jar\org\bytedeco\javacpp\windows-x86_64\api-ms-win-core-localization-l1-2-0.dll
0x000001df837f0000 - 0x000001df837f4000 	C:\Users\Destroy\.javacpp\cache\javacpp-1.5.7-windows-x86_64.jar\org\bytedeco\javacpp\windows-x86_64\api-ms-win-core-sysinfo-l1-1-0.dll
0x000001df83800000 - 0x000001df83804000 	C:\Users\Destroy\.javacpp\cache\javacpp-1.5.7-windows-x86_64.jar\org\bytedeco\javacpp\windows-x86_64\api-ms-win-core-synch-l1-2-0.dll
0x000001df83810000 - 0x000001df83814000 	C:\Users\Destroy\.javacpp\cache\javacpp-1.5.7-windows-x86_64.jar\org\bytedeco\javacpp\windows-x86_64\api-ms-win-core-console-l1-1-0.dll
0x000001df83820000 - 0x000001df83824000 	C:\Users\Destroy\.javacpp\cache\javacpp-1.5.7-windows-x86_64.jar\org\bytedeco\javacpp\windows-x86_64\api-ms-win-core-debug-l1-1-0.dll
0x000001df83830000 - 0x000001df83834000 	C:\Users\Destroy\.javacpp\cache\javacpp-1.5.7-windows-x86_64.jar\org\bytedeco\javacpp\windows-x86_64\api-ms-win-core-rtlsupport-l1-1-0.dll
0x000001df83840000 - 0x000001df83844000 	C:\Users\Destroy\.javacpp\cache\javacpp-1.5.7-windows-x86_64.jar\org\bytedeco\javacpp\windows-x86_64\api-ms-win-core-processthreads-l1-1-1.dll
0x000001df83850000 - 0x000001df83854000 	C:\Users\Destroy\.javacpp\cache\javacpp-1.5.7-windows-x86_64.jar\org\bytedeco\javacpp\windows-x86_64\api-ms-win-core-file-l1-2-0.dll
0x000001df83860000 - 0x000001df83864000 	C:\Users\Destroy\.javacpp\cache\javacpp-1.5.7-windows-x86_64.jar\org\bytedeco\javacpp\windows-x86_64\api-ms-win-core-profile-l1-1-0.dll
0x000001df83870000 - 0x000001df83874000 	C:\Users\Destroy\.javacpp\cache\javacpp-1.5.7-windows-x86_64.jar\org\bytedeco\javacpp\windows-x86_64\api-ms-win-core-memory-l1-1-0.dll
0x000001df83880000 - 0x000001df83884000 	C:\Users\Destroy\.javacpp\cache\javacpp-1.5.7-windows-x86_64.jar\org\bytedeco\javacpp\windows-x86_64\api-ms-win-core-util-l1-1-0.dll
0x000001df83890000 - 0x000001df83894000 	C:\Users\Destroy\.javacpp\cache\javacpp-1.5.7-windows-x86_64.jar\org\bytedeco\javacpp\windows-x86_64\api-ms-win-core-interlocked-l1-1-0.dll
0x00007ffbb42b0000 - 0x00007ffbb43c1000 	C:\Users\Destroy\.javacpp\cache\javacpp-1.5.7-windows-x86_64.jar\org\bytedeco\javacpp\windows-x86_64\ucrtbase.dll
0x00007ffbe1160000 - 0x00007ffbe117b000 	C:\Users\Destroy\.javacpp\cache\javacpp-1.5.7-windows-x86_64.jar\org\bytedeco\javacpp\windows-x86_64\vcruntime140.dll
0x00007ffbe5ad0000 - 0x00007ffbe5adc000 	C:\Users\Destroy\.javacpp\cache\javacpp-1.5.7-windows-x86_64.jar\org\bytedeco\javacpp\windows-x86_64\vcruntime140_1.dll
0x00007ffbb46a0000 - 0x00007ffbb472d000 	C:\Users\Destroy\.javacpp\cache\javacpp-1.5.7-windows-x86_64.jar\org\bytedeco\javacpp\windows-x86_64\msvcp140.dll
0x00007ffbe1120000 - 0x00007ffbe1129000 	C:\Users\Destroy\.javacpp\cache\javacpp-1.5.7-windows-x86_64.jar\org\bytedeco\javacpp\windows-x86_64\msvcp140_1.dll
0x00007ffbc5a80000 - 0x00007ffbc5ace000 	C:\Users\Destroy\.javacpp\cache\javacpp-1.5.7-windows-x86_64.jar\org\bytedeco\javacpp\windows-x86_64\concrt140.dll
0x00007ffbb4a90000 - 0x00007ffbb4ac1000 	C:\Users\Destroy\.javacpp\cache\javacpp-1.5.7-windows-x86_64.jar\org\bytedeco\javacpp\windows-x86_64\vcomp140.dll
0x00007ffbe1110000 - 0x00007ffbe111e000 	C:\Users\Destroy\.javacpp\cache\javacpp-1.5.7-windows-x86_64.jar\org\bytedeco\javacpp\windows-x86_64\jnijavacpp.dll
0x00007ffb5f720000 - 0x00007ffb63dbd000 	C:\Users\Destroy\.javacpp\cache\llvm-13.0.1-1.5.7-windows-x86_64.jar\org\bytedeco\llvm\windows-x86_64\LTO.dll
0x00007ffbb4660000 - 0x00007ffbb469b000 	C:\Users\Destroy\.javacpp\cache\llvm-13.0.1-1.5.7-windows-x86_64.jar\org\bytedeco\llvm\windows-x86_64\Remarks.dll
0x00007ffb588a0000 - 0x00007ffb5d0f0000 	C:\Users\Destroy\.javacpp\cache\llvm-13.0.1-1.5.7-windows-x86_64.jar\org\bytedeco\llvm\windows-x86_64\jniLLVM.dll

dbghelp: loaded successfully - version: 4.0.5 - missing functions: none
symbol engine: initialized successfully - sym options: 0x614 - pdb path: .;C:\Users\Destroy\.jdks\openjdk-15.0.2\bin;C:\WINDOWS\SYSTEM32;C:\WINDOWS\WinSxS\amd64_microsoft.windows.common-controls_6595b64144ccf1df_6.0.19041.1110_none_60b5254171f9507e;C:\Users\Destroy\.jdks\openjdk-15.0.2\bin\server;C:\WINDOWS\SysWOW64;C:\Users\Destroy\.javacpp\cache\javacpp-1.5.7-windows-x86_64.jar\org\bytedeco\javacpp\windows-x86_64;C:\Users\Destroy\.javacpp\cache\llvm-13.0.1-1.5.7-windows-x86_64.jar\org\bytedeco\llvm\windows-x86_64

VM Arguments:
jvm_args: -agentlib:jdwp=transport=dt_socket,address=127.0.0.1:59745,suspend=y,server=n -javaagent:C:\Users\Destroy\AppData\Local\JetBrains\IntelliJIdea2021.3\captureAgent\debugger-agent.jar -Dfile.encoding=UTF-8 
java_command: Main E:\\bianyiyuanli\\Lab\\src\\a.txt E:\\bianyiyuanli\\Lab\\src\\b.txt
java_class_path (initial): E:\bianyiyuanli\Lab\target\classes;C:\Users\Destroy\.m2\repository\org\antlr\antlr4-runtime\4.10.1\antlr4-runtime-4.10.1.jar;C:\Users\Destroy\.m2\repository\org\antlr\antlr4\4.10.1\antlr4-4.10.1.jar;C:\Users\Destroy\.m2\repository\org\bytedeco\llvm-platform\13.0.1-1.5.7\llvm-platform-13.0.1-1.5.7.jar;C:\Users\Destroy\.m2\repository\org\bytedeco\javacpp-platform\1.5.7\javacpp-platform-1.5.7.jar;C:\Users\Destroy\.m2\repository\org\bytedeco\javacpp\1.5.7\javacpp-1.5.7.jar;C:\Users\Destroy\.m2\repository\org\bytedeco\javacpp\1.5.7\javacpp-1.5.7-android-arm.jar;C:\Users\Destroy\.m2\repository\org\bytedeco\javacpp\1.5.7\javacpp-1.5.7-android-arm64.jar;C:\Users\Destroy\.m2\repository\org\bytedeco\javacpp\1.5.7\javacpp-1.5.7-android-x86.jar;C:\Users\Destroy\.m2\repository\org\bytedeco\javacpp\1.5.7\javacpp-1.5.7-android-x86_64.jar;C:\Users\Destroy\.m2\repository\org\bytedeco\javacpp\1.5.7\javacpp-1.5.7-ios-arm64.jar;C:\Users\Destroy\.m2\repository\org\bytedeco\javacpp\1.5.7\javacpp-1.5.7-ios-x86_64.jar;C:\Users\Destroy\.m2\repository\org\bytedeco\javacpp\1.5.7\javacpp-1.5.7-linux-armhf.jar;C:\Users\Destroy\.m2\repository\org\bytedeco\javacpp\1.5.7\javacpp-1.5.7-linux-arm64.jar;C:\Users\Destroy\.m2\repository\org\bytedeco\javacpp\1.5.7\javacpp-1.5.7-linux-ppc64le.jar;C:\Users\Destroy\.m2\repository\org\bytedeco\javacpp\1.5.7\javacpp-1.5.7-linux-x86.jar;C:\Users\Destroy\.m2\repository\org\bytedeco\javacpp\1.5.7\javacpp-1.5.7-linux-x86_64.jar;C:\Users\Destroy\.m2\repository\org\bytedeco\javacpp\1.5.7\javacpp-1.5.7-macosx-arm64.jar;C:\Users\Destroy\.m2\repository\org\bytedeco\javacpp\1.5.7\javacpp-1.5.7-macosx-x86_64.jar;C:\Users\Destroy\.m2\repository\org\bytedeco\javacpp\1.5.7\javacpp-1.5.7-windows-x86.jar;C:\Users\Destroy\.m2\repository\org\bytedeco\javacpp\1.5.7\javacpp-1.5.7-windows-x86_64.jar;C:\Users\Destroy\.m2\repository\org\bytedeco\llvm\13.0.1-1.5.7\llvm-13.0.1-1.5.7.jar;C:\Users\Destroy\.m2\repository\org\bytedeco\llvm\13.0.1-1.5.7\llvm-
Launcher Type: SUN_STANDARD

[Global flags]
     intx CICompilerCount                          = 4                                         {product} {ergonomic}
     uint ConcGCThreads                            = 3                                         {product} {ergonomic}
     uint G1ConcRefinementThreads                  = 10                                        {product} {ergonomic}
   size_t G1HeapRegionSize                         = 2097152                                   {product} {ergonomic}
    uintx GCDrainStackTargetSize                   = 64                                        {product} {ergonomic}
   size_t InitialHeapSize                          = 268435456                                 {product} {ergonomic}
   size_t MarkStackSize                            = 4194304                                   {product} {ergonomic}
   size_t MaxHeapSize                              = 4269801472                                {product} {ergonomic}
   size_t MaxNewSize                               = 2560622592                                {product} {ergonomic}
   size_t MinHeapDeltaBytes                        = 2097152                                   {product} {ergonomic}
   size_t MinHeapSize                              = 8388608                                   {product} {ergonomic}
    uintx NonNMethodCodeHeapSize                   = 5839372                                {pd product} {ergonomic}
    uintx NonProfiledCodeHeapSize                  = 122909434                              {pd product} {ergonomic}
    uintx ProfiledCodeHeapSize                     = 122909434                              {pd product} {ergonomic}
    uintx ReservedCodeCacheSize                    = 251658240                              {pd product} {ergonomic}
     bool SegmentedCodeCache                       = true                                      {product} {ergonomic}
   size_t SoftMaxHeapSize                          = 4269801472                             {manageable} {ergonomic}
     bool UseCompressedClassPointers               = true                                 {lp64_product} {ergonomic}
     bool UseCompressedOops                        = true                                 {lp64_product} {ergonomic}
     bool UseG1GC                                  = true                                      {product} {ergonomic}
     bool UseLargePagesIndividualAllocation        = false                                  {pd product} {ergonomic}

Logging:
Log output configuration:
 #0: stdout all=warning uptime,level,tags
 #1: stderr all=off uptime,level,tags

Environment Variables:
PATH=C:\Program Files\PlasticSCM5\server;C:\Program Files\PlasticSCM5\client;C:\Program Files\NVIDIA GPU Computing Toolkit\CUDA\v11.4\bin;C:\Program Files\NVIDIA GPU Computing Toolkit\CUDA\v11.4\libnvvp;C:\Program Files (x86)\Common Files\Oracle\Java\javapath;C:\Program Files (x86)\Common Files\Intel\Shared Libraries\redist\intel64\compiler;C:\Windows\system32;C:\Windows;C:\Windows\System32\Wbem;C:\Windows\System32\WindowsPowerShell\v1.0\;C:\Windows\System32\OpenSSH\;C:\Program Files (x86)\NVIDIA Corporation\PhysX\Common;C:\Program Files\NVIDIA Corporation\NVIDIA NvDLISR;C:\Users\Destroy\.dnx\bin;C:\Program Files\Microsoft DNX\Dnvm\;C:\Program Files\Microsoft SQL Server\130\Tools\Binn\;D:\Git\cmd;C:\Program Files\dotnet\;C:\Program Files\NVIDIA Corporation\Nsight Compute 2021.2.2\;C:\Program Files\Microsoft SQL Server\Client SDK\ODBC\170\Tools\Binn\;C:\Program Files\nodejs\;C:\WINDOWS\system32;C:\WINDOWS;C:\WINDOWS\System32\Wbem;C:\WINDOWS\System32\WindowsPowerShell\v1.0\;C:\WINDOWS\System32\OpenSSH\;C:;C:\Program Files (x86)\scala\bin;C:\Users\Destroy\AppData\Local\bin\NASM;D:\U_pro\A_GAME\python-envs;C:\Program Files\MySQL\MySQL Shell 8.0\bin\;D:\ANACONDA\envs\tf;C:\Users\Destroy\AppData\Local\Programs\Python\Python39\Scripts\;C:\Users\Destroy\AppData\Local\Programs\Python\Python39\;C:\Users\Destroy\AppData\Local\Microsoft\WindowsApps;D:\texlive\2020\bin\win32;C:\Users\Destroy\.dotnet\tools;C:\Users\Destroy\AppData\Local\Programs\Fiddler;C:\Users\Destroy\AppData\Roaming\npm;C:\Users\Destroy\AppData\Local\Microsoft\WindowsApps;E:\Microsoft VS Code\bin;C:\MinGW\bin;C:\Users\Destroy\AppData\Local\bin\NASM;D:\U_pro\A_GAME\python-envs;
USERNAME=Destroy
OS=Windows_NT
PROCESSOR_IDENTIFIER=AMD64 Family 23 Model 113 Stepping 0, AuthenticAMD



---------------  S Y S T E M  ---------------

OS:
 Windows 10 , 64 bit Build 19041 (10.0.19041.2364)
OS uptime: 0 days 8:21 hours

CPU: total 12 (initial active 12) (12 cores per cpu, 2 threads per core) family 23 model 113 stepping 0 microcode 0x0, cmov, cx8, fxsr, mmx, sse, sse2, sse3, ssse3, sse4.1, sse4.2, popcnt, vzeroupper, avx, avx2, aes, clmul, 3dnowpref, lzcnt, sse4a, ht, tsc, tscinvbit, tscinv, bmi1, bmi2, adx, sha, fma, clflush, clflushopt

Memory: 4k page, system-wide physical 16280M (6398M free)
TotalPageFile size 29592M (AvailPageFile size 13903M)
current process WorkingSet (physical memory assigned to process): 77M, peak: 100M
current process commit charge ("private bytes"): 361M, peak: 384M

vm_info: OpenJDK 64-Bit Server VM (15.0.2+7-27) for windows-amd64 JRE (15.0.2+7-27), built on Dec  7 2020 20:02:38 by "mach5one" with unknown MS VC++:1925

END.
