#
# A fatal error has been detected by the Java Runtime Environment:
#
#  EXCEPTION_ACCESS_VIOLATION (0xc0000005) at pc=0x00007ffb4d470130, pid=8556, tid=19364
#
# JRE version: OpenJDK Runtime Environment (15.0.2+7) (build 15.0.2+7-27)
# Java VM: OpenJDK 64-Bit Server VM (15.0.2+7-27, mixed mode, sharing, tiered, compressed oops, g1 gc, windows-amd64)
# Problematic frame:
# C  [jniLLVM.dll+0xc0130]
#
# No core dump will be written. Minidumps are not enabled by default on client versions of Windows
#
# If you would like to submit a bug report, please visit:
#   https://bugreport.java.com/bugreport/crash.jsp
# The crash happened outside the Java Virtual Machine in native code.
# See problematic frame for where to report the bug.
#

---------------  S U M M A R Y ------------

Command Line: -agentlib:jdwp=transport=dt_socket,address=127.0.0.1:49723,suspend=y,server=n -javaagent:C:\Users\Destroy\AppData\Local\JetBrains\IntelliJIdea2021.3\captureAgent\debugger-agent.jar -Dfile.encoding=UTF-8 Main E:\\bianyiyuanli\\Lab\\src\\a.txt E:\\bianyiyuanli\\Lab\\src\\b.txt

Host: AMD Ryzen 5 3600 6-Core Processor              , 12 cores, 15G,  Windows 10 , 64 bit Build 19041 (10.0.19041.2364)
Time: Thu Jan 12 17:23:13 2023 中国标准时间 elapsed time: 36.152187 seconds (0d 0h 0m 36s)

---------------  T H R E A D  ---------------

Current thread (0x0000029d8ee8fa40):  JavaThread "main" [_thread_in_native, id=19364, stack(0x000000ab77d00000,0x000000ab77e00000)]

Stack: [0x000000ab77d00000,0x000000ab77e00000],  sp=0x000000ab77dfe478,  free space=1017k
Native frames: (J=compiled Java code, j=interpreted, Vv=VM code, C=native code)
C  [jniLLVM.dll+0xc0130]

Java frames: (J=compiled Java code, j=interpreted, Vv=VM code)
j  org.bytedeco.llvm.global.LLVM.LLVMTypeOf(Lorg/bytedeco/llvm/LLVM/LLVMValueRef;)Lorg/bytedeco/llvm/LLVM/LLVMTypeRef;+0
j  LLVMVisitor.getExpVal(LSysYParser$ExpContext;)Lorg/bytedeco/llvm/LLVM/LLVMValueRef;+716
j  LLVMVisitor.getCond(LSysYParser$CondContext;)Lorg/bytedeco/llvm/LLVM/LLVMValueRef;+31
j  LLVMVisitor.visitStmt(LSysYParser$StmtContext;)Lorg/bytedeco/llvm/LLVM/LLVMValueRef;+238
j  LLVMVisitor.visitStmt(LSysYParser$StmtContext;)Ljava/lang/Object;+2
j  SysYParser$StmtContext.accept(Lorg/antlr/v4/runtime/tree/ParseTreeVisitor;)Ljava/lang/Object;+12
j  org.antlr.v4.runtime.tree.AbstractParseTreeVisitor.visitChildren(Lorg/antlr/v4/runtime/tree/RuleNode;)Ljava/lang/Object;+46
j  SysYParserBaseVisitor.visitBlockItem(LSysYParser$BlockItemContext;)Ljava/lang/Object;+2
j  SysYParser$BlockItemContext.accept(Lorg/antlr/v4/runtime/tree/ParseTreeVisitor;)Ljava/lang/Object;+12
j  org.antlr.v4.runtime.tree.AbstractParseTreeVisitor.visitChildren(Lorg/antlr/v4/runtime/tree/RuleNode;)Ljava/lang/Object;+46
j  SysYParserBaseVisitor.visitBlock(LSysYParser$BlockContext;)Ljava/lang/Object;+2
j  LLVMVisitor.visitBlock(LSysYParser$BlockContext;)Lorg/bytedeco/llvm/LLVM/LLVMValueRef;+32
j  LLVMVisitor.visitBlock(LSysYParser$BlockContext;)Ljava/lang/Object;+2
j  SysYParser$BlockContext.accept(Lorg/antlr/v4/runtime/tree/ParseTreeVisitor;)Ljava/lang/Object;+12
j  org.antlr.v4.runtime.tree.AbstractParseTreeVisitor.visitChildren(Lorg/antlr/v4/runtime/tree/RuleNode;)Ljava/lang/Object;+46
j  SysYParserBaseVisitor.visitFuncDef(LSysYParser$FuncDefContext;)Ljava/lang/Object;+2
j  LLVMVisitor.visitFuncDef(LSysYParser$FuncDefContext;)Lorg/bytedeco/llvm/LLVM/LLVMValueRef;+350
j  LLVMVisitor.visitFuncDef(LSysYParser$FuncDefContext;)Ljava/lang/Object;+2
j  SysYParser$FuncDefContext.accept(Lorg/antlr/v4/runtime/tree/ParseTreeVisitor;)Ljava/lang/Object;+12
j  org.antlr.v4.runtime.tree.AbstractParseTreeVisitor.visitChildren(Lorg/antlr/v4/runtime/tree/RuleNode;)Ljava/lang/Object;+46
j  SysYParserBaseVisitor.visitCompUnit(LSysYParser$CompUnitContext;)Ljava/lang/Object;+2
j  LLVMVisitor.visitCompUnit(LSysYParser$CompUnitContext;)Lorg/bytedeco/llvm/LLVM/LLVMValueRef;+13
j  LLVMVisitor.visitCompUnit(LSysYParser$CompUnitContext;)Ljava/lang/Object;+2
j  SysYParser$CompUnitContext.accept(Lorg/antlr/v4/runtime/tree/ParseTreeVisitor;)Ljava/lang/Object;+12
j  org.antlr.v4.runtime.tree.AbstractParseTreeVisitor.visitChildren(Lorg/antlr/v4/runtime/tree/RuleNode;)Ljava/lang/Object;+46
j  SysYParserBaseVisitor.visitProgram(LSysYParser$ProgramContext;)Ljava/lang/Object;+2
j  SysYParser$ProgramContext.accept(Lorg/antlr/v4/runtime/tree/ParseTreeVisitor;)Ljava/lang/Object;+12
j  org.antlr.v4.runtime.tree.AbstractParseTreeVisitor.visit(Lorg/antlr/v4/runtime/tree/ParseTree;)Ljava/lang/Object;+2
j  Main.main([Ljava/lang/String;)V+94
v  ~StubRoutines::call_stub

siginfo: EXCEPTION_ACCESS_VIOLATION (0xc0000005), reading address 0x0000000000000000


Register to memory mapping:

RIP=0x00007ffb4d470130 jniLLVM.dll
RAX=0x0 is NULL
RBX={method} {0x0000029db2f35238} 'LLVMTypeOf' '(Lorg/bytedeco/llvm/LLVM/LLVMValueRef;)Lorg/bytedeco/llvm/LLVM/LLVMTypeRef;' in 'org/bytedeco/llvm/global/LLVM'
RCX=0x0 is NULL
RDX=0x000000ab77dfe530 is pointing into the stack for thread: 0x0000029d8ee8fa40
RSP=0x000000ab77dfe478 is pointing into the stack for thread: 0x0000029d8ee8fa40
RBP=0x000000ab77dfe520 is pointing into the stack for thread: 0x0000029d8ee8fa40
RSI=0x0000000000000180 is an unknown value
RDI=0x0000029d8ee8fd68 points into unknown readable memory: 0x00007ffb5cc3de40 | 40 de c3 5c fb 7f 00 00
R8 =0x0 is NULL
R9 =0x0 is NULL
R10=0x0000029d970d5ed3 is at code_begin+1971 in an Interpreter codelet
method entry point (kind = native)  [0x0000029d970d5720, 0x0000029d970d6a00]  4832 bytes
R11=0x00000007117f8618 is an oop: java.lang.Class 
{0x00000007117f8618} - klass: 'java/lang/Class'
R12=0x0 is NULL
R13={method} {0x0000029db2f35238} 'LLVMTypeOf' '(Lorg/bytedeco/llvm/LLVM/LLVMValueRef;)Lorg/bytedeco/llvm/LLVM/LLVMTypeRef;' in 'org/bytedeco/llvm/global/LLVM'
R14=0x000000ab77dfe540 is pointing into the stack for thread: 0x0000029d8ee8fa40
R15=0x0000029d8ee8fa40 is a thread


Registers:
RAX=0x0000000000000000, RBX=0x0000029db2f35230, RCX=0x0000000000000000, RDX=0x000000ab77dfe530
RSP=0x000000ab77dfe478, RBP=0x000000ab77dfe520, RSI=0x0000000000000180, RDI=0x0000029d8ee8fd68
R8 =0x0000000000000000, R9 =0x0000000000000000, R10=0x0000029d970d5ed3, R11=0x00000007117f8618
R12=0x0000000000000000, R13=0x0000029db2f35230, R14=0x000000ab77dfe540, R15=0x0000029d8ee8fa40
RIP=0x00007ffb4d470130, EFLAGS=0x0000000000010246

Top of Stack: (sp=0x000000ab77dfe478)
0x000000ab77dfe478:   00007ffb4d4759b4 0000029d8ee8fa00
0x000000ab77dfe488:   0000029db2f35230 0000029db2f35230
0x000000ab77dfe498:   0000000000000000 000000000000008b
0x000000ab77dfe4a8:   0000029d970d5f02 0000029db2f35230
0x000000ab77dfe4b8:   0000000000000180 000000ab77dfe520
0x000000ab77dfe4c8:   0000029d970cc8b0 0000029d970d57d6
0x000000ab77dfe4d8:   000000ab77dfe4d8 0000029db2f35230
0x000000ab77dfe4e8:   000000ab77dfe540 0000029db2f870f0
0x000000ab77dfe4f8:   0000000000000000 00000007117f8618
0x000000ab77dfe508:   0000029db2f35230 0000000000000000
0x000000ab77dfe518:   000000ab77dfe540 000000ab77dfe590
0x000000ab77dfe528:   0000029d970cc8b0 00000007117f8618
0x000000ab77dfe538:   0000029d970d0f3b 0000000000000000
0x000000ab77dfe548:   000000ab77dfe548 0000029db2f11134
0x000000ab77dfe558:   000000ab77dfe5d8 0000029db2f19560
0x000000ab77dfe568:   0000000000000000 00000007117a7370 

Instructions: (pc=0x00007ffb4d470130)
0x00007ffb4d470030:   15 bb 9f 4e 04 48 8d 4c 24 20 e8 65 85 44 02 cc
0x00007ffb4d470040:   40 53 48 83 ec 20 48 8b d9 48 8b c2 48 8d 0d 25
0x00007ffb4d470050:   b4 36 04 0f 57 c0 48 8d 53 08 48 89 0b 48 8d 48
0x00007ffb4d470060:   08 0f 11 02 ff 15 be b7 48 02 48 8d 05 47 b4 36
0x00007ffb4d470070:   04 48 89 03 48 8b c3 48 83 c4 20 5b c3 cc cc cc
0x00007ffb4d470080:   40 53 48 83 ec 20 48 8b d9 48 8b c2 48 8d 0d e5
0x00007ffb4d470090:   b3 36 04 0f 57 c0 48 8d 53 08 48 89 0b 48 8d 48
0x00007ffb4d4700a0:   08 0f 11 02 ff 15 7e b7 48 02 48 8d 05 df b3 36
0x00007ffb4d4700b0:   04 48 89 03 48 8b c3 48 83 c4 20 5b c3 cc cc cc
0x00007ffb4d4700c0:   48 83 ec 28 48 8d 0d 2d b4 36 04 ff 15 ff b6 48
0x00007ffb4d4700d0:   02 cc cc cc cc cc cc cc cc cc cc cc cc cc cc cc
0x00007ffb4d4700e0:   48 89 11 48 85 d2 74 19 48 c7 c0 ff ff ff ff 90
0x00007ffb4d4700f0:   48 ff c0 80 3c 02 00 75 f7 48 89 41 08 48 8b c1
0x00007ffb4d470100:   c3 48 c7 41 08 00 00 00 00 48 8b c1 c3 cc cc cc
0x00007ffb4d470110:   48 83 7a 18 10 48 8b c2 72 03 48 8b 02 48 89 01
0x00007ffb4d470120:   48 8b 42 10 48 89 41 08 48 8b c1 c3 cc cc cc cc
0x00007ffb4d470130:   48 8b 01 c3 cc cc cc cc cc cc cc cc cc cc cc cc
0x00007ffb4d470140:   48 8b 41 08 c3 cc cc cc cc cc cc cc cc cc cc cc
0x00007ffb4d470150:   40 53 48 83 ec 20 48 8b da 33 c0 48 8b 11 48 85
0x00007ffb4d470160:   d2 75 1a 48 89 03 48 89 43 10 48 c7 43 18 0f 00
0x00007ffb4d470170:   00 00 88 03 48 8b c3 48 83 c4 20 5b c3 4c 8b 41
0x00007ffb4d470180:   08 48 8b cb 48 89 03 48 89 43 10 48 c7 43 18 0f
0x00007ffb4d470190:   00 00 00 88 03 e8 56 12 06 00 48 8b c3 48 83 c4
0x00007ffb4d4701a0:   20 5b c3 cc cc cc cc cc cc cc cc cc cc cc cc cc
0x00007ffb4d4701b0:   66 c7 41 20 04 01 48 8b c1 48 89 11 c3 cc cc cc
0x00007ffb4d4701c0:   0f b6 41 10 c3 cc cc cc cc cc cc cc cc cc cc cc
0x00007ffb4d4701d0:   48 89 5c 24 08 57 48 83 ec 20 8b 41 08 48 8b d9
0x00007ffb4d4701e0:   8b fa 3b d0 72 1d 41 b8 50 04 00 00 48 8d 15 1d
0x00007ffb4d4701f0:   b3 36 04 48 8d 0d d6 b3 36 04 ff 15 88 b8 48 02
0x00007ffb4d470200:   8b 43 08 48 2b f8 48 8d 04 fb 48 8b 5c 24 30 48
0x00007ffb4d470210:   83 c4 20 5f c3 cc cc cc cc cc cc cc cc cc cc cc
0x00007ffb4d470220:   48 83 ec 38 0f 10 02 41 b1 01 48 8d 54 24 20 45 


Stack slot to memory mapping:
stack at sp + 0 slots: 0x00007ffb4d4759b4 jniLLVM.dll
stack at sp + 1 slots: 0x0000029d8ee8fa00 points into unknown readable memory: 0x0000001400100000 | 00 00 10 00 14 00 00 00
stack at sp + 2 slots: {method} {0x0000029db2f35238} 'LLVMTypeOf' '(Lorg/bytedeco/llvm/LLVM/LLVMValueRef;)Lorg/bytedeco/llvm/LLVM/LLVMTypeRef;' in 'org/bytedeco/llvm/global/LLVM'
stack at sp + 3 slots: {method} {0x0000029db2f35238} 'LLVMTypeOf' '(Lorg/bytedeco/llvm/LLVM/LLVMValueRef;)Lorg/bytedeco/llvm/LLVM/LLVMTypeRef;' in 'org/bytedeco/llvm/global/LLVM'
stack at sp + 4 slots: 0x0 is NULL
stack at sp + 5 slots: 0x000000000000008b is an unknown value
stack at sp + 6 slots: 0x0000029d970d5f02 is at code_begin+2018 in an Interpreter codelet
method entry point (kind = native)  [0x0000029d970d5720, 0x0000029d970d6a00]  4832 bytes
stack at sp + 7 slots: {method} {0x0000029db2f35238} 'LLVMTypeOf' '(Lorg/bytedeco/llvm/LLVM/LLVMValueRef;)Lorg/bytedeco/llvm/LLVM/LLVMTypeRef;' in 'org/bytedeco/llvm/global/LLVM'


---------------  P R O C E S S  ---------------

Threads class SMR info:
_java_thread_list=0x0000029db3471a00, length=14, elements={
0x0000029d8ee8fa40, 0x0000029db2996880, 0x0000029db2997360, 0x0000029db29b32e0,
0x0000029db29b60b0, 0x0000029db29b6a70, 0x0000029db29b7810, 0x0000029db29ba1d0,
0x0000029db29baad0, 0x0000029db3313900, 0x0000029db34713d0, 0x0000029db343a3b0,
0x0000029db349fe50, 0x0000029db34296e0
}

Java Threads: ( => current thread )
=>0x0000029d8ee8fa40 JavaThread "main" [_thread_in_native, id=19364, stack(0x000000ab77d00000,0x000000ab77e00000)]
  0x0000029db2996880 JavaThread "Reference Handler" daemon [_thread_blocked, id=10520, stack(0x000000ab78400000,0x000000ab78500000)]
  0x0000029db2997360 JavaThread "Finalizer" daemon [_thread_blocked, id=6224, stack(0x000000ab78500000,0x000000ab78600000)]
  0x0000029db29b32e0 JavaThread "Signal Dispatcher" daemon [_thread_blocked, id=10840, stack(0x000000ab78600000,0x000000ab78700000)]
  0x0000029db29b60b0 JavaThread "Attach Listener" daemon [_thread_blocked, id=1092, stack(0x000000ab78700000,0x000000ab78800000)]
  0x0000029db29b6a70 JavaThread "Service Thread" daemon [_thread_blocked, id=6256, stack(0x000000ab78800000,0x000000ab78900000)]
  0x0000029db29b7810 JavaThread "C2 CompilerThread0" daemon [_thread_blocked, id=19408, stack(0x000000ab78900000,0x000000ab78a00000)]
  0x0000029db29ba1d0 JavaThread "C1 CompilerThread0" daemon [_thread_blocked, id=13476, stack(0x000000ab78a00000,0x000000ab78b00000)]
  0x0000029db29baad0 JavaThread "Sweeper thread" daemon [_thread_blocked, id=7172, stack(0x000000ab78b00000,0x000000ab78c00000)]
  0x0000029db3313900 JavaThread "Common-Cleaner" daemon [_thread_blocked, id=11696, stack(0x000000ab78c00000,0x000000ab78d00000)]
  0x0000029db34713d0 JavaThread "JDWP Event Helper Thread" daemon [_thread_blocked, id=4768, stack(0x000000ab78e00000,0x000000ab78f00000)]
  0x0000029db343a3b0 JavaThread "Notification Thread" daemon [_thread_blocked, id=1884, stack(0x000000ab79000000,0x000000ab79100000)]
  0x0000029db349fe50 JavaThread "JavaCPP Deallocator" daemon [_thread_blocked, id=17820, stack(0x000000ab79300000,0x000000ab79400000)]
  0x0000029db34296e0 JavaThread "SIGINT handler" daemon [_thread_blocked, id=15936, stack(0x000000ab78d00000,0x000000ab78e00000)]

Other Threads:
  0x0000029db29938d0 VMThread "VM Thread" [stack: 0x000000ab78300000,0x000000ab78400000] [id=5028]
  0x0000029db344beb0 WatcherThread [stack: 0x000000ab79100000,0x000000ab79200000] [id=20372]
  0x0000029d8eee0030 GCTaskThread "GC Thread#0" [stack: 0x000000ab77e00000,0x000000ab77f00000] [id=4668]
  0x0000029db3b2b530 GCTaskThread "GC Thread#1" [stack: 0x000000ab79400000,0x000000ab79500000] [id=4812]
  0x0000029db3b29bb0 GCTaskThread "GC Thread#2" [stack: 0x000000ab79500000,0x000000ab79600000] [id=5708]
  0x0000029db3b2b860 GCTaskThread "GC Thread#3" [stack: 0x000000ab79600000,0x000000ab79700000] [id=3092]
  0x0000029db3b2a870 GCTaskThread "GC Thread#4" [stack: 0x000000ab79700000,0x000000ab79800000] [id=8936]
  0x0000029db3b28bc0 GCTaskThread "GC Thread#5" [stack: 0x000000ab79800000,0x000000ab79900000] [id=18580]
  0x0000029d8eef3f40 ConcurrentGCThread "G1 Main Marker" [stack: 0x000000ab77f00000,0x000000ab78000000] [id=3248]
  0x0000029d8eef57f0 ConcurrentGCThread "G1 Conc#0" [stack: 0x000000ab78000000,0x000000ab78100000] [id=19796]
  0x0000029d8ef5e240 ConcurrentGCThread "G1 Refine#0" [stack: 0x000000ab78100000,0x000000ab78200000] [id=8748]
  0x0000029db2886100 ConcurrentGCThread "G1 Young RemSet Sampling" [stack: 0x000000ab78200000,0x000000ab78300000] [id=11356]

Threads with active compile tasks:

VM state: not at safepoint (normal execution)

VM Mutex/Monitor currently owned by a thread: None

Heap address: 0x0000000701800000, size: 4072 MB, Compressed Oops mode: Zero based, Oop shift amount: 3
CDS archive(s) mapped at: [0x0000000800000000-0x0000000800b50000-0x0000000800b50000), size 11862016, SharedBaseAddress: 0x0000000800000000, ArchiveRelocationMode: 0.
Compressed class space mapped at: 0x0000000800b50000-0x0000000840b50000, size: 1073741824
Narrow klass base: 0x0000000800000000, Narrow klass shift: 3, Narrow klass range: 0x100000000

GC Precious Log:
 CPUs: 12 total, 12 available
 Memory: 16280M
 Large Page Support: Disabled
 NUMA Support: Disabled
 Compressed Oops: Enabled (Zero based)
 Heap Region Size: 2M
 Heap Min Capacity: 8M
 Heap Initial Capacity: 256M
 Heap Max Capacity: 4072M
 Pre-touch: Disabled
 Parallel Workers: 10
 Concurrent Workers: 3
 Concurrent Refinement Workers: 10
 Periodic GC: Disabled

Heap:
 garbage-first heap   total 262144K, used 11987K [0x0000000701800000, 0x0000000800000000)
  region size 2048K, 8 young (16384K), 1 survivors (2048K)
 Metaspace       used 3968K, capacity 6545K, committed 6656K, reserved 1056768K
  class space    used 415K, capacity 666K, committed 768K, reserved 1048576K

Heap Regions: E=young(eden), S=young(survivor), O=old, HS=humongous(starts), HC=humongous(continues), CS=collection set, F=free, OA=open archive, CA=closed archive, TAMS=top-at-mark-start (previous, next)
|   0|0x0000000701800000, 0x0000000701800000, 0x0000000701a00000|  0%| F|  |TAMS 0x0000000701800000, 0x0000000701800000| Untracked 
|   1|0x0000000701a00000, 0x0000000701a00000, 0x0000000701c00000|  0%| F|  |TAMS 0x0000000701a00000, 0x0000000701a00000| Untracked 
|   2|0x0000000701c00000, 0x0000000701c00000, 0x0000000701e00000|  0%| F|  |TAMS 0x0000000701c00000, 0x0000000701c00000| Untracked 
|   3|0x0000000701e00000, 0x0000000701e00000, 0x0000000702000000|  0%| F|  |TAMS 0x0000000701e00000, 0x0000000701e00000| Untracked 
|   4|0x0000000702000000, 0x0000000702000000, 0x0000000702200000|  0%| F|  |TAMS 0x0000000702000000, 0x0000000702000000| Untracked 
|   5|0x0000000702200000, 0x0000000702200000, 0x0000000702400000|  0%| F|  |TAMS 0x0000000702200000, 0x0000000702200000| Untracked 
|   6|0x0000000702400000, 0x0000000702400000, 0x0000000702600000|  0%| F|  |TAMS 0x0000000702400000, 0x0000000702400000| Untracked 
|   7|0x0000000702600000, 0x0000000702600000, 0x0000000702800000|  0%| F|  |TAMS 0x0000000702600000, 0x0000000702600000| Untracked 
|   8|0x0000000702800000, 0x0000000702800000, 0x0000000702a00000|  0%| F|  |TAMS 0x0000000702800000, 0x0000000702800000| Untracked 
|   9|0x0000000702a00000, 0x0000000702a00000, 0x0000000702c00000|  0%| F|  |TAMS 0x0000000702a00000, 0x0000000702a00000| Untracked 
|  10|0x0000000702c00000, 0x0000000702c00000, 0x0000000702e00000|  0%| F|  |TAMS 0x0000000702c00000, 0x0000000702c00000| Untracked 
|  11|0x0000000702e00000, 0x0000000702e00000, 0x0000000703000000|  0%| F|  |TAMS 0x0000000702e00000, 0x0000000702e00000| Untracked 
|  12|0x0000000703000000, 0x0000000703000000, 0x0000000703200000|  0%| F|  |TAMS 0x0000000703000000, 0x0000000703000000| Untracked 
|  13|0x0000000703200000, 0x0000000703200000, 0x0000000703400000|  0%| F|  |TAMS 0x0000000703200000, 0x0000000703200000| Untracked 
|  14|0x0000000703400000, 0x0000000703400000, 0x0000000703600000|  0%| F|  |TAMS 0x0000000703400000, 0x0000000703400000| Untracked 
|  15|0x0000000703600000, 0x0000000703600000, 0x0000000703800000|  0%| F|  |TAMS 0x0000000703600000, 0x0000000703600000| Untracked 
|  16|0x0000000703800000, 0x0000000703800000, 0x0000000703a00000|  0%| F|  |TAMS 0x0000000703800000, 0x0000000703800000| Untracked 
|  17|0x0000000703a00000, 0x0000000703a00000, 0x0000000703c00000|  0%| F|  |TAMS 0x0000000703a00000, 0x0000000703a00000| Untracked 
|  18|0x0000000703c00000, 0x0000000703c00000, 0x0000000703e00000|  0%| F|  |TAMS 0x0000000703c00000, 0x0000000703c00000| Untracked 
|  19|0x0000000703e00000, 0x0000000703e00000, 0x0000000704000000|  0%| F|  |TAMS 0x0000000703e00000, 0x0000000703e00000| Untracked 
|  20|0x0000000704000000, 0x0000000704000000, 0x0000000704200000|  0%| F|  |TAMS 0x0000000704000000, 0x0000000704000000| Untracked 
|  21|0x0000000704200000, 0x0000000704200000, 0x0000000704400000|  0%| F|  |TAMS 0x0000000704200000, 0x0000000704200000| Untracked 
|  22|0x0000000704400000, 0x0000000704400000, 0x0000000704600000|  0%| F|  |TAMS 0x0000000704400000, 0x0000000704400000| Untracked 
|  23|0x0000000704600000, 0x0000000704600000, 0x0000000704800000|  0%| F|  |TAMS 0x0000000704600000, 0x0000000704600000| Untracked 
|  24|0x0000000704800000, 0x0000000704800000, 0x0000000704a00000|  0%| F|  |TAMS 0x0000000704800000, 0x0000000704800000| Untracked 
|  25|0x0000000704a00000, 0x0000000704a00000, 0x0000000704c00000|  0%| F|  |TAMS 0x0000000704a00000, 0x0000000704a00000| Untracked 
|  26|0x0000000704c00000, 0x0000000704c00000, 0x0000000704e00000|  0%| F|  |TAMS 0x0000000704c00000, 0x0000000704c00000| Untracked 
|  27|0x0000000704e00000, 0x0000000704e00000, 0x0000000705000000|  0%| F|  |TAMS 0x0000000704e00000, 0x0000000704e00000| Untracked 
|  28|0x0000000705000000, 0x0000000705000000, 0x0000000705200000|  0%| F|  |TAMS 0x0000000705000000, 0x0000000705000000| Untracked 
|  29|0x0000000705200000, 0x0000000705200000, 0x0000000705400000|  0%| F|  |TAMS 0x0000000705200000, 0x0000000705200000| Untracked 
|  30|0x0000000705400000, 0x0000000705400000, 0x0000000705600000|  0%| F|  |TAMS 0x0000000705400000, 0x0000000705400000| Untracked 
|  31|0x0000000705600000, 0x0000000705600000, 0x0000000705800000|  0%| F|  |TAMS 0x0000000705600000, 0x0000000705600000| Untracked 
|  32|0x0000000705800000, 0x0000000705800000, 0x0000000705a00000|  0%| F|  |TAMS 0x0000000705800000, 0x0000000705800000| Untracked 
|  33|0x0000000705a00000, 0x0000000705a00000, 0x0000000705c00000|  0%| F|  |TAMS 0x0000000705a00000, 0x0000000705a00000| Untracked 
|  34|0x0000000705c00000, 0x0000000705c00000, 0x0000000705e00000|  0%| F|  |TAMS 0x0000000705c00000, 0x0000000705c00000| Untracked 
|  35|0x0000000705e00000, 0x0000000705e00000, 0x0000000706000000|  0%| F|  |TAMS 0x0000000705e00000, 0x0000000705e00000| Untracked 
|  36|0x0000000706000000, 0x0000000706000000, 0x0000000706200000|  0%| F|  |TAMS 0x0000000706000000, 0x0000000706000000| Untracked 
|  37|0x0000000706200000, 0x0000000706200000, 0x0000000706400000|  0%| F|  |TAMS 0x0000000706200000, 0x0000000706200000| Untracked 
|  38|0x0000000706400000, 0x0000000706400000, 0x0000000706600000|  0%| F|  |TAMS 0x0000000706400000, 0x0000000706400000| Untracked 
|  39|0x0000000706600000, 0x0000000706600000, 0x0000000706800000|  0%| F|  |TAMS 0x0000000706600000, 0x0000000706600000| Untracked 
|  40|0x0000000706800000, 0x0000000706800000, 0x0000000706a00000|  0%| F|  |TAMS 0x0000000706800000, 0x0000000706800000| Untracked 
|  41|0x0000000706a00000, 0x0000000706a00000, 0x0000000706c00000|  0%| F|  |TAMS 0x0000000706a00000, 0x0000000706a00000| Untracked 
|  42|0x0000000706c00000, 0x0000000706c00000, 0x0000000706e00000|  0%| F|  |TAMS 0x0000000706c00000, 0x0000000706c00000| Untracked 
|  43|0x0000000706e00000, 0x0000000706e00000, 0x0000000707000000|  0%| F|  |TAMS 0x0000000706e00000, 0x0000000706e00000| Untracked 
|  44|0x0000000707000000, 0x0000000707000000, 0x0000000707200000|  0%| F|  |TAMS 0x0000000707000000, 0x0000000707000000| Untracked 
|  45|0x0000000707200000, 0x0000000707200000, 0x0000000707400000|  0%| F|  |TAMS 0x0000000707200000, 0x0000000707200000| Untracked 
|  46|0x0000000707400000, 0x0000000707400000, 0x0000000707600000|  0%| F|  |TAMS 0x0000000707400000, 0x0000000707400000| Untracked 
|  47|0x0000000707600000, 0x0000000707600000, 0x0000000707800000|  0%| F|  |TAMS 0x0000000707600000, 0x0000000707600000| Untracked 
|  48|0x0000000707800000, 0x0000000707800000, 0x0000000707a00000|  0%| F|  |TAMS 0x0000000707800000, 0x0000000707800000| Untracked 
|  49|0x0000000707a00000, 0x0000000707a00000, 0x0000000707c00000|  0%| F|  |TAMS 0x0000000707a00000, 0x0000000707a00000| Untracked 
|  50|0x0000000707c00000, 0x0000000707c00000, 0x0000000707e00000|  0%| F|  |TAMS 0x0000000707c00000, 0x0000000707c00000| Untracked 
|  51|0x0000000707e00000, 0x0000000707e00000, 0x0000000708000000|  0%| F|  |TAMS 0x0000000707e00000, 0x0000000707e00000| Untracked 
|  52|0x0000000708000000, 0x0000000708000000, 0x0000000708200000|  0%| F|  |TAMS 0x0000000708000000, 0x0000000708000000| Untracked 
|  53|0x0000000708200000, 0x0000000708200000, 0x0000000708400000|  0%| F|  |TAMS 0x0000000708200000, 0x0000000708200000| Untracked 
|  54|0x0000000708400000, 0x0000000708400000, 0x0000000708600000|  0%| F|  |TAMS 0x0000000708400000, 0x0000000708400000| Untracked 
|  55|0x0000000708600000, 0x0000000708600000, 0x0000000708800000|  0%| F|  |TAMS 0x0000000708600000, 0x0000000708600000| Untracked 
|  56|0x0000000708800000, 0x0000000708800000, 0x0000000708a00000|  0%| F|  |TAMS 0x0000000708800000, 0x0000000708800000| Untracked 
|  57|0x0000000708a00000, 0x0000000708a00000, 0x0000000708c00000|  0%| F|  |TAMS 0x0000000708a00000, 0x0000000708a00000| Untracked 
|  58|0x0000000708c00000, 0x0000000708c00000, 0x0000000708e00000|  0%| F|  |TAMS 0x0000000708c00000, 0x0000000708c00000| Untracked 
|  59|0x0000000708e00000, 0x0000000708e00000, 0x0000000709000000|  0%| F|  |TAMS 0x0000000708e00000, 0x0000000708e00000| Untracked 
|  60|0x0000000709000000, 0x0000000709000000, 0x0000000709200000|  0%| F|  |TAMS 0x0000000709000000, 0x0000000709000000| Untracked 
|  61|0x0000000709200000, 0x0000000709200000, 0x0000000709400000|  0%| F|  |TAMS 0x0000000709200000, 0x0000000709200000| Untracked 
|  62|0x0000000709400000, 0x0000000709400000, 0x0000000709600000|  0%| F|  |TAMS 0x0000000709400000, 0x0000000709400000| Untracked 
|  63|0x0000000709600000, 0x0000000709600000, 0x0000000709800000|  0%| F|  |TAMS 0x0000000709600000, 0x0000000709600000| Untracked 
|  64|0x0000000709800000, 0x0000000709800000, 0x0000000709a00000|  0%| F|  |TAMS 0x0000000709800000, 0x0000000709800000| Untracked 
|  65|0x0000000709a00000, 0x0000000709a00000, 0x0000000709c00000|  0%| F|  |TAMS 0x0000000709a00000, 0x0000000709a00000| Untracked 
|  66|0x0000000709c00000, 0x0000000709c00000, 0x0000000709e00000|  0%| F|  |TAMS 0x0000000709c00000, 0x0000000709c00000| Untracked 
|  67|0x0000000709e00000, 0x0000000709e00000, 0x000000070a000000|  0%| F|  |TAMS 0x0000000709e00000, 0x0000000709e00000| Untracked 
|  68|0x000000070a000000, 0x000000070a000000, 0x000000070a200000|  0%| F|  |TAMS 0x000000070a000000, 0x000000070a000000| Untracked 
|  69|0x000000070a200000, 0x000000070a200000, 0x000000070a400000|  0%| F|  |TAMS 0x000000070a200000, 0x000000070a200000| Untracked 
|  70|0x000000070a400000, 0x000000070a400000, 0x000000070a600000|  0%| F|  |TAMS 0x000000070a400000, 0x000000070a400000| Untracked 
|  71|0x000000070a600000, 0x000000070a600000, 0x000000070a800000|  0%| F|  |TAMS 0x000000070a600000, 0x000000070a600000| Untracked 
|  72|0x000000070a800000, 0x000000070a800000, 0x000000070aa00000|  0%| F|  |TAMS 0x000000070a800000, 0x000000070a800000| Untracked 
|  73|0x000000070aa00000, 0x000000070aa00000, 0x000000070ac00000|  0%| F|  |TAMS 0x000000070aa00000, 0x000000070aa00000| Untracked 
|  74|0x000000070ac00000, 0x000000070ac00000, 0x000000070ae00000|  0%| F|  |TAMS 0x000000070ac00000, 0x000000070ac00000| Untracked 
|  75|0x000000070ae00000, 0x000000070ae00000, 0x000000070b000000|  0%| F|  |TAMS 0x000000070ae00000, 0x000000070ae00000| Untracked 
|  76|0x000000070b000000, 0x000000070b000000, 0x000000070b200000|  0%| F|  |TAMS 0x000000070b000000, 0x000000070b000000| Untracked 
|  77|0x000000070b200000, 0x000000070b200000, 0x000000070b400000|  0%| F|  |TAMS 0x000000070b200000, 0x000000070b200000| Untracked 
|  78|0x000000070b400000, 0x000000070b400000, 0x000000070b600000|  0%| F|  |TAMS 0x000000070b400000, 0x000000070b400000| Untracked 
|  79|0x000000070b600000, 0x000000070b600000, 0x000000070b800000|  0%| F|  |TAMS 0x000000070b600000, 0x000000070b600000| Untracked 
|  80|0x000000070b800000, 0x000000070b800000, 0x000000070ba00000|  0%| F|  |TAMS 0x000000070b800000, 0x000000070b800000| Untracked 
|  81|0x000000070ba00000, 0x000000070ba00000, 0x000000070bc00000|  0%| F|  |TAMS 0x000000070ba00000, 0x000000070ba00000| Untracked 
|  82|0x000000070bc00000, 0x000000070bc00000, 0x000000070be00000|  0%| F|  |TAMS 0x000000070bc00000, 0x000000070bc00000| Untracked 
|  83|0x000000070be00000, 0x000000070be00000, 0x000000070c000000|  0%| F|  |TAMS 0x000000070be00000, 0x000000070be00000| Untracked 
|  84|0x000000070c000000, 0x000000070c000000, 0x000000070c200000|  0%| F|  |TAMS 0x000000070c000000, 0x000000070c000000| Untracked 
|  85|0x000000070c200000, 0x000000070c200000, 0x000000070c400000|  0%| F|  |TAMS 0x000000070c200000, 0x000000070c200000| Untracked 
|  86|0x000000070c400000, 0x000000070c400000, 0x000000070c600000|  0%| F|  |TAMS 0x000000070c400000, 0x000000070c400000| Untracked 
|  87|0x000000070c600000, 0x000000070c600000, 0x000000070c800000|  0%| F|  |TAMS 0x000000070c600000, 0x000000070c600000| Untracked 
|  88|0x000000070c800000, 0x000000070c800000, 0x000000070ca00000|  0%| F|  |TAMS 0x000000070c800000, 0x000000070c800000| Untracked 
|  89|0x000000070ca00000, 0x000000070ca00000, 0x000000070cc00000|  0%| F|  |TAMS 0x000000070ca00000, 0x000000070ca00000| Untracked 
|  90|0x000000070cc00000, 0x000000070cc00000, 0x000000070ce00000|  0%| F|  |TAMS 0x000000070cc00000, 0x000000070cc00000| Untracked 
|  91|0x000000070ce00000, 0x000000070ce00000, 0x000000070d000000|  0%| F|  |TAMS 0x000000070ce00000, 0x000000070ce00000| Untracked 
|  92|0x000000070d000000, 0x000000070d000000, 0x000000070d200000|  0%| F|  |TAMS 0x000000070d000000, 0x000000070d000000| Untracked 
|  93|0x000000070d200000, 0x000000070d200000, 0x000000070d400000|  0%| F|  |TAMS 0x000000070d200000, 0x000000070d200000| Untracked 
|  94|0x000000070d400000, 0x000000070d400000, 0x000000070d600000|  0%| F|  |TAMS 0x000000070d400000, 0x000000070d400000| Untracked 
|  95|0x000000070d600000, 0x000000070d600000, 0x000000070d800000|  0%| F|  |TAMS 0x000000070d600000, 0x000000070d600000| Untracked 
|  96|0x000000070d800000, 0x000000070d800000, 0x000000070da00000|  0%| F|  |TAMS 0x000000070d800000, 0x000000070d800000| Untracked 
|  97|0x000000070da00000, 0x000000070da00000, 0x000000070dc00000|  0%| F|  |TAMS 0x000000070da00000, 0x000000070da00000| Untracked 
|  98|0x000000070dc00000, 0x000000070dc00000, 0x000000070de00000|  0%| F|  |TAMS 0x000000070dc00000, 0x000000070dc00000| Untracked 
|  99|0x000000070de00000, 0x000000070de00000, 0x000000070e000000|  0%| F|  |TAMS 0x000000070de00000, 0x000000070de00000| Untracked 
| 100|0x000000070e000000, 0x000000070e000000, 0x000000070e200000|  0%| F|  |TAMS 0x000000070e000000, 0x000000070e000000| Untracked 
| 101|0x000000070e200000, 0x000000070e200000, 0x000000070e400000|  0%| F|  |TAMS 0x000000070e200000, 0x000000070e200000| Untracked 
| 102|0x000000070e400000, 0x000000070e400000, 0x000000070e600000|  0%| F|  |TAMS 0x000000070e400000, 0x000000070e400000| Untracked 
| 103|0x000000070e600000, 0x000000070e600000, 0x000000070e800000|  0%| F|  |TAMS 0x000000070e600000, 0x000000070e600000| Untracked 
| 104|0x000000070e800000, 0x000000070e800000, 0x000000070ea00000|  0%| F|  |TAMS 0x000000070e800000, 0x000000070e800000| Untracked 
| 105|0x000000070ea00000, 0x000000070ea00000, 0x000000070ec00000|  0%| F|  |TAMS 0x000000070ea00000, 0x000000070ea00000| Untracked 
| 106|0x000000070ec00000, 0x000000070ec00000, 0x000000070ee00000|  0%| F|  |TAMS 0x000000070ec00000, 0x000000070ec00000| Untracked 
| 107|0x000000070ee00000, 0x000000070ee00000, 0x000000070f000000|  0%| F|  |TAMS 0x000000070ee00000, 0x000000070ee00000| Untracked 
| 108|0x000000070f000000, 0x000000070f000000, 0x000000070f200000|  0%| F|  |TAMS 0x000000070f000000, 0x000000070f000000| Untracked 
| 109|0x000000070f200000, 0x000000070f200000, 0x000000070f400000|  0%| F|  |TAMS 0x000000070f200000, 0x000000070f200000| Untracked 
| 110|0x000000070f400000, 0x000000070f400000, 0x000000070f600000|  0%| F|  |TAMS 0x000000070f400000, 0x000000070f400000| Untracked 
| 111|0x000000070f600000, 0x000000070f600000, 0x000000070f800000|  0%| F|  |TAMS 0x000000070f600000, 0x000000070f600000| Untracked 
| 112|0x000000070f800000, 0x000000070f800000, 0x000000070fa00000|  0%| F|  |TAMS 0x000000070f800000, 0x000000070f800000| Untracked 
| 113|0x000000070fa00000, 0x000000070fa00000, 0x000000070fc00000|  0%| F|  |TAMS 0x000000070fa00000, 0x000000070fa00000| Untracked 
| 114|0x000000070fc00000, 0x000000070fc00000, 0x000000070fe00000|  0%| F|  |TAMS 0x000000070fc00000, 0x000000070fc00000| Untracked 
| 115|0x000000070fe00000, 0x000000070fe00000, 0x0000000710000000|  0%| F|  |TAMS 0x000000070fe00000, 0x000000070fe00000| Untracked 
| 116|0x0000000710000000, 0x00000007101b4f60, 0x0000000710200000| 85%| S|CS|TAMS 0x0000000710000000, 0x0000000710000000| Complete 
| 117|0x0000000710200000, 0x0000000710200000, 0x0000000710400000|  0%| F|  |TAMS 0x0000000710200000, 0x0000000710200000| Untracked 
| 118|0x0000000710400000, 0x0000000710400000, 0x0000000710600000|  0%| F|  |TAMS 0x0000000710400000, 0x0000000710400000| Untracked 
| 119|0x0000000710600000, 0x0000000710600000, 0x0000000710800000|  0%| F|  |TAMS 0x0000000710600000, 0x0000000710600000| Untracked 
| 120|0x0000000710800000, 0x0000000710800000, 0x0000000710a00000|  0%| F|  |TAMS 0x0000000710800000, 0x0000000710800000| Untracked 
| 121|0x0000000710a00000, 0x0000000710a53170, 0x0000000710c00000| 16%| E|  |TAMS 0x0000000710a00000, 0x0000000710a00000| Complete 
| 122|0x0000000710c00000, 0x0000000710e00000, 0x0000000710e00000|100%| E|CS|TAMS 0x0000000710c00000, 0x0000000710c00000| Complete 
| 123|0x0000000710e00000, 0x0000000711000000, 0x0000000711000000|100%| E|CS|TAMS 0x0000000710e00000, 0x0000000710e00000| Complete 
| 124|0x0000000711000000, 0x0000000711200000, 0x0000000711200000|100%| E|CS|TAMS 0x0000000711000000, 0x0000000711000000| Complete 
| 125|0x0000000711200000, 0x0000000711400000, 0x0000000711400000|100%| E|  |TAMS 0x0000000711200000, 0x0000000711200000| Complete 
| 126|0x0000000711400000, 0x0000000711600000, 0x0000000711600000|100%| E|CS|TAMS 0x0000000711400000, 0x0000000711400000| Complete 
| 127|0x0000000711600000, 0x0000000711800000, 0x0000000711800000|100%| E|CS|TAMS 0x0000000711600000, 0x0000000711600000| Complete 

Card table byte_map: [0x0000029da6e10000,0x0000029da7610000] _byte_map_base: 0x0000029da3604000

Marking Bits (Prev, Next): (CMBitMap*) 0x0000029d8eee1740, (CMBitMap*) 0x0000029d8eee1780
 Prev Bits: [0x0000029da7e10000, 0x0000029dabdb0000)
 Next Bits: [0x0000029dabdb0000, 0x0000029dafd50000)

Polling page: 0x0000029d8cba0000

Metaspace:

Usage:
  Non-class:      5.74 MB capacity,     3.47 MB ( 60%) used,     2.27 MB ( 39%) free+waste,     4.44 KB ( <1%) overhead. 
      Class:    666.00 KB capacity,   415.38 KB ( 62%) used,   248.68 KB ( 37%) free+waste,     1.94 KB ( <1%) overhead. 
       Both:      6.39 MB capacity,     3.88 MB ( 61%) used,     2.51 MB ( 39%) free+waste,     6.38 KB ( <1%) overhead. 

Virtual space:
  Non-class space:        8.00 MB reserved,       5.75 MB ( 72%) committed 
      Class space:        1.00 GB reserved,     768.00 KB ( <1%) committed 
             Both:        1.01 GB reserved,       6.50 MB ( <1%) committed 

Chunk freelists:
   Non-Class:  9.00 KB
       Class:  6.00 KB
        Both:  15.00 KB

MaxMetaspaceSize: 17179869184.00 GB
CompressedClassSpaceSize: 1.00 GB

CodeHeap 'non-profiled nmethods': size=120000Kb used=533Kb max_used=533Kb free=119466Kb
 bounds [0x0000029d9eb90000, 0x0000029d9ee00000, 0x0000029da60c0000]
CodeHeap 'profiled nmethods': size=120000Kb used=2168Kb max_used=2168Kb free=117831Kb
 bounds [0x0000029d97660000, 0x0000029d978d0000, 0x0000029d9eb90000]
CodeHeap 'non-nmethods': size=5760Kb used=1244Kb max_used=1269Kb free=4515Kb
 bounds [0x0000029d970c0000, 0x0000029d97330000, 0x0000029d97660000]
 total_blobs=1417 nmethods=1004 adapters=326
 compilation: enabled
              stopped_count=0, restarted_count=0
 full_count=0

Compilation events (20 events):
Event: 0.588 Thread 0x0000029db29ba1d0  991       3       java.lang.invoke.LambdaForm$Name::<init> (54 bytes)
Event: 0.588 Thread 0x0000029db29ba1d0 nmethod 991 0x0000029d9787a890 code [0x0000029d9787aa40, 0x0000029d9787ad18]
Event: 0.588 Thread 0x0000029db29ba1d0  996       3       jdk.internal.org.objectweb.asm.Frame::push (59 bytes)
Event: 0.588 Thread 0x0000029db29ba1d0 nmethod 996 0x0000029d9787ae10 code [0x0000029d9787b060, 0x0000029d9787b7d8]
Event: 0.588 Thread 0x0000029db29ba1d0  995       3       jdk.internal.org.objectweb.asm.MethodWriter::visitTypeInsn (116 bytes)
Event: 0.589 Thread 0x0000029db29ba1d0 nmethod 995 0x0000029d9787bb10 code [0x0000029d9787bd00, 0x0000029d9787c108]
Event: 0.589 Thread 0x0000029db29ba1d0  999       3       java.util.ImmutableCollections$ListN::get (7 bytes)
Event: 0.589 Thread 0x0000029db29ba1d0 nmethod 999 0x0000029d9787c310 code [0x0000029d9787c4a0, 0x0000029d9787c5d8]
Event: 0.589 Thread 0x0000029db29ba1d0 1002       3       jdk.internal.org.objectweb.asm.SymbolTable::addConstantNameAndType (137 bytes)
Event: 0.589 Thread 0x0000029db29ba1d0 nmethod 1002 0x0000029d9787c690 code [0x0000029d9787c8e0, 0x0000029d9787d008]
Event: 0.589 Thread 0x0000029db29ba1d0 1003       3       jdk.internal.org.objectweb.asm.ByteVector::put11 (52 bytes)
Event: 0.589 Thread 0x0000029db29ba1d0 nmethod 1003 0x0000029d9787d490 code [0x0000029d9787d640, 0x0000029d9787d848]
Event: 0.589 Thread 0x0000029db29ba1d0  997       3       java.lang.invoke.MemberName::flagsMods (73 bytes)
Event: 0.589 Thread 0x0000029db29ba1d0 nmethod 997 0x0000029d9787d990 code [0x0000029d9787db20, 0x0000029d9787dc38]
Event: 0.590 Thread 0x0000029db29ba1d0 1001       1       java.lang.invoke.LambdaForm$Name::type (5 bytes)
Event: 0.590 Thread 0x0000029db29ba1d0 nmethod 1001 0x0000029d9ec12790 code [0x0000029d9ec12920, 0x0000029d9ec129d8]
Event: 0.591 Thread 0x0000029db349f570 nmethod 964 0x0000029d9ec12a90 code [0x0000029d9ec12c40, 0x0000029d9ec132e8]
Event: 0.599 Thread 0x0000029db29b7810 nmethod 939 0x0000029d9ec13690 code [0x0000029d9ec138c0, 0x0000029d9ec14d18]
Event: 0.767 Thread 0x0000029db29ba1d0 1004       3       jdk.internal.org.objectweb.asm.Frame::getInputStackSize (6 bytes)
Event: 0.767 Thread 0x0000029db29ba1d0 nmethod 1004 0x0000029d9787dd10 code [0x0000029d9787dea0, 0x0000029d9787dfb8]

GC Heap History (2 events):
Event: 0.446 GC heap before
{Heap before GC invocations=0 (full 0):
 garbage-first heap   total 262144K, used 22528K [0x0000000701800000, 0x0000000800000000)
  region size 2048K, 11 young (22528K), 0 survivors (0K)
 Metaspace       used 2618K, capacity 5453K, committed 5632K, reserved 1056768K
  class space    used 240K, capacity 495K, committed 512K, reserved 1048576K
}
Event: 0.448 GC heap after
{Heap after GC invocations=1 (full 0):
 garbage-first heap   total 262144K, used 1747K [0x0000000701800000, 0x0000000800000000)
  region size 2048K, 1 young (2048K), 1 survivors (2048K)
 Metaspace       used 2618K, capacity 5453K, committed 5632K, reserved 1056768K
  class space    used 240K, capacity 495K, committed 512K, reserved 1048576K
}

Deoptimization events (20 events):
Event: 0.576 Thread 0x0000029d8ee8fa40 DEOPT PACKING pc=0x0000029d9781ca7c sp=0x000000ab77dfdce0
Event: 0.576 Thread 0x0000029d8ee8fa40 DEOPT UNPACKING pc=0x0000029d9710e23f sp=0x000000ab77dfd6b0 mode 1
Event: 0.577 Thread 0x0000029d8ee8fa40 DEOPT PACKING pc=0x0000029d9781ca7c sp=0x000000ab77dfdce0
Event: 0.577 Thread 0x0000029d8ee8fa40 DEOPT UNPACKING pc=0x0000029d9710e23f sp=0x000000ab77dfd6b0 mode 1
Event: 0.577 Thread 0x0000029d8ee8fa40 DEOPT PACKING pc=0x0000029d9781ca7c sp=0x000000ab77dfdce0
Event: 0.577 Thread 0x0000029d8ee8fa40 DEOPT UNPACKING pc=0x0000029d9710e23f sp=0x000000ab77dfd6b0 mode 1
Event: 0.578 Thread 0x0000029d8ee8fa40 DEOPT PACKING pc=0x0000029d9781ca7c sp=0x000000ab77dfdce0
Event: 0.578 Thread 0x0000029d8ee8fa40 DEOPT UNPACKING pc=0x0000029d9710e23f sp=0x000000ab77dfd6b0 mode 1
Event: 0.578 Thread 0x0000029d8ee8fa40 DEOPT PACKING pc=0x0000029d9781ca7c sp=0x000000ab77dfdce0
Event: 0.578 Thread 0x0000029d8ee8fa40 DEOPT UNPACKING pc=0x0000029d9710e23f sp=0x000000ab77dfd6b0 mode 1
Event: 0.578 Thread 0x0000029d8ee8fa40 DEOPT PACKING pc=0x0000029d9781ca7c sp=0x000000ab77dfdce0
Event: 0.578 Thread 0x0000029d8ee8fa40 DEOPT UNPACKING pc=0x0000029d9710e23f sp=0x000000ab77dfd6b0 mode 1
Event: 0.579 Thread 0x0000029d8ee8fa40 DEOPT PACKING pc=0x0000029d978526d3 sp=0x000000ab77dfe080
Event: 0.579 Thread 0x0000029d8ee8fa40 DEOPT UNPACKING pc=0x0000029d9710e23f sp=0x000000ab77dfd598 mode 0
Event: 0.579 Thread 0x0000029d8ee8fa40 DEOPT PACKING pc=0x0000029d9781ca7c sp=0x000000ab77dfdce0
Event: 0.579 Thread 0x0000029d8ee8fa40 DEOPT UNPACKING pc=0x0000029d9710e23f sp=0x000000ab77dfd6b0 mode 1
Event: 0.695 Thread 0x0000029d8ee8fa40 Uncommon trap: trap_request=0xffffff45 fr.pc=0x0000029d9ebd2dc4 relative=0x0000000000000584
Event: 0.695 Thread 0x0000029d8ee8fa40 Uncommon trap: reason=unstable_if action=reinterpret pc=0x0000029d9ebd2dc4 method=java.lang.Integer.stringSize(I)I @ 24 c2
Event: 0.695 Thread 0x0000029d8ee8fa40 DEOPT PACKING pc=0x0000029d9ebd2dc4 sp=0x000000ab77dfd7e0
Event: 0.695 Thread 0x0000029d8ee8fa40 DEOPT UNPACKING pc=0x0000029d9710e42f sp=0x000000ab77dfd748 mode 2

Classes unloaded (0 events):
No events

Classes redefined (0 events):
No events

Internal exceptions (6 events):
Event: 0.191 Thread 0x0000029d8ee8fa40 Exception <a 'java/lang/NoSuchMethodError'{0x00000007115d6088}: 'int java.lang.invoke.DirectMethodHandle$Holder.invokeStaticInit(java.lang.Object, java.lang.Object, java.lang.Object, java.lang.Object)'> (0x00000007115d6088) 
thrown [./open/src/hotspot/share/interpreter/linkResolver.cpp, line 782]
Event: 0.192 Thread 0x0000029d8ee8fa40 Exception <a 'java/lang/NoSuchMethodError'{0x00000007115e0c88}: 'java.lang.Object java.lang.invoke.DirectMethodHandle$Holder.invokeInterface(java.lang.Object, java.lang.Object)'> (0x00000007115e0c88) 
thrown [./open/src/hotspot/share/interpreter/linkResolver.cpp, line 782]
Event: 0.192 Thread 0x0000029d8ee8fa40 Exception <a 'java/lang/IncompatibleClassChangeError'{0x00000007115e43d8}: Found class java.lang.Object, but interface was expected> (0x00000007115e43d8) 
thrown [./open/src/hotspot/share/interpreter/linkResolver.cpp, line 848]
Event: 0.192 Thread 0x0000029d8ee8fa40 Exception <a 'java/lang/NoSuchMethodError'{0x00000007115e7d78}: 'void java.lang.invoke.DirectMethodHandle$Holder.invokeStatic(java.lang.Object, java.lang.Object)'> (0x00000007115e7d78) 
thrown [./open/src/hotspot/share/interpreter/linkResolver.cpp, line 782]
Event: 0.193 Thread 0x0000029d8ee8fa40 Exception <a 'java/lang/NoSuchMethodError'{0x00000007115eb4d8}: 'void java.lang.invoke.DirectMethodHandle$Holder.invokeStaticInit(java.lang.Object, java.lang.Object)'> (0x00000007115eb4d8) 
thrown [./open/src/hotspot/share/interpreter/linkResolver.cpp, line 782]
Event: 0.193 Thread 0x0000029d8ee8fa40 Exception <a 'java/lang/NoSuchMethodError'{0x00000007115f3f08}: 'int java.lang.invoke.DirectMethodHandle$Holder.invokeStaticInit(java.lang.Object, java.lang.Object)'> (0x00000007115f3f08) 
thrown [./open/src/hotspot/share/interpreter/linkResolver.cpp, line 782]

Events (20 events):
Event: 7.282 Executing VM operation: GetStackTrace
Event: 7.282 Executing VM operation: GetStackTrace done
Event: 7.282 Executing VM operation: GetFrameCount
Event: 7.282 Executing VM operation: GetFrameCount done
Event: 7.282 Executing VM operation: GetStackTrace
Event: 7.282 Executing VM operation: GetStackTrace done
Event: 7.282 Executing VM operation: GetFrameCount
Event: 7.282 Executing VM operation: GetFrameCount done
Event: 7.282 Executing VM operation: GetStackTrace
Event: 7.282 Executing VM operation: GetStackTrace done
Event: 7.282 Executing VM operation: GetFrameCount
Event: 7.282 Executing VM operation: GetFrameCount done
Event: 7.282 Executing VM operation: GetStackTrace
Event: 7.282 Executing VM operation: GetStackTrace done
Event: 36.141 Thread 0x0000029db3472250 Thread exited: 0x0000029db3472250
Event: 36.141 Executing VM operation: ChangeBreakpoints
Event: 36.142 Executing VM operation: ChangeBreakpoints done
Event: 36.142 Executing VM operation: ChangeBreakpoints
Event: 36.142 Executing VM operation: ChangeBreakpoints done
Event: 36.142 Executing VM operation: ChangeBreakpoints


Dynamic libraries:
0x00007ff785000000 - 0x00007ff78500d000 	C:\Users\Destroy\.jdks\openjdk-15.0.2\bin\java.exe
0x00007ffbe2d70000 - 0x00007ffbe2f68000 	C:\WINDOWS\SYSTEM32\ntdll.dll
0x00007ffbe1e70000 - 0x00007ffbe1f2f000 	C:\WINDOWS\System32\KERNEL32.DLL
0x00007ffbe09f0000 - 0x00007ffbe0cc2000 	C:\WINDOWS\System32\KERNELBASE.dll
0x00007ffbe05e0000 - 0x00007ffbe06e0000 	C:\WINDOWS\System32\ucrtbase.dll
0x00007ffbdcc60000 - 0x00007ffbdcc78000 	C:\Users\Destroy\.jdks\openjdk-15.0.2\bin\jli.dll
0x00007ffbe0ed0000 - 0x00007ffbe1071000 	C:\WINDOWS\System32\USER32.dll
0x00007ffbe06e0000 - 0x00007ffbe0702000 	C:\WINDOWS\System32\win32u.dll
0x00007ffbcb850000 - 0x00007ffbcbaea000 	C:\WINDOWS\WinSxS\amd64_microsoft.windows.common-controls_6595b64144ccf1df_6.0.19041.1110_none_60b5254171f9507e\COMCTL32.dll
0x00007ffbe0ea0000 - 0x00007ffbe0ecb000 	C:\WINDOWS\System32\GDI32.dll
0x00007ffbe1130000 - 0x00007ffbe11ce000 	C:\WINDOWS\System32\msvcrt.dll
0x00007ffbe04d0000 - 0x00007ffbe05df000 	C:\WINDOWS\System32\gdi32full.dll
0x00007ffbdcc40000 - 0x00007ffbdcc59000 	C:\Users\Destroy\.jdks\openjdk-15.0.2\bin\VCRUNTIME140.dll
0x00007ffbe0870000 - 0x00007ffbe090d000 	C:\WINDOWS\System32\msvcp_win.dll
0x00007ffbe0e60000 - 0x00007ffbe0e92000 	C:\WINDOWS\System32\IMM32.DLL
0x00007ffbdcc90000 - 0x00007ffbdcc9c000 	C:\Users\Destroy\.jdks\openjdk-15.0.2\bin\vcruntime140_1.dll
0x00007ffbdcb60000 - 0x00007ffbdcbf1000 	C:\Users\Destroy\.jdks\openjdk-15.0.2\bin\msvcp140.dll
0x00007ffb5c240000 - 0x00007ffb5cd9e000 	C:\Users\Destroy\.jdks\openjdk-15.0.2\bin\server\jvm.dll
0x00007ffbe1080000 - 0x00007ffbe112e000 	C:\WINDOWS\System32\ADVAPI32.dll
0x00007ffbe2c90000 - 0x00007ffbe2d2c000 	C:\WINDOWS\System32\sechost.dll
0x00007ffbe2b60000 - 0x00007ffbe2c85000 	C:\WINDOWS\System32\RPCRT4.dll
0x00007ffbe1e60000 - 0x00007ffbe1e68000 	C:\WINDOWS\System32\PSAPI.DLL
0x00007ffbb9bc0000 - 0x00007ffbb9bc9000 	C:\WINDOWS\SYSTEM32\WSOCK32.dll
0x00007ffbd2d50000 - 0x00007ffbd2d77000 	C:\WINDOWS\SYSTEM32\WINMM.dll
0x00007ffbd8a90000 - 0x00007ffbd8a9a000 	C:\WINDOWS\SYSTEM32\VERSION.dll
0x00007ffbe1290000 - 0x00007ffbe12fb000 	C:\WINDOWS\System32\WS2_32.dll
0x00007ffbdece0000 - 0x00007ffbdecf2000 	C:\WINDOWS\SYSTEM32\kernel.appcore.dll
0x00007ffbdcc30000 - 0x00007ffbdcc3a000 	C:\Users\Destroy\.jdks\openjdk-15.0.2\bin\jimage.dll
0x00007ffbd0120000 - 0x00007ffbd0304000 	C:\WINDOWS\SYSTEM32\DBGHELP.DLL
0x00007ffbc8350000 - 0x00007ffbc8385000 	C:\WINDOWS\SYSTEM32\dbgcore.DLL
0x00007ffbe0960000 - 0x00007ffbe09e2000 	C:\WINDOWS\System32\bcryptPrimitives.dll
0x00007ffbc08d0000 - 0x00007ffbc0909000 	C:\Users\Destroy\.jdks\openjdk-15.0.2\bin\jdwp.dll
0x00007ffbd66c0000 - 0x00007ffbd66ce000 	C:\Users\Destroy\.jdks\openjdk-15.0.2\bin\instrument.dll
0x00007ffbd8b50000 - 0x00007ffbd8b75000 	C:\Users\Destroy\.jdks\openjdk-15.0.2\bin\java.dll
0x00007ffbc8280000 - 0x00007ffbc8298000 	C:\Users\Destroy\.jdks\openjdk-15.0.2\bin\zip.dll
0x00007ffbe1710000 - 0x00007ffbe1e54000 	C:\WINDOWS\System32\SHELL32.dll
0x00007ffbde390000 - 0x00007ffbdeb22000 	C:\WINDOWS\SYSTEM32\windows.storage.dll
0x00007ffbe1f90000 - 0x00007ffbe22e5000 	C:\WINDOWS\System32\combase.dll
0x00007ffbdfec0000 - 0x00007ffbdfef0000 	C:\WINDOWS\SYSTEM32\Wldp.dll
0x00007ffbe0db0000 - 0x00007ffbe0e5d000 	C:\WINDOWS\System32\SHCORE.dll
0x00007ffbe1f30000 - 0x00007ffbe1f85000 	C:\WINDOWS\System32\shlwapi.dll
0x00007ffbe03a0000 - 0x00007ffbe03bf000 	C:\WINDOWS\SYSTEM32\profapi.dll
0x00007ffbcbaf0000 - 0x00007ffbcbafb000 	C:\Users\Destroy\.jdks\openjdk-15.0.2\bin\dt_socket.dll
0x00007ffbdf8c0000 - 0x00007ffbdf8fb000 	C:\WINDOWS\SYSTEM32\IPHLPAPI.DLL
0x00007ffbb6e60000 - 0x00007ffbb6f6d000 	C:\WINDOWS\SysWOW64\ierd_tgp_lsp64.dll
0x00007ffbe1430000 - 0x00007ffbe155a000 	C:\WINDOWS\System32\ole32.dll
0x00007ffbdfc20000 - 0x00007ffbdfc8a000 	C:\WINDOWS\system32\mswsock.dll
0x00007ffbd23c0000 - 0x00007ffbd23d9000 	C:\Users\Destroy\.jdks\openjdk-15.0.2\bin\net.dll
0x00007ffbd8100000 - 0x00007ffbd820c000 	C:\WINDOWS\SYSTEM32\WINHTTP.dll
0x00007ffbd23a0000 - 0x00007ffbd23b2000 	C:\Users\Destroy\.jdks\openjdk-15.0.2\bin\nio.dll
0x0000029d8cea0000 - 0x0000029d8cea4000 	C:\Users\Destroy\.javacpp\cache\javacpp-1.5.7-windows-x86_64.jar\org\bytedeco\javacpp\windows-x86_64\api-ms-win-crt-locale-l1-1-0.dll
0x0000029d8ee30000 - 0x0000029d8ee35000 	C:\Users\Destroy\.javacpp\cache\javacpp-1.5.7-windows-x86_64.jar\org\bytedeco\javacpp\windows-x86_64\api-ms-win-crt-string-l1-1-0.dll
0x0000029d8ee40000 - 0x0000029d8ee45000 	C:\Users\Destroy\.javacpp\cache\javacpp-1.5.7-windows-x86_64.jar\org\bytedeco\javacpp\windows-x86_64\api-ms-win-crt-stdio-l1-1-0.dll
0x0000029d8ee50000 - 0x0000029d8ee56000 	C:\Users\Destroy\.javacpp\cache\javacpp-1.5.7-windows-x86_64.jar\org\bytedeco\javacpp\windows-x86_64\api-ms-win-crt-math-l1-1-0.dll
0x0000029db3e50000 - 0x0000029db3e54000 	C:\Users\Destroy\.javacpp\cache\javacpp-1.5.7-windows-x86_64.jar\org\bytedeco\javacpp\windows-x86_64\api-ms-win-crt-heap-l1-1-0.dll
0x0000029db3e60000 - 0x0000029db3e65000 	C:\Users\Destroy\.javacpp\cache\javacpp-1.5.7-windows-x86_64.jar\org\bytedeco\javacpp\windows-x86_64\api-ms-win-crt-runtime-l1-1-0.dll
0x0000029db3e70000 - 0x0000029db3e75000 	C:\Users\Destroy\.javacpp\cache\javacpp-1.5.7-windows-x86_64.jar\org\bytedeco\javacpp\windows-x86_64\api-ms-win-crt-convert-l1-1-0.dll
0x0000029db3e80000 - 0x0000029db3e84000 	C:\Users\Destroy\.javacpp\cache\javacpp-1.5.7-windows-x86_64.jar\org\bytedeco\javacpp\windows-x86_64\api-ms-win-crt-environment-l1-1-0.dll
0x0000029db3e90000 - 0x0000029db3e94000 	C:\Users\Destroy\.javacpp\cache\javacpp-1.5.7-windows-x86_64.jar\org\bytedeco\javacpp\windows-x86_64\api-ms-win-crt-time-l1-1-0.dll
0x0000029db3ea0000 - 0x0000029db3ea4000 	C:\Users\Destroy\.javacpp\cache\javacpp-1.5.7-windows-x86_64.jar\org\bytedeco\javacpp\windows-x86_64\api-ms-win-crt-filesystem-l1-1-0.dll
0x0000029db3eb0000 - 0x0000029db3eb4000 	C:\Users\Destroy\.javacpp\cache\javacpp-1.5.7-windows-x86_64.jar\org\bytedeco\javacpp\windows-x86_64\api-ms-win-crt-utility-l1-1-0.dll
0x0000029db3ec0000 - 0x0000029db3ec6000 	C:\Users\Destroy\.javacpp\cache\javacpp-1.5.7-windows-x86_64.jar\org\bytedeco\javacpp\windows-x86_64\api-ms-win-crt-multibyte-l1-1-0.dll
0x0000029db3ed0000 - 0x0000029db3ed4000 	C:\Users\Destroy\.javacpp\cache\javacpp-1.5.7-windows-x86_64.jar\org\bytedeco\javacpp\windows-x86_64\api-ms-win-crt-conio-l1-1-0.dll
0x0000029db3ee0000 - 0x0000029db3ef1000 	C:\Users\Destroy\.javacpp\cache\javacpp-1.5.7-windows-x86_64.jar\org\bytedeco\javacpp\windows-x86_64\api-ms-win-crt-private-l1-1-0.dll
0x0000029db3f00000 - 0x0000029db3f04000 	C:\Users\Destroy\.javacpp\cache\javacpp-1.5.7-windows-x86_64.jar\org\bytedeco\javacpp\windows-x86_64\api-ms-win-crt-process-l1-1-0.dll
0x0000029db3f10000 - 0x0000029db3f14000 	C:\Users\Destroy\.javacpp\cache\javacpp-1.5.7-windows-x86_64.jar\org\bytedeco\javacpp\windows-x86_64\api-ms-win-core-console-l1-2-0.dll
0x0000029db3f20000 - 0x0000029db3f24000 	C:\Users\Destroy\.javacpp\cache\javacpp-1.5.7-windows-x86_64.jar\org\bytedeco\javacpp\windows-x86_64\api-ms-win-core-string-l1-1-0.dll
0x0000029db3f30000 - 0x0000029db3f34000 	C:\Users\Destroy\.javacpp\cache\javacpp-1.5.7-windows-x86_64.jar\org\bytedeco\javacpp\windows-x86_64\api-ms-win-core-errorhandling-l1-1-0.dll
0x0000029db3f40000 - 0x0000029db3f44000 	C:\Users\Destroy\.javacpp\cache\javacpp-1.5.7-windows-x86_64.jar\org\bytedeco\javacpp\windows-x86_64\api-ms-win-core-timezone-l1-1-0.dll
0x0000029db3f50000 - 0x0000029db3f55000 	C:\Users\Destroy\.javacpp\cache\javacpp-1.5.7-windows-x86_64.jar\org\bytedeco\javacpp\windows-x86_64\api-ms-win-core-file-l1-1-0.dll
0x0000029db3f60000 - 0x0000029db3f64000 	C:\Users\Destroy\.javacpp\cache\javacpp-1.5.7-windows-x86_64.jar\org\bytedeco\javacpp\windows-x86_64\api-ms-win-core-namedpipe-l1-1-0.dll
0x0000029db3f70000 - 0x0000029db3f74000 	C:\Users\Destroy\.javacpp\cache\javacpp-1.5.7-windows-x86_64.jar\org\bytedeco\javacpp\windows-x86_64\api-ms-win-core-handle-l1-1-0.dll
0x0000029db3f80000 - 0x0000029db3f84000 	C:\Users\Destroy\.javacpp\cache\javacpp-1.5.7-windows-x86_64.jar\org\bytedeco\javacpp\windows-x86_64\api-ms-win-core-file-l2-1-0.dll
0x0000029db3f90000 - 0x0000029db3f94000 	C:\Users\Destroy\.javacpp\cache\javacpp-1.5.7-windows-x86_64.jar\org\bytedeco\javacpp\windows-x86_64\api-ms-win-core-heap-l1-1-0.dll
0x0000029db3fa0000 - 0x0000029db3fa4000 	C:\Users\Destroy\.javacpp\cache\javacpp-1.5.7-windows-x86_64.jar\org\bytedeco\javacpp\windows-x86_64\api-ms-win-core-libraryloader-l1-1-0.dll
0x0000029db3fb0000 - 0x0000029db3fb4000 	C:\Users\Destroy\.javacpp\cache\javacpp-1.5.7-windows-x86_64.jar\org\bytedeco\javacpp\windows-x86_64\api-ms-win-core-synch-l1-1-0.dll
0x0000029db3fc0000 - 0x0000029db3fc4000 	C:\Users\Destroy\.javacpp\cache\javacpp-1.5.7-windows-x86_64.jar\org\bytedeco\javacpp\windows-x86_64\api-ms-win-core-processthreads-l1-1-0.dll
0x0000029db3fd0000 - 0x0000029db3fd4000 	C:\Users\Destroy\.javacpp\cache\javacpp-1.5.7-windows-x86_64.jar\org\bytedeco\javacpp\windows-x86_64\api-ms-win-core-processenvironment-l1-1-0.dll
0x0000029db3fe0000 - 0x0000029db3fe4000 	C:\Users\Destroy\.javacpp\cache\javacpp-1.5.7-windows-x86_64.jar\org\bytedeco\javacpp\windows-x86_64\api-ms-win-core-datetime-l1-1-0.dll
0x0000029db4fc0000 - 0x0000029db4fc4000 	C:\Users\Destroy\.javacpp\cache\javacpp-1.5.7-windows-x86_64.jar\org\bytedeco\javacpp\windows-x86_64\api-ms-win-core-localization-l1-2-0.dll
0x0000029db4fd0000 - 0x0000029db4fd4000 	C:\Users\Destroy\.javacpp\cache\javacpp-1.5.7-windows-x86_64.jar\org\bytedeco\javacpp\windows-x86_64\api-ms-win-core-sysinfo-l1-1-0.dll
0x0000029db4fe0000 - 0x0000029db4fe4000 	C:\Users\Destroy\.javacpp\cache\javacpp-1.5.7-windows-x86_64.jar\org\bytedeco\javacpp\windows-x86_64\api-ms-win-core-synch-l1-2-0.dll
0x0000029db4ff0000 - 0x0000029db4ff4000 	C:\Users\Destroy\.javacpp\cache\javacpp-1.5.7-windows-x86_64.jar\org\bytedeco\javacpp\windows-x86_64\api-ms-win-core-console-l1-1-0.dll
0x0000029db5000000 - 0x0000029db5004000 	C:\Users\Destroy\.javacpp\cache\javacpp-1.5.7-windows-x86_64.jar\org\bytedeco\javacpp\windows-x86_64\api-ms-win-core-debug-l1-1-0.dll
0x0000029db5010000 - 0x0000029db5014000 	C:\Users\Destroy\.javacpp\cache\javacpp-1.5.7-windows-x86_64.jar\org\bytedeco\javacpp\windows-x86_64\api-ms-win-core-rtlsupport-l1-1-0.dll
0x0000029db5020000 - 0x0000029db5024000 	C:\Users\Destroy\.javacpp\cache\javacpp-1.5.7-windows-x86_64.jar\org\bytedeco\javacpp\windows-x86_64\api-ms-win-core-processthreads-l1-1-1.dll
0x0000029db5030000 - 0x0000029db5034000 	C:\Users\Destroy\.javacpp\cache\javacpp-1.5.7-windows-x86_64.jar\org\bytedeco\javacpp\windows-x86_64\api-ms-win-core-file-l1-2-0.dll
0x0000029db5040000 - 0x0000029db5044000 	C:\Users\Destroy\.javacpp\cache\javacpp-1.5.7-windows-x86_64.jar\org\bytedeco\javacpp\windows-x86_64\api-ms-win-core-profile-l1-1-0.dll
0x0000029db5050000 - 0x0000029db5054000 	C:\Users\Destroy\.javacpp\cache\javacpp-1.5.7-windows-x86_64.jar\org\bytedeco\javacpp\windows-x86_64\api-ms-win-core-memory-l1-1-0.dll
0x0000029db5060000 - 0x0000029db5064000 	C:\Users\Destroy\.javacpp\cache\javacpp-1.5.7-windows-x86_64.jar\org\bytedeco\javacpp\windows-x86_64\api-ms-win-core-util-l1-1-0.dll
0x0000029db5070000 - 0x0000029db5074000 	C:\Users\Destroy\.javacpp\cache\javacpp-1.5.7-windows-x86_64.jar\org\bytedeco\javacpp\windows-x86_64\api-ms-win-core-interlocked-l1-1-0.dll
0x00007ffbb70a0000 - 0x00007ffbb71b1000 	C:\Users\Destroy\.javacpp\cache\javacpp-1.5.7-windows-x86_64.jar\org\bytedeco\javacpp\windows-x86_64\ucrtbase.dll
0x00007ffbc7060000 - 0x00007ffbc707b000 	C:\Users\Destroy\.javacpp\cache\javacpp-1.5.7-windows-x86_64.jar\org\bytedeco\javacpp\windows-x86_64\vcruntime140.dll
0x00007ffbc71b0000 - 0x00007ffbc71bc000 	C:\Users\Destroy\.javacpp\cache\javacpp-1.5.7-windows-x86_64.jar\org\bytedeco\javacpp\windows-x86_64\vcruntime140_1.dll
0x00007ffbb8000000 - 0x00007ffbb808d000 	C:\Users\Destroy\.javacpp\cache\javacpp-1.5.7-windows-x86_64.jar\org\bytedeco\javacpp\windows-x86_64\msvcp140.dll
0x00007ffbc7050000 - 0x00007ffbc7059000 	C:\Users\Destroy\.javacpp\cache\javacpp-1.5.7-windows-x86_64.jar\org\bytedeco\javacpp\windows-x86_64\msvcp140_1.dll
0x00007ffbbd240000 - 0x00007ffbbd28e000 	C:\Users\Destroy\.javacpp\cache\javacpp-1.5.7-windows-x86_64.jar\org\bytedeco\javacpp\windows-x86_64\concrt140.dll
0x00007ffbbabf0000 - 0x00007ffbbac21000 	C:\Users\Destroy\.javacpp\cache\javacpp-1.5.7-windows-x86_64.jar\org\bytedeco\javacpp\windows-x86_64\vcomp140.dll
0x00007ffbc5ee0000 - 0x00007ffbc5eee000 	C:\Users\Destroy\.javacpp\cache\javacpp-1.5.7-windows-x86_64.jar\org\bytedeco\javacpp\windows-x86_64\jnijavacpp.dll
0x00007ffb51c00000 - 0x00007ffb5629d000 	C:\Users\Destroy\.javacpp\cache\llvm-13.0.1-1.5.7-windows-x86_64.jar\org\bytedeco\llvm\windows-x86_64\LTO.dll
0x00007ffbb7fc0000 - 0x00007ffbb7ffb000 	C:\Users\Destroy\.javacpp\cache\llvm-13.0.1-1.5.7-windows-x86_64.jar\org\bytedeco\llvm\windows-x86_64\Remarks.dll
0x00007ffb4d3b0000 - 0x00007ffb51c00000 	C:\Users\Destroy\.javacpp\cache\llvm-13.0.1-1.5.7-windows-x86_64.jar\org\bytedeco\llvm\windows-x86_64\jniLLVM.dll

dbghelp: loaded successfully - version: 4.0.5 - missing functions: none
symbol engine: initialized successfully - sym options: 0x614 - pdb path: .;C:\Users\Destroy\.jdks\openjdk-15.0.2\bin;C:\WINDOWS\SYSTEM32;C:\WINDOWS\WinSxS\amd64_microsoft.windows.common-controls_6595b64144ccf1df_6.0.19041.1110_none_60b5254171f9507e;C:\Users\Destroy\.jdks\openjdk-15.0.2\bin\server;C:\WINDOWS\SysWOW64;C:\Users\Destroy\.javacpp\cache\javacpp-1.5.7-windows-x86_64.jar\org\bytedeco\javacpp\windows-x86_64;C:\Users\Destroy\.javacpp\cache\llvm-13.0.1-1.5.7-windows-x86_64.jar\org\bytedeco\llvm\windows-x86_64

VM Arguments:
jvm_args: -agentlib:jdwp=transport=dt_socket,address=127.0.0.1:49723,suspend=y,server=n -javaagent:C:\Users\Destroy\AppData\Local\JetBrains\IntelliJIdea2021.3\captureAgent\debugger-agent.jar -Dfile.encoding=UTF-8 
java_command: Main E:\\bianyiyuanli\\Lab\\src\\a.txt E:\\bianyiyuanli\\Lab\\src\\b.txt
java_class_path (initial): E:\bianyiyuanli\Lab\target\classes;C:\Users\Destroy\.m2\repository\org\antlr\antlr4-runtime\4.10.1\antlr4-runtime-4.10.1.jar;C:\Users\Destroy\.m2\repository\org\antlr\antlr4\4.10.1\antlr4-4.10.1.jar;C:\Users\Destroy\.m2\repository\org\bytedeco\llvm-platform\13.0.1-1.5.7\llvm-platform-13.0.1-1.5.7.jar;C:\Users\Destroy\.m2\repository\org\bytedeco\javacpp-platform\1.5.7\javacpp-platform-1.5.7.jar;C:\Users\Destroy\.m2\repository\org\bytedeco\javacpp\1.5.7\javacpp-1.5.7.jar;C:\Users\Destroy\.m2\repository\org\bytedeco\javacpp\1.5.7\javacpp-1.5.7-android-arm.jar;C:\Users\Destroy\.m2\repository\org\bytedeco\javacpp\1.5.7\javacpp-1.5.7-android-arm64.jar;C:\Users\Destroy\.m2\repository\org\bytedeco\javacpp\1.5.7\javacpp-1.5.7-android-x86.jar;C:\Users\Destroy\.m2\repository\org\bytedeco\javacpp\1.5.7\javacpp-1.5.7-android-x86_64.jar;C:\Users\Destroy\.m2\repository\org\bytedeco\javacpp\1.5.7\javacpp-1.5.7-ios-arm64.jar;C:\Users\Destroy\.m2\repository\org\bytedeco\javacpp\1.5.7\javacpp-1.5.7-ios-x86_64.jar;C:\Users\Destroy\.m2\repository\org\bytedeco\javacpp\1.5.7\javacpp-1.5.7-linux-armhf.jar;C:\Users\Destroy\.m2\repository\org\bytedeco\javacpp\1.5.7\javacpp-1.5.7-linux-arm64.jar;C:\Users\Destroy\.m2\repository\org\bytedeco\javacpp\1.5.7\javacpp-1.5.7-linux-ppc64le.jar;C:\Users\Destroy\.m2\repository\org\bytedeco\javacpp\1.5.7\javacpp-1.5.7-linux-x86.jar;C:\Users\Destroy\.m2\repository\org\bytedeco\javacpp\1.5.7\javacpp-1.5.7-linux-x86_64.jar;C:\Users\Destroy\.m2\repository\org\bytedeco\javacpp\1.5.7\javacpp-1.5.7-macosx-arm64.jar;C:\Users\Destroy\.m2\repository\org\bytedeco\javacpp\1.5.7\javacpp-1.5.7-macosx-x86_64.jar;C:\Users\Destroy\.m2\repository\org\bytedeco\javacpp\1.5.7\javacpp-1.5.7-windows-x86.jar;C:\Users\Destroy\.m2\repository\org\bytedeco\javacpp\1.5.7\javacpp-1.5.7-windows-x86_64.jar;C:\Users\Destroy\.m2\repository\org\bytedeco\llvm\13.0.1-1.5.7\llvm-13.0.1-1.5.7.jar;C:\Users\Destroy\.m2\repository\org\bytedeco\llvm\13.0.1-1.5.7\llvm-
Launcher Type: SUN_STANDARD

[Global flags]
     intx CICompilerCount                          = 4                                         {product} {ergonomic}
     uint ConcGCThreads                            = 3                                         {product} {ergonomic}
     uint G1ConcRefinementThreads                  = 10                                        {product} {ergonomic}
   size_t G1HeapRegionSize                         = 2097152                                   {product} {ergonomic}
    uintx GCDrainStackTargetSize                   = 64                                        {product} {ergonomic}
   size_t InitialHeapSize                          = 268435456                                 {product} {ergonomic}
   size_t MarkStackSize                            = 4194304                                   {product} {ergonomic}
   size_t MaxHeapSize                              = 4269801472                                {product} {ergonomic}
   size_t MaxNewSize                               = 2560622592                                {product} {ergonomic}
   size_t MinHeapDeltaBytes                        = 2097152                                   {product} {ergonomic}
   size_t MinHeapSize                              = 8388608                                   {product} {ergonomic}
    uintx NonNMethodCodeHeapSize                   = 5839372                                {pd product} {ergonomic}
    uintx NonProfiledCodeHeapSize                  = 122909434                              {pd product} {ergonomic}
    uintx ProfiledCodeHeapSize                     = 122909434                              {pd product} {ergonomic}
    uintx ReservedCodeCacheSize                    = 251658240                              {pd product} {ergonomic}
     bool SegmentedCodeCache                       = true                                      {product} {ergonomic}
   size_t SoftMaxHeapSize                          = 4269801472                             {manageable} {ergonomic}
     bool UseCompressedClassPointers               = true                                 {lp64_product} {ergonomic}
     bool UseCompressedOops                        = true                                 {lp64_product} {ergonomic}
     bool UseG1GC                                  = true                                      {product} {ergonomic}
     bool UseLargePagesIndividualAllocation        = false                                  {pd product} {ergonomic}

Logging:
Log output configuration:
 #0: stdout all=warning uptime,level,tags
 #1: stderr all=off uptime,level,tags

Environment Variables:
PATH=C:\Program Files\PlasticSCM5\server;C:\Program Files\PlasticSCM5\client;C:\Program Files\NVIDIA GPU Computing Toolkit\CUDA\v11.4\bin;C:\Program Files\NVIDIA GPU Computing Toolkit\CUDA\v11.4\libnvvp;C:\Program Files (x86)\Common Files\Oracle\Java\javapath;C:\Program Files (x86)\Common Files\Intel\Shared Libraries\redist\intel64\compiler;C:\Windows\system32;C:\Windows;C:\Windows\System32\Wbem;C:\Windows\System32\WindowsPowerShell\v1.0\;C:\Windows\System32\OpenSSH\;C:\Program Files (x86)\NVIDIA Corporation\PhysX\Common;C:\Program Files\NVIDIA Corporation\NVIDIA NvDLISR;C:\Users\Destroy\.dnx\bin;C:\Program Files\Microsoft DNX\Dnvm\;C:\Program Files\Microsoft SQL Server\130\Tools\Binn\;D:\Git\cmd;C:\Program Files\dotnet\;C:\Program Files\NVIDIA Corporation\Nsight Compute 2021.2.2\;C:\Program Files\Microsoft SQL Server\Client SDK\ODBC\170\Tools\Binn\;C:\Program Files\nodejs\;C:\WINDOWS\system32;C:\WINDOWS;C:\WINDOWS\System32\Wbem;C:\WINDOWS\System32\WindowsPowerShell\v1.0\;C:\WINDOWS\System32\OpenSSH\;C:;C:\Program Files (x86)\scala\bin;C:\Users\Destroy\AppData\Local\bin\NASM;D:\U_pro\A_GAME\python-envs;C:\Program Files\MySQL\MySQL Shell 8.0\bin\;D:\ANACONDA\envs\tf;C:\Users\Destroy\AppData\Local\Programs\Python\Python39\Scripts\;C:\Users\Destroy\AppData\Local\Programs\Python\Python39\;C:\Users\Destroy\AppData\Local\Microsoft\WindowsApps;D:\texlive\2020\bin\win32;C:\Users\Destroy\.dotnet\tools;C:\Users\Destroy\AppData\Local\Programs\Fiddler;C:\Users\Destroy\AppData\Roaming\npm;C:\Users\Destroy\AppData\Local\Microsoft\WindowsApps;E:\Microsoft VS Code\bin;C:\MinGW\bin;C:\Users\Destroy\AppData\Local\bin\NASM;D:\U_pro\A_GAME\python-envs;
USERNAME=Destroy
OS=Windows_NT
PROCESSOR_IDENTIFIER=AMD64 Family 23 Model 113 Stepping 0, AuthenticAMD



---------------  S Y S T E M  ---------------

OS:
 Windows 10 , 64 bit Build 19041 (10.0.19041.2364)
OS uptime: 0 days 1:20 hours

CPU: total 12 (initial active 12) (12 cores per cpu, 2 threads per core) family 23 model 113 stepping 0 microcode 0x0, cmov, cx8, fxsr, mmx, sse, sse2, sse3, ssse3, sse4.1, sse4.2, popcnt, vzeroupper, avx, avx2, aes, clmul, 3dnowpref, lzcnt, sse4a, ht, tsc, tscinvbit, tscinv, bmi1, bmi2, adx, sha, fma, clflush, clflushopt

Memory: 4k page, system-wide physical 16280M (7844M free)
TotalPageFile size 28056M (AvailPageFile size 15536M)
current process WorkingSet (physical memory assigned to process): 75M, peak: 95M
current process commit charge ("private bytes"): 361M, peak: 380M

vm_info: OpenJDK 64-Bit Server VM (15.0.2+7-27) for windows-amd64 JRE (15.0.2+7-27), built on Dec  7 2020 20:02:38 by "mach5one" with unknown MS VC++:1925

END.
