#
# A fatal error has been detected by the Java Runtime Environment:
#
#  EXCEPTION_ACCESS_VIOLATION (0xc0000005) at pc=0x00007ffb4e255354, pid=19772, tid=10700
#
# JRE version: OpenJDK Runtime Environment (15.0.2+7) (build 15.0.2+7-27)
# Java VM: OpenJDK 64-Bit Server VM (15.0.2+7-27, mixed mode, sharing, tiered, compressed oops, g1 gc, windows-amd64)
# Problematic frame:
# C  [jniLLVM.dll+0xea5354]
#
# No core dump will be written. Minidumps are not enabled by default on client versions of Windows
#
# If you would like to submit a bug report, please visit:
#   https://bugreport.java.com/bugreport/crash.jsp
# The crash happened outside the Java Virtual Machine in native code.
# See problematic frame for where to report the bug.
#

---------------  S U M M A R Y ------------

Command Line: -javaagent:E:\IntelliJ IDEA 2021.3.2\lib\idea_rt.jar=56151:E:\IntelliJ IDEA 2021.3.2\bin -Dfile.encoding=UTF-8 Main E:\\bianyiyuanli\\Lab\\src\\a.txt E:\\bianyiyuanli\\Lab\\src\\b.txt

Host: AMD Ryzen 5 3600 6-Core Processor              , 12 cores, 15G,  Windows 10 , 64 bit Build 19041 (10.0.19041.2364)
Time: Thu Jan 12 19:07:58 2023 中国标准时间 elapsed time: 0.503013 seconds (0d 0h 0m 0s)

---------------  T H R E A D  ---------------

Current thread (0x00000288cd514940):  JavaThread "main" [_thread_in_native, id=10700, stack(0x000000f3b3300000,0x000000f3b3400000)]

Stack: [0x000000f3b3300000,0x000000f3b3400000],  sp=0x000000f3b33fe2f0,  free space=1016k
Native frames: (J=compiled Java code, j=interpreted, Vv=VM code, C=native code)
C  [jniLLVM.dll+0xea5354]

Java frames: (J=compiled Java code, j=interpreted, Vv=VM code)
j  org.bytedeco.llvm.global.LLVM.LLVMBuildCall(Lorg/bytedeco/llvm/LLVM/LLVMBuilderRef;Lorg/bytedeco/llvm/LLVM/LLVMValueRef;Lorg/bytedeco/javacpp/PointerPointer;ILjava/lang/String;)Lorg/bytedeco/llvm/LLVM/LLVMValueRef;+0
j  LLVMVisitor.functionCallHandler(LSysYParser$CallFuncExpContext;)Lorg/bytedeco/llvm/LLVM/LLVMValueRef;+131
j  LLVMVisitor.visitStmt(LSysYParser$StmtContext;)Lorg/bytedeco/llvm/LLVM/LLVMValueRef;+208
j  LLVMVisitor.visitStmt(LSysYParser$StmtContext;)Ljava/lang/Object;+2
j  SysYParser$StmtContext.accept(Lorg/antlr/v4/runtime/tree/ParseTreeVisitor;)Ljava/lang/Object;+12
j  org.antlr.v4.runtime.tree.AbstractParseTreeVisitor.visitChildren(Lorg/antlr/v4/runtime/tree/RuleNode;)Ljava/lang/Object;+46
j  SysYParserBaseVisitor.visitBlockItem(LSysYParser$BlockItemContext;)Ljava/lang/Object;+2
j  SysYParser$BlockItemContext.accept(Lorg/antlr/v4/runtime/tree/ParseTreeVisitor;)Ljava/lang/Object;+12
j  org.antlr.v4.runtime.tree.AbstractParseTreeVisitor.visitChildren(Lorg/antlr/v4/runtime/tree/RuleNode;)Ljava/lang/Object;+46
j  SysYParserBaseVisitor.visitBlock(LSysYParser$BlockContext;)Ljava/lang/Object;+2
j  LLVMVisitor.visitBlock(LSysYParser$BlockContext;)Lorg/bytedeco/llvm/LLVM/LLVMValueRef;+32
j  LLVMVisitor.visitBlock(LSysYParser$BlockContext;)Ljava/lang/Object;+2
j  SysYParser$BlockContext.accept(Lorg/antlr/v4/runtime/tree/ParseTreeVisitor;)Ljava/lang/Object;+12
j  org.antlr.v4.runtime.tree.AbstractParseTreeVisitor.visitChildren(Lorg/antlr/v4/runtime/tree/RuleNode;)Ljava/lang/Object;+46
j  SysYParserBaseVisitor.visitFuncDef(LSysYParser$FuncDefContext;)Ljava/lang/Object;+2
j  LLVMVisitor.visitFuncDef(LSysYParser$FuncDefContext;)Lorg/bytedeco/llvm/LLVM/LLVMValueRef;+364
j  LLVMVisitor.visitFuncDef(LSysYParser$FuncDefContext;)Ljava/lang/Object;+2
j  SysYParser$FuncDefContext.accept(Lorg/antlr/v4/runtime/tree/ParseTreeVisitor;)Ljava/lang/Object;+12
j  org.antlr.v4.runtime.tree.AbstractParseTreeVisitor.visitChildren(Lorg/antlr/v4/runtime/tree/RuleNode;)Ljava/lang/Object;+46
j  SysYParserBaseVisitor.visitCompUnit(LSysYParser$CompUnitContext;)Ljava/lang/Object;+2
j  LLVMVisitor.visitCompUnit(LSysYParser$CompUnitContext;)Lorg/bytedeco/llvm/LLVM/LLVMValueRef;+13
j  LLVMVisitor.visitCompUnit(LSysYParser$CompUnitContext;)Ljava/lang/Object;+2
j  SysYParser$CompUnitContext.accept(Lorg/antlr/v4/runtime/tree/ParseTreeVisitor;)Ljava/lang/Object;+12
j  org.antlr.v4.runtime.tree.AbstractParseTreeVisitor.visitChildren(Lorg/antlr/v4/runtime/tree/RuleNode;)Ljava/lang/Object;+46
j  SysYParserBaseVisitor.visitProgram(LSysYParser$ProgramContext;)Ljava/lang/Object;+2
j  SysYParser$ProgramContext.accept(Lorg/antlr/v4/runtime/tree/ParseTreeVisitor;)Ljava/lang/Object;+12
j  org.antlr.v4.runtime.tree.AbstractParseTreeVisitor.visit(Lorg/antlr/v4/runtime/tree/ParseTree;)Ljava/lang/Object;+2
j  Main.main([Ljava/lang/String;)V+94
v  ~StubRoutines::call_stub

siginfo: EXCEPTION_ACCESS_VIOLATION (0xc0000005), reading address 0x0000000000000000


Register to memory mapping:

RIP=0x00007ffb4e255354 jniLLVM.dll
RAX=0x00000288f31df4e0 points into unknown readable memory: 0x3e74696e696c6300 | 00 63 6c 69 6e 69 74 3e
RBX=0x0 is NULL
RCX=0x00000288f2c05930 points into unknown readable memory: 0x00000288f2c05940 | 40 59 c0 f2 88 02 00 00
RDX=0x0 is NULL
RSP=0x000000f3b33fe2f0 is pointing into the stack for thread: 0x00000288cd514940
RBP=0x0 is NULL
RSI=0x0 is NULL
RDI=0x00000288cd514c68 points into unknown readable memory: 0x00007ffb5cc3de40 | 40 de c3 5c fb 7f 00 00
R8 =0x00000288f31df2f0 points into unknown readable memory: 0x00000288f2df8550 | 50 85 df f2 88 02 00 00
R9 =0x0000000000000001 is an unknown value
R10=0x00007ffb5cc3de40 jvm.dll
R11=0x000000f3b33fe2a0 is pointing into the stack for thread: 0x00000288cd514940
R12=0x00000288f31df4e0 points into unknown readable memory: 0x3e74696e696c6300 | 00 63 6c 69 6e 69 74 3e
R13=0x00000288f31df2f0 points into unknown readable memory: 0x00000288f2df8550 | 50 85 df f2 88 02 00 00
R14=0x0 is NULL
R15=0x00000288f2c05930 points into unknown readable memory: 0x00000288f2c05940 | 40 59 c0 f2 88 02 00 00


Registers:
RAX=0x00000288f31df4e0, RBX=0x0000000000000000, RCX=0x00000288f2c05930, RDX=0x0000000000000000
RSP=0x000000f3b33fe2f0, RBP=0x0000000000000000, RSI=0x0000000000000000, RDI=0x00000288cd514c68
R8 =0x00000288f31df2f0, R9 =0x0000000000000001, R10=0x00007ffb5cc3de40, R11=0x000000f3b33fe2a0
R12=0x00000288f31df4e0, R13=0x00000288f31df2f0, R14=0x0000000000000000, R15=0x00000288f2c05930
RIP=0x00007ffb4e255354, EFLAGS=0x0000000000010206

Top of Stack: (sp=0x000000f3b33fe2f0)
0x000000f3b33fe2f0:   00000288cd514940 0000000000000000
0x000000f3b33fe300:   00000288cd514c68 0000000000000000
0x000000f3b33fe310:   00000288f2c05930 0000000000000000
0x000000f3b33fe320:   00000288f31df4e0 00007ffb4d4718a1
0x000000f3b33fe330:   00000288cd514c68 0000000000000000
0x000000f3b33fe340:   00000288cd5cf1e0 0000000710eaa618
0x000000f3b33fe350:   00000288f31df4e0 00007ffb5c58c687
0x000000f3b33fe360:   0000000000000000 00007ffb4d487118
0x000000f3b33fe370:   0000000000000000 0000000000000000
0x000000f3b33fe380:   00000288cd514c68 00000288cd514940
0x000000f3b33fe390:   00000288f31df4e0 00000288d574efc0
0x000000f3b33fe3a0:   00000288cd514940 000000f3b33fe4a0
0x000000f3b33fe3b0:   00000288f15d2058 0000000000000000
0x000000f3b33fe3c0:   0000000000000094 00000288d574f177
0x000000f3b33fe3d0:   00000288f15d2060 000000f3b33fe460
0x000000f3b33fe3e0:   0000000000000180 00000288d574ee72 

Instructions: (pc=0x00007ffb4e255354)
0x00007ffb4e255254:   8b f0 80 78 10 1a 0f 82 c7 00 00 00 48 8b 4f 50
0x00007ffb4e255264:   4c 8d 44 24 30 48 8b 47 38 48 8b d6 4c 8b 4f 30
0x00007ffb4e255274:   48 89 44 24 20 4c 8b 11 41 ff 52 08 48 8b 1f 8b
0x00007ffb4e255284:   7f 08 48 c1 e7 04 48 03 fb 48 3b df 0f 84 91 00
0x00007ffb4e255294:   00 00 66 66 0f 1f 84 00 00 00 00 00 4c 8b 43 08
0x00007ffb4e2552a4:   48 8b ce 8b 13 e8 b2 a8 09 00 48 83 c3 10 48 3b
0x00007ffb4e2552b4:   df 75 e9 eb 6e 4c 8d 4c 24 58 66 c7 44 24 78 01
0x00007ffb4e2552c4:   01 4d 8b c2 48 89 44 24 20 b9 31 00 00 00 e8 29
0x00007ffb4e2552d4:   b4 06 00 48 8b 4f 50 4c 8d 44 24 30 4c 8b 4f 30
0x00007ffb4e2552e4:   48 8b f0 48 8b 47 38 48 8b d6 48 89 44 24 20 4c
0x00007ffb4e2552f4:   8b 11 41 ff 52 08 48 8b 1f 8b 7f 08 48 c1 e7 04
0x00007ffb4e255304:   48 03 fb 48 3b df 74 1b 0f 1f 40 00 4c 8b 43 08
0x00007ffb4e255314:   48 8b ce 8b 13 e8 42 a8 09 00 48 83 c3 10 48 3b
0x00007ffb4e255324:   df 75 e9 48 8b 9c 24 90 00 00 00 48 8b c6 48 8b
0x00007ffb4e255334:   b4 24 98 00 00 00 48 81 c4 80 00 00 00 5f c3 cc
0x00007ffb4e255344:   cc cc cc cc cc cc cc cc cc cc cc cc 48 83 ec 78
0x00007ffb4e255354:   48 8b 02 c6 44 24 61 01 4c 8b 50 18 48 8b 84 24
0x00007ffb4e255364:   a0 00 00 00 80 38 00 74 0c 48 89 44 24 40 c6 44
0x00007ffb4e255374:   24 60 03 eb 05 c6 44 24 60 01 41 8b c1 4c 8d 4c
0x00007ffb4e255384:   24 30 48 89 44 24 38 48 8d 44 24 40 4c 89 44 24
0x00007ffb4e255394:   30 4c 8b c2 48 c7 44 24 28 00 00 00 00 49 8b d2
0x00007ffb4e2553a4:   48 89 44 24 20 e8 82 b0 fb ff 48 83 c4 78 c3 cc
0x00007ffb4e2553b4:   cc cc cc cc cc cc cc cc cc cc cc cc 48 83 ec 78
0x00007ffb4e2553c4:   48 8b 84 24 a8 00 00 00 c6 44 24 61 01 80 38 00
0x00007ffb4e2553d4:   74 0c 48 89 44 24 40 c6 44 24 60 03 eb 05 c6 44
0x00007ffb4e2553e4:   24 60 01 8b 84 24 a0 00 00 00 48 89 44 24 38 48
0x00007ffb4e2553f4:   8d 44 24 40 4c 89 4c 24 30 4c 8d 4c 24 30 48 c7
0x00007ffb4e255404:   44 24 28 00 00 00 00 48 89 44 24 20 e8 1b b0 fb
0x00007ffb4e255414:   ff 48 83 c4 78 c3 cc cc cc cc cc cc 48 89 5c 24
0x00007ffb4e255424:   18 41 56 48 81 ec 80 00 00 00 48 8b 84 24 b0 00
0x00007ffb4e255434:   00 00 4d 8b d9 4d 8b d0 c6 44 24 51 01 4c 8b f1
0x00007ffb4e255444:   80 38 00 74 0c 48 89 44 24 30 c6 44 24 50 03 eb 


Stack slot to memory mapping:
stack at sp + 0 slots: 0x00000288cd514940 is a thread
stack at sp + 1 slots: 0x0 is NULL
stack at sp + 2 slots: 0x00000288cd514c68 points into unknown readable memory: 0x00007ffb5cc3de40 | 40 de c3 5c fb 7f 00 00
stack at sp + 3 slots: 0x0 is NULL
stack at sp + 4 slots: 0x00000288f2c05930 points into unknown readable memory: 0x00000288f2c05940 | 40 59 c0 f2 88 02 00 00
stack at sp + 5 slots: 0x0 is NULL
stack at sp + 6 slots: 0x00000288f31df4e0 points into unknown readable memory: 0x3e74696e696c6300 | 00 63 6c 69 6e 69 74 3e
stack at sp + 7 slots: 0x00007ffb4d4718a1 jniLLVM.dll


---------------  P R O C E S S  ---------------

Threads class SMR info:
_java_thread_list=0x00000288f2996b50, length=15, elements={
0x00000288cd514940, 0x00000288f106eab0, 0x00000288f1874f40, 0x00000288f1891060,
0x00000288f1894a40, 0x00000288f1895c90, 0x00000288f18992d0, 0x00000288f18a0a30,
0x00000288f18a23a0, 0x00000288f196a590, 0x00000288f1b63fe0, 0x00000288f1a6aae0,
0x00000288f1c46520, 0x00000288f1cf9910, 0x00000288f2c0ecc0
}

Java Threads: ( => current thread )
=>0x00000288cd514940 JavaThread "main" [_thread_in_native, id=10700, stack(0x000000f3b3300000,0x000000f3b3400000)]
  0x00000288f106eab0 JavaThread "Reference Handler" daemon [_thread_blocked, id=2420, stack(0x000000f3b3a00000,0x000000f3b3b00000)]
  0x00000288f1874f40 JavaThread "Finalizer" daemon [_thread_blocked, id=2904, stack(0x000000f3b3b00000,0x000000f3b3c00000)]
  0x00000288f1891060 JavaThread "Signal Dispatcher" daemon [_thread_blocked, id=19856, stack(0x000000f3b3c00000,0x000000f3b3d00000)]
  0x00000288f1894a40 JavaThread "Attach Listener" daemon [_thread_blocked, id=18956, stack(0x000000f3b3d00000,0x000000f3b3e00000)]
  0x00000288f1895c90 JavaThread "Service Thread" daemon [_thread_blocked, id=11512, stack(0x000000f3b3e00000,0x000000f3b3f00000)]
  0x00000288f18992d0 JavaThread "C2 CompilerThread0" daemon [_thread_blocked, id=13792, stack(0x000000f3b3f00000,0x000000f3b4000000)]
  0x00000288f18a0a30 JavaThread "C1 CompilerThread0" daemon [_thread_blocked, id=3184, stack(0x000000f3b4000000,0x000000f3b4100000)]
  0x00000288f18a23a0 JavaThread "Sweeper thread" daemon [_thread_blocked, id=13284, stack(0x000000f3b4100000,0x000000f3b4200000)]
  0x00000288f196a590 JavaThread "Common-Cleaner" daemon [_thread_blocked, id=6440, stack(0x000000f3b4200000,0x000000f3b4300000)]
  0x00000288f1b63fe0 JavaThread "C2 CompilerThread1" daemon [_thread_blocked, id=4532, stack(0x000000f3b4300000,0x000000f3b4400000)]
  0x00000288f1a6aae0 JavaThread "Monitor Ctrl-Break" daemon [_thread_in_native, id=10264, stack(0x000000f3b4400000,0x000000f3b4500000)]
  0x00000288f1c46520 JavaThread "Notification Thread" daemon [_thread_blocked, id=8132, stack(0x000000f3b4500000,0x000000f3b4600000)]
  0x00000288f1cf9910 JavaThread "JavaCPP Deallocator" daemon [_thread_blocked, id=1120, stack(0x000000f3b4700000,0x000000f3b4800000)]
  0x00000288f2c0ecc0 JavaThread "C2 CompilerThread2" daemon [_thread_blocked, id=3600, stack(0x000000f3b4d00000,0x000000f3b4e00000)]

Other Threads:
  0x00000288f106ca90 VMThread "VM Thread" [stack: 0x000000f3b3900000,0x000000f3b3a00000] [id=6560]
  0x00000288f1b7b560 WatcherThread [stack: 0x000000f3b4600000,0x000000f3b4700000] [id=8416]
  0x00000288cd5602b0 GCTaskThread "GC Thread#0" [stack: 0x000000f3b3400000,0x000000f3b3500000] [id=6224]
  0x00000288f1df9f10 GCTaskThread "GC Thread#1" [stack: 0x000000f3b4800000,0x000000f3b4900000] [id=9608]
  0x00000288f1df7c00 GCTaskThread "GC Thread#2" [stack: 0x000000f3b4900000,0x000000f3b4a00000] [id=8432]
  0x00000288f1df8bf0 GCTaskThread "GC Thread#3" [stack: 0x000000f3b4a00000,0x000000f3b4b00000] [id=6232]
  0x00000288f1df75a0 GCTaskThread "GC Thread#4" [stack: 0x000000f3b4b00000,0x000000f3b4c00000] [id=19176]
  0x00000288f1df8f20 GCTaskThread "GC Thread#5" [stack: 0x000000f3b4c00000,0x000000f3b4d00000] [id=1572]
  0x00000288cd571a20 ConcurrentGCThread "G1 Main Marker" [stack: 0x000000f3b3500000,0x000000f3b3600000] [id=16008]
  0x00000288cd572610 ConcurrentGCThread "G1 Conc#0" [stack: 0x000000f3b3600000,0x000000f3b3700000] [id=5516]
  0x00000288cd5d03e0 ConcurrentGCThread "G1 Refine#0" [stack: 0x000000f3b3700000,0x000000f3b3800000] [id=14836]
  0x00000288cd5d0fe0 ConcurrentGCThread "G1 Young RemSet Sampling" [stack: 0x000000f3b3800000,0x000000f3b3900000] [id=19312]

Threads with active compile tasks:

VM state: not at safepoint (normal execution)

VM Mutex/Monitor currently owned by a thread: None

Heap address: 0x0000000701800000, size: 4072 MB, Compressed Oops mode: Zero based, Oop shift amount: 3
CDS archive(s) mapped at: [0x0000000800000000-0x0000000800b50000-0x0000000800b50000), size 11862016, SharedBaseAddress: 0x0000000800000000, ArchiveRelocationMode: 0.
Compressed class space mapped at: 0x0000000800b50000-0x0000000840b50000, size: 1073741824
Narrow klass base: 0x0000000800000000, Narrow klass shift: 3, Narrow klass range: 0x100000000

GC Precious Log:
 CPUs: 12 total, 12 available
 Memory: 16280M
 Large Page Support: Disabled
 NUMA Support: Disabled
 Compressed Oops: Enabled (Zero based)
 Heap Region Size: 2M
 Heap Min Capacity: 8M
 Heap Initial Capacity: 256M
 Heap Max Capacity: 4072M
 Pre-touch: Disabled
 Parallel Workers: 10
 Concurrent Workers: 3
 Concurrent Refinement Workers: 10
 Periodic GC: Disabled

Heap:
 garbage-first heap   total 262144K, used 14034K [0x0000000701800000, 0x0000000800000000)
  region size 2048K, 7 young (14336K), 2 survivors (4096K)
 Metaspace       used 4166K, capacity 6550K, committed 6656K, reserved 1056768K
  class space    used 436K, capacity 668K, committed 768K, reserved 1048576K

Heap Regions: E=young(eden), S=young(survivor), O=old, HS=humongous(starts), HC=humongous(continues), CS=collection set, F=free, OA=open archive, CA=closed archive, TAMS=top-at-mark-start (previous, next)
|   0|0x0000000701800000, 0x00000007019b4800, 0x0000000701a00000| 85%| O|  |TAMS 0x0000000701800000, 0x0000000701800000| Untracked 
|   1|0x0000000701a00000, 0x0000000701a00000, 0x0000000701c00000|  0%| F|  |TAMS 0x0000000701a00000, 0x0000000701a00000| Untracked 
|   2|0x0000000701c00000, 0x0000000701c00000, 0x0000000701e00000|  0%| F|  |TAMS 0x0000000701c00000, 0x0000000701c00000| Untracked 
|   3|0x0000000701e00000, 0x0000000701e00000, 0x0000000702000000|  0%| F|  |TAMS 0x0000000701e00000, 0x0000000701e00000| Untracked 
|   4|0x0000000702000000, 0x0000000702000000, 0x0000000702200000|  0%| F|  |TAMS 0x0000000702000000, 0x0000000702000000| Untracked 
|   5|0x0000000702200000, 0x0000000702200000, 0x0000000702400000|  0%| F|  |TAMS 0x0000000702200000, 0x0000000702200000| Untracked 
|   6|0x0000000702400000, 0x0000000702400000, 0x0000000702600000|  0%| F|  |TAMS 0x0000000702400000, 0x0000000702400000| Untracked 
|   7|0x0000000702600000, 0x0000000702600000, 0x0000000702800000|  0%| F|  |TAMS 0x0000000702600000, 0x0000000702600000| Untracked 
|   8|0x0000000702800000, 0x0000000702800000, 0x0000000702a00000|  0%| F|  |TAMS 0x0000000702800000, 0x0000000702800000| Untracked 
|   9|0x0000000702a00000, 0x0000000702a00000, 0x0000000702c00000|  0%| F|  |TAMS 0x0000000702a00000, 0x0000000702a00000| Untracked 
|  10|0x0000000702c00000, 0x0000000702c00000, 0x0000000702e00000|  0%| F|  |TAMS 0x0000000702c00000, 0x0000000702c00000| Untracked 
|  11|0x0000000702e00000, 0x0000000702e00000, 0x0000000703000000|  0%| F|  |TAMS 0x0000000702e00000, 0x0000000702e00000| Untracked 
|  12|0x0000000703000000, 0x0000000703000000, 0x0000000703200000|  0%| F|  |TAMS 0x0000000703000000, 0x0000000703000000| Untracked 
|  13|0x0000000703200000, 0x0000000703200000, 0x0000000703400000|  0%| F|  |TAMS 0x0000000703200000, 0x0000000703200000| Untracked 
|  14|0x0000000703400000, 0x0000000703400000, 0x0000000703600000|  0%| F|  |TAMS 0x0000000703400000, 0x0000000703400000| Untracked 
|  15|0x0000000703600000, 0x0000000703600000, 0x0000000703800000|  0%| F|  |TAMS 0x0000000703600000, 0x0000000703600000| Untracked 
|  16|0x0000000703800000, 0x0000000703800000, 0x0000000703a00000|  0%| F|  |TAMS 0x0000000703800000, 0x0000000703800000| Untracked 
|  17|0x0000000703a00000, 0x0000000703a00000, 0x0000000703c00000|  0%| F|  |TAMS 0x0000000703a00000, 0x0000000703a00000| Untracked 
|  18|0x0000000703c00000, 0x0000000703c00000, 0x0000000703e00000|  0%| F|  |TAMS 0x0000000703c00000, 0x0000000703c00000| Untracked 
|  19|0x0000000703e00000, 0x0000000703e00000, 0x0000000704000000|  0%| F|  |TAMS 0x0000000703e00000, 0x0000000703e00000| Untracked 
|  20|0x0000000704000000, 0x0000000704000000, 0x0000000704200000|  0%| F|  |TAMS 0x0000000704000000, 0x0000000704000000| Untracked 
|  21|0x0000000704200000, 0x0000000704200000, 0x0000000704400000|  0%| F|  |TAMS 0x0000000704200000, 0x0000000704200000| Untracked 
|  22|0x0000000704400000, 0x0000000704400000, 0x0000000704600000|  0%| F|  |TAMS 0x0000000704400000, 0x0000000704400000| Untracked 
|  23|0x0000000704600000, 0x0000000704600000, 0x0000000704800000|  0%| F|  |TAMS 0x0000000704600000, 0x0000000704600000| Untracked 
|  24|0x0000000704800000, 0x0000000704800000, 0x0000000704a00000|  0%| F|  |TAMS 0x0000000704800000, 0x0000000704800000| Untracked 
|  25|0x0000000704a00000, 0x0000000704a00000, 0x0000000704c00000|  0%| F|  |TAMS 0x0000000704a00000, 0x0000000704a00000| Untracked 
|  26|0x0000000704c00000, 0x0000000704c00000, 0x0000000704e00000|  0%| F|  |TAMS 0x0000000704c00000, 0x0000000704c00000| Untracked 
|  27|0x0000000704e00000, 0x0000000704e00000, 0x0000000705000000|  0%| F|  |TAMS 0x0000000704e00000, 0x0000000704e00000| Untracked 
|  28|0x0000000705000000, 0x0000000705000000, 0x0000000705200000|  0%| F|  |TAMS 0x0000000705000000, 0x0000000705000000| Untracked 
|  29|0x0000000705200000, 0x0000000705200000, 0x0000000705400000|  0%| F|  |TAMS 0x0000000705200000, 0x0000000705200000| Untracked 
|  30|0x0000000705400000, 0x0000000705400000, 0x0000000705600000|  0%| F|  |TAMS 0x0000000705400000, 0x0000000705400000| Untracked 
|  31|0x0000000705600000, 0x0000000705600000, 0x0000000705800000|  0%| F|  |TAMS 0x0000000705600000, 0x0000000705600000| Untracked 
|  32|0x0000000705800000, 0x0000000705800000, 0x0000000705a00000|  0%| F|  |TAMS 0x0000000705800000, 0x0000000705800000| Untracked 
|  33|0x0000000705a00000, 0x0000000705a00000, 0x0000000705c00000|  0%| F|  |TAMS 0x0000000705a00000, 0x0000000705a00000| Untracked 
|  34|0x0000000705c00000, 0x0000000705c00000, 0x0000000705e00000|  0%| F|  |TAMS 0x0000000705c00000, 0x0000000705c00000| Untracked 
|  35|0x0000000705e00000, 0x0000000705e00000, 0x0000000706000000|  0%| F|  |TAMS 0x0000000705e00000, 0x0000000705e00000| Untracked 
|  36|0x0000000706000000, 0x0000000706000000, 0x0000000706200000|  0%| F|  |TAMS 0x0000000706000000, 0x0000000706000000| Untracked 
|  37|0x0000000706200000, 0x0000000706200000, 0x0000000706400000|  0%| F|  |TAMS 0x0000000706200000, 0x0000000706200000| Untracked 
|  38|0x0000000706400000, 0x0000000706400000, 0x0000000706600000|  0%| F|  |TAMS 0x0000000706400000, 0x0000000706400000| Untracked 
|  39|0x0000000706600000, 0x0000000706600000, 0x0000000706800000|  0%| F|  |TAMS 0x0000000706600000, 0x0000000706600000| Untracked 
|  40|0x0000000706800000, 0x0000000706800000, 0x0000000706a00000|  0%| F|  |TAMS 0x0000000706800000, 0x0000000706800000| Untracked 
|  41|0x0000000706a00000, 0x0000000706a00000, 0x0000000706c00000|  0%| F|  |TAMS 0x0000000706a00000, 0x0000000706a00000| Untracked 
|  42|0x0000000706c00000, 0x0000000706c00000, 0x0000000706e00000|  0%| F|  |TAMS 0x0000000706c00000, 0x0000000706c00000| Untracked 
|  43|0x0000000706e00000, 0x0000000706e00000, 0x0000000707000000|  0%| F|  |TAMS 0x0000000706e00000, 0x0000000706e00000| Untracked 
|  44|0x0000000707000000, 0x0000000707000000, 0x0000000707200000|  0%| F|  |TAMS 0x0000000707000000, 0x0000000707000000| Untracked 
|  45|0x0000000707200000, 0x0000000707200000, 0x0000000707400000|  0%| F|  |TAMS 0x0000000707200000, 0x0000000707200000| Untracked 
|  46|0x0000000707400000, 0x0000000707400000, 0x0000000707600000|  0%| F|  |TAMS 0x0000000707400000, 0x0000000707400000| Untracked 
|  47|0x0000000707600000, 0x0000000707600000, 0x0000000707800000|  0%| F|  |TAMS 0x0000000707600000, 0x0000000707600000| Untracked 
|  48|0x0000000707800000, 0x0000000707800000, 0x0000000707a00000|  0%| F|  |TAMS 0x0000000707800000, 0x0000000707800000| Untracked 
|  49|0x0000000707a00000, 0x0000000707a00000, 0x0000000707c00000|  0%| F|  |TAMS 0x0000000707a00000, 0x0000000707a00000| Untracked 
|  50|0x0000000707c00000, 0x0000000707c00000, 0x0000000707e00000|  0%| F|  |TAMS 0x0000000707c00000, 0x0000000707c00000| Untracked 
|  51|0x0000000707e00000, 0x0000000707e00000, 0x0000000708000000|  0%| F|  |TAMS 0x0000000707e00000, 0x0000000707e00000| Untracked 
|  52|0x0000000708000000, 0x0000000708000000, 0x0000000708200000|  0%| F|  |TAMS 0x0000000708000000, 0x0000000708000000| Untracked 
|  53|0x0000000708200000, 0x0000000708200000, 0x0000000708400000|  0%| F|  |TAMS 0x0000000708200000, 0x0000000708200000| Untracked 
|  54|0x0000000708400000, 0x0000000708400000, 0x0000000708600000|  0%| F|  |TAMS 0x0000000708400000, 0x0000000708400000| Untracked 
|  55|0x0000000708600000, 0x0000000708600000, 0x0000000708800000|  0%| F|  |TAMS 0x0000000708600000, 0x0000000708600000| Untracked 
|  56|0x0000000708800000, 0x0000000708800000, 0x0000000708a00000|  0%| F|  |TAMS 0x0000000708800000, 0x0000000708800000| Untracked 
|  57|0x0000000708a00000, 0x0000000708a00000, 0x0000000708c00000|  0%| F|  |TAMS 0x0000000708a00000, 0x0000000708a00000| Untracked 
|  58|0x0000000708c00000, 0x0000000708c00000, 0x0000000708e00000|  0%| F|  |TAMS 0x0000000708c00000, 0x0000000708c00000| Untracked 
|  59|0x0000000708e00000, 0x0000000708e00000, 0x0000000709000000|  0%| F|  |TAMS 0x0000000708e00000, 0x0000000708e00000| Untracked 
|  60|0x0000000709000000, 0x0000000709000000, 0x0000000709200000|  0%| F|  |TAMS 0x0000000709000000, 0x0000000709000000| Untracked 
|  61|0x0000000709200000, 0x0000000709200000, 0x0000000709400000|  0%| F|  |TAMS 0x0000000709200000, 0x0000000709200000| Untracked 
|  62|0x0000000709400000, 0x0000000709400000, 0x0000000709600000|  0%| F|  |TAMS 0x0000000709400000, 0x0000000709400000| Untracked 
|  63|0x0000000709600000, 0x0000000709600000, 0x0000000709800000|  0%| F|  |TAMS 0x0000000709600000, 0x0000000709600000| Untracked 
|  64|0x0000000709800000, 0x0000000709800000, 0x0000000709a00000|  0%| F|  |TAMS 0x0000000709800000, 0x0000000709800000| Untracked 
|  65|0x0000000709a00000, 0x0000000709a00000, 0x0000000709c00000|  0%| F|  |TAMS 0x0000000709a00000, 0x0000000709a00000| Untracked 
|  66|0x0000000709c00000, 0x0000000709c00000, 0x0000000709e00000|  0%| F|  |TAMS 0x0000000709c00000, 0x0000000709c00000| Untracked 
|  67|0x0000000709e00000, 0x0000000709e00000, 0x000000070a000000|  0%| F|  |TAMS 0x0000000709e00000, 0x0000000709e00000| Untracked 
|  68|0x000000070a000000, 0x000000070a000000, 0x000000070a200000|  0%| F|  |TAMS 0x000000070a000000, 0x000000070a000000| Untracked 
|  69|0x000000070a200000, 0x000000070a200000, 0x000000070a400000|  0%| F|  |TAMS 0x000000070a200000, 0x000000070a200000| Untracked 
|  70|0x000000070a400000, 0x000000070a400000, 0x000000070a600000|  0%| F|  |TAMS 0x000000070a400000, 0x000000070a400000| Untracked 
|  71|0x000000070a600000, 0x000000070a600000, 0x000000070a800000|  0%| F|  |TAMS 0x000000070a600000, 0x000000070a600000| Untracked 
|  72|0x000000070a800000, 0x000000070a800000, 0x000000070aa00000|  0%| F|  |TAMS 0x000000070a800000, 0x000000070a800000| Untracked 
|  73|0x000000070aa00000, 0x000000070aa00000, 0x000000070ac00000|  0%| F|  |TAMS 0x000000070aa00000, 0x000000070aa00000| Untracked 
|  74|0x000000070ac00000, 0x000000070ac00000, 0x000000070ae00000|  0%| F|  |TAMS 0x000000070ac00000, 0x000000070ac00000| Untracked 
|  75|0x000000070ae00000, 0x000000070ae00000, 0x000000070b000000|  0%| F|  |TAMS 0x000000070ae00000, 0x000000070ae00000| Untracked 
|  76|0x000000070b000000, 0x000000070b000000, 0x000000070b200000|  0%| F|  |TAMS 0x000000070b000000, 0x000000070b000000| Untracked 
|  77|0x000000070b200000, 0x000000070b200000, 0x000000070b400000|  0%| F|  |TAMS 0x000000070b200000, 0x000000070b200000| Untracked 
|  78|0x000000070b400000, 0x000000070b400000, 0x000000070b600000|  0%| F|  |TAMS 0x000000070b400000, 0x000000070b400000| Untracked 
|  79|0x000000070b600000, 0x000000070b600000, 0x000000070b800000|  0%| F|  |TAMS 0x000000070b600000, 0x000000070b600000| Untracked 
|  80|0x000000070b800000, 0x000000070b800000, 0x000000070ba00000|  0%| F|  |TAMS 0x000000070b800000, 0x000000070b800000| Untracked 
|  81|0x000000070ba00000, 0x000000070ba00000, 0x000000070bc00000|  0%| F|  |TAMS 0x000000070ba00000, 0x000000070ba00000| Untracked 
|  82|0x000000070bc00000, 0x000000070bc00000, 0x000000070be00000|  0%| F|  |TAMS 0x000000070bc00000, 0x000000070bc00000| Untracked 
|  83|0x000000070be00000, 0x000000070be00000, 0x000000070c000000|  0%| F|  |TAMS 0x000000070be00000, 0x000000070be00000| Untracked 
|  84|0x000000070c000000, 0x000000070c000000, 0x000000070c200000|  0%| F|  |TAMS 0x000000070c000000, 0x000000070c000000| Untracked 
|  85|0x000000070c200000, 0x000000070c200000, 0x000000070c400000|  0%| F|  |TAMS 0x000000070c200000, 0x000000070c200000| Untracked 
|  86|0x000000070c400000, 0x000000070c400000, 0x000000070c600000|  0%| F|  |TAMS 0x000000070c400000, 0x000000070c400000| Untracked 
|  87|0x000000070c600000, 0x000000070c600000, 0x000000070c800000|  0%| F|  |TAMS 0x000000070c600000, 0x000000070c600000| Untracked 
|  88|0x000000070c800000, 0x000000070c800000, 0x000000070ca00000|  0%| F|  |TAMS 0x000000070c800000, 0x000000070c800000| Untracked 
|  89|0x000000070ca00000, 0x000000070ca00000, 0x000000070cc00000|  0%| F|  |TAMS 0x000000070ca00000, 0x000000070ca00000| Untracked 
|  90|0x000000070cc00000, 0x000000070cc00000, 0x000000070ce00000|  0%| F|  |TAMS 0x000000070cc00000, 0x000000070cc00000| Untracked 
|  91|0x000000070ce00000, 0x000000070ce00000, 0x000000070d000000|  0%| F|  |TAMS 0x000000070ce00000, 0x000000070ce00000| Untracked 
|  92|0x000000070d000000, 0x000000070d000000, 0x000000070d200000|  0%| F|  |TAMS 0x000000070d000000, 0x000000070d000000| Untracked 
|  93|0x000000070d200000, 0x000000070d200000, 0x000000070d400000|  0%| F|  |TAMS 0x000000070d200000, 0x000000070d200000| Untracked 
|  94|0x000000070d400000, 0x000000070d400000, 0x000000070d600000|  0%| F|  |TAMS 0x000000070d400000, 0x000000070d400000| Untracked 
|  95|0x000000070d600000, 0x000000070d600000, 0x000000070d800000|  0%| F|  |TAMS 0x000000070d600000, 0x000000070d600000| Untracked 
|  96|0x000000070d800000, 0x000000070d800000, 0x000000070da00000|  0%| F|  |TAMS 0x000000070d800000, 0x000000070d800000| Untracked 
|  97|0x000000070da00000, 0x000000070da00000, 0x000000070dc00000|  0%| F|  |TAMS 0x000000070da00000, 0x000000070da00000| Untracked 
|  98|0x000000070dc00000, 0x000000070dc00000, 0x000000070de00000|  0%| F|  |TAMS 0x000000070dc00000, 0x000000070dc00000| Untracked 
|  99|0x000000070de00000, 0x000000070de00000, 0x000000070e000000|  0%| F|  |TAMS 0x000000070de00000, 0x000000070de00000| Untracked 
| 100|0x000000070e000000, 0x000000070e000000, 0x000000070e200000|  0%| F|  |TAMS 0x000000070e000000, 0x000000070e000000| Untracked 
| 101|0x000000070e200000, 0x000000070e200000, 0x000000070e400000|  0%| F|  |TAMS 0x000000070e200000, 0x000000070e200000| Untracked 
| 102|0x000000070e400000, 0x000000070e400000, 0x000000070e600000|  0%| F|  |TAMS 0x000000070e400000, 0x000000070e400000| Untracked 
| 103|0x000000070e600000, 0x000000070e600000, 0x000000070e800000|  0%| F|  |TAMS 0x000000070e600000, 0x000000070e600000| Untracked 
| 104|0x000000070e800000, 0x000000070e800000, 0x000000070ea00000|  0%| F|  |TAMS 0x000000070e800000, 0x000000070e800000| Untracked 
| 105|0x000000070ea00000, 0x000000070ea00000, 0x000000070ec00000|  0%| F|  |TAMS 0x000000070ea00000, 0x000000070ea00000| Untracked 
| 106|0x000000070ec00000, 0x000000070ec00000, 0x000000070ee00000|  0%| F|  |TAMS 0x000000070ec00000, 0x000000070ec00000| Untracked 
| 107|0x000000070ee00000, 0x000000070ee00000, 0x000000070f000000|  0%| F|  |TAMS 0x000000070ee00000, 0x000000070ee00000| Untracked 
| 108|0x000000070f000000, 0x000000070f000000, 0x000000070f200000|  0%| F|  |TAMS 0x000000070f000000, 0x000000070f000000| Untracked 
| 109|0x000000070f200000, 0x000000070f200000, 0x000000070f400000|  0%| F|  |TAMS 0x000000070f200000, 0x000000070f200000| Untracked 
| 110|0x000000070f400000, 0x000000070f400000, 0x000000070f600000|  0%| F|  |TAMS 0x000000070f400000, 0x000000070f400000| Untracked 
| 111|0x000000070f600000, 0x000000070f600000, 0x000000070f800000|  0%| F|  |TAMS 0x000000070f600000, 0x000000070f600000| Untracked 
| 112|0x000000070f800000, 0x000000070f800000, 0x000000070fa00000|  0%| F|  |TAMS 0x000000070f800000, 0x000000070f800000| Untracked 
| 113|0x000000070fa00000, 0x000000070fa00000, 0x000000070fc00000|  0%| F|  |TAMS 0x000000070fa00000, 0x000000070fa00000| Untracked 
| 114|0x000000070fc00000, 0x000000070fc00000, 0x000000070fe00000|  0%| F|  |TAMS 0x000000070fc00000, 0x000000070fc00000| Untracked 
| 115|0x000000070fe00000, 0x0000000710000000, 0x0000000710000000|100%| S|CS|TAMS 0x000000070fe00000, 0x000000070fe00000| Complete 
| 116|0x0000000710000000, 0x0000000710200000, 0x0000000710200000|100%| S|CS|TAMS 0x0000000710000000, 0x0000000710000000| Complete 
| 117|0x0000000710200000, 0x0000000710200000, 0x0000000710400000|  0%| F|  |TAMS 0x0000000710200000, 0x0000000710200000| Untracked 
| 118|0x0000000710400000, 0x0000000710400000, 0x0000000710600000|  0%| F|  |TAMS 0x0000000710400000, 0x0000000710400000| Untracked 
| 119|0x0000000710600000, 0x0000000710600000, 0x0000000710800000|  0%| F|  |TAMS 0x0000000710600000, 0x0000000710600000| Untracked 
| 120|0x0000000710800000, 0x0000000710800000, 0x0000000710a00000|  0%| F|  |TAMS 0x0000000710800000, 0x0000000710800000| Untracked 
| 121|0x0000000710a00000, 0x0000000710a00000, 0x0000000710c00000|  0%| F|  |TAMS 0x0000000710a00000, 0x0000000710a00000| Untracked 
| 122|0x0000000710c00000, 0x0000000710c00000, 0x0000000710e00000|  0%| F|  |TAMS 0x0000000710c00000, 0x0000000710c00000| Untracked 
| 123|0x0000000710e00000, 0x0000000710f05258, 0x0000000711000000| 51%| E|  |TAMS 0x0000000710e00000, 0x0000000710e00000| Complete 
| 124|0x0000000711000000, 0x0000000711200000, 0x0000000711200000|100%| E|CS|TAMS 0x0000000711000000, 0x0000000711000000| Complete 
| 125|0x0000000711200000, 0x0000000711400000, 0x0000000711400000|100%| E|CS|TAMS 0x0000000711200000, 0x0000000711200000| Complete 
| 126|0x0000000711400000, 0x0000000711600000, 0x0000000711600000|100%| E|CS|TAMS 0x0000000711400000, 0x0000000711400000| Complete 
| 127|0x0000000711600000, 0x0000000711800000, 0x0000000711800000|100%| E|CS|TAMS 0x0000000711600000, 0x0000000711600000| Complete 

Card table byte_map: [0x00000288e5490000,0x00000288e5c90000] _byte_map_base: 0x00000288e1c84000

Marking Bits (Prev, Next): (CMBitMap*) 0x00000288cd560aa0, (CMBitMap*) 0x00000288cd560ae0
 Prev Bits: [0x00000288e6490000, 0x00000288ea430000)
 Next Bits: [0x00000288ea430000, 0x00000288ee3d0000)

Polling page: 0x00000288ccce0000

Metaspace:

Usage:
  Non-class:      5.74 MB capacity,     3.64 MB ( 63%) used,     2.10 MB ( 37%) free+waste,     4.62 KB ( <1%) overhead. 
      Class:    668.00 KB capacity,   436.91 KB ( 65%) used,   229.03 KB ( 34%) free+waste,     2.06 KB ( <1%) overhead. 
       Both:      6.40 MB capacity,     4.07 MB ( 64%) used,     2.32 MB ( 36%) free+waste,     6.69 KB ( <1%) overhead. 

Virtual space:
  Non-class space:        8.00 MB reserved,       5.75 MB ( 72%) committed 
      Class space:        1.00 GB reserved,     768.00 KB ( <1%) committed 
             Both:        1.01 GB reserved,       6.50 MB ( <1%) committed 

Chunk freelists:
   Non-Class:  6.00 KB
       Class:  4.00 KB
        Both:  10.00 KB

MaxMetaspaceSize: 17179869184.00 GB
CompressedClassSpaceSize: 1.00 GB

CodeHeap 'non-profiled nmethods': size=120000Kb used=484Kb max_used=484Kb free=119516Kb
 bounds [0x00000288dd210000, 0x00000288dd480000, 0x00000288e4740000]
CodeHeap 'profiled nmethods': size=120000Kb used=2150Kb max_used=2150Kb free=117849Kb
 bounds [0x00000288d5ce0000, 0x00000288d5f50000, 0x00000288dd210000]
CodeHeap 'non-nmethods': size=5760Kb used=1175Kb max_used=1205Kb free=4584Kb
 bounds [0x00000288d5740000, 0x00000288d59b0000, 0x00000288d5ce0000]
 total_blobs=1486 nmethods=1051 adapters=348
 compilation: enabled
              stopped_count=0, restarted_count=0
 full_count=0

Compilation events (20 events):
Event: 0.491 Thread 0x00000288f18a0a30 nmethod 1042 0x00000288d5ef4c10 code [0x00000288d5ef4dc0, 0x00000288d5ef50b8]
Event: 0.491 Thread 0x00000288f18a0a30 1043       3       java.lang.invoke.MethodType::insertParameterTypes (121 bytes)
Event: 0.491 Thread 0x00000288f2c0ecc0 nmethod 895 0x00000288dd281d10 code [0x00000288dd281fe0, 0x00000288dd285dd0]
Event: 0.491 Thread 0x00000288f18a0a30 nmethod 1043 0x00000288d5ef5210 code [0x00000288d5ef54e0, 0x00000288d5ef62e8]
Event: 0.491 Thread 0x00000288f18a0a30 1044       3       java.lang.invoke.MemberName::getInvocationType (56 bytes)
Event: 0.492 Thread 0x00000288f18a0a30 nmethod 1044 0x00000288d5ef6810 code [0x00000288d5ef6a40, 0x00000288d5ef7348]
Event: 0.492 Thread 0x00000288f18a0a30 1046       3       jdk.internal.org.objectweb.asm.MethodWriter::visitMethodInsn (191 bytes)
Event: 0.492 Thread 0x00000288f18a0a30 nmethod 1046 0x00000288d5ef7610 code [0x00000288d5ef7840, 0x00000288d5ef7fe8]
Event: 0.492 Thread 0x00000288f18a0a30 1047       3       jdk.internal.org.objectweb.asm.SymbolTable::addConstantMethodref (24 bytes)
Event: 0.492 Thread 0x00000288f18a0a30 nmethod 1047 0x00000288d5ef8310 code [0x00000288d5ef84c0, 0x00000288d5ef8668]
Event: 0.492 Thread 0x00000288f18a0a30 1045       3       java.util.ImmutableCollections$List12::get (35 bytes)
Event: 0.492 Thread 0x00000288f18a0a30 nmethod 1045 0x00000288d5ef8710 code [0x00000288d5ef88c0, 0x00000288d5ef8b48]
Event: 0.492 Thread 0x00000288f18a0a30 1048       3       java.util.concurrent.ConcurrentHashMap::values (25 bytes)
Event: 0.492 Thread 0x00000288f18a0a30 nmethod 1048 0x00000288d5ef8c10 code [0x00000288d5ef8dc0, 0x00000288d5ef9158]
Event: 0.492 Thread 0x00000288f18a0a30 1049       3       java.util.concurrent.ConcurrentHashMap$ValuesView::iterator (34 bytes)
Event: 0.492 Thread 0x00000288f18a0a30 nmethod 1049 0x00000288d5ef9290 code [0x00000288d5ef9440, 0x00000288d5ef9668]
Event: 0.492 Thread 0x00000288f18a0a30 1050       3       java.util.concurrent.ConcurrentHashMap$ValueIterator::<init> (12 bytes)
Event: 0.492 Thread 0x00000288f1b63fe0 1051       4       java.util.concurrent.ConcurrentHashMap$BaseIterator::hasNext (13 bytes)
Event: 0.492 Thread 0x00000288f18a0a30 nmethod 1050 0x00000288d5ef9790 code [0x00000288d5ef9940, 0x00000288d5ef9a68]
Event: 0.493 Thread 0x00000288f1b63fe0 nmethod 1051 0x00000288dd287d90 code [0x00000288dd287f00, 0x00000288dd287f78]

GC Heap History (2 events):
Event: 0.340 GC heap before
{Heap before GC invocations=0 (full 0):
 garbage-first heap   total 262144K, used 20480K [0x0000000701800000, 0x0000000800000000)
  region size 2048K, 11 young (22528K), 0 survivors (0K)
 Metaspace       used 2065K, capacity 4883K, committed 5120K, reserved 1056768K
  class space    used 175K, capacity 433K, committed 512K, reserved 1048576K
}
Event: 0.342 GC heap after
{Heap after GC invocations=1 (full 0):
 garbage-first heap   total 262144K, used 5842K [0x0000000701800000, 0x0000000800000000)
  region size 2048K, 2 young (4096K), 2 survivors (4096K)
 Metaspace       used 2065K, capacity 4883K, committed 5120K, reserved 1056768K
  class space    used 175K, capacity 433K, committed 512K, reserved 1048576K
}

Deoptimization events (20 events):
Event: 0.435 Thread 0x00000288cd514940 DEOPT PACKING pc=0x00000288dd254618 sp=0x000000f3b33fdd00
Event: 0.435 Thread 0x00000288cd514940 DEOPT UNPACKING pc=0x00000288d578e42f sp=0x000000f3b33fdc10 mode 2
Event: 0.435 Thread 0x00000288cd514940 Uncommon trap: trap_request=0xffffff45 fr.pc=0x00000288dd24501c relative=0x000000000000027c
Event: 0.435 Thread 0x00000288cd514940 Uncommon trap: reason=unstable_if action=reinterpret pc=0x00000288dd24501c method=jdk.internal.loader.URLClassPath.getLoader(I)Ljdk/internal/loader/URLClassPath$Loader; @ 19 c2
Event: 0.435 Thread 0x00000288cd514940 DEOPT PACKING pc=0x00000288dd24501c sp=0x000000f3b33fdd40
Event: 0.435 Thread 0x00000288cd514940 DEOPT UNPACKING pc=0x00000288d578e42f sp=0x000000f3b33fdcd8 mode 2
Event: 0.436 Thread 0x00000288cd514940 Uncommon trap: trap_request=0xffffff45 fr.pc=0x00000288dd244978 relative=0x0000000000000338
Event: 0.436 Thread 0x00000288cd514940 Uncommon trap: reason=unstable_if action=reinterpret pc=0x00000288dd244978 method=java.io.WinNTFileSystem.normalize(Ljava/lang/String;)Ljava/lang/String; @ 128 c2
Event: 0.436 Thread 0x00000288cd514940 DEOPT PACKING pc=0x00000288dd244978 sp=0x000000f3b33fde40
Event: 0.436 Thread 0x00000288cd514940 DEOPT UNPACKING pc=0x00000288d578e42f sp=0x000000f3b33fddc8 mode 2
Event: 0.437 Thread 0x00000288cd514940 Uncommon trap: trap_request=0xffffff45 fr.pc=0x00000288dd265358 relative=0x00000000000001b8
Event: 0.437 Thread 0x00000288cd514940 Uncommon trap: reason=unstable_if action=reinterpret pc=0x00000288dd265358 method=java.io.WinNTFileSystem.prefixLength(Ljava/lang/String;)I @ 82 c2
Event: 0.437 Thread 0x00000288cd514940 DEOPT PACKING pc=0x00000288dd265358 sp=0x000000f3b33fde50
Event: 0.437 Thread 0x00000288cd514940 DEOPT UNPACKING pc=0x00000288d578e42f sp=0x000000f3b33fdde8 mode 2
Event: 0.437 Thread 0x00000288cd514940 Uncommon trap: trap_request=0xffffff45 fr.pc=0x00000288dd241c1c relative=0x000000000000045c
Event: 0.437 Thread 0x00000288cd514940 Uncommon trap: reason=unstable_if action=reinterpret pc=0x00000288dd241c1c method=java.io.WinNTFileSystem.normalize(Ljava/lang/String;)Ljava/lang/String; @ 128 c2
Event: 0.437 Thread 0x00000288cd514940 DEOPT PACKING pc=0x00000288dd241c1c sp=0x000000f3b33fde30
Event: 0.437 Thread 0x00000288cd514940 DEOPT UNPACKING pc=0x00000288d578e42f sp=0x000000f3b33fddd8 mode 2
Event: 0.471 Thread 0x00000288cd514940 DEOPT PACKING pc=0x00000288d5e13c21 sp=0x000000f3b33fd9c0
Event: 0.471 Thread 0x00000288cd514940 DEOPT UNPACKING pc=0x00000288d578e23f sp=0x000000f3b33fced8 mode 0

Classes unloaded (0 events):
No events

Classes redefined (0 events):
No events

Internal exceptions (8 events):
Event: 0.129 Thread 0x00000288f1a6aae0 Exception <a 'java/lang/NoSuchMethodError'{0x000000071116efb0}: 'java.lang.Object java.lang.invoke.DirectMethodHandle$Holder.invokeStatic(java.lang.Object)'> (0x000000071116efb0) 
thrown [./open/src/hotspot/share/interpreter/linkResolver.cpp, line 782]
Event: 0.130 Thread 0x00000288f1a6aae0 Exception <a 'java/lang/NoSuchMethodError'{0x00000007111728c0}: 'java.lang.Object java.lang.invoke.DirectMethodHandle$Holder.invokeStaticInit(java.lang.Object)'> (0x00000007111728c0) 
thrown [./open/src/hotspot/share/interpreter/linkResolver.cpp, line 782]
Event: 0.134 Thread 0x00000288f1a6aae0 Exception <a 'java/lang/NoSuchMethodError'{0x000000071117fd08}: 'void java.lang.invoke.DirectMethodHandle$Holder.invokeStatic(java.lang.Object, java.lang.Object)'> (0x000000071117fd08) 
thrown [./open/src/hotspot/share/interpreter/linkResolver.cpp, line 782]
Event: 0.137 Thread 0x00000288cd514940 Exception <a 'java/lang/NoSuchMethodError'{0x00000007111f5f78}: 'int java.lang.invoke.DirectMethodHandle$Holder.invokeStaticInit(java.lang.Object, java.lang.Object, java.lang.Object, java.lang.Object)'> (0x00000007111f5f78) 
thrown [./open/src/hotspot/share/interpreter/linkResolver.cpp, line 782]
Event: 0.138 Thread 0x00000288cd514940 Exception <a 'java/lang/NoSuchMethodError'{0x0000000710e01140}: 'java.lang.Object java.lang.invoke.DirectMethodHandle$Holder.invokeInterface(java.lang.Object, java.lang.Object)'> (0x0000000710e01140) 
thrown [./open/src/hotspot/share/interpreter/linkResolver.cpp, line 782]
Event: 0.138 Thread 0x00000288cd514940 Exception <a 'java/lang/IncompatibleClassChangeError'{0x0000000710e04890}: Found class java.lang.Object, but interface was expected> (0x0000000710e04890) 
thrown [./open/src/hotspot/share/interpreter/linkResolver.cpp, line 848]
Event: 0.138 Thread 0x00000288cd514940 Exception <a 'java/lang/NoSuchMethodError'{0x0000000710e07ad8}: 'void java.lang.invoke.DirectMethodHandle$Holder.invokeStaticInit(java.lang.Object, java.lang.Object)'> (0x0000000710e07ad8) 
thrown [./open/src/hotspot/share/interpreter/linkResolver.cpp, line 782]
Event: 0.139 Thread 0x00000288cd514940 Exception <a 'java/lang/NoSuchMethodError'{0x0000000710e0dc50}: 'int java.lang.invoke.DirectMethodHandle$Holder.invokeStaticInit(java.lang.Object, java.lang.Object)'> (0x0000000710e0dc50) 
thrown [./open/src/hotspot/share/interpreter/linkResolver.cpp, line 782]

Events (20 events):
Event: 0.424 loading class java/util/regex/Pattern$BnM done
Event: 0.424 loading class java/util/regex/Pattern$SliceS
Event: 0.424 loading class java/util/regex/Pattern$SliceS done
Event: 0.444 Loaded shared library C:\Users\Destroy\.javacpp\cache\llvm-13.0.1-1.5.7-windows-x86_64.jar\org\bytedeco\llvm\windows-x86_64\LTO.dll
Event: 0.448 Loaded shared library C:\Users\Destroy\.javacpp\cache\llvm-13.0.1-1.5.7-windows-x86_64.jar\org\bytedeco\llvm\windows-x86_64\Remarks.dll
Event: 0.453 Loaded shared library C:\Users\Destroy\.javacpp\cache\llvm-13.0.1-1.5.7-windows-x86_64.jar\org\bytedeco\llvm\windows-x86_64\jniLLVM.dll
Event: 0.468 loading class java/lang/invoke/BoundMethodHandle$Species_LL
Event: 0.468 loading class java/lang/invoke/BoundMethodHandle$Species_LL done
Event: 0.487 loading class java/lang/invoke/BoundMethodHandle$Species_LLL
Event: 0.487 loading class java/lang/invoke/BoundMethodHandle$Species_LLL done
Event: 0.487 loading class java/lang/invoke/BoundMethodHandle$Species_LLLL
Event: 0.487 loading class java/lang/invoke/BoundMethodHandle$Species_LLLL done
Event: 0.488 loading class java/lang/invoke/BoundMethodHandle$Species_LLLLL
Event: 0.488 loading class java/lang/invoke/BoundMethodHandle$Species_LLLLL done
Event: 0.489 loading class java/lang/invoke/BoundMethodHandle$Species_LJ
Event: 0.489 loading class java/lang/invoke/BoundMethodHandle$Species_LJ done
Event: 0.489 loading class java/lang/invoke/BoundMethodHandle$Species_LLLLLL
Event: 0.489 loading class java/lang/invoke/BoundMethodHandle$Species_LLLLLL done
Event: 0.490 loading class java/lang/invoke/BoundMethodHandle$Species_LLLLLLL
Event: 0.490 loading class java/lang/invoke/BoundMethodHandle$Species_LLLLLLL done


Dynamic libraries:
0x00007ff785000000 - 0x00007ff78500d000 	C:\Users\Destroy\.jdks\openjdk-15.0.2\bin\java.exe
0x00007ffbe2d70000 - 0x00007ffbe2f68000 	C:\WINDOWS\SYSTEM32\ntdll.dll
0x00007ffbe1e70000 - 0x00007ffbe1f2f000 	C:\WINDOWS\System32\KERNEL32.DLL
0x00007ffbe09f0000 - 0x00007ffbe0cc2000 	C:\WINDOWS\System32\KERNELBASE.dll
0x00007ffbe05e0000 - 0x00007ffbe06e0000 	C:\WINDOWS\System32\ucrtbase.dll
0x00007ffbdcbe0000 - 0x00007ffbdcbf8000 	C:\Users\Destroy\.jdks\openjdk-15.0.2\bin\jli.dll
0x00007ffbdcbc0000 - 0x00007ffbdcbd9000 	C:\Users\Destroy\.jdks\openjdk-15.0.2\bin\VCRUNTIME140.dll
0x00007ffbe0ed0000 - 0x00007ffbe1071000 	C:\WINDOWS\System32\USER32.dll
0x00007ffbcb850000 - 0x00007ffbcbaea000 	C:\WINDOWS\WinSxS\amd64_microsoft.windows.common-controls_6595b64144ccf1df_6.0.19041.1110_none_60b5254171f9507e\COMCTL32.dll
0x00007ffbe06e0000 - 0x00007ffbe0702000 	C:\WINDOWS\System32\win32u.dll
0x00007ffbe0ea0000 - 0x00007ffbe0ecb000 	C:\WINDOWS\System32\GDI32.dll
0x00007ffbe1130000 - 0x00007ffbe11ce000 	C:\WINDOWS\System32\msvcrt.dll
0x00007ffbe04d0000 - 0x00007ffbe05df000 	C:\WINDOWS\System32\gdi32full.dll
0x00007ffbe0870000 - 0x00007ffbe090d000 	C:\WINDOWS\System32\msvcp_win.dll
0x00007ffbe0e60000 - 0x00007ffbe0e92000 	C:\WINDOWS\System32\IMM32.DLL
0x00007ffbdcc90000 - 0x00007ffbdcc9c000 	C:\Users\Destroy\.jdks\openjdk-15.0.2\bin\vcruntime140_1.dll
0x00007ffbb8670000 - 0x00007ffbb8701000 	C:\Users\Destroy\.jdks\openjdk-15.0.2\bin\msvcp140.dll
0x00007ffb5c240000 - 0x00007ffb5cd9e000 	C:\Users\Destroy\.jdks\openjdk-15.0.2\bin\server\jvm.dll
0x00007ffbe1080000 - 0x00007ffbe112e000 	C:\WINDOWS\System32\ADVAPI32.dll
0x00007ffbe2c90000 - 0x00007ffbe2d2c000 	C:\WINDOWS\System32\sechost.dll
0x00007ffbe2b60000 - 0x00007ffbe2c85000 	C:\WINDOWS\System32\RPCRT4.dll
0x00007ffbe1e60000 - 0x00007ffbe1e68000 	C:\WINDOWS\System32\PSAPI.DLL
0x00007ffbb9bc0000 - 0x00007ffbb9bc9000 	C:\WINDOWS\SYSTEM32\WSOCK32.dll
0x00007ffbd2d50000 - 0x00007ffbd2d77000 	C:\WINDOWS\SYSTEM32\WINMM.dll
0x00007ffbd8a90000 - 0x00007ffbd8a9a000 	C:\WINDOWS\SYSTEM32\VERSION.dll
0x00007ffbe1290000 - 0x00007ffbe12fb000 	C:\WINDOWS\System32\WS2_32.dll
0x00007ffbdece0000 - 0x00007ffbdecf2000 	C:\WINDOWS\SYSTEM32\kernel.appcore.dll
0x00007ffbdcbb0000 - 0x00007ffbdcbba000 	C:\Users\Destroy\.jdks\openjdk-15.0.2\bin\jimage.dll
0x00007ffbd0120000 - 0x00007ffbd0304000 	C:\WINDOWS\SYSTEM32\DBGHELP.DLL
0x00007ffbc8350000 - 0x00007ffbc8385000 	C:\WINDOWS\SYSTEM32\dbgcore.DLL
0x00007ffbe0960000 - 0x00007ffbe09e2000 	C:\WINDOWS\System32\bcryptPrimitives.dll
0x00007ffbdcc20000 - 0x00007ffbdcc2e000 	C:\Users\Destroy\.jdks\openjdk-15.0.2\bin\instrument.dll
0x00007ffbdcc50000 - 0x00007ffbdcc75000 	C:\Users\Destroy\.jdks\openjdk-15.0.2\bin\java.dll
0x00007ffbe1710000 - 0x00007ffbe1e54000 	C:\WINDOWS\System32\SHELL32.dll
0x00007ffbde390000 - 0x00007ffbdeb22000 	C:\WINDOWS\SYSTEM32\windows.storage.dll
0x00007ffbe1f90000 - 0x00007ffbe22e5000 	C:\WINDOWS\System32\combase.dll
0x00007ffbdfec0000 - 0x00007ffbdfef0000 	C:\WINDOWS\SYSTEM32\Wldp.dll
0x00007ffbe0db0000 - 0x00007ffbe0e5d000 	C:\WINDOWS\System32\SHCORE.dll
0x00007ffbe1f30000 - 0x00007ffbe1f85000 	C:\WINDOWS\System32\shlwapi.dll
0x00007ffbe03a0000 - 0x00007ffbe03bf000 	C:\WINDOWS\SYSTEM32\profapi.dll
0x00007ffbd8b60000 - 0x00007ffbd8b78000 	C:\Users\Destroy\.jdks\openjdk-15.0.2\bin\zip.dll
0x00007ffbdcc30000 - 0x00007ffbdcc49000 	C:\Users\Destroy\.jdks\openjdk-15.0.2\bin\net.dll
0x00007ffbd8100000 - 0x00007ffbd820c000 	C:\WINDOWS\SYSTEM32\WINHTTP.dll
0x00007ffbdfc20000 - 0x00007ffbdfc8a000 	C:\WINDOWS\system32\mswsock.dll
0x00007ffbdcc00000 - 0x00007ffbdcc12000 	C:\Users\Destroy\.jdks\openjdk-15.0.2\bin\nio.dll
0x00007ffbd23c0000 - 0x00007ffbd23da000 	E:\IntelliJ IDEA 2021.3.2\bin\breakgen64.dll
0x00000288f24f0000 - 0x00000288f24f4000 	C:\Users\Destroy\.javacpp\cache\javacpp-1.5.7-windows-x86_64.jar\org\bytedeco\javacpp\windows-x86_64\api-ms-win-crt-locale-l1-1-0.dll
0x00000288f2500000 - 0x00000288f2505000 	C:\Users\Destroy\.javacpp\cache\javacpp-1.5.7-windows-x86_64.jar\org\bytedeco\javacpp\windows-x86_64\api-ms-win-crt-string-l1-1-0.dll
0x00000288f2510000 - 0x00000288f2515000 	C:\Users\Destroy\.javacpp\cache\javacpp-1.5.7-windows-x86_64.jar\org\bytedeco\javacpp\windows-x86_64\api-ms-win-crt-stdio-l1-1-0.dll
0x00000288f2520000 - 0x00000288f2526000 	C:\Users\Destroy\.javacpp\cache\javacpp-1.5.7-windows-x86_64.jar\org\bytedeco\javacpp\windows-x86_64\api-ms-win-crt-math-l1-1-0.dll
0x00000288f2530000 - 0x00000288f2534000 	C:\Users\Destroy\.javacpp\cache\javacpp-1.5.7-windows-x86_64.jar\org\bytedeco\javacpp\windows-x86_64\api-ms-win-crt-heap-l1-1-0.dll
0x00000288f2540000 - 0x00000288f2545000 	C:\Users\Destroy\.javacpp\cache\javacpp-1.5.7-windows-x86_64.jar\org\bytedeco\javacpp\windows-x86_64\api-ms-win-crt-runtime-l1-1-0.dll
0x00000288f2550000 - 0x00000288f2555000 	C:\Users\Destroy\.javacpp\cache\javacpp-1.5.7-windows-x86_64.jar\org\bytedeco\javacpp\windows-x86_64\api-ms-win-crt-convert-l1-1-0.dll
0x00000288f2560000 - 0x00000288f2564000 	C:\Users\Destroy\.javacpp\cache\javacpp-1.5.7-windows-x86_64.jar\org\bytedeco\javacpp\windows-x86_64\api-ms-win-crt-environment-l1-1-0.dll
0x00000288f2570000 - 0x00000288f2574000 	C:\Users\Destroy\.javacpp\cache\javacpp-1.5.7-windows-x86_64.jar\org\bytedeco\javacpp\windows-x86_64\api-ms-win-crt-time-l1-1-0.dll
0x00000288f2580000 - 0x00000288f2584000 	C:\Users\Destroy\.javacpp\cache\javacpp-1.5.7-windows-x86_64.jar\org\bytedeco\javacpp\windows-x86_64\api-ms-win-crt-filesystem-l1-1-0.dll
0x00000288f2590000 - 0x00000288f2594000 	C:\Users\Destroy\.javacpp\cache\javacpp-1.5.7-windows-x86_64.jar\org\bytedeco\javacpp\windows-x86_64\api-ms-win-crt-utility-l1-1-0.dll
0x00000288f25a0000 - 0x00000288f25a6000 	C:\Users\Destroy\.javacpp\cache\javacpp-1.5.7-windows-x86_64.jar\org\bytedeco\javacpp\windows-x86_64\api-ms-win-crt-multibyte-l1-1-0.dll
0x00000288f25b0000 - 0x00000288f25b4000 	C:\Users\Destroy\.javacpp\cache\javacpp-1.5.7-windows-x86_64.jar\org\bytedeco\javacpp\windows-x86_64\api-ms-win-crt-conio-l1-1-0.dll
0x00000288f25c0000 - 0x00000288f25d1000 	C:\Users\Destroy\.javacpp\cache\javacpp-1.5.7-windows-x86_64.jar\org\bytedeco\javacpp\windows-x86_64\api-ms-win-crt-private-l1-1-0.dll
0x00000288f25e0000 - 0x00000288f25e4000 	C:\Users\Destroy\.javacpp\cache\javacpp-1.5.7-windows-x86_64.jar\org\bytedeco\javacpp\windows-x86_64\api-ms-win-crt-process-l1-1-0.dll
0x00000288f25f0000 - 0x00000288f25f4000 	C:\Users\Destroy\.javacpp\cache\javacpp-1.5.7-windows-x86_64.jar\org\bytedeco\javacpp\windows-x86_64\api-ms-win-core-console-l1-2-0.dll
0x00000288f2600000 - 0x00000288f2604000 	C:\Users\Destroy\.javacpp\cache\javacpp-1.5.7-windows-x86_64.jar\org\bytedeco\javacpp\windows-x86_64\api-ms-win-core-string-l1-1-0.dll
0x00000288f2610000 - 0x00000288f2614000 	C:\Users\Destroy\.javacpp\cache\javacpp-1.5.7-windows-x86_64.jar\org\bytedeco\javacpp\windows-x86_64\api-ms-win-core-errorhandling-l1-1-0.dll
0x00000288f2620000 - 0x00000288f2624000 	C:\Users\Destroy\.javacpp\cache\javacpp-1.5.7-windows-x86_64.jar\org\bytedeco\javacpp\windows-x86_64\api-ms-win-core-timezone-l1-1-0.dll
0x00000288f2630000 - 0x00000288f2635000 	C:\Users\Destroy\.javacpp\cache\javacpp-1.5.7-windows-x86_64.jar\org\bytedeco\javacpp\windows-x86_64\api-ms-win-core-file-l1-1-0.dll
0x00000288f2640000 - 0x00000288f2644000 	C:\Users\Destroy\.javacpp\cache\javacpp-1.5.7-windows-x86_64.jar\org\bytedeco\javacpp\windows-x86_64\api-ms-win-core-namedpipe-l1-1-0.dll
0x00000288f2650000 - 0x00000288f2654000 	C:\Users\Destroy\.javacpp\cache\javacpp-1.5.7-windows-x86_64.jar\org\bytedeco\javacpp\windows-x86_64\api-ms-win-core-handle-l1-1-0.dll
0x00000288f2660000 - 0x00000288f2664000 	C:\Users\Destroy\.javacpp\cache\javacpp-1.5.7-windows-x86_64.jar\org\bytedeco\javacpp\windows-x86_64\api-ms-win-core-file-l2-1-0.dll
0x00000288f2670000 - 0x00000288f2674000 	C:\Users\Destroy\.javacpp\cache\javacpp-1.5.7-windows-x86_64.jar\org\bytedeco\javacpp\windows-x86_64\api-ms-win-core-heap-l1-1-0.dll
0x00000288f2680000 - 0x00000288f2684000 	C:\Users\Destroy\.javacpp\cache\javacpp-1.5.7-windows-x86_64.jar\org\bytedeco\javacpp\windows-x86_64\api-ms-win-core-libraryloader-l1-1-0.dll
0x00000288f2690000 - 0x00000288f2694000 	C:\Users\Destroy\.javacpp\cache\javacpp-1.5.7-windows-x86_64.jar\org\bytedeco\javacpp\windows-x86_64\api-ms-win-core-synch-l1-1-0.dll
0x00000288f26a0000 - 0x00000288f26a4000 	C:\Users\Destroy\.javacpp\cache\javacpp-1.5.7-windows-x86_64.jar\org\bytedeco\javacpp\windows-x86_64\api-ms-win-core-processthreads-l1-1-0.dll
0x00000288f26b0000 - 0x00000288f26b4000 	C:\Users\Destroy\.javacpp\cache\javacpp-1.5.7-windows-x86_64.jar\org\bytedeco\javacpp\windows-x86_64\api-ms-win-core-processenvironment-l1-1-0.dll
0x00000288f26c0000 - 0x00000288f26c4000 	C:\Users\Destroy\.javacpp\cache\javacpp-1.5.7-windows-x86_64.jar\org\bytedeco\javacpp\windows-x86_64\api-ms-win-core-datetime-l1-1-0.dll
0x00000288f26d0000 - 0x00000288f26d4000 	C:\Users\Destroy\.javacpp\cache\javacpp-1.5.7-windows-x86_64.jar\org\bytedeco\javacpp\windows-x86_64\api-ms-win-core-localization-l1-2-0.dll
0x00000288f26e0000 - 0x00000288f26e4000 	C:\Users\Destroy\.javacpp\cache\javacpp-1.5.7-windows-x86_64.jar\org\bytedeco\javacpp\windows-x86_64\api-ms-win-core-sysinfo-l1-1-0.dll
0x00000288f26f0000 - 0x00000288f26f4000 	C:\Users\Destroy\.javacpp\cache\javacpp-1.5.7-windows-x86_64.jar\org\bytedeco\javacpp\windows-x86_64\api-ms-win-core-synch-l1-2-0.dll
0x00000288f2700000 - 0x00000288f2704000 	C:\Users\Destroy\.javacpp\cache\javacpp-1.5.7-windows-x86_64.jar\org\bytedeco\javacpp\windows-x86_64\api-ms-win-core-console-l1-1-0.dll
0x00000288f2710000 - 0x00000288f2714000 	C:\Users\Destroy\.javacpp\cache\javacpp-1.5.7-windows-x86_64.jar\org\bytedeco\javacpp\windows-x86_64\api-ms-win-core-debug-l1-1-0.dll
0x00000288f2720000 - 0x00000288f2724000 	C:\Users\Destroy\.javacpp\cache\javacpp-1.5.7-windows-x86_64.jar\org\bytedeco\javacpp\windows-x86_64\api-ms-win-core-rtlsupport-l1-1-0.dll
0x00000288f2730000 - 0x00000288f2734000 	C:\Users\Destroy\.javacpp\cache\javacpp-1.5.7-windows-x86_64.jar\org\bytedeco\javacpp\windows-x86_64\api-ms-win-core-processthreads-l1-1-1.dll
0x00000288f2740000 - 0x00000288f2744000 	C:\Users\Destroy\.javacpp\cache\javacpp-1.5.7-windows-x86_64.jar\org\bytedeco\javacpp\windows-x86_64\api-ms-win-core-file-l1-2-0.dll
0x00000288f2750000 - 0x00000288f2754000 	C:\Users\Destroy\.javacpp\cache\javacpp-1.5.7-windows-x86_64.jar\org\bytedeco\javacpp\windows-x86_64\api-ms-win-core-profile-l1-1-0.dll
0x00000288f2760000 - 0x00000288f2764000 	C:\Users\Destroy\.javacpp\cache\javacpp-1.5.7-windows-x86_64.jar\org\bytedeco\javacpp\windows-x86_64\api-ms-win-core-memory-l1-1-0.dll
0x00000288f2770000 - 0x00000288f2774000 	C:\Users\Destroy\.javacpp\cache\javacpp-1.5.7-windows-x86_64.jar\org\bytedeco\javacpp\windows-x86_64\api-ms-win-core-util-l1-1-0.dll
0x00000288f2780000 - 0x00000288f2784000 	C:\Users\Destroy\.javacpp\cache\javacpp-1.5.7-windows-x86_64.jar\org\bytedeco\javacpp\windows-x86_64\api-ms-win-core-interlocked-l1-1-0.dll
0x00007ffbb70a0000 - 0x00007ffbb71b1000 	C:\Users\Destroy\.javacpp\cache\javacpp-1.5.7-windows-x86_64.jar\org\bytedeco\javacpp\windows-x86_64\ucrtbase.dll
0x00007ffbd23a0000 - 0x00007ffbd23bb000 	C:\Users\Destroy\.javacpp\cache\javacpp-1.5.7-windows-x86_64.jar\org\bytedeco\javacpp\windows-x86_64\vcruntime140.dll
0x00007ffbd8b10000 - 0x00007ffbd8b1c000 	C:\Users\Destroy\.javacpp\cache\javacpp-1.5.7-windows-x86_64.jar\org\bytedeco\javacpp\windows-x86_64\vcruntime140_1.dll
0x00007ffbb7f90000 - 0x00007ffbb801d000 	C:\Users\Destroy\.javacpp\cache\javacpp-1.5.7-windows-x86_64.jar\org\bytedeco\javacpp\windows-x86_64\msvcp140.dll
0x00007ffbc71b0000 - 0x00007ffbc71b9000 	C:\Users\Destroy\.javacpp\cache\javacpp-1.5.7-windows-x86_64.jar\org\bytedeco\javacpp\windows-x86_64\msvcp140_1.dll
0x00007ffbc6fe0000 - 0x00007ffbc702e000 	C:\Users\Destroy\.javacpp\cache\javacpp-1.5.7-windows-x86_64.jar\org\bytedeco\javacpp\windows-x86_64\concrt140.dll
0x00007ffbc7080000 - 0x00007ffbc70b1000 	C:\Users\Destroy\.javacpp\cache\javacpp-1.5.7-windows-x86_64.jar\org\bytedeco\javacpp\windows-x86_64\vcomp140.dll
0x00007ffbc62c0000 - 0x00007ffbc62ce000 	C:\Users\Destroy\.javacpp\cache\javacpp-1.5.7-windows-x86_64.jar\org\bytedeco\javacpp\windows-x86_64\jnijavacpp.dll
0x00007ffb51c00000 - 0x00007ffb5629d000 	C:\Users\Destroy\.javacpp\cache\llvm-13.0.1-1.5.7-windows-x86_64.jar\org\bytedeco\llvm\windows-x86_64\LTO.dll
0x00007ffbc6280000 - 0x00007ffbc62bb000 	C:\Users\Destroy\.javacpp\cache\llvm-13.0.1-1.5.7-windows-x86_64.jar\org\bytedeco\llvm\windows-x86_64\Remarks.dll
0x00007ffb4d3b0000 - 0x00007ffb51c00000 	C:\Users\Destroy\.javacpp\cache\llvm-13.0.1-1.5.7-windows-x86_64.jar\org\bytedeco\llvm\windows-x86_64\jniLLVM.dll
0x00007ffbe1430000 - 0x00007ffbe155a000 	C:\WINDOWS\System32\ole32.dll

dbghelp: loaded successfully - version: 4.0.5 - missing functions: none
symbol engine: initialized successfully - sym options: 0x614 - pdb path: .;C:\Users\Destroy\.jdks\openjdk-15.0.2\bin;C:\WINDOWS\SYSTEM32;C:\WINDOWS\WinSxS\amd64_microsoft.windows.common-controls_6595b64144ccf1df_6.0.19041.1110_none_60b5254171f9507e;C:\Users\Destroy\.jdks\openjdk-15.0.2\bin\server;E:\IntelliJ IDEA 2021.3.2\bin;C:\Users\Destroy\.javacpp\cache\javacpp-1.5.7-windows-x86_64.jar\org\bytedeco\javacpp\windows-x86_64;C:\Users\Destroy\.javacpp\cache\llvm-13.0.1-1.5.7-windows-x86_64.jar\org\bytedeco\llvm\windows-x86_64

VM Arguments:
jvm_args: -javaagent:E:\IntelliJ IDEA 2021.3.2\lib\idea_rt.jar=56151:E:\IntelliJ IDEA 2021.3.2\bin -Dfile.encoding=UTF-8 
java_command: Main E:\\bianyiyuanli\\Lab\\src\\a.txt E:\\bianyiyuanli\\Lab\\src\\b.txt
java_class_path (initial): E:\bianyiyuanli\Lab\target\classes;C:\Users\Destroy\.m2\repository\org\antlr\antlr4-runtime\4.10.1\antlr4-runtime-4.10.1.jar;C:\Users\Destroy\.m2\repository\org\antlr\antlr4\4.10.1\antlr4-4.10.1.jar;C:\Users\Destroy\.m2\repository\org\bytedeco\llvm-platform\13.0.1-1.5.7\llvm-platform-13.0.1-1.5.7.jar;C:\Users\Destroy\.m2\repository\org\bytedeco\javacpp-platform\1.5.7\javacpp-platform-1.5.7.jar;C:\Users\Destroy\.m2\repository\org\bytedeco\javacpp\1.5.7\javacpp-1.5.7.jar;C:\Users\Destroy\.m2\repository\org\bytedeco\javacpp\1.5.7\javacpp-1.5.7-android-arm.jar;C:\Users\Destroy\.m2\repository\org\bytedeco\javacpp\1.5.7\javacpp-1.5.7-android-arm64.jar;C:\Users\Destroy\.m2\repository\org\bytedeco\javacpp\1.5.7\javacpp-1.5.7-android-x86.jar;C:\Users\Destroy\.m2\repository\org\bytedeco\javacpp\1.5.7\javacpp-1.5.7-android-x86_64.jar;C:\Users\Destroy\.m2\repository\org\bytedeco\javacpp\1.5.7\javacpp-1.5.7-ios-arm64.jar;C:\Users\Destroy\.m2\repository\org\bytedeco\javacpp\1.5.7\javacpp-1.5.7-ios-x86_64.jar;C:\Users\Destroy\.m2\repository\org\bytedeco\javacpp\1.5.7\javacpp-1.5.7-linux-armhf.jar;C:\Users\Destroy\.m2\repository\org\bytedeco\javacpp\1.5.7\javacpp-1.5.7-linux-arm64.jar;C:\Users\Destroy\.m2\repository\org\bytedeco\javacpp\1.5.7\javacpp-1.5.7-linux-ppc64le.jar;C:\Users\Destroy\.m2\repository\org\bytedeco\javacpp\1.5.7\javacpp-1.5.7-linux-x86.jar;C:\Users\Destroy\.m2\repository\org\bytedeco\javacpp\1.5.7\javacpp-1.5.7-linux-x86_64.jar;C:\Users\Destroy\.m2\repository\org\bytedeco\javacpp\1.5.7\javacpp-1.5.7-macosx-arm64.jar;C:\Users\Destroy\.m2\repository\org\bytedeco\javacpp\1.5.7\javacpp-1.5.7-macosx-x86_64.jar;C:\Users\Destroy\.m2\repository\org\bytedeco\javacpp\1.5.7\javacpp-1.5.7-windows-x86.jar;C:\Users\Destroy\.m2\repository\org\bytedeco\javacpp\1.5.7\javacpp-1.5.7-windows-x86_64.jar;C:\Users\Destroy\.m2\repository\org\bytedeco\llvm\13.0.1-1.5.7\llvm-13.0.1-1.5.7.jar;C:\Users\Destroy\.m2\repository\org\bytedeco\llvm\13.0.1-1.5.7\llvm-
Launcher Type: SUN_STANDARD

[Global flags]
     intx CICompilerCount                          = 4                                         {product} {ergonomic}
     uint ConcGCThreads                            = 3                                         {product} {ergonomic}
     uint G1ConcRefinementThreads                  = 10                                        {product} {ergonomic}
   size_t G1HeapRegionSize                         = 2097152                                   {product} {ergonomic}
    uintx GCDrainStackTargetSize                   = 64                                        {product} {ergonomic}
   size_t InitialHeapSize                          = 268435456                                 {product} {ergonomic}
   size_t MarkStackSize                            = 4194304                                   {product} {ergonomic}
   size_t MaxHeapSize                              = 4269801472                                {product} {ergonomic}
   size_t MaxNewSize                               = 2560622592                                {product} {ergonomic}
   size_t MinHeapDeltaBytes                        = 2097152                                   {product} {ergonomic}
   size_t MinHeapSize                              = 8388608                                   {product} {ergonomic}
    uintx NonNMethodCodeHeapSize                   = 5839372                                {pd product} {ergonomic}
    uintx NonProfiledCodeHeapSize                  = 122909434                              {pd product} {ergonomic}
    uintx ProfiledCodeHeapSize                     = 122909434                              {pd product} {ergonomic}
    uintx ReservedCodeCacheSize                    = 251658240                              {pd product} {ergonomic}
     bool SegmentedCodeCache                       = true                                      {product} {ergonomic}
   size_t SoftMaxHeapSize                          = 4269801472                             {manageable} {ergonomic}
     bool UseCompressedClassPointers               = true                                 {lp64_product} {ergonomic}
     bool UseCompressedOops                        = true                                 {lp64_product} {ergonomic}
     bool UseG1GC                                  = true                                      {product} {ergonomic}
     bool UseLargePagesIndividualAllocation        = false                                  {pd product} {ergonomic}

Logging:
Log output configuration:
 #0: stdout all=warning uptime,level,tags
 #1: stderr all=off uptime,level,tags

Environment Variables:
PATH=C:\Program Files\PlasticSCM5\server;C:\Program Files\PlasticSCM5\client;C:\Program Files\NVIDIA GPU Computing Toolkit\CUDA\v11.4\bin;C:\Program Files\NVIDIA GPU Computing Toolkit\CUDA\v11.4\libnvvp;C:\Program Files (x86)\Common Files\Oracle\Java\javapath;C:\Program Files (x86)\Common Files\Intel\Shared Libraries\redist\intel64\compiler;C:\Windows\system32;C:\Windows;C:\Windows\System32\Wbem;C:\Windows\System32\WindowsPowerShell\v1.0\;C:\Windows\System32\OpenSSH\;C:\Program Files (x86)\NVIDIA Corporation\PhysX\Common;C:\Program Files\NVIDIA Corporation\NVIDIA NvDLISR;C:\Users\Destroy\.dnx\bin;C:\Program Files\Microsoft DNX\Dnvm\;C:\Program Files\Microsoft SQL Server\130\Tools\Binn\;D:\Git\cmd;C:\Program Files\dotnet\;C:\Program Files\NVIDIA Corporation\Nsight Compute 2021.2.2\;C:\Program Files\Microsoft SQL Server\Client SDK\ODBC\170\Tools\Binn\;C:\Program Files\nodejs\;C:\WINDOWS\system32;C:\WINDOWS;C:\WINDOWS\System32\Wbem;C:\WINDOWS\System32\WindowsPowerShell\v1.0\;C:\WINDOWS\System32\OpenSSH\;C:;C:\Program Files (x86)\scala\bin;C:\Users\Destroy\AppData\Local\bin\NASM;D:\U_pro\A_GAME\python-envs;C:\Program Files\MySQL\MySQL Shell 8.0\bin\;D:\ANACONDA\envs\tf;C:\Users\Destroy\AppData\Local\Programs\Python\Python39\Scripts\;C:\Users\Destroy\AppData\Local\Programs\Python\Python39\;C:\Users\Destroy\AppData\Local\Microsoft\WindowsApps;D:\texlive\2020\bin\win32;C:\Users\Destroy\.dotnet\tools;C:\Users\Destroy\AppData\Local\Programs\Fiddler;C:\Users\Destroy\AppData\Roaming\npm;C:\Users\Destroy\AppData\Local\Microsoft\WindowsApps;E:\Microsoft VS Code\bin;C:\MinGW\bin;C:\Users\Destroy\AppData\Local\bin\NASM;D:\U_pro\A_GAME\python-envs;
USERNAME=Destroy
OS=Windows_NT
PROCESSOR_IDENTIFIER=AMD64 Family 23 Model 113 Stepping 0, AuthenticAMD



---------------  S Y S T E M  ---------------

OS:
 Windows 10 , 64 bit Build 19041 (10.0.19041.2364)
OS uptime: 0 days 3:05 hours

CPU: total 12 (initial active 12) (12 cores per cpu, 2 threads per core) family 23 model 113 stepping 0 microcode 0x0, cmov, cx8, fxsr, mmx, sse, sse2, sse3, ssse3, sse4.1, sse4.2, popcnt, vzeroupper, avx, avx2, aes, clmul, 3dnowpref, lzcnt, sse4a, ht, tsc, tscinvbit, tscinv, bmi1, bmi2, adx, sha, fma, clflush, clflushopt

Memory: 4k page, system-wide physical 16280M (7584M free)
TotalPageFile size 28056M (AvailPageFile size 14491M)
current process WorkingSet (physical memory assigned to process): 99M, peak: 101M
current process commit charge ("private bytes"): 380M, peak: 383M

vm_info: OpenJDK 64-Bit Server VM (15.0.2+7-27) for windows-amd64 JRE (15.0.2+7-27), built on Dec  7 2020 20:02:38 by "mach5one" with unknown MS VC++:1925

END.
