#
# A fatal error has been detected by the Java Runtime Environment:
#
#  EXCEPTION_ACCESS_VIOLATION (0xc0000005) at pc=0x00007ffb4e22db70, pid=20132, tid=13032
#
# JRE version: OpenJDK Runtime Environment (15.0.2+7) (build 15.0.2+7-27)
# Java VM: OpenJDK 64-Bit Server VM (15.0.2+7-27, mixed mode, sharing, tiered, compressed oops, g1 gc, windows-amd64)
# Problematic frame:
# C  [jniLLVM.dll+0xe7db70]
#
# No core dump will be written. Minidumps are not enabled by default on client versions of Windows
#
# If you would like to submit a bug report, please visit:
#   https://bugreport.java.com/bugreport/crash.jsp
# The crash happened outside the Java Virtual Machine in native code.
# See problematic frame for where to report the bug.
#

---------------  S U M M A R Y ------------

Command Line: -agentlib:jdwp=transport=dt_socket,address=127.0.0.1:63211,suspend=y,server=n -javaagent:C:\Users\Destroy\AppData\Local\JetBrains\IntelliJIdea2021.3\captureAgent\debugger-agent.jar -Dfile.encoding=UTF-8 Main E:\\bianyiyuanli\\Lab\\src\\a.txt E:\\bianyiyuanli\\Lab\\src\\b.txt

Host: AMD Ryzen 5 3600 6-Core Processor              , 12 cores, 15G,  Windows 10 , 64 bit Build 19041 (10.0.19041.2364)
Time: Thu Jan 12 16:36:33 2023 中国标准时间 elapsed time: 29.011683 seconds (0d 0h 0m 29s)

---------------  T H R E A D  ---------------

Current thread (0x00000231e261e150):  JavaThread "main" [_thread_in_native, id=13032, stack(0x000000c989d00000,0x000000c989e00000)]

Stack: [0x000000c989d00000,0x000000c989e00000],  sp=0x000000c989dfe6d8,  free space=1017k
Native frames: (J=compiled Java code, j=interpreted, Vv=VM code, C=native code)
C  [jniLLVM.dll+0xe7db70]

Java frames: (J=compiled Java code, j=interpreted, Vv=VM code)
j  org.bytedeco.llvm.global.LLVM.LLVMBuildAlloca(Lorg/bytedeco/llvm/LLVM/LLVMBuilderRef;Lorg/bytedeco/llvm/LLVM/LLVMTypeRef;Ljava/lang/String;)Lorg/bytedeco/llvm/LLVM/LLVMValueRef;+0
j  LLVMVisitor.declHandler(Lorg/antlr/v4/runtime/tree/TerminalNode;Ljava/util/List;LSysYParser$InitValContext;)V+314
j  LLVMVisitor.visitVarDecl(LSysYParser$VarDeclContext;)Lorg/bytedeco/llvm/LLVM/LLVMValueRef;+48
j  LLVMVisitor.visitVarDecl(LSysYParser$VarDeclContext;)Ljava/lang/Object;+2
j  SysYParser$VarDeclContext.accept(Lorg/antlr/v4/runtime/tree/ParseTreeVisitor;)Ljava/lang/Object;+12
j  org.antlr.v4.runtime.tree.AbstractParseTreeVisitor.visitChildren(Lorg/antlr/v4/runtime/tree/RuleNode;)Ljava/lang/Object;+46
j  SysYParserBaseVisitor.visitDecl(LSysYParser$DeclContext;)Ljava/lang/Object;+2
j  SysYParser$DeclContext.accept(Lorg/antlr/v4/runtime/tree/ParseTreeVisitor;)Ljava/lang/Object;+12
j  org.antlr.v4.runtime.tree.AbstractParseTreeVisitor.visitChildren(Lorg/antlr/v4/runtime/tree/RuleNode;)Ljava/lang/Object;+46
j  SysYParserBaseVisitor.visitCompUnit(LSysYParser$CompUnitContext;)Ljava/lang/Object;+2
j  LLVMVisitor.visitCompUnit(LSysYParser$CompUnitContext;)Lorg/bytedeco/llvm/LLVM/LLVMValueRef;+13
j  LLVMVisitor.visitCompUnit(LSysYParser$CompUnitContext;)Ljava/lang/Object;+2
j  SysYParser$CompUnitContext.accept(Lorg/antlr/v4/runtime/tree/ParseTreeVisitor;)Ljava/lang/Object;+12
j  org.antlr.v4.runtime.tree.AbstractParseTreeVisitor.visitChildren(Lorg/antlr/v4/runtime/tree/RuleNode;)Ljava/lang/Object;+46
j  SysYParserBaseVisitor.visitProgram(LSysYParser$ProgramContext;)Ljava/lang/Object;+2
j  SysYParser$ProgramContext.accept(Lorg/antlr/v4/runtime/tree/ParseTreeVisitor;)Ljava/lang/Object;+12
j  org.antlr.v4.runtime.tree.AbstractParseTreeVisitor.visit(Lorg/antlr/v4/runtime/tree/ParseTree;)Ljava/lang/Object;+2
j  Main.main([Ljava/lang/String;)V+94
v  ~StubRoutines::call_stub

siginfo: EXCEPTION_ACCESS_VIOLATION (0xc0000005), reading address 0x0000000000000048


Register to memory mapping:

RIP=0x00007ffb4e22db70 jniLLVM.dll
RAX=0x00000231874cb1b0 points into unknown readable memory: 0x63536c61626f6c47 | 47 6c 6f 62 61 6c 53 63
RBX=0x0 is NULL
RCX=0x0 is NULL
RDX=0x000002318600f1e0 points into unknown readable memory: 0x0000023187ac4b60 | 60 4b ac 87 31 02 00 00
RSP=0x000000c989dfe6d8 is pointing into the stack for thread: 0x00000231e261e150
RBP=0x000002318600f1e0 points into unknown readable memory: 0x0000023187ac4b60 | 60 4b ac 87 31 02 00 00
RSI=0x00000231885df280 points into unknown readable memory: 0x00000231885df290 | 90 f2 5d 88 31 02 00 00
RDI=0x00000231e261e478 points into unknown readable memory: 0x00007ffb5cc3de40 | 40 de c3 5c fb 7f 00 00
R8 =0x0 is NULL
R9 =0x000000c989dfe790 is pointing into the stack for thread: 0x00000231e261e150
R10=0x0000000710c7d340 is pointing into object: [B 
{0x0000000710c7d330} - klass: {type array byte}
 - length: 13
R11=0x00000231874cb1b0 points into unknown readable memory: 0x63536c61626f6c47 | 47 6c 6f 62 61 6c 53 63
R12=0x0 is NULL
R13={method} {0x00000231866f84c8} 'LLVMBuildAlloca' '(Lorg/bytedeco/llvm/LLVM/LLVMBuilderRef;Lorg/bytedeco/llvm/LLVM/LLVMTypeRef;Ljava/lang/String;)Lorg/bytedeco/llvm/LLVM/LLVMValueRef;' in 'org/bytedeco/llvm/global/LLVM'
R14=0x0 is NULL
R15=0x000000c989dfe790 is pointing into the stack for thread: 0x00000231e261e150


Registers:
RAX=0x00000231874cb1b0, RBX=0x0000000000000000, RCX=0x0000000000000000, RDX=0x000002318600f1e0
RSP=0x000000c989dfe6d8, RBP=0x000002318600f1e0, RSI=0x00000231885df280, RDI=0x00000231e261e478
R8 =0x0000000000000000, R9 =0x000000c989dfe790, R10=0x0000000710c7d340, R11=0x00000231874cb1b0
R12=0x0000000000000000, R13=0x00000231866f84c0, R14=0x0000000000000000, R15=0x000000c989dfe790
RIP=0x00007ffb4e22db70, EFLAGS=0x0000000000010202

Top of Stack: (sp=0x000000c989dfe6d8)
0x000000c989dfe6d8:   00007ffb4df0e36d 00000231e261e478
0x000000c989dfe6e8:   00000231e26df4c0 000000000000000d
0x000000c989dfe6f8:   00007ffbe05efde6 0000000000000010
0x000000c989dfe708:   0000000000000000 00000231866f84c0
0x000000c989dfe718:   0000000000000000 0000000710c7d330
0x000000c989dfe728:   00007ffb5c5f3c31 00000231e261e150
0x000000c989dfe738:   0000000000000000 000000000000000d
0x000000c989dfe748:   00000000000003d8 00000231e261e150
0x000000c989dfe758:   00000231874cb1b0 00000231e261e478
0x000000c989dfe768:   00007ffb4e254986 00000231e261e150
0x000000c989dfe778:   0000000000000000 00000231885df280
0x000000c989dfe788:   000002318600f1e0 00000231874cb1b0
0x000000c989dfe798:   000000000000000d 00000231e26df4c0
0x000000c989dfe7a8:   0000000710c39c18 00000231874c0103
0x000000c989dfe7b8:   00000231e261e150 0000000000000000
0x000000c989dfe7c8:   00007ffb4d482ca5 00000231885df280 

Instructions: (pc=0x00007ffb4e22db70)
0x00007ffb4e22da70:   8b ca 48 89 7c 24 40 48 39 51 30 75 0e 8b 41 14
0x00007ffb4e22da80:   c1 e8 1d a8 01 0f 84 86 00 00 00 ba 18 00 00 00
0x00007ffb4e22da90:   e8 1b e9 0b 00 48 8b f8 48 85 c0 74 74 8b 50 08
0x00007ffb4e22daa0:   48 8b c8 48 c1 e2 03 48 2b ca 48 8d 54 24 20 48
0x00007ffb4e22dab0:   8b 09 e8 e9 fc 0b 00 48 83 78 08 12 75 53 48 8b
0x00007ffb4e22dac0:   08 48 8d 15 b8 55 51 02 41 b8 12 00 00 00 e8 ad
0x00007ffb4e22dad0:   aa 68 01 85 c0 75 3a 8b 47 08 48 c1 e0 03 48 2b
0x00007ffb4e22dae0:   f8 48 8b 47 08 48 8b 80 80 00 00 00 48 83 c0 18
0x00007ffb4e22daf0:   83 78 08 40 76 03 48 8b 00 48 8b 00 48 89 03 48
0x00007ffb4e22db00:   8b c3 c6 43 08 01 48 8b 7c 24 40 48 83 c4 30 5b
0x00007ffb4e22db10:   c3 48 8b 7c 24 40 48 8b c3 c6 03 00 c6 43 08 00
0x00007ffb4e22db20:   48 83 c4 30 5b c3 cc cc cc cc cc cc cc cc cc cc
0x00007ffb4e22db30:   48 8b 41 40 45 33 c0 48 83 c1 38 48 3b c1 74 1a
0x00007ffb4e22db40:   48 85 c0 48 8d 50 e8 49 0f 44 d0 80 7a 10 51 75
0x00007ffb4e22db50:   0c 48 8b 40 08 48 3b c1 75 e6 49 8b d0 80 7a 10
0x00007ffb4e22db60:   5c 49 0f 45 d0 48 8b c2 c3 cc cc cc cc cc cc cc
0x00007ffb4e22db70:   48 8b 41 48 48 8b 40 28 c3 cc cc cc cc cc cc cc
0x00007ffb4e22db80:   48 89 5c 24 08 48 89 74 24 10 48 89 7c 24 18 4c
0x00007ffb4e22db90:   89 6c 24 20 55 41 56 41 57 48 8d 6c 24 b9 48 81
0x00007ffb4e22dba0:   ec 90 00 00 00 4c 8d 45 07 c7 45 f7 08 00 00 00
0x00007ffb4e22dbb0:   48 8d 45 07 4c 89 45 e7 48 89 45 ef 4c 8b e9 45
0x00007ffb4e22dbc0:   33 ff 48 c7 45 fb 01 00 00 00 48 89 4d 07 66 90
0x00007ffb4e22dbd0:   49 8b 4d 38 49 8d 55 38 48 3b d1 0f 84 4b 01 00
0x00007ffb4e22dbe0:   00 48 85 c9 4c 8d 71 e8 4d 0f 44 f7 41 0f b6 46
0x00007ffb4e22dbf0:   10 83 e8 1b 83 f8 0a 77 0d 48 85 c9 48 8d 51 e8
0x00007ffb4e22dc00:   49 0f 44 d7 eb 27 48 3b d1 0f 84 1d 01 00 00 48
0x00007ffb4e22dc10:   85 c9 48 8d 51 e8 4d 8b f7 49 0f 44 d7 0f b6 42
0x00007ffb4e22dc20:   10 83 e8 1b 83 f8 0a 0f 87 ff 00 00 00 48 85 d2
0x00007ffb4e22dc30:   0f 84 f6 00 00 00 48 8b ca e8 22 bc 08 00 8b f0
0x00007ffb4e22dc40:   85 c0 0f 84 e0 00 00 00 33 d2 49 8b ce e8 8e c0
0x00007ffb4e22dc50:   08 00 bb 01 00 00 00 48 8b f8 3b f3 74 1b 66 90
0x00007ffb4e22dc60:   8b d3 49 8b ce e8 76 c0 08 00 48 3b c7 0f 85 b5 


Stack slot to memory mapping:
stack at sp + 0 slots: 0x00007ffb4df0e36d jniLLVM.dll
stack at sp + 1 slots: 0x00000231e261e478 points into unknown readable memory: 0x00007ffb5cc3de40 | 40 de c3 5c fb 7f 00 00
stack at sp + 2 slots: 0x00000231e26df4c0 points into unknown readable memory: 0x0000000710c7d330 | 30 d3 c7 10 07 00 00 00
stack at sp + 3 slots: 0x000000000000000d is an unknown value
stack at sp + 4 slots: 0x00007ffbe05efde6 ucrtbase.dll
stack at sp + 5 slots: 0x0000000000000010 is an unknown value
stack at sp + 6 slots: 0x0 is NULL
stack at sp + 7 slots: {method} {0x00000231866f84c8} 'LLVMBuildAlloca' '(Lorg/bytedeco/llvm/LLVM/LLVMBuilderRef;Lorg/bytedeco/llvm/LLVM/LLVMTypeRef;Ljava/lang/String;)Lorg/bytedeco/llvm/LLVM/LLVMValueRef;' in 'org/bytedeco/llvm/global/LLVM'


---------------  P R O C E S S  ---------------

Threads class SMR info:
_java_thread_list=0x0000023187571f10, length=15, elements={
0x00000231e261e150, 0x00000231869a60c0, 0x00000231869a6c90, 0x00000231869c45b0,
0x00000231869c8080, 0x00000231869c8b30, 0x00000231869cb5f0, 0x00000231869cede0,
0x00000231869e0530, 0x0000023186ab6f30, 0x0000023186b98f60, 0x0000023186c543d0,
0x0000023186cad990, 0x0000023186b8b830, 0x0000023186ce6c30
}

Java Threads: ( => current thread )
=>0x00000231e261e150 JavaThread "main" [_thread_in_native, id=13032, stack(0x000000c989d00000,0x000000c989e00000)]
  0x00000231869a60c0 JavaThread "Reference Handler" daemon [_thread_blocked, id=18724, stack(0x000000c98a400000,0x000000c98a500000)]
  0x00000231869a6c90 JavaThread "Finalizer" daemon [_thread_blocked, id=20464, stack(0x000000c98a500000,0x000000c98a600000)]
  0x00000231869c45b0 JavaThread "Signal Dispatcher" daemon [_thread_blocked, id=12624, stack(0x000000c98a600000,0x000000c98a700000)]
  0x00000231869c8080 JavaThread "Attach Listener" daemon [_thread_blocked, id=11316, stack(0x000000c98a700000,0x000000c98a800000)]
  0x00000231869c8b30 JavaThread "Service Thread" daemon [_thread_blocked, id=17852, stack(0x000000c98a800000,0x000000c98a900000)]
  0x00000231869cb5f0 JavaThread "C2 CompilerThread0" daemon [_thread_blocked, id=5768, stack(0x000000c98a900000,0x000000c98aa00000)]
  0x00000231869cede0 JavaThread "C1 CompilerThread0" daemon [_thread_blocked, id=14976, stack(0x000000c98aa00000,0x000000c98ab00000)]
  0x00000231869e0530 JavaThread "Sweeper thread" daemon [_thread_blocked, id=17760, stack(0x000000c98ab00000,0x000000c98ac00000)]
  0x0000023186ab6f30 JavaThread "Common-Cleaner" daemon [_thread_blocked, id=2888, stack(0x000000c98ac00000,0x000000c98ad00000)]
  0x0000023186b98f60 JavaThread "JDWP Transport Listener: dt_socket" daemon [_thread_blocked, id=16848, stack(0x000000c98ad00000,0x000000c98ae00000)]
  0x0000023186c543d0 JavaThread "JDWP Event Helper Thread" daemon [_thread_blocked, id=20032, stack(0x000000c98ae00000,0x000000c98af00000)]
  0x0000023186cad990 JavaThread "JDWP Command Reader" daemon [_thread_in_native, id=10676, stack(0x000000c98af00000,0x000000c98b000000)]
  0x0000023186b8b830 JavaThread "Notification Thread" daemon [_thread_blocked, id=14864, stack(0x000000c98b000000,0x000000c98b100000)]
  0x0000023186ce6c30 JavaThread "JavaCPP Deallocator" daemon [_thread_blocked, id=10220, stack(0x000000c98b200000,0x000000c98b300000)]

Other Threads:
  0x00000231869a2830 VMThread "VM Thread" [stack: 0x000000c98a300000,0x000000c98a400000] [id=17476]
  0x0000023186c0bda0 WatcherThread [stack: 0x000000c98b100000,0x000000c98b200000] [id=6608]
  0x00000231e266fd50 GCTaskThread "GC Thread#0" [stack: 0x000000c989e00000,0x000000c989f00000] [id=16356]
  0x0000023186b760b0 GCTaskThread "GC Thread#1" [stack: 0x000000c98b500000,0x000000c98b600000] [id=7632]
  0x0000023186b76d70 GCTaskThread "GC Thread#2" [stack: 0x000000c98b600000,0x000000c98b700000] [id=19932]
  0x0000023186b770a0 GCTaskThread "GC Thread#3" [stack: 0x000000c98b700000,0x000000c98b800000] [id=7756]
  0x0000023187dd27a0 GCTaskThread "GC Thread#4" [stack: 0x000000c98b800000,0x000000c98b900000] [id=9416]
  0x0000023187dd4120 GCTaskThread "GC Thread#5" [stack: 0x000000c98b900000,0x000000c98ba00000] [id=16068]
  0x00000231e2681d30 ConcurrentGCThread "G1 Main Marker" [stack: 0x000000c989f00000,0x000000c98a000000] [id=5552]
  0x00000231e26840d0 ConcurrentGCThread "G1 Conc#0" [stack: 0x000000c98a000000,0x000000c98a100000] [id=7928]
  0x00000231e26e0580 ConcurrentGCThread "G1 Refine#0" [stack: 0x000000c98a100000,0x000000c98a200000] [id=19412]
  0x0000023186022390 ConcurrentGCThread "G1 Young RemSet Sampling" [stack: 0x000000c98a200000,0x000000c98a300000] [id=20284]

Threads with active compile tasks:

VM state: not at safepoint (normal execution)

VM Mutex/Monitor currently owned by a thread: None

Heap address: 0x0000000701800000, size: 4072 MB, Compressed Oops mode: Zero based, Oop shift amount: 3
CDS archive(s) mapped at: [0x0000000800000000-0x0000000800b50000-0x0000000800b50000), size 11862016, SharedBaseAddress: 0x0000000800000000, ArchiveRelocationMode: 0.
Compressed class space mapped at: 0x0000000800b50000-0x0000000840b50000, size: 1073741824
Narrow klass base: 0x0000000800000000, Narrow klass shift: 3, Narrow klass range: 0x100000000

GC Precious Log:
 CPUs: 12 total, 12 available
 Memory: 16280M
 Large Page Support: Disabled
 NUMA Support: Disabled
 Compressed Oops: Enabled (Zero based)
 Heap Region Size: 2M
 Heap Min Capacity: 8M
 Heap Initial Capacity: 256M
 Heap Max Capacity: 4072M
 Pre-touch: Disabled
 Parallel Workers: 10
 Concurrent Workers: 3
 Concurrent Refinement Workers: 10
 Periodic GC: Disabled

Heap:
 garbage-first heap   total 262144K, used 9910K [0x0000000701800000, 0x0000000800000000)
  region size 2048K, 7 young (14336K), 1 survivors (2048K)
 Metaspace       used 3918K, capacity 6539K, committed 6656K, reserved 1056768K
  class space    used 412K, capacity 664K, committed 768K, reserved 1048576K

Heap Regions: E=young(eden), S=young(survivor), O=old, HS=humongous(starts), HC=humongous(continues), CS=collection set, F=free, OA=open archive, CA=closed archive, TAMS=top-at-mark-start (previous, next)
|   0|0x0000000701800000, 0x0000000701800000, 0x0000000701a00000|  0%| F|  |TAMS 0x0000000701800000, 0x0000000701800000| Untracked 
|   1|0x0000000701a00000, 0x0000000701a00000, 0x0000000701c00000|  0%| F|  |TAMS 0x0000000701a00000, 0x0000000701a00000| Untracked 
|   2|0x0000000701c00000, 0x0000000701c00000, 0x0000000701e00000|  0%| F|  |TAMS 0x0000000701c00000, 0x0000000701c00000| Untracked 
|   3|0x0000000701e00000, 0x0000000701e00000, 0x0000000702000000|  0%| F|  |TAMS 0x0000000701e00000, 0x0000000701e00000| Untracked 
|   4|0x0000000702000000, 0x0000000702000000, 0x0000000702200000|  0%| F|  |TAMS 0x0000000702000000, 0x0000000702000000| Untracked 
|   5|0x0000000702200000, 0x0000000702200000, 0x0000000702400000|  0%| F|  |TAMS 0x0000000702200000, 0x0000000702200000| Untracked 
|   6|0x0000000702400000, 0x0000000702400000, 0x0000000702600000|  0%| F|  |TAMS 0x0000000702400000, 0x0000000702400000| Untracked 
|   7|0x0000000702600000, 0x0000000702600000, 0x0000000702800000|  0%| F|  |TAMS 0x0000000702600000, 0x0000000702600000| Untracked 
|   8|0x0000000702800000, 0x0000000702800000, 0x0000000702a00000|  0%| F|  |TAMS 0x0000000702800000, 0x0000000702800000| Untracked 
|   9|0x0000000702a00000, 0x0000000702a00000, 0x0000000702c00000|  0%| F|  |TAMS 0x0000000702a00000, 0x0000000702a00000| Untracked 
|  10|0x0000000702c00000, 0x0000000702c00000, 0x0000000702e00000|  0%| F|  |TAMS 0x0000000702c00000, 0x0000000702c00000| Untracked 
|  11|0x0000000702e00000, 0x0000000702e00000, 0x0000000703000000|  0%| F|  |TAMS 0x0000000702e00000, 0x0000000702e00000| Untracked 
|  12|0x0000000703000000, 0x0000000703000000, 0x0000000703200000|  0%| F|  |TAMS 0x0000000703000000, 0x0000000703000000| Untracked 
|  13|0x0000000703200000, 0x0000000703200000, 0x0000000703400000|  0%| F|  |TAMS 0x0000000703200000, 0x0000000703200000| Untracked 
|  14|0x0000000703400000, 0x0000000703400000, 0x0000000703600000|  0%| F|  |TAMS 0x0000000703400000, 0x0000000703400000| Untracked 
|  15|0x0000000703600000, 0x0000000703600000, 0x0000000703800000|  0%| F|  |TAMS 0x0000000703600000, 0x0000000703600000| Untracked 
|  16|0x0000000703800000, 0x0000000703800000, 0x0000000703a00000|  0%| F|  |TAMS 0x0000000703800000, 0x0000000703800000| Untracked 
|  17|0x0000000703a00000, 0x0000000703a00000, 0x0000000703c00000|  0%| F|  |TAMS 0x0000000703a00000, 0x0000000703a00000| Untracked 
|  18|0x0000000703c00000, 0x0000000703c00000, 0x0000000703e00000|  0%| F|  |TAMS 0x0000000703c00000, 0x0000000703c00000| Untracked 
|  19|0x0000000703e00000, 0x0000000703e00000, 0x0000000704000000|  0%| F|  |TAMS 0x0000000703e00000, 0x0000000703e00000| Untracked 
|  20|0x0000000704000000, 0x0000000704000000, 0x0000000704200000|  0%| F|  |TAMS 0x0000000704000000, 0x0000000704000000| Untracked 
|  21|0x0000000704200000, 0x0000000704200000, 0x0000000704400000|  0%| F|  |TAMS 0x0000000704200000, 0x0000000704200000| Untracked 
|  22|0x0000000704400000, 0x0000000704400000, 0x0000000704600000|  0%| F|  |TAMS 0x0000000704400000, 0x0000000704400000| Untracked 
|  23|0x0000000704600000, 0x0000000704600000, 0x0000000704800000|  0%| F|  |TAMS 0x0000000704600000, 0x0000000704600000| Untracked 
|  24|0x0000000704800000, 0x0000000704800000, 0x0000000704a00000|  0%| F|  |TAMS 0x0000000704800000, 0x0000000704800000| Untracked 
|  25|0x0000000704a00000, 0x0000000704a00000, 0x0000000704c00000|  0%| F|  |TAMS 0x0000000704a00000, 0x0000000704a00000| Untracked 
|  26|0x0000000704c00000, 0x0000000704c00000, 0x0000000704e00000|  0%| F|  |TAMS 0x0000000704c00000, 0x0000000704c00000| Untracked 
|  27|0x0000000704e00000, 0x0000000704e00000, 0x0000000705000000|  0%| F|  |TAMS 0x0000000704e00000, 0x0000000704e00000| Untracked 
|  28|0x0000000705000000, 0x0000000705000000, 0x0000000705200000|  0%| F|  |TAMS 0x0000000705000000, 0x0000000705000000| Untracked 
|  29|0x0000000705200000, 0x0000000705200000, 0x0000000705400000|  0%| F|  |TAMS 0x0000000705200000, 0x0000000705200000| Untracked 
|  30|0x0000000705400000, 0x0000000705400000, 0x0000000705600000|  0%| F|  |TAMS 0x0000000705400000, 0x0000000705400000| Untracked 
|  31|0x0000000705600000, 0x0000000705600000, 0x0000000705800000|  0%| F|  |TAMS 0x0000000705600000, 0x0000000705600000| Untracked 
|  32|0x0000000705800000, 0x0000000705800000, 0x0000000705a00000|  0%| F|  |TAMS 0x0000000705800000, 0x0000000705800000| Untracked 
|  33|0x0000000705a00000, 0x0000000705a00000, 0x0000000705c00000|  0%| F|  |TAMS 0x0000000705a00000, 0x0000000705a00000| Untracked 
|  34|0x0000000705c00000, 0x0000000705c00000, 0x0000000705e00000|  0%| F|  |TAMS 0x0000000705c00000, 0x0000000705c00000| Untracked 
|  35|0x0000000705e00000, 0x0000000705e00000, 0x0000000706000000|  0%| F|  |TAMS 0x0000000705e00000, 0x0000000705e00000| Untracked 
|  36|0x0000000706000000, 0x0000000706000000, 0x0000000706200000|  0%| F|  |TAMS 0x0000000706000000, 0x0000000706000000| Untracked 
|  37|0x0000000706200000, 0x0000000706200000, 0x0000000706400000|  0%| F|  |TAMS 0x0000000706200000, 0x0000000706200000| Untracked 
|  38|0x0000000706400000, 0x0000000706400000, 0x0000000706600000|  0%| F|  |TAMS 0x0000000706400000, 0x0000000706400000| Untracked 
|  39|0x0000000706600000, 0x0000000706600000, 0x0000000706800000|  0%| F|  |TAMS 0x0000000706600000, 0x0000000706600000| Untracked 
|  40|0x0000000706800000, 0x0000000706800000, 0x0000000706a00000|  0%| F|  |TAMS 0x0000000706800000, 0x0000000706800000| Untracked 
|  41|0x0000000706a00000, 0x0000000706a00000, 0x0000000706c00000|  0%| F|  |TAMS 0x0000000706a00000, 0x0000000706a00000| Untracked 
|  42|0x0000000706c00000, 0x0000000706c00000, 0x0000000706e00000|  0%| F|  |TAMS 0x0000000706c00000, 0x0000000706c00000| Untracked 
|  43|0x0000000706e00000, 0x0000000706e00000, 0x0000000707000000|  0%| F|  |TAMS 0x0000000706e00000, 0x0000000706e00000| Untracked 
|  44|0x0000000707000000, 0x0000000707000000, 0x0000000707200000|  0%| F|  |TAMS 0x0000000707000000, 0x0000000707000000| Untracked 
|  45|0x0000000707200000, 0x0000000707200000, 0x0000000707400000|  0%| F|  |TAMS 0x0000000707200000, 0x0000000707200000| Untracked 
|  46|0x0000000707400000, 0x0000000707400000, 0x0000000707600000|  0%| F|  |TAMS 0x0000000707400000, 0x0000000707400000| Untracked 
|  47|0x0000000707600000, 0x0000000707600000, 0x0000000707800000|  0%| F|  |TAMS 0x0000000707600000, 0x0000000707600000| Untracked 
|  48|0x0000000707800000, 0x0000000707800000, 0x0000000707a00000|  0%| F|  |TAMS 0x0000000707800000, 0x0000000707800000| Untracked 
|  49|0x0000000707a00000, 0x0000000707a00000, 0x0000000707c00000|  0%| F|  |TAMS 0x0000000707a00000, 0x0000000707a00000| Untracked 
|  50|0x0000000707c00000, 0x0000000707c00000, 0x0000000707e00000|  0%| F|  |TAMS 0x0000000707c00000, 0x0000000707c00000| Untracked 
|  51|0x0000000707e00000, 0x0000000707e00000, 0x0000000708000000|  0%| F|  |TAMS 0x0000000707e00000, 0x0000000707e00000| Untracked 
|  52|0x0000000708000000, 0x0000000708000000, 0x0000000708200000|  0%| F|  |TAMS 0x0000000708000000, 0x0000000708000000| Untracked 
|  53|0x0000000708200000, 0x0000000708200000, 0x0000000708400000|  0%| F|  |TAMS 0x0000000708200000, 0x0000000708200000| Untracked 
|  54|0x0000000708400000, 0x0000000708400000, 0x0000000708600000|  0%| F|  |TAMS 0x0000000708400000, 0x0000000708400000| Untracked 
|  55|0x0000000708600000, 0x0000000708600000, 0x0000000708800000|  0%| F|  |TAMS 0x0000000708600000, 0x0000000708600000| Untracked 
|  56|0x0000000708800000, 0x0000000708800000, 0x0000000708a00000|  0%| F|  |TAMS 0x0000000708800000, 0x0000000708800000| Untracked 
|  57|0x0000000708a00000, 0x0000000708a00000, 0x0000000708c00000|  0%| F|  |TAMS 0x0000000708a00000, 0x0000000708a00000| Untracked 
|  58|0x0000000708c00000, 0x0000000708c00000, 0x0000000708e00000|  0%| F|  |TAMS 0x0000000708c00000, 0x0000000708c00000| Untracked 
|  59|0x0000000708e00000, 0x0000000708e00000, 0x0000000709000000|  0%| F|  |TAMS 0x0000000708e00000, 0x0000000708e00000| Untracked 
|  60|0x0000000709000000, 0x0000000709000000, 0x0000000709200000|  0%| F|  |TAMS 0x0000000709000000, 0x0000000709000000| Untracked 
|  61|0x0000000709200000, 0x0000000709200000, 0x0000000709400000|  0%| F|  |TAMS 0x0000000709200000, 0x0000000709200000| Untracked 
|  62|0x0000000709400000, 0x0000000709400000, 0x0000000709600000|  0%| F|  |TAMS 0x0000000709400000, 0x0000000709400000| Untracked 
|  63|0x0000000709600000, 0x0000000709600000, 0x0000000709800000|  0%| F|  |TAMS 0x0000000709600000, 0x0000000709600000| Untracked 
|  64|0x0000000709800000, 0x0000000709800000, 0x0000000709a00000|  0%| F|  |TAMS 0x0000000709800000, 0x0000000709800000| Untracked 
|  65|0x0000000709a00000, 0x0000000709a00000, 0x0000000709c00000|  0%| F|  |TAMS 0x0000000709a00000, 0x0000000709a00000| Untracked 
|  66|0x0000000709c00000, 0x0000000709c00000, 0x0000000709e00000|  0%| F|  |TAMS 0x0000000709c00000, 0x0000000709c00000| Untracked 
|  67|0x0000000709e00000, 0x0000000709e00000, 0x000000070a000000|  0%| F|  |TAMS 0x0000000709e00000, 0x0000000709e00000| Untracked 
|  68|0x000000070a000000, 0x000000070a000000, 0x000000070a200000|  0%| F|  |TAMS 0x000000070a000000, 0x000000070a000000| Untracked 
|  69|0x000000070a200000, 0x000000070a200000, 0x000000070a400000|  0%| F|  |TAMS 0x000000070a200000, 0x000000070a200000| Untracked 
|  70|0x000000070a400000, 0x000000070a400000, 0x000000070a600000|  0%| F|  |TAMS 0x000000070a400000, 0x000000070a400000| Untracked 
|  71|0x000000070a600000, 0x000000070a600000, 0x000000070a800000|  0%| F|  |TAMS 0x000000070a600000, 0x000000070a600000| Untracked 
|  72|0x000000070a800000, 0x000000070a800000, 0x000000070aa00000|  0%| F|  |TAMS 0x000000070a800000, 0x000000070a800000| Untracked 
|  73|0x000000070aa00000, 0x000000070aa00000, 0x000000070ac00000|  0%| F|  |TAMS 0x000000070aa00000, 0x000000070aa00000| Untracked 
|  74|0x000000070ac00000, 0x000000070ac00000, 0x000000070ae00000|  0%| F|  |TAMS 0x000000070ac00000, 0x000000070ac00000| Untracked 
|  75|0x000000070ae00000, 0x000000070ae00000, 0x000000070b000000|  0%| F|  |TAMS 0x000000070ae00000, 0x000000070ae00000| Untracked 
|  76|0x000000070b000000, 0x000000070b000000, 0x000000070b200000|  0%| F|  |TAMS 0x000000070b000000, 0x000000070b000000| Untracked 
|  77|0x000000070b200000, 0x000000070b200000, 0x000000070b400000|  0%| F|  |TAMS 0x000000070b200000, 0x000000070b200000| Untracked 
|  78|0x000000070b400000, 0x000000070b400000, 0x000000070b600000|  0%| F|  |TAMS 0x000000070b400000, 0x000000070b400000| Untracked 
|  79|0x000000070b600000, 0x000000070b600000, 0x000000070b800000|  0%| F|  |TAMS 0x000000070b600000, 0x000000070b600000| Untracked 
|  80|0x000000070b800000, 0x000000070b800000, 0x000000070ba00000|  0%| F|  |TAMS 0x000000070b800000, 0x000000070b800000| Untracked 
|  81|0x000000070ba00000, 0x000000070ba00000, 0x000000070bc00000|  0%| F|  |TAMS 0x000000070ba00000, 0x000000070ba00000| Untracked 
|  82|0x000000070bc00000, 0x000000070bc00000, 0x000000070be00000|  0%| F|  |TAMS 0x000000070bc00000, 0x000000070bc00000| Untracked 
|  83|0x000000070be00000, 0x000000070be00000, 0x000000070c000000|  0%| F|  |TAMS 0x000000070be00000, 0x000000070be00000| Untracked 
|  84|0x000000070c000000, 0x000000070c000000, 0x000000070c200000|  0%| F|  |TAMS 0x000000070c000000, 0x000000070c000000| Untracked 
|  85|0x000000070c200000, 0x000000070c200000, 0x000000070c400000|  0%| F|  |TAMS 0x000000070c200000, 0x000000070c200000| Untracked 
|  86|0x000000070c400000, 0x000000070c400000, 0x000000070c600000|  0%| F|  |TAMS 0x000000070c400000, 0x000000070c400000| Untracked 
|  87|0x000000070c600000, 0x000000070c600000, 0x000000070c800000|  0%| F|  |TAMS 0x000000070c600000, 0x000000070c600000| Untracked 
|  88|0x000000070c800000, 0x000000070c800000, 0x000000070ca00000|  0%| F|  |TAMS 0x000000070c800000, 0x000000070c800000| Untracked 
|  89|0x000000070ca00000, 0x000000070ca00000, 0x000000070cc00000|  0%| F|  |TAMS 0x000000070ca00000, 0x000000070ca00000| Untracked 
|  90|0x000000070cc00000, 0x000000070cc00000, 0x000000070ce00000|  0%| F|  |TAMS 0x000000070cc00000, 0x000000070cc00000| Untracked 
|  91|0x000000070ce00000, 0x000000070ce00000, 0x000000070d000000|  0%| F|  |TAMS 0x000000070ce00000, 0x000000070ce00000| Untracked 
|  92|0x000000070d000000, 0x000000070d000000, 0x000000070d200000|  0%| F|  |TAMS 0x000000070d000000, 0x000000070d000000| Untracked 
|  93|0x000000070d200000, 0x000000070d200000, 0x000000070d400000|  0%| F|  |TAMS 0x000000070d200000, 0x000000070d200000| Untracked 
|  94|0x000000070d400000, 0x000000070d400000, 0x000000070d600000|  0%| F|  |TAMS 0x000000070d400000, 0x000000070d400000| Untracked 
|  95|0x000000070d600000, 0x000000070d600000, 0x000000070d800000|  0%| F|  |TAMS 0x000000070d600000, 0x000000070d600000| Untracked 
|  96|0x000000070d800000, 0x000000070d800000, 0x000000070da00000|  0%| F|  |TAMS 0x000000070d800000, 0x000000070d800000| Untracked 
|  97|0x000000070da00000, 0x000000070da00000, 0x000000070dc00000|  0%| F|  |TAMS 0x000000070da00000, 0x000000070da00000| Untracked 
|  98|0x000000070dc00000, 0x000000070dc00000, 0x000000070de00000|  0%| F|  |TAMS 0x000000070dc00000, 0x000000070dc00000| Untracked 
|  99|0x000000070de00000, 0x000000070de00000, 0x000000070e000000|  0%| F|  |TAMS 0x000000070de00000, 0x000000070de00000| Untracked 
| 100|0x000000070e000000, 0x000000070e000000, 0x000000070e200000|  0%| F|  |TAMS 0x000000070e000000, 0x000000070e000000| Untracked 
| 101|0x000000070e200000, 0x000000070e200000, 0x000000070e400000|  0%| F|  |TAMS 0x000000070e200000, 0x000000070e200000| Untracked 
| 102|0x000000070e400000, 0x000000070e400000, 0x000000070e600000|  0%| F|  |TAMS 0x000000070e400000, 0x000000070e400000| Untracked 
| 103|0x000000070e600000, 0x000000070e600000, 0x000000070e800000|  0%| F|  |TAMS 0x000000070e600000, 0x000000070e600000| Untracked 
| 104|0x000000070e800000, 0x000000070e800000, 0x000000070ea00000|  0%| F|  |TAMS 0x000000070e800000, 0x000000070e800000| Untracked 
| 105|0x000000070ea00000, 0x000000070ea00000, 0x000000070ec00000|  0%| F|  |TAMS 0x000000070ea00000, 0x000000070ea00000| Untracked 
| 106|0x000000070ec00000, 0x000000070ec00000, 0x000000070ee00000|  0%| F|  |TAMS 0x000000070ec00000, 0x000000070ec00000| Untracked 
| 107|0x000000070ee00000, 0x000000070ee00000, 0x000000070f000000|  0%| F|  |TAMS 0x000000070ee00000, 0x000000070ee00000| Untracked 
| 108|0x000000070f000000, 0x000000070f000000, 0x000000070f200000|  0%| F|  |TAMS 0x000000070f000000, 0x000000070f000000| Untracked 
| 109|0x000000070f200000, 0x000000070f200000, 0x000000070f400000|  0%| F|  |TAMS 0x000000070f200000, 0x000000070f200000| Untracked 
| 110|0x000000070f400000, 0x000000070f400000, 0x000000070f600000|  0%| F|  |TAMS 0x000000070f400000, 0x000000070f400000| Untracked 
| 111|0x000000070f600000, 0x000000070f600000, 0x000000070f800000|  0%| F|  |TAMS 0x000000070f600000, 0x000000070f600000| Untracked 
| 112|0x000000070f800000, 0x000000070f800000, 0x000000070fa00000|  0%| F|  |TAMS 0x000000070f800000, 0x000000070f800000| Untracked 
| 113|0x000000070fa00000, 0x000000070fa00000, 0x000000070fc00000|  0%| F|  |TAMS 0x000000070fa00000, 0x000000070fa00000| Untracked 
| 114|0x000000070fc00000, 0x000000070fc00000, 0x000000070fe00000|  0%| F|  |TAMS 0x000000070fc00000, 0x000000070fc00000| Untracked 
| 115|0x000000070fe00000, 0x000000070fe00000, 0x0000000710000000|  0%| F|  |TAMS 0x000000070fe00000, 0x000000070fe00000| Untracked 
| 116|0x0000000710000000, 0x00000007101ad848, 0x0000000710200000| 83%| S|CS|TAMS 0x0000000710000000, 0x0000000710000000| Complete 
| 117|0x0000000710200000, 0x0000000710200000, 0x0000000710400000|  0%| F|  |TAMS 0x0000000710200000, 0x0000000710200000| Untracked 
| 118|0x0000000710400000, 0x0000000710400000, 0x0000000710600000|  0%| F|  |TAMS 0x0000000710400000, 0x0000000710400000| Untracked 
| 119|0x0000000710600000, 0x0000000710600000, 0x0000000710800000|  0%| F|  |TAMS 0x0000000710600000, 0x0000000710600000| Untracked 
| 120|0x0000000710800000, 0x0000000710800000, 0x0000000710a00000|  0%| F|  |TAMS 0x0000000710800000, 0x0000000710800000| Untracked 
| 121|0x0000000710a00000, 0x0000000710a00000, 0x0000000710c00000|  0%| F|  |TAMS 0x0000000710a00000, 0x0000000710a00000| Untracked 
| 122|0x0000000710c00000, 0x0000000710cf4700, 0x0000000710e00000| 47%| E|  |TAMS 0x0000000710c00000, 0x0000000710c00000| Complete 
| 123|0x0000000710e00000, 0x0000000711000000, 0x0000000711000000|100%| E|CS|TAMS 0x0000000710e00000, 0x0000000710e00000| Complete 
| 124|0x0000000711000000, 0x0000000711200000, 0x0000000711200000|100%| E|  |TAMS 0x0000000711000000, 0x0000000711000000| Complete 
| 125|0x0000000711200000, 0x0000000711400000, 0x0000000711400000|100%| E|CS|TAMS 0x0000000711200000, 0x0000000711200000| Complete 
| 126|0x0000000711400000, 0x0000000711600000, 0x0000000711600000|100%| E|CS|TAMS 0x0000000711400000, 0x0000000711400000| Complete 
| 127|0x0000000711600000, 0x0000000711800000, 0x0000000711800000|100%| E|CS|TAMS 0x0000000711600000, 0x0000000711600000| Complete 

Card table byte_map: [0x00000231fa5a0000,0x00000231fada0000] _byte_map_base: 0x00000231f6d94000

Marking Bits (Prev, Next): (CMBitMap*) 0x00000231e2671550, (CMBitMap*) 0x00000231e2671590
 Prev Bits: [0x00000231fb5a0000, 0x00000231ff540000)
 Next Bits: [0x0000023180000000, 0x0000023183fa0000)

Polling page: 0x00000231e0620000

Metaspace:

Usage:
  Non-class:      5.74 MB capacity,     3.42 MB ( 60%) used,     2.31 MB ( 40%) free+waste,     4.19 KB ( <1%) overhead. 
      Class:    664.00 KB capacity,   412.22 KB ( 62%) used,   249.97 KB ( 38%) free+waste,     1.81 KB ( <1%) overhead. 
       Both:      6.39 MB capacity,     3.83 MB ( 60%) used,     2.55 MB ( 40%) free+waste,     6.00 KB ( <1%) overhead. 

Virtual space:
  Non-class space:        8.00 MB reserved,       5.75 MB ( 72%) committed 
      Class space:        1.00 GB reserved,     768.00 KB ( <1%) committed 
             Both:        1.01 GB reserved,       6.50 MB ( <1%) committed 

Chunk freelists:
   Non-Class:  13.00 KB
       Class:  8.00 KB
        Both:  21.00 KB

MaxMetaspaceSize: 17179869184.00 GB
CompressedClassSpaceSize: 1.00 GB

CodeHeap 'non-profiled nmethods': size=120000Kb used=503Kb max_used=503Kb free=119496Kb
 bounds [0x00000231f2320000, 0x00000231f2590000, 0x00000231f9850000]
CodeHeap 'profiled nmethods': size=120000Kb used=2106Kb max_used=2106Kb free=117893Kb
 bounds [0x00000231eadf0000, 0x00000231eb060000, 0x00000231f2320000]
CodeHeap 'non-nmethods': size=5760Kb used=1245Kb max_used=1295Kb free=4514Kb
 bounds [0x00000231ea850000, 0x00000231eaac0000, 0x00000231eadf0000]
 total_blobs=1394 nmethods=981 adapters=326
 compilation: enabled
              stopped_count=0, restarted_count=0
 full_count=0

Compilation events (20 events):
Event: 29.000 Thread 0x00000231869cede0 nmethod 961 0x00000231eaffa790 code [0x00000231eaffa920, 0x00000231eaffaa78]
Event: 29.000 Thread 0x00000231869cede0  953       3       jdk.internal.org.objectweb.asm.Frame::getLocal (46 bytes)
Event: 29.000 Thread 0x00000231869cede0 nmethod 953 0x00000231eaffab10 code [0x00000231eaffaca0, 0x00000231eaffaeb8]
Event: 29.000 Thread 0x00000231869cede0  959       3       java.lang.invoke.LambdaForm::internArgument (85 bytes)
Event: 29.000 Thread 0x00000231869cede0 nmethod 959 0x00000231eaffaf90 code [0x00000231eaffb160, 0x00000231eaffb4a8]
Event: 29.000 Thread 0x00000231869cede0  965       1       java.lang.invoke.LambdaForm$BasicType::basicTypeClass (5 bytes)
Event: 29.000 Thread 0x00000231869cede0 nmethod 965 0x00000231f239c510 code [0x00000231f239c6a0, 0x00000231f239c758]
Event: 29.000 Thread 0x00000231869cede0  971       3       java.lang.invoke.MemberName::isStatic (8 bytes)
Event: 29.000 Thread 0x00000231869cede0 nmethod 971 0x00000231eaffb690 code [0x00000231eaffb820, 0x00000231eaffb9d8]
Event: 29.000 Thread 0x00000231869cede0  966       1       java.lang.invoke.MethodTypeForm::basicType (5 bytes)
Event: 29.000 Thread 0x00000231869cede0 nmethod 966 0x00000231f239c810 code [0x00000231f239c9a0, 0x00000231f239ca58]
Event: 29.000 Thread 0x00000231869cede0  973       3       java.lang.invoke.LambdaForm::forceInterpretation (14 bytes)
Event: 29.000 Thread 0x00000231869cede0 nmethod 973 0x00000231eaffba90 code [0x00000231eaffbc20, 0x00000231eaffbd78]
Event: 29.000 Thread 0x00000231869cede0  974       3       java.lang.invoke.MethodType::parameterSlotCount (8 bytes)
Event: 29.000 Thread 0x00000231869cede0 nmethod 974 0x00000231eaffbe10 code [0x00000231eaffbfa0, 0x00000231eaffc0b8]
Event: 29.000 Thread 0x00000231869cede0  976       3       java.lang.invoke.LambdaForm::parameterType (9 bytes)
Event: 29.000 Thread 0x00000231869cede0 nmethod 976 0x00000231eaffc190 code [0x00000231eaffc340, 0x00000231eaffc4a8]
Event: 29.000 Thread 0x00000231869cede0  977       1       java.lang.invoke.LambdaForm$Name::type (5 bytes)
Event: 29.000 Thread 0x00000231869cede0 nmethod 977 0x00000231f239ce10 code [0x00000231f239cfa0, 0x00000231f239d058]
Event: 29.001 Thread 0x00000231869cede0  978       3       jdk.internal.org.objectweb.asm.Frame::push (59 bytes)

GC Heap History (2 events):
Event: 0.470 GC heap before
{Heap before GC invocations=0 (full 0):
 garbage-first heap   total 262144K, used 22528K [0x0000000701800000, 0x0000000800000000)
  region size 2048K, 11 young (22528K), 0 survivors (0K)
 Metaspace       used 2414K, capacity 5261K, committed 5376K, reserved 1056768K
  class space    used 220K, capacity 495K, committed 512K, reserved 1048576K
}
Event: 0.472 GC heap after
{Heap after GC invocations=1 (full 0):
 garbage-first heap   total 262144K, used 1718K [0x0000000701800000, 0x0000000800000000)
  region size 2048K, 1 young (2048K), 1 survivors (2048K)
 Metaspace       used 2414K, capacity 5261K, committed 5376K, reserved 1056768K
  class space    used 220K, capacity 495K, committed 512K, reserved 1048576K
}

Deoptimization events (20 events):
Event: 0.572 Thread 0x00000231e261e150 DEOPT PACKING pc=0x00000231eafa7f7c sp=0x000000c989dfdc30
Event: 0.572 Thread 0x00000231e261e150 DEOPT UNPACKING pc=0x00000231ea89e23f sp=0x000000c989dfd600 mode 1
Event: 0.578 Thread 0x00000231e261e150 DEOPT PACKING pc=0x00000231eafa7f7c sp=0x000000c989dfdc30
Event: 0.578 Thread 0x00000231e261e150 DEOPT UNPACKING pc=0x00000231ea89e23f sp=0x000000c989dfd600 mode 1
Event: 0.581 Thread 0x00000231e261e150 DEOPT PACKING pc=0x00000231eafa7f7c sp=0x000000c989dfdc30
Event: 0.581 Thread 0x00000231e261e150 DEOPT UNPACKING pc=0x00000231ea89e23f sp=0x000000c989dfd600 mode 1
Event: 0.600 Thread 0x00000231e261e150 DEOPT PACKING pc=0x00000231eaf1f873 sp=0x000000c989dfc420
Event: 0.600 Thread 0x00000231e261e150 DEOPT UNPACKING pc=0x00000231ea89e23f sp=0x000000c989dfb948 mode 0
Event: 0.820 Thread 0x00000231e261e150 Uncommon trap: trap_request=0xffffff45 fr.pc=0x00000231f23632c4 relative=0x0000000000000584
Event: 0.820 Thread 0x00000231e261e150 Uncommon trap: reason=unstable_if action=reinterpret pc=0x00000231f23632c4 method=java.lang.Integer.stringSize(I)I @ 24 c2
Event: 0.820 Thread 0x00000231e261e150 DEOPT PACKING pc=0x00000231f23632c4 sp=0x000000c989dfdc00
Event: 0.820 Thread 0x00000231e261e150 DEOPT UNPACKING pc=0x00000231ea89e42f sp=0x000000c989dfdb68 mode 2
Event: 0.820 Thread 0x00000231e261e150 Uncommon trap: trap_request=0xffffff45 fr.pc=0x00000231f2363c2c relative=0x000000000000010c
Event: 0.820 Thread 0x00000231e261e150 Uncommon trap: reason=unstable_if action=reinterpret pc=0x00000231f2363c2c method=java.lang.Integer.getChars(II[B)I @ 25 c2
Event: 0.820 Thread 0x00000231e261e150 DEOPT PACKING pc=0x00000231f2363c2c sp=0x000000c989dfdbb0
Event: 0.820 Thread 0x00000231e261e150 DEOPT UNPACKING pc=0x00000231ea89e42f sp=0x000000c989dfdb48 mode 2
Event: 0.820 Thread 0x00000231e261e150 Uncommon trap: trap_request=0xffffff45 fr.pc=0x00000231f235e94c relative=0x000000000000004c
Event: 0.820 Thread 0x00000231e261e150 Uncommon trap: reason=unstable_if action=reinterpret pc=0x00000231f235e94c method=java.lang.Integer.stringSize(I)I @ 24 c2
Event: 0.820 Thread 0x00000231e261e150 DEOPT PACKING pc=0x00000231f235e94c sp=0x000000c989dfdbd0
Event: 0.820 Thread 0x00000231e261e150 DEOPT UNPACKING pc=0x00000231ea89e42f sp=0x000000c989dfdb50 mode 2

Classes unloaded (0 events):
No events

Classes redefined (0 events):
No events

Internal exceptions (6 events):
Event: 0.200 Thread 0x00000231e261e150 Exception <a 'java/lang/NoSuchMethodError'{0x00000007115d6088}: 'int java.lang.invoke.DirectMethodHandle$Holder.invokeStaticInit(java.lang.Object, java.lang.Object, java.lang.Object, java.lang.Object)'> (0x00000007115d6088) 
thrown [./open/src/hotspot/share/interpreter/linkResolver.cpp, line 782]
Event: 0.201 Thread 0x00000231e261e150 Exception <a 'java/lang/NoSuchMethodError'{0x00000007115e0c88}: 'java.lang.Object java.lang.invoke.DirectMethodHandle$Holder.invokeInterface(java.lang.Object, java.lang.Object)'> (0x00000007115e0c88) 
thrown [./open/src/hotspot/share/interpreter/linkResolver.cpp, line 782]
Event: 0.201 Thread 0x00000231e261e150 Exception <a 'java/lang/IncompatibleClassChangeError'{0x00000007115e43d8}: Found class java.lang.Object, but interface was expected> (0x00000007115e43d8) 
thrown [./open/src/hotspot/share/interpreter/linkResolver.cpp, line 848]
Event: 0.201 Thread 0x00000231e261e150 Exception <a 'java/lang/NoSuchMethodError'{0x00000007115e7d78}: 'void java.lang.invoke.DirectMethodHandle$Holder.invokeStatic(java.lang.Object, java.lang.Object)'> (0x00000007115e7d78) 
thrown [./open/src/hotspot/share/interpreter/linkResolver.cpp, line 782]
Event: 0.201 Thread 0x00000231e261e150 Exception <a 'java/lang/NoSuchMethodError'{0x00000007115eb4d8}: 'void java.lang.invoke.DirectMethodHandle$Holder.invokeStaticInit(java.lang.Object, java.lang.Object)'> (0x00000007115eb4d8) 
thrown [./open/src/hotspot/share/interpreter/linkResolver.cpp, line 782]
Event: 0.202 Thread 0x00000231e261e150 Exception <a 'java/lang/NoSuchMethodError'{0x00000007115f3ce8}: 'int java.lang.invoke.DirectMethodHandle$Holder.invokeStaticInit(java.lang.Object, java.lang.Object)'> (0x00000007115f3ce8) 
thrown [./open/src/hotspot/share/interpreter/linkResolver.cpp, line 782]

Events (20 events):
Event: 28.359 Executing VM operation: get/set locals
Event: 28.359 Executing VM operation: get/set locals done
Event: 28.434 Executing VM operation: GetFrameCount
Event: 28.434 Executing VM operation: GetFrameCount done
Event: 28.434 Executing VM operation: GetStackTrace
Event: 28.434 Executing VM operation: GetStackTrace done
Event: 28.996 loading class java/lang/invoke/BoundMethodHandle$Species_LL
Event: 28.996 loading class java/lang/invoke/BoundMethodHandle$Species_LL done
Event: 28.997 loading class java/lang/invoke/BoundMethodHandle$Species_LLL
Event: 28.997 loading class java/lang/invoke/BoundMethodHandle$Species_LLL done
Event: 28.997 loading class java/lang/invoke/BoundMethodHandle$Species_LLLL
Event: 28.997 loading class java/lang/invoke/BoundMethodHandle$Species_LLLL done
Event: 28.998 loading class java/lang/invoke/BoundMethodHandle$Species_LLLLL
Event: 28.998 loading class java/lang/invoke/BoundMethodHandle$Species_LLLLL done
Event: 28.999 loading class java/lang/invoke/BoundMethodHandle$Species_LJ
Event: 28.999 loading class java/lang/invoke/BoundMethodHandle$Species_LJ done
Event: 28.999 loading class java/lang/invoke/BoundMethodHandle$Species_LLLLLL
Event: 28.999 loading class java/lang/invoke/BoundMethodHandle$Species_LLLLLL done
Event: 29.000 loading class java/lang/invoke/BoundMethodHandle$Species_LLLLLLL
Event: 29.000 loading class java/lang/invoke/BoundMethodHandle$Species_LLLLLLL done


Dynamic libraries:
0x00007ff785000000 - 0x00007ff78500d000 	C:\Users\Destroy\.jdks\openjdk-15.0.2\bin\java.exe
0x00007ffbe2d70000 - 0x00007ffbe2f68000 	C:\WINDOWS\SYSTEM32\ntdll.dll
0x00007ffbe1e70000 - 0x00007ffbe1f2f000 	C:\WINDOWS\System32\KERNEL32.DLL
0x00007ffbe09f0000 - 0x00007ffbe0cc2000 	C:\WINDOWS\System32\KERNELBASE.dll
0x00007ffbe05e0000 - 0x00007ffbe06e0000 	C:\WINDOWS\System32\ucrtbase.dll
0x00007ffbdcbe0000 - 0x00007ffbdcbf8000 	C:\Users\Destroy\.jdks\openjdk-15.0.2\bin\jli.dll
0x00007ffbdcbc0000 - 0x00007ffbdcbd9000 	C:\Users\Destroy\.jdks\openjdk-15.0.2\bin\VCRUNTIME140.dll
0x00007ffbe0ed0000 - 0x00007ffbe1071000 	C:\WINDOWS\System32\USER32.dll
0x00007ffbe06e0000 - 0x00007ffbe0702000 	C:\WINDOWS\System32\win32u.dll
0x00007ffbcb850000 - 0x00007ffbcbaea000 	C:\WINDOWS\WinSxS\amd64_microsoft.windows.common-controls_6595b64144ccf1df_6.0.19041.1110_none_60b5254171f9507e\COMCTL32.dll
0x00007ffbe0ea0000 - 0x00007ffbe0ecb000 	C:\WINDOWS\System32\GDI32.dll
0x00007ffbe1130000 - 0x00007ffbe11ce000 	C:\WINDOWS\System32\msvcrt.dll
0x00007ffbe04d0000 - 0x00007ffbe05df000 	C:\WINDOWS\System32\gdi32full.dll
0x00007ffbe0870000 - 0x00007ffbe090d000 	C:\WINDOWS\System32\msvcp_win.dll
0x00007ffbe0e60000 - 0x00007ffbe0e92000 	C:\WINDOWS\System32\IMM32.DLL
0x00007ffbdcc90000 - 0x00007ffbdcc9c000 	C:\Users\Destroy\.jdks\openjdk-15.0.2\bin\vcruntime140_1.dll
0x00007ffbb7730000 - 0x00007ffbb77c1000 	C:\Users\Destroy\.jdks\openjdk-15.0.2\bin\msvcp140.dll
0x00007ffb5c240000 - 0x00007ffb5cd9e000 	C:\Users\Destroy\.jdks\openjdk-15.0.2\bin\server\jvm.dll
0x00007ffbe1080000 - 0x00007ffbe112e000 	C:\WINDOWS\System32\ADVAPI32.dll
0x00007ffbe2c90000 - 0x00007ffbe2d2c000 	C:\WINDOWS\System32\sechost.dll
0x00007ffbe2b60000 - 0x00007ffbe2c85000 	C:\WINDOWS\System32\RPCRT4.dll
0x00007ffbe1e60000 - 0x00007ffbe1e68000 	C:\WINDOWS\System32\PSAPI.DLL
0x00007ffbb9bc0000 - 0x00007ffbb9bc9000 	C:\WINDOWS\SYSTEM32\WSOCK32.dll
0x00007ffbd8a90000 - 0x00007ffbd8a9a000 	C:\WINDOWS\SYSTEM32\VERSION.dll
0x00007ffbd2d50000 - 0x00007ffbd2d77000 	C:\WINDOWS\SYSTEM32\WINMM.dll
0x00007ffbe1290000 - 0x00007ffbe12fb000 	C:\WINDOWS\System32\WS2_32.dll
0x00007ffbdece0000 - 0x00007ffbdecf2000 	C:\WINDOWS\SYSTEM32\kernel.appcore.dll
0x00007ffbdcbb0000 - 0x00007ffbdcbba000 	C:\Users\Destroy\.jdks\openjdk-15.0.2\bin\jimage.dll
0x00007ffbd0120000 - 0x00007ffbd0304000 	C:\WINDOWS\SYSTEM32\DBGHELP.DLL
0x00007ffbc8350000 - 0x00007ffbc8385000 	C:\WINDOWS\SYSTEM32\dbgcore.DLL
0x00007ffbe0960000 - 0x00007ffbe09e2000 	C:\WINDOWS\System32\bcryptPrimitives.dll
0x00007ffbb7fc0000 - 0x00007ffbb7ff9000 	C:\Users\Destroy\.jdks\openjdk-15.0.2\bin\jdwp.dll
0x00007ffbd66c0000 - 0x00007ffbd66ce000 	C:\Users\Destroy\.jdks\openjdk-15.0.2\bin\instrument.dll
0x00007ffbdcb80000 - 0x00007ffbdcba5000 	C:\Users\Destroy\.jdks\openjdk-15.0.2\bin\java.dll
0x00007ffbc8280000 - 0x00007ffbc8298000 	C:\Users\Destroy\.jdks\openjdk-15.0.2\bin\zip.dll
0x00007ffbe1710000 - 0x00007ffbe1e54000 	C:\WINDOWS\System32\SHELL32.dll
0x00007ffbde390000 - 0x00007ffbdeb22000 	C:\WINDOWS\SYSTEM32\windows.storage.dll
0x00007ffbe1f90000 - 0x00007ffbe22e5000 	C:\WINDOWS\System32\combase.dll
0x00007ffbdfec0000 - 0x00007ffbdfef0000 	C:\WINDOWS\SYSTEM32\Wldp.dll
0x00007ffbe0db0000 - 0x00007ffbe0e5d000 	C:\WINDOWS\System32\SHCORE.dll
0x00007ffbe1f30000 - 0x00007ffbe1f85000 	C:\WINDOWS\System32\shlwapi.dll
0x00007ffbe03a0000 - 0x00007ffbe03bf000 	C:\WINDOWS\SYSTEM32\profapi.dll
0x00007ffbc5ee0000 - 0x00007ffbc5eeb000 	C:\Users\Destroy\.jdks\openjdk-15.0.2\bin\dt_socket.dll
0x00007ffbdf8c0000 - 0x00007ffbdf8fb000 	C:\WINDOWS\SYSTEM32\IPHLPAPI.DLL
0x00007ffbb6e60000 - 0x00007ffbb6f6d000 	C:\WINDOWS\SysWOW64\ierd_tgp_lsp64.dll
0x00007ffbe1430000 - 0x00007ffbe155a000 	C:\WINDOWS\System32\ole32.dll
0x00007ffbdfc20000 - 0x00007ffbdfc8a000 	C:\WINDOWS\system32\mswsock.dll
0x00007ffbdcb60000 - 0x00007ffbdcb79000 	C:\Users\Destroy\.jdks\openjdk-15.0.2\bin\net.dll
0x00007ffbd8100000 - 0x00007ffbd820c000 	C:\WINDOWS\SYSTEM32\WINHTTP.dll
0x00007ffbd8b60000 - 0x00007ffbd8b72000 	C:\Users\Destroy\.jdks\openjdk-15.0.2\bin\nio.dll
0x0000023187600000 - 0x0000023187604000 	C:\Users\Destroy\.javacpp\cache\javacpp-1.5.7-windows-x86_64.jar\org\bytedeco\javacpp\windows-x86_64\api-ms-win-crt-locale-l1-1-0.dll
0x0000023187610000 - 0x0000023187615000 	C:\Users\Destroy\.javacpp\cache\javacpp-1.5.7-windows-x86_64.jar\org\bytedeco\javacpp\windows-x86_64\api-ms-win-crt-string-l1-1-0.dll
0x0000023187620000 - 0x0000023187625000 	C:\Users\Destroy\.javacpp\cache\javacpp-1.5.7-windows-x86_64.jar\org\bytedeco\javacpp\windows-x86_64\api-ms-win-crt-stdio-l1-1-0.dll
0x0000023187630000 - 0x0000023187636000 	C:\Users\Destroy\.javacpp\cache\javacpp-1.5.7-windows-x86_64.jar\org\bytedeco\javacpp\windows-x86_64\api-ms-win-crt-math-l1-1-0.dll
0x0000023187640000 - 0x0000023187644000 	C:\Users\Destroy\.javacpp\cache\javacpp-1.5.7-windows-x86_64.jar\org\bytedeco\javacpp\windows-x86_64\api-ms-win-crt-heap-l1-1-0.dll
0x0000023187650000 - 0x0000023187655000 	C:\Users\Destroy\.javacpp\cache\javacpp-1.5.7-windows-x86_64.jar\org\bytedeco\javacpp\windows-x86_64\api-ms-win-crt-runtime-l1-1-0.dll
0x0000023187660000 - 0x0000023187665000 	C:\Users\Destroy\.javacpp\cache\javacpp-1.5.7-windows-x86_64.jar\org\bytedeco\javacpp\windows-x86_64\api-ms-win-crt-convert-l1-1-0.dll
0x0000023187670000 - 0x0000023187674000 	C:\Users\Destroy\.javacpp\cache\javacpp-1.5.7-windows-x86_64.jar\org\bytedeco\javacpp\windows-x86_64\api-ms-win-crt-environment-l1-1-0.dll
0x0000023187680000 - 0x0000023187684000 	C:\Users\Destroy\.javacpp\cache\javacpp-1.5.7-windows-x86_64.jar\org\bytedeco\javacpp\windows-x86_64\api-ms-win-crt-time-l1-1-0.dll
0x0000023187690000 - 0x0000023187694000 	C:\Users\Destroy\.javacpp\cache\javacpp-1.5.7-windows-x86_64.jar\org\bytedeco\javacpp\windows-x86_64\api-ms-win-crt-filesystem-l1-1-0.dll
0x00000231876a0000 - 0x00000231876a4000 	C:\Users\Destroy\.javacpp\cache\javacpp-1.5.7-windows-x86_64.jar\org\bytedeco\javacpp\windows-x86_64\api-ms-win-crt-utility-l1-1-0.dll
0x00000231876b0000 - 0x00000231876b6000 	C:\Users\Destroy\.javacpp\cache\javacpp-1.5.7-windows-x86_64.jar\org\bytedeco\javacpp\windows-x86_64\api-ms-win-crt-multibyte-l1-1-0.dll
0x00000231876c0000 - 0x00000231876c4000 	C:\Users\Destroy\.javacpp\cache\javacpp-1.5.7-windows-x86_64.jar\org\bytedeco\javacpp\windows-x86_64\api-ms-win-crt-conio-l1-1-0.dll
0x00000231876d0000 - 0x00000231876e1000 	C:\Users\Destroy\.javacpp\cache\javacpp-1.5.7-windows-x86_64.jar\org\bytedeco\javacpp\windows-x86_64\api-ms-win-crt-private-l1-1-0.dll
0x00000231876f0000 - 0x00000231876f4000 	C:\Users\Destroy\.javacpp\cache\javacpp-1.5.7-windows-x86_64.jar\org\bytedeco\javacpp\windows-x86_64\api-ms-win-crt-process-l1-1-0.dll
0x0000023187700000 - 0x0000023187704000 	C:\Users\Destroy\.javacpp\cache\javacpp-1.5.7-windows-x86_64.jar\org\bytedeco\javacpp\windows-x86_64\api-ms-win-core-console-l1-2-0.dll
0x0000023187710000 - 0x0000023187714000 	C:\Users\Destroy\.javacpp\cache\javacpp-1.5.7-windows-x86_64.jar\org\bytedeco\javacpp\windows-x86_64\api-ms-win-core-string-l1-1-0.dll
0x0000023187720000 - 0x0000023187724000 	C:\Users\Destroy\.javacpp\cache\javacpp-1.5.7-windows-x86_64.jar\org\bytedeco\javacpp\windows-x86_64\api-ms-win-core-errorhandling-l1-1-0.dll
0x0000023187730000 - 0x0000023187734000 	C:\Users\Destroy\.javacpp\cache\javacpp-1.5.7-windows-x86_64.jar\org\bytedeco\javacpp\windows-x86_64\api-ms-win-core-timezone-l1-1-0.dll
0x0000023187740000 - 0x0000023187745000 	C:\Users\Destroy\.javacpp\cache\javacpp-1.5.7-windows-x86_64.jar\org\bytedeco\javacpp\windows-x86_64\api-ms-win-core-file-l1-1-0.dll
0x0000023187750000 - 0x0000023187754000 	C:\Users\Destroy\.javacpp\cache\javacpp-1.5.7-windows-x86_64.jar\org\bytedeco\javacpp\windows-x86_64\api-ms-win-core-namedpipe-l1-1-0.dll
0x0000023187760000 - 0x0000023187764000 	C:\Users\Destroy\.javacpp\cache\javacpp-1.5.7-windows-x86_64.jar\org\bytedeco\javacpp\windows-x86_64\api-ms-win-core-handle-l1-1-0.dll
0x0000023187770000 - 0x0000023187774000 	C:\Users\Destroy\.javacpp\cache\javacpp-1.5.7-windows-x86_64.jar\org\bytedeco\javacpp\windows-x86_64\api-ms-win-core-file-l2-1-0.dll
0x0000023187780000 - 0x0000023187784000 	C:\Users\Destroy\.javacpp\cache\javacpp-1.5.7-windows-x86_64.jar\org\bytedeco\javacpp\windows-x86_64\api-ms-win-core-heap-l1-1-0.dll
0x0000023187790000 - 0x0000023187794000 	C:\Users\Destroy\.javacpp\cache\javacpp-1.5.7-windows-x86_64.jar\org\bytedeco\javacpp\windows-x86_64\api-ms-win-core-libraryloader-l1-1-0.dll
0x00000231877a0000 - 0x00000231877a4000 	C:\Users\Destroy\.javacpp\cache\javacpp-1.5.7-windows-x86_64.jar\org\bytedeco\javacpp\windows-x86_64\api-ms-win-core-synch-l1-1-0.dll
0x00000231877b0000 - 0x00000231877b4000 	C:\Users\Destroy\.javacpp\cache\javacpp-1.5.7-windows-x86_64.jar\org\bytedeco\javacpp\windows-x86_64\api-ms-win-core-processthreads-l1-1-0.dll
0x00000231877c0000 - 0x00000231877c4000 	C:\Users\Destroy\.javacpp\cache\javacpp-1.5.7-windows-x86_64.jar\org\bytedeco\javacpp\windows-x86_64\api-ms-win-core-processenvironment-l1-1-0.dll
0x00000231877d0000 - 0x00000231877d4000 	C:\Users\Destroy\.javacpp\cache\javacpp-1.5.7-windows-x86_64.jar\org\bytedeco\javacpp\windows-x86_64\api-ms-win-core-datetime-l1-1-0.dll
0x00000231877e0000 - 0x00000231877e4000 	C:\Users\Destroy\.javacpp\cache\javacpp-1.5.7-windows-x86_64.jar\org\bytedeco\javacpp\windows-x86_64\api-ms-win-core-localization-l1-2-0.dll
0x00000231877f0000 - 0x00000231877f4000 	C:\Users\Destroy\.javacpp\cache\javacpp-1.5.7-windows-x86_64.jar\org\bytedeco\javacpp\windows-x86_64\api-ms-win-core-sysinfo-l1-1-0.dll
0x0000023187800000 - 0x0000023187804000 	C:\Users\Destroy\.javacpp\cache\javacpp-1.5.7-windows-x86_64.jar\org\bytedeco\javacpp\windows-x86_64\api-ms-win-core-synch-l1-2-0.dll
0x0000023187810000 - 0x0000023187814000 	C:\Users\Destroy\.javacpp\cache\javacpp-1.5.7-windows-x86_64.jar\org\bytedeco\javacpp\windows-x86_64\api-ms-win-core-console-l1-1-0.dll
0x0000023187820000 - 0x0000023187824000 	C:\Users\Destroy\.javacpp\cache\javacpp-1.5.7-windows-x86_64.jar\org\bytedeco\javacpp\windows-x86_64\api-ms-win-core-debug-l1-1-0.dll
0x0000023187830000 - 0x0000023187834000 	C:\Users\Destroy\.javacpp\cache\javacpp-1.5.7-windows-x86_64.jar\org\bytedeco\javacpp\windows-x86_64\api-ms-win-core-rtlsupport-l1-1-0.dll
0x0000023187840000 - 0x0000023187844000 	C:\Users\Destroy\.javacpp\cache\javacpp-1.5.7-windows-x86_64.jar\org\bytedeco\javacpp\windows-x86_64\api-ms-win-core-processthreads-l1-1-1.dll
0x0000023187850000 - 0x0000023187854000 	C:\Users\Destroy\.javacpp\cache\javacpp-1.5.7-windows-x86_64.jar\org\bytedeco\javacpp\windows-x86_64\api-ms-win-core-file-l1-2-0.dll
0x0000023187860000 - 0x0000023187864000 	C:\Users\Destroy\.javacpp\cache\javacpp-1.5.7-windows-x86_64.jar\org\bytedeco\javacpp\windows-x86_64\api-ms-win-core-profile-l1-1-0.dll
0x0000023187870000 - 0x0000023187874000 	C:\Users\Destroy\.javacpp\cache\javacpp-1.5.7-windows-x86_64.jar\org\bytedeco\javacpp\windows-x86_64\api-ms-win-core-memory-l1-1-0.dll
0x0000023187880000 - 0x0000023187884000 	C:\Users\Destroy\.javacpp\cache\javacpp-1.5.7-windows-x86_64.jar\org\bytedeco\javacpp\windows-x86_64\api-ms-win-core-util-l1-1-0.dll
0x0000023187890000 - 0x0000023187894000 	C:\Users\Destroy\.javacpp\cache\javacpp-1.5.7-windows-x86_64.jar\org\bytedeco\javacpp\windows-x86_64\api-ms-win-core-interlocked-l1-1-0.dll
0x00007ffbb70a0000 - 0x00007ffbb71b1000 	C:\Users\Destroy\.javacpp\cache\javacpp-1.5.7-windows-x86_64.jar\org\bytedeco\javacpp\windows-x86_64\ucrtbase.dll
0x00007ffbbce10000 - 0x00007ffbbce2b000 	C:\Users\Destroy\.javacpp\cache\javacpp-1.5.7-windows-x86_64.jar\org\bytedeco\javacpp\windows-x86_64\vcruntime140.dll
0x00007ffbbd1d0000 - 0x00007ffbbd1dc000 	C:\Users\Destroy\.javacpp\cache\javacpp-1.5.7-windows-x86_64.jar\org\bytedeco\javacpp\windows-x86_64\vcruntime140_1.dll
0x00007ffbb7bc0000 - 0x00007ffbb7c4d000 	C:\Users\Destroy\.javacpp\cache\javacpp-1.5.7-windows-x86_64.jar\org\bytedeco\javacpp\windows-x86_64\msvcp140.dll
0x00007ffbbabe0000 - 0x00007ffbbabe9000 	C:\Users\Destroy\.javacpp\cache\javacpp-1.5.7-windows-x86_64.jar\org\bytedeco\javacpp\windows-x86_64\msvcp140_1.dll
0x00007ffbb22b0000 - 0x00007ffbb22fe000 	C:\Users\Destroy\.javacpp\cache\javacpp-1.5.7-windows-x86_64.jar\org\bytedeco\javacpp\windows-x86_64\concrt140.dll
0x00007ffbb2190000 - 0x00007ffbb21c1000 	C:\Users\Destroy\.javacpp\cache\javacpp-1.5.7-windows-x86_64.jar\org\bytedeco\javacpp\windows-x86_64\vcomp140.dll
0x00007ffbba170000 - 0x00007ffbba17e000 	C:\Users\Destroy\.javacpp\cache\javacpp-1.5.7-windows-x86_64.jar\org\bytedeco\javacpp\windows-x86_64\jnijavacpp.dll
0x00007ffb51c00000 - 0x00007ffb5629d000 	C:\Users\Destroy\.javacpp\cache\llvm-13.0.1-1.5.7-windows-x86_64.jar\org\bytedeco\llvm\windows-x86_64\LTO.dll
0x00007ffbb0c90000 - 0x00007ffbb0ccb000 	C:\Users\Destroy\.javacpp\cache\llvm-13.0.1-1.5.7-windows-x86_64.jar\org\bytedeco\llvm\windows-x86_64\Remarks.dll
0x00007ffb4d3b0000 - 0x00007ffb51c00000 	C:\Users\Destroy\.javacpp\cache\llvm-13.0.1-1.5.7-windows-x86_64.jar\org\bytedeco\llvm\windows-x86_64\jniLLVM.dll

dbghelp: loaded successfully - version: 4.0.5 - missing functions: none
symbol engine: initialized successfully - sym options: 0x614 - pdb path: .;C:\Users\Destroy\.jdks\openjdk-15.0.2\bin;C:\WINDOWS\SYSTEM32;C:\WINDOWS\WinSxS\amd64_microsoft.windows.common-controls_6595b64144ccf1df_6.0.19041.1110_none_60b5254171f9507e;C:\Users\Destroy\.jdks\openjdk-15.0.2\bin\server;C:\WINDOWS\SysWOW64;C:\Users\Destroy\.javacpp\cache\javacpp-1.5.7-windows-x86_64.jar\org\bytedeco\javacpp\windows-x86_64;C:\Users\Destroy\.javacpp\cache\llvm-13.0.1-1.5.7-windows-x86_64.jar\org\bytedeco\llvm\windows-x86_64

VM Arguments:
jvm_args: -agentlib:jdwp=transport=dt_socket,address=127.0.0.1:63211,suspend=y,server=n -javaagent:C:\Users\Destroy\AppData\Local\JetBrains\IntelliJIdea2021.3\captureAgent\debugger-agent.jar -Dfile.encoding=UTF-8 
java_command: Main E:\\bianyiyuanli\\Lab\\src\\a.txt E:\\bianyiyuanli\\Lab\\src\\b.txt
java_class_path (initial): E:\bianyiyuanli\Lab\target\classes;C:\Users\Destroy\.m2\repository\org\antlr\antlr4-runtime\4.10.1\antlr4-runtime-4.10.1.jar;C:\Users\Destroy\.m2\repository\org\antlr\antlr4\4.10.1\antlr4-4.10.1.jar;C:\Users\Destroy\.m2\repository\org\bytedeco\llvm-platform\13.0.1-1.5.7\llvm-platform-13.0.1-1.5.7.jar;C:\Users\Destroy\.m2\repository\org\bytedeco\javacpp-platform\1.5.7\javacpp-platform-1.5.7.jar;C:\Users\Destroy\.m2\repository\org\bytedeco\javacpp\1.5.7\javacpp-1.5.7.jar;C:\Users\Destroy\.m2\repository\org\bytedeco\javacpp\1.5.7\javacpp-1.5.7-android-arm.jar;C:\Users\Destroy\.m2\repository\org\bytedeco\javacpp\1.5.7\javacpp-1.5.7-android-arm64.jar;C:\Users\Destroy\.m2\repository\org\bytedeco\javacpp\1.5.7\javacpp-1.5.7-android-x86.jar;C:\Users\Destroy\.m2\repository\org\bytedeco\javacpp\1.5.7\javacpp-1.5.7-android-x86_64.jar;C:\Users\Destroy\.m2\repository\org\bytedeco\javacpp\1.5.7\javacpp-1.5.7-ios-arm64.jar;C:\Users\Destroy\.m2\repository\org\bytedeco\javacpp\1.5.7\javacpp-1.5.7-ios-x86_64.jar;C:\Users\Destroy\.m2\repository\org\bytedeco\javacpp\1.5.7\javacpp-1.5.7-linux-armhf.jar;C:\Users\Destroy\.m2\repository\org\bytedeco\javacpp\1.5.7\javacpp-1.5.7-linux-arm64.jar;C:\Users\Destroy\.m2\repository\org\bytedeco\javacpp\1.5.7\javacpp-1.5.7-linux-ppc64le.jar;C:\Users\Destroy\.m2\repository\org\bytedeco\javacpp\1.5.7\javacpp-1.5.7-linux-x86.jar;C:\Users\Destroy\.m2\repository\org\bytedeco\javacpp\1.5.7\javacpp-1.5.7-linux-x86_64.jar;C:\Users\Destroy\.m2\repository\org\bytedeco\javacpp\1.5.7\javacpp-1.5.7-macosx-arm64.jar;C:\Users\Destroy\.m2\repository\org\bytedeco\javacpp\1.5.7\javacpp-1.5.7-macosx-x86_64.jar;C:\Users\Destroy\.m2\repository\org\bytedeco\javacpp\1.5.7\javacpp-1.5.7-windows-x86.jar;C:\Users\Destroy\.m2\repository\org\bytedeco\javacpp\1.5.7\javacpp-1.5.7-windows-x86_64.jar;C:\Users\Destroy\.m2\repository\org\bytedeco\llvm\13.0.1-1.5.7\llvm-13.0.1-1.5.7.jar;C:\Users\Destroy\.m2\repository\org\bytedeco\llvm\13.0.1-1.5.7\llvm-
Launcher Type: SUN_STANDARD

[Global flags]
     intx CICompilerCount                          = 4                                         {product} {ergonomic}
     uint ConcGCThreads                            = 3                                         {product} {ergonomic}
     uint G1ConcRefinementThreads                  = 10                                        {product} {ergonomic}
   size_t G1HeapRegionSize                         = 2097152                                   {product} {ergonomic}
    uintx GCDrainStackTargetSize                   = 64                                        {product} {ergonomic}
   size_t InitialHeapSize                          = 268435456                                 {product} {ergonomic}
   size_t MarkStackSize                            = 4194304                                   {product} {ergonomic}
   size_t MaxHeapSize                              = 4269801472                                {product} {ergonomic}
   size_t MaxNewSize                               = 2560622592                                {product} {ergonomic}
   size_t MinHeapDeltaBytes                        = 2097152                                   {product} {ergonomic}
   size_t MinHeapSize                              = 8388608                                   {product} {ergonomic}
    uintx NonNMethodCodeHeapSize                   = 5839372                                {pd product} {ergonomic}
    uintx NonProfiledCodeHeapSize                  = 122909434                              {pd product} {ergonomic}
    uintx ProfiledCodeHeapSize                     = 122909434                              {pd product} {ergonomic}
    uintx ReservedCodeCacheSize                    = 251658240                              {pd product} {ergonomic}
     bool SegmentedCodeCache                       = true                                      {product} {ergonomic}
   size_t SoftMaxHeapSize                          = 4269801472                             {manageable} {ergonomic}
     bool UseCompressedClassPointers               = true                                 {lp64_product} {ergonomic}
     bool UseCompressedOops                        = true                                 {lp64_product} {ergonomic}
     bool UseG1GC                                  = true                                      {product} {ergonomic}
     bool UseLargePagesIndividualAllocation        = false                                  {pd product} {ergonomic}

Logging:
Log output configuration:
 #0: stdout all=warning uptime,level,tags
 #1: stderr all=off uptime,level,tags

Environment Variables:
PATH=C:\Program Files\PlasticSCM5\server;C:\Program Files\PlasticSCM5\client;C:\Program Files\NVIDIA GPU Computing Toolkit\CUDA\v11.4\bin;C:\Program Files\NVIDIA GPU Computing Toolkit\CUDA\v11.4\libnvvp;C:\Program Files (x86)\Common Files\Oracle\Java\javapath;C:\Program Files (x86)\Common Files\Intel\Shared Libraries\redist\intel64\compiler;C:\Windows\system32;C:\Windows;C:\Windows\System32\Wbem;C:\Windows\System32\WindowsPowerShell\v1.0\;C:\Windows\System32\OpenSSH\;C:\Program Files (x86)\NVIDIA Corporation\PhysX\Common;C:\Program Files\NVIDIA Corporation\NVIDIA NvDLISR;C:\Users\Destroy\.dnx\bin;C:\Program Files\Microsoft DNX\Dnvm\;C:\Program Files\Microsoft SQL Server\130\Tools\Binn\;D:\Git\cmd;C:\Program Files\dotnet\;C:\Program Files\NVIDIA Corporation\Nsight Compute 2021.2.2\;C:\Program Files\Microsoft SQL Server\Client SDK\ODBC\170\Tools\Binn\;C:\Program Files\nodejs\;C:\WINDOWS\system32;C:\WINDOWS;C:\WINDOWS\System32\Wbem;C:\WINDOWS\System32\WindowsPowerShell\v1.0\;C:\WINDOWS\System32\OpenSSH\;C:;C:\Program Files (x86)\scala\bin;C:\Users\Destroy\AppData\Local\bin\NASM;D:\U_pro\A_GAME\python-envs;C:\Program Files\MySQL\MySQL Shell 8.0\bin\;D:\ANACONDA\envs\tf;C:\Users\Destroy\AppData\Local\Programs\Python\Python39\Scripts\;C:\Users\Destroy\AppData\Local\Programs\Python\Python39\;C:\Users\Destroy\AppData\Local\Microsoft\WindowsApps;D:\texlive\2020\bin\win32;C:\Users\Destroy\.dotnet\tools;C:\Users\Destroy\AppData\Local\Programs\Fiddler;C:\Users\Destroy\AppData\Roaming\npm;C:\Users\Destroy\AppData\Local\Microsoft\WindowsApps;E:\Microsoft VS Code\bin;C:\MinGW\bin;C:\Users\Destroy\AppData\Local\bin\NASM;D:\U_pro\A_GAME\python-envs;
USERNAME=Destroy
OS=Windows_NT
PROCESSOR_IDENTIFIER=AMD64 Family 23 Model 113 Stepping 0, AuthenticAMD



---------------  S Y S T E M  ---------------

OS:
 Windows 10 , 64 bit Build 19041 (10.0.19041.2364)
OS uptime: 0 days 0:33 hours

CPU: total 12 (initial active 12) (12 cores per cpu, 2 threads per core) family 23 model 113 stepping 0 microcode 0x0, cmov, cx8, fxsr, mmx, sse, sse2, sse3, ssse3, sse4.1, sse4.2, popcnt, vzeroupper, avx, avx2, aes, clmul, 3dnowpref, lzcnt, sse4a, ht, tsc, tscinvbit, tscinv, bmi1, bmi2, adx, sha, fma, clflush, clflushopt

Memory: 4k page, system-wide physical 16280M (7728M free)
TotalPageFile size 28056M (AvailPageFile size 15740M)
current process WorkingSet (physical memory assigned to process): 77M, peak: 94M
current process commit charge ("private bytes"): 363M, peak: 381M

vm_info: OpenJDK 64-Bit Server VM (15.0.2+7-27) for windows-amd64 JRE (15.0.2+7-27), built on Dec  7 2020 20:02:38 by "mach5one" with unknown MS VC++:1925

END.
