#
# A fatal error has been detected by the Java Runtime Environment:
#
#  EXCEPTION_ACCESS_VIOLATION (0xc0000005) at pc=0x00007ff8d7795354, pid=6772, tid=440
#
# JRE version: OpenJDK Runtime Environment (15.0.2+7) (build 15.0.2+7-27)
# Java VM: OpenJDK 64-Bit Server VM (15.0.2+7-27, mixed mode, sharing, tiered, compressed oops, g1 gc, windows-amd64)
# Problematic frame:
# C  [jniLLVM.dll+0xea5354]
#
# No core dump will be written. Minidumps are not enabled by default on client versions of Windows
#
# If you would like to submit a bug report, please visit:
#   https://bugreport.java.com/bugreport/crash.jsp
# The crash happened outside the Java Virtual Machine in native code.
# See problematic frame for where to report the bug.
#

---------------  S U M M A R Y ------------

Command Line: -javaagent:E:\IntelliJ IDEA 2021.3.2\lib\idea_rt.jar=63822:E:\IntelliJ IDEA 2021.3.2\bin -Dfile.encoding=UTF-8 Main E:\\bianyiyuanli\\Lab\\src\\a.txt E:\\bianyiyuanli\\Lab\\src\\b.txt

Host: AMD Ryzen 5 3600 6-Core Processor              , 12 cores, 15G,  Windows 10 , 64 bit Build 19041 (10.0.19041.2364)
Time: Thu Jan 19 01:27:46 2023 中国标准时间 elapsed time: 0.527232 seconds (0d 0h 0m 0s)

---------------  T H R E A D  ---------------

Current thread (0x00000253efbded20):  JavaThread "main" [_thread_in_native, id=440, stack(0x000000bf09400000,0x000000bf09500000)]

Stack: [0x000000bf09400000,0x000000bf09500000],  sp=0x000000bf094fe690,  free space=1017k
Native frames: (J=compiled Java code, j=interpreted, Vv=VM code, C=native code)
C  [jniLLVM.dll+0xea5354]

Java frames: (J=compiled Java code, j=interpreted, Vv=VM code)
j  org.bytedeco.llvm.global.LLVM.LLVMBuildCall(Lorg/bytedeco/llvm/LLVM/LLVMBuilderRef;Lorg/bytedeco/llvm/LLVM/LLVMValueRef;Lorg/bytedeco/javacpp/PointerPointer;ILjava/lang/String;)Lorg/bytedeco/llvm/LLVM/LLVMValueRef;+0
j  LLVMVisitor.functionCallHandler(LSysYParser$CallFuncExpContext;)Lorg/bytedeco/llvm/LLVM/LLVMValueRef;+131
j  LLVMVisitor.visitStmt(LSysYParser$StmtContext;)Lorg/bytedeco/llvm/LLVM/LLVMValueRef;+196
j  LLVMVisitor.visitStmt(LSysYParser$StmtContext;)Ljava/lang/Object;+2
j  SysYParser$StmtContext.accept(Lorg/antlr/v4/runtime/tree/ParseTreeVisitor;)Ljava/lang/Object;+12
j  org.antlr.v4.runtime.tree.AbstractParseTreeVisitor.visitChildren(Lorg/antlr/v4/runtime/tree/RuleNode;)Ljava/lang/Object;+46
j  SysYParserBaseVisitor.visitBlockItem(LSysYParser$BlockItemContext;)Ljava/lang/Object;+2
j  SysYParser$BlockItemContext.accept(Lorg/antlr/v4/runtime/tree/ParseTreeVisitor;)Ljava/lang/Object;+12
j  org.antlr.v4.runtime.tree.AbstractParseTreeVisitor.visitChildren(Lorg/antlr/v4/runtime/tree/RuleNode;)Ljava/lang/Object;+46
j  SysYParserBaseVisitor.visitBlock(LSysYParser$BlockContext;)Ljava/lang/Object;+2
j  LLVMVisitor.visitBlock(LSysYParser$BlockContext;)Lorg/bytedeco/llvm/LLVM/LLVMValueRef;+32
j  LLVMVisitor.visitBlock(LSysYParser$BlockContext;)Ljava/lang/Object;+2
j  SysYParser$BlockContext.accept(Lorg/antlr/v4/runtime/tree/ParseTreeVisitor;)Ljava/lang/Object;+12
j  org.antlr.v4.runtime.tree.AbstractParseTreeVisitor.visitChildren(Lorg/antlr/v4/runtime/tree/RuleNode;)Ljava/lang/Object;+46
j  SysYParserBaseVisitor.visitFuncDef(LSysYParser$FuncDefContext;)Ljava/lang/Object;+2
j  LLVMVisitor.visitFuncDef(LSysYParser$FuncDefContext;)Lorg/bytedeco/llvm/LLVM/LLVMValueRef;+381
j  LLVMVisitor.visitFuncDef(LSysYParser$FuncDefContext;)Ljava/lang/Object;+2
j  SysYParser$FuncDefContext.accept(Lorg/antlr/v4/runtime/tree/ParseTreeVisitor;)Ljava/lang/Object;+12
j  org.antlr.v4.runtime.tree.AbstractParseTreeVisitor.visitChildren(Lorg/antlr/v4/runtime/tree/RuleNode;)Ljava/lang/Object;+46
j  SysYParserBaseVisitor.visitCompUnit(LSysYParser$CompUnitContext;)Ljava/lang/Object;+2
j  LLVMVisitor.visitCompUnit(LSysYParser$CompUnitContext;)Lorg/bytedeco/llvm/LLVM/LLVMValueRef;+13
j  LLVMVisitor.visitCompUnit(LSysYParser$CompUnitContext;)Ljava/lang/Object;+2
j  SysYParser$CompUnitContext.accept(Lorg/antlr/v4/runtime/tree/ParseTreeVisitor;)Ljava/lang/Object;+12
j  org.antlr.v4.runtime.tree.AbstractParseTreeVisitor.visitChildren(Lorg/antlr/v4/runtime/tree/RuleNode;)Ljava/lang/Object;+46
j  SysYParserBaseVisitor.visitProgram(LSysYParser$ProgramContext;)Ljava/lang/Object;+2
j  SysYParser$ProgramContext.accept(Lorg/antlr/v4/runtime/tree/ParseTreeVisitor;)Ljava/lang/Object;+12
j  org.antlr.v4.runtime.tree.AbstractParseTreeVisitor.visit(Lorg/antlr/v4/runtime/tree/ParseTree;)Ljava/lang/Object;+2
j  Main.main([Ljava/lang/String;)V+94
v  ~StubRoutines::call_stub

siginfo: EXCEPTION_ACCESS_VIOLATION (0xc0000005), reading address 0x0000000000000000


Register to memory mapping:

RIP=0x00007ff8d7795354 jniLLVM.dll
RAX=0x00000253953f2420 points into unknown readable memory: 0x000000006c6c6163 | 63 61 6c 6c 00 00 00 00
RBX=0x0 is NULL
RCX=0x0000025395c5dbc0 points into unknown readable memory: 0x0000025395c5dbd0 | d0 db c5 95 53 02 00 00
RDX=0x0 is NULL
RSP=0x000000bf094fe690 is pointing into the stack for thread: 0x00000253efbded20
RBP=0x0 is NULL
RSI=0x0 is NULL
RDI=0x00000253efbdf048 points into unknown readable memory: 0x00007ff8e376de40 | 40 de 76 e3 f8 7f 00 00
R8 =0x00000253953f2390 points into unknown readable memory: 0x0000025395d5cdc0 | c0 cd d5 95 53 02 00 00
R9 =0x0000000000000001 is an unknown value
R10=0x0000000710f5d858 is pointing into object: [B 
{0x0000000710f5d848} - klass: {type array byte}
 - length: 4
R11=0x00000253953f2420 points into unknown readable memory: 0x000000006c6c6163 | 63 61 6c 6c 00 00 00 00
R12=0x00000253953f2420 points into unknown readable memory: 0x000000006c6c6163 | 63 61 6c 6c 00 00 00 00
R13=0x00000253953f2390 points into unknown readable memory: 0x0000025395d5cdc0 | c0 cd d5 95 53 02 00 00
R14=0x0 is NULL
R15=0x0000025395c5dbc0 points into unknown readable memory: 0x0000025395c5dbd0 | d0 db c5 95 53 02 00 00


Registers:
RAX=0x00000253953f2420, RBX=0x0000000000000000, RCX=0x0000025395c5dbc0, RDX=0x0000000000000000
RSP=0x000000bf094fe690, RBP=0x0000000000000000, RSI=0x0000000000000000, RDI=0x00000253efbdf048
R8 =0x00000253953f2390, R9 =0x0000000000000001, R10=0x0000000710f5d858, R11=0x00000253953f2420
R12=0x00000253953f2420, R13=0x00000253953f2390, R14=0x0000000000000000, R15=0x0000025395c5dbc0
RIP=0x00007ff8d7795354, EFLAGS=0x0000000000010206

Top of Stack: (sp=0x000000bf094fe690)
0x000000bf094fe690:   00000253efbded20 0000000000000000
0x000000bf094fe6a0:   00000253efbdf048 0000000000000000
0x000000bf094fe6b0:   0000025395c5dbc0 0000000000000000
0x000000bf094fe6c0:   00000253953f2420 00007ff8d69b18a1
0x000000bf094fe6d0:   00000253efbdf048 0000000000000004
0x000000bf094fe6e0:   00000253efc9c6b0 0000000710f5cec8
0x000000bf094fe6f0:   00000253953f2420 0000000800935676
0x000000bf094fe700:   0000000000000000 00007ff8d69c7118
0x000000bf094fe710:   0000000000000000 0000000000000000
0x000000bf094fe720:   00000253efbdf048 0000000000000000
0x000000bf094fe730:   00000253953f2420 0000025387b48710
0x000000bf094fe740:   00000253efbded20 000000bf094fe848
0x000000bf094fe750:   0000025393d6a9d0 0000000000000000
0x000000bf094fe760:   000000000000009f 000002538000f177
0x000000bf094fe770:   0000025393d6a9d8 000000bf094fe808
0x000000bf094fe780:   0000000000000180 000000bf094fe7d0 

Instructions: (pc=0x00007ff8d7795354)
0x00007ff8d7795254:   8b f0 80 78 10 1a 0f 82 c7 00 00 00 48 8b 4f 50
0x00007ff8d7795264:   4c 8d 44 24 30 48 8b 47 38 48 8b d6 4c 8b 4f 30
0x00007ff8d7795274:   48 89 44 24 20 4c 8b 11 41 ff 52 08 48 8b 1f 8b
0x00007ff8d7795284:   7f 08 48 c1 e7 04 48 03 fb 48 3b df 0f 84 91 00
0x00007ff8d7795294:   00 00 66 66 0f 1f 84 00 00 00 00 00 4c 8b 43 08
0x00007ff8d77952a4:   48 8b ce 8b 13 e8 b2 a8 09 00 48 83 c3 10 48 3b
0x00007ff8d77952b4:   df 75 e9 eb 6e 4c 8d 4c 24 58 66 c7 44 24 78 01
0x00007ff8d77952c4:   01 4d 8b c2 48 89 44 24 20 b9 31 00 00 00 e8 29
0x00007ff8d77952d4:   b4 06 00 48 8b 4f 50 4c 8d 44 24 30 4c 8b 4f 30
0x00007ff8d77952e4:   48 8b f0 48 8b 47 38 48 8b d6 48 89 44 24 20 4c
0x00007ff8d77952f4:   8b 11 41 ff 52 08 48 8b 1f 8b 7f 08 48 c1 e7 04
0x00007ff8d7795304:   48 03 fb 48 3b df 74 1b 0f 1f 40 00 4c 8b 43 08
0x00007ff8d7795314:   48 8b ce 8b 13 e8 42 a8 09 00 48 83 c3 10 48 3b
0x00007ff8d7795324:   df 75 e9 48 8b 9c 24 90 00 00 00 48 8b c6 48 8b
0x00007ff8d7795334:   b4 24 98 00 00 00 48 81 c4 80 00 00 00 5f c3 cc
0x00007ff8d7795344:   cc cc cc cc cc cc cc cc cc cc cc cc 48 83 ec 78
0x00007ff8d7795354:   48 8b 02 c6 44 24 61 01 4c 8b 50 18 48 8b 84 24
0x00007ff8d7795364:   a0 00 00 00 80 38 00 74 0c 48 89 44 24 40 c6 44
0x00007ff8d7795374:   24 60 03 eb 05 c6 44 24 60 01 41 8b c1 4c 8d 4c
0x00007ff8d7795384:   24 30 48 89 44 24 38 48 8d 44 24 40 4c 89 44 24
0x00007ff8d7795394:   30 4c 8b c2 48 c7 44 24 28 00 00 00 00 49 8b d2
0x00007ff8d77953a4:   48 89 44 24 20 e8 82 b0 fb ff 48 83 c4 78 c3 cc
0x00007ff8d77953b4:   cc cc cc cc cc cc cc cc cc cc cc cc 48 83 ec 78
0x00007ff8d77953c4:   48 8b 84 24 a8 00 00 00 c6 44 24 61 01 80 38 00
0x00007ff8d77953d4:   74 0c 48 89 44 24 40 c6 44 24 60 03 eb 05 c6 44
0x00007ff8d77953e4:   24 60 01 8b 84 24 a0 00 00 00 48 89 44 24 38 48
0x00007ff8d77953f4:   8d 44 24 40 4c 89 4c 24 30 4c 8d 4c 24 30 48 c7
0x00007ff8d7795404:   44 24 28 00 00 00 00 48 89 44 24 20 e8 1b b0 fb
0x00007ff8d7795414:   ff 48 83 c4 78 c3 cc cc cc cc cc cc 48 89 5c 24
0x00007ff8d7795424:   18 41 56 48 81 ec 80 00 00 00 48 8b 84 24 b0 00
0x00007ff8d7795434:   00 00 4d 8b d9 4d 8b d0 c6 44 24 51 01 4c 8b f1
0x00007ff8d7795444:   80 38 00 74 0c 48 89 44 24 30 c6 44 24 50 03 eb 


Stack slot to memory mapping:
stack at sp + 0 slots: 0x00000253efbded20 is a thread
stack at sp + 1 slots: 0x0 is NULL
stack at sp + 2 slots: 0x00000253efbdf048 points into unknown readable memory: 0x00007ff8e376de40 | 40 de 76 e3 f8 7f 00 00
stack at sp + 3 slots: 0x0 is NULL
stack at sp + 4 slots: 0x0000025395c5dbc0 points into unknown readable memory: 0x0000025395c5dbd0 | d0 db c5 95 53 02 00 00
stack at sp + 5 slots: 0x0 is NULL
stack at sp + 6 slots: 0x00000253953f2420 points into unknown readable memory: 0x000000006c6c6163 | 63 61 6c 6c 00 00 00 00
stack at sp + 7 slots: 0x00007ff8d69b18a1 jniLLVM.dll


---------------  P R O C E S S  ---------------

Threads class SMR info:
_java_thread_list=0x00000253945062d0, length=15, elements={
0x00000253efbded20, 0x0000025394005600, 0x00000253940061d0, 0x0000025394022c20,
0x00000253940266f0, 0x00000253940271a0, 0x0000025394029f90, 0x000002539402da50,
0x0000025394031940, 0x000002539413e490, 0x0000025394156ae0, 0x0000025394342180,
0x00000253942f5d80, 0x00000253944686f0, 0x00000253944a6d50
}

Java Threads: ( => current thread )
=>0x00000253efbded20 JavaThread "main" [_thread_in_native, id=440, stack(0x000000bf09400000,0x000000bf09500000)]
  0x0000025394005600 JavaThread "Reference Handler" daemon [_thread_blocked, id=18932, stack(0x000000bf09b00000,0x000000bf09c00000)]
  0x00000253940061d0 JavaThread "Finalizer" daemon [_thread_blocked, id=9724, stack(0x000000bf09c00000,0x000000bf09d00000)]
  0x0000025394022c20 JavaThread "Signal Dispatcher" daemon [_thread_blocked, id=17052, stack(0x000000bf09d00000,0x000000bf09e00000)]
  0x00000253940266f0 JavaThread "Attach Listener" daemon [_thread_blocked, id=16180, stack(0x000000bf09e00000,0x000000bf09f00000)]
  0x00000253940271a0 JavaThread "Service Thread" daemon [_thread_blocked, id=13144, stack(0x000000bf09f00000,0x000000bf0a000000)]
  0x0000025394029f90 JavaThread "C2 CompilerThread0" daemon [_thread_blocked, id=6892, stack(0x000000bf0a000000,0x000000bf0a100000)]
  0x000002539402da50 JavaThread "C1 CompilerThread0" daemon [_thread_blocked, id=12864, stack(0x000000bf0a100000,0x000000bf0a200000)]
  0x0000025394031940 JavaThread "Sweeper thread" daemon [_thread_blocked, id=15700, stack(0x000000bf0a200000,0x000000bf0a300000)]
  0x000002539413e490 JavaThread "Common-Cleaner" daemon [_thread_blocked, id=16832, stack(0x000000bf0a300000,0x000000bf0a400000)]
  0x0000025394156ae0 JavaThread "C2 CompilerThread1" daemon [_thread_blocked, id=6700, stack(0x000000bf0a400000,0x000000bf0a500000)]
  0x0000025394342180 JavaThread "Monitor Ctrl-Break" daemon [_thread_in_native, id=3856, stack(0x000000bf0a500000,0x000000bf0a600000)]
  0x00000253942f5d80 JavaThread "Notification Thread" daemon [_thread_blocked, id=19004, stack(0x000000bf0a600000,0x000000bf0a700000)]
  0x00000253944686f0 JavaThread "JavaCPP Deallocator" daemon [_thread_blocked, id=7912, stack(0x000000bf0a800000,0x000000bf0a900000)]
  0x00000253944a6d50 JavaThread "C2 CompilerThread2" daemon [_thread_blocked, id=14180, stack(0x000000bf0a900000,0x000000bf0aa00000)]

Other Threads:
  0x00000253937fec50 VMThread "VM Thread" [stack: 0x000000bf09a00000,0x000000bf09b00000] [id=464]
  0x00000253942f66d0 WatcherThread [stack: 0x000000bf0a700000,0x000000bf0a800000] [id=19424]
  0x00000253efc2eec0 GCTaskThread "GC Thread#0" [stack: 0x000000bf09500000,0x000000bf09600000] [id=17600]
  0x0000025394603020 GCTaskThread "GC Thread#1" [stack: 0x000000bf0aa00000,0x000000bf0ab00000] [id=18608]
  0x0000025394605ff0 GCTaskThread "GC Thread#2" [stack: 0x000000bf0ab00000,0x000000bf0ac00000] [id=11884]
  0x0000025394604010 GCTaskThread "GC Thread#3" [stack: 0x000000bf0ac00000,0x000000bf0ad00000] [id=19076]
  0x0000025394605660 GCTaskThread "GC Thread#4" [stack: 0x000000bf0ad00000,0x000000bf0ae00000] [id=18412]
  0x00000253946039b0 GCTaskThread "GC Thread#5" [stack: 0x000000bf0ae00000,0x000000bf0af00000] [id=19236]
  0x00000253efc3fe90 ConcurrentGCThread "G1 Main Marker" [stack: 0x000000bf09600000,0x000000bf09700000] [id=18592]
  0x00000253efc41220 ConcurrentGCThread "G1 Conc#0" [stack: 0x000000bf09700000,0x000000bf09800000] [id=16124]
  0x00000253efc9e170 ConcurrentGCThread "G1 Refine#0" [stack: 0x000000bf09800000,0x000000bf09900000] [id=9660]
  0x00000253936820d0 ConcurrentGCThread "G1 Young RemSet Sampling" [stack: 0x000000bf09900000,0x000000bf09a00000] [id=3560]

Threads with active compile tasks:

VM state: not at safepoint (normal execution)

VM Mutex/Monitor currently owned by a thread: None

Heap address: 0x0000000701800000, size: 4072 MB, Compressed Oops mode: Zero based, Oop shift amount: 3
CDS archive(s) mapped at: [0x0000000800000000-0x0000000800b50000-0x0000000800b50000), size 11862016, SharedBaseAddress: 0x0000000800000000, ArchiveRelocationMode: 0.
Compressed class space mapped at: 0x0000000800b50000-0x0000000840b50000, size: 1073741824
Narrow klass base: 0x0000000800000000, Narrow klass shift: 3, Narrow klass range: 0x100000000

GC Precious Log:
 CPUs: 12 total, 12 available
 Memory: 16280M
 Large Page Support: Disabled
 NUMA Support: Disabled
 Compressed Oops: Enabled (Zero based)
 Heap Region Size: 2M
 Heap Min Capacity: 8M
 Heap Initial Capacity: 256M
 Heap Max Capacity: 4072M
 Pre-touch: Disabled
 Parallel Workers: 10
 Concurrent Workers: 3
 Concurrent Refinement Workers: 10
 Periodic GC: Disabled

Heap:
 garbage-first heap   total 262144K, used 14075K [0x0000000701800000, 0x0000000800000000)
  region size 2048K, 7 young (14336K), 2 survivors (4096K)
 Metaspace       used 4236K, capacity 6632K, committed 6912K, reserved 1056768K
  class space    used 444K, capacity 674K, committed 768K, reserved 1048576K

Heap Regions: E=young(eden), S=young(survivor), O=old, HS=humongous(starts), HC=humongous(continues), CS=collection set, F=free, OA=open archive, CA=closed archive, TAMS=top-at-mark-start (previous, next)
|   0|0x0000000701800000, 0x00000007019bee00, 0x0000000701a00000| 87%| O|  |TAMS 0x0000000701800000, 0x0000000701800000| Untracked 
|   1|0x0000000701a00000, 0x0000000701a00000, 0x0000000701c00000|  0%| F|  |TAMS 0x0000000701a00000, 0x0000000701a00000| Untracked 
|   2|0x0000000701c00000, 0x0000000701c00000, 0x0000000701e00000|  0%| F|  |TAMS 0x0000000701c00000, 0x0000000701c00000| Untracked 
|   3|0x0000000701e00000, 0x0000000701e00000, 0x0000000702000000|  0%| F|  |TAMS 0x0000000701e00000, 0x0000000701e00000| Untracked 
|   4|0x0000000702000000, 0x0000000702000000, 0x0000000702200000|  0%| F|  |TAMS 0x0000000702000000, 0x0000000702000000| Untracked 
|   5|0x0000000702200000, 0x0000000702200000, 0x0000000702400000|  0%| F|  |TAMS 0x0000000702200000, 0x0000000702200000| Untracked 
|   6|0x0000000702400000, 0x0000000702400000, 0x0000000702600000|  0%| F|  |TAMS 0x0000000702400000, 0x0000000702400000| Untracked 
|   7|0x0000000702600000, 0x0000000702600000, 0x0000000702800000|  0%| F|  |TAMS 0x0000000702600000, 0x0000000702600000| Untracked 
|   8|0x0000000702800000, 0x0000000702800000, 0x0000000702a00000|  0%| F|  |TAMS 0x0000000702800000, 0x0000000702800000| Untracked 
|   9|0x0000000702a00000, 0x0000000702a00000, 0x0000000702c00000|  0%| F|  |TAMS 0x0000000702a00000, 0x0000000702a00000| Untracked 
|  10|0x0000000702c00000, 0x0000000702c00000, 0x0000000702e00000|  0%| F|  |TAMS 0x0000000702c00000, 0x0000000702c00000| Untracked 
|  11|0x0000000702e00000, 0x0000000702e00000, 0x0000000703000000|  0%| F|  |TAMS 0x0000000702e00000, 0x0000000702e00000| Untracked 
|  12|0x0000000703000000, 0x0000000703000000, 0x0000000703200000|  0%| F|  |TAMS 0x0000000703000000, 0x0000000703000000| Untracked 
|  13|0x0000000703200000, 0x0000000703200000, 0x0000000703400000|  0%| F|  |TAMS 0x0000000703200000, 0x0000000703200000| Untracked 
|  14|0x0000000703400000, 0x0000000703400000, 0x0000000703600000|  0%| F|  |TAMS 0x0000000703400000, 0x0000000703400000| Untracked 
|  15|0x0000000703600000, 0x0000000703600000, 0x0000000703800000|  0%| F|  |TAMS 0x0000000703600000, 0x0000000703600000| Untracked 
|  16|0x0000000703800000, 0x0000000703800000, 0x0000000703a00000|  0%| F|  |TAMS 0x0000000703800000, 0x0000000703800000| Untracked 
|  17|0x0000000703a00000, 0x0000000703a00000, 0x0000000703c00000|  0%| F|  |TAMS 0x0000000703a00000, 0x0000000703a00000| Untracked 
|  18|0x0000000703c00000, 0x0000000703c00000, 0x0000000703e00000|  0%| F|  |TAMS 0x0000000703c00000, 0x0000000703c00000| Untracked 
|  19|0x0000000703e00000, 0x0000000703e00000, 0x0000000704000000|  0%| F|  |TAMS 0x0000000703e00000, 0x0000000703e00000| Untracked 
|  20|0x0000000704000000, 0x0000000704000000, 0x0000000704200000|  0%| F|  |TAMS 0x0000000704000000, 0x0000000704000000| Untracked 
|  21|0x0000000704200000, 0x0000000704200000, 0x0000000704400000|  0%| F|  |TAMS 0x0000000704200000, 0x0000000704200000| Untracked 
|  22|0x0000000704400000, 0x0000000704400000, 0x0000000704600000|  0%| F|  |TAMS 0x0000000704400000, 0x0000000704400000| Untracked 
|  23|0x0000000704600000, 0x0000000704600000, 0x0000000704800000|  0%| F|  |TAMS 0x0000000704600000, 0x0000000704600000| Untracked 
|  24|0x0000000704800000, 0x0000000704800000, 0x0000000704a00000|  0%| F|  |TAMS 0x0000000704800000, 0x0000000704800000| Untracked 
|  25|0x0000000704a00000, 0x0000000704a00000, 0x0000000704c00000|  0%| F|  |TAMS 0x0000000704a00000, 0x0000000704a00000| Untracked 
|  26|0x0000000704c00000, 0x0000000704c00000, 0x0000000704e00000|  0%| F|  |TAMS 0x0000000704c00000, 0x0000000704c00000| Untracked 
|  27|0x0000000704e00000, 0x0000000704e00000, 0x0000000705000000|  0%| F|  |TAMS 0x0000000704e00000, 0x0000000704e00000| Untracked 
|  28|0x0000000705000000, 0x0000000705000000, 0x0000000705200000|  0%| F|  |TAMS 0x0000000705000000, 0x0000000705000000| Untracked 
|  29|0x0000000705200000, 0x0000000705200000, 0x0000000705400000|  0%| F|  |TAMS 0x0000000705200000, 0x0000000705200000| Untracked 
|  30|0x0000000705400000, 0x0000000705400000, 0x0000000705600000|  0%| F|  |TAMS 0x0000000705400000, 0x0000000705400000| Untracked 
|  31|0x0000000705600000, 0x0000000705600000, 0x0000000705800000|  0%| F|  |TAMS 0x0000000705600000, 0x0000000705600000| Untracked 
|  32|0x0000000705800000, 0x0000000705800000, 0x0000000705a00000|  0%| F|  |TAMS 0x0000000705800000, 0x0000000705800000| Untracked 
|  33|0x0000000705a00000, 0x0000000705a00000, 0x0000000705c00000|  0%| F|  |TAMS 0x0000000705a00000, 0x0000000705a00000| Untracked 
|  34|0x0000000705c00000, 0x0000000705c00000, 0x0000000705e00000|  0%| F|  |TAMS 0x0000000705c00000, 0x0000000705c00000| Untracked 
|  35|0x0000000705e00000, 0x0000000705e00000, 0x0000000706000000|  0%| F|  |TAMS 0x0000000705e00000, 0x0000000705e00000| Untracked 
|  36|0x0000000706000000, 0x0000000706000000, 0x0000000706200000|  0%| F|  |TAMS 0x0000000706000000, 0x0000000706000000| Untracked 
|  37|0x0000000706200000, 0x0000000706200000, 0x0000000706400000|  0%| F|  |TAMS 0x0000000706200000, 0x0000000706200000| Untracked 
|  38|0x0000000706400000, 0x0000000706400000, 0x0000000706600000|  0%| F|  |TAMS 0x0000000706400000, 0x0000000706400000| Untracked 
|  39|0x0000000706600000, 0x0000000706600000, 0x0000000706800000|  0%| F|  |TAMS 0x0000000706600000, 0x0000000706600000| Untracked 
|  40|0x0000000706800000, 0x0000000706800000, 0x0000000706a00000|  0%| F|  |TAMS 0x0000000706800000, 0x0000000706800000| Untracked 
|  41|0x0000000706a00000, 0x0000000706a00000, 0x0000000706c00000|  0%| F|  |TAMS 0x0000000706a00000, 0x0000000706a00000| Untracked 
|  42|0x0000000706c00000, 0x0000000706c00000, 0x0000000706e00000|  0%| F|  |TAMS 0x0000000706c00000, 0x0000000706c00000| Untracked 
|  43|0x0000000706e00000, 0x0000000706e00000, 0x0000000707000000|  0%| F|  |TAMS 0x0000000706e00000, 0x0000000706e00000| Untracked 
|  44|0x0000000707000000, 0x0000000707000000, 0x0000000707200000|  0%| F|  |TAMS 0x0000000707000000, 0x0000000707000000| Untracked 
|  45|0x0000000707200000, 0x0000000707200000, 0x0000000707400000|  0%| F|  |TAMS 0x0000000707200000, 0x0000000707200000| Untracked 
|  46|0x0000000707400000, 0x0000000707400000, 0x0000000707600000|  0%| F|  |TAMS 0x0000000707400000, 0x0000000707400000| Untracked 
|  47|0x0000000707600000, 0x0000000707600000, 0x0000000707800000|  0%| F|  |TAMS 0x0000000707600000, 0x0000000707600000| Untracked 
|  48|0x0000000707800000, 0x0000000707800000, 0x0000000707a00000|  0%| F|  |TAMS 0x0000000707800000, 0x0000000707800000| Untracked 
|  49|0x0000000707a00000, 0x0000000707a00000, 0x0000000707c00000|  0%| F|  |TAMS 0x0000000707a00000, 0x0000000707a00000| Untracked 
|  50|0x0000000707c00000, 0x0000000707c00000, 0x0000000707e00000|  0%| F|  |TAMS 0x0000000707c00000, 0x0000000707c00000| Untracked 
|  51|0x0000000707e00000, 0x0000000707e00000, 0x0000000708000000|  0%| F|  |TAMS 0x0000000707e00000, 0x0000000707e00000| Untracked 
|  52|0x0000000708000000, 0x0000000708000000, 0x0000000708200000|  0%| F|  |TAMS 0x0000000708000000, 0x0000000708000000| Untracked 
|  53|0x0000000708200000, 0x0000000708200000, 0x0000000708400000|  0%| F|  |TAMS 0x0000000708200000, 0x0000000708200000| Untracked 
|  54|0x0000000708400000, 0x0000000708400000, 0x0000000708600000|  0%| F|  |TAMS 0x0000000708400000, 0x0000000708400000| Untracked 
|  55|0x0000000708600000, 0x0000000708600000, 0x0000000708800000|  0%| F|  |TAMS 0x0000000708600000, 0x0000000708600000| Untracked 
|  56|0x0000000708800000, 0x0000000708800000, 0x0000000708a00000|  0%| F|  |TAMS 0x0000000708800000, 0x0000000708800000| Untracked 
|  57|0x0000000708a00000, 0x0000000708a00000, 0x0000000708c00000|  0%| F|  |TAMS 0x0000000708a00000, 0x0000000708a00000| Untracked 
|  58|0x0000000708c00000, 0x0000000708c00000, 0x0000000708e00000|  0%| F|  |TAMS 0x0000000708c00000, 0x0000000708c00000| Untracked 
|  59|0x0000000708e00000, 0x0000000708e00000, 0x0000000709000000|  0%| F|  |TAMS 0x0000000708e00000, 0x0000000708e00000| Untracked 
|  60|0x0000000709000000, 0x0000000709000000, 0x0000000709200000|  0%| F|  |TAMS 0x0000000709000000, 0x0000000709000000| Untracked 
|  61|0x0000000709200000, 0x0000000709200000, 0x0000000709400000|  0%| F|  |TAMS 0x0000000709200000, 0x0000000709200000| Untracked 
|  62|0x0000000709400000, 0x0000000709400000, 0x0000000709600000|  0%| F|  |TAMS 0x0000000709400000, 0x0000000709400000| Untracked 
|  63|0x0000000709600000, 0x0000000709600000, 0x0000000709800000|  0%| F|  |TAMS 0x0000000709600000, 0x0000000709600000| Untracked 
|  64|0x0000000709800000, 0x0000000709800000, 0x0000000709a00000|  0%| F|  |TAMS 0x0000000709800000, 0x0000000709800000| Untracked 
|  65|0x0000000709a00000, 0x0000000709a00000, 0x0000000709c00000|  0%| F|  |TAMS 0x0000000709a00000, 0x0000000709a00000| Untracked 
|  66|0x0000000709c00000, 0x0000000709c00000, 0x0000000709e00000|  0%| F|  |TAMS 0x0000000709c00000, 0x0000000709c00000| Untracked 
|  67|0x0000000709e00000, 0x0000000709e00000, 0x000000070a000000|  0%| F|  |TAMS 0x0000000709e00000, 0x0000000709e00000| Untracked 
|  68|0x000000070a000000, 0x000000070a000000, 0x000000070a200000|  0%| F|  |TAMS 0x000000070a000000, 0x000000070a000000| Untracked 
|  69|0x000000070a200000, 0x000000070a200000, 0x000000070a400000|  0%| F|  |TAMS 0x000000070a200000, 0x000000070a200000| Untracked 
|  70|0x000000070a400000, 0x000000070a400000, 0x000000070a600000|  0%| F|  |TAMS 0x000000070a400000, 0x000000070a400000| Untracked 
|  71|0x000000070a600000, 0x000000070a600000, 0x000000070a800000|  0%| F|  |TAMS 0x000000070a600000, 0x000000070a600000| Untracked 
|  72|0x000000070a800000, 0x000000070a800000, 0x000000070aa00000|  0%| F|  |TAMS 0x000000070a800000, 0x000000070a800000| Untracked 
|  73|0x000000070aa00000, 0x000000070aa00000, 0x000000070ac00000|  0%| F|  |TAMS 0x000000070aa00000, 0x000000070aa00000| Untracked 
|  74|0x000000070ac00000, 0x000000070ac00000, 0x000000070ae00000|  0%| F|  |TAMS 0x000000070ac00000, 0x000000070ac00000| Untracked 
|  75|0x000000070ae00000, 0x000000070ae00000, 0x000000070b000000|  0%| F|  |TAMS 0x000000070ae00000, 0x000000070ae00000| Untracked 
|  76|0x000000070b000000, 0x000000070b000000, 0x000000070b200000|  0%| F|  |TAMS 0x000000070b000000, 0x000000070b000000| Untracked 
|  77|0x000000070b200000, 0x000000070b200000, 0x000000070b400000|  0%| F|  |TAMS 0x000000070b200000, 0x000000070b200000| Untracked 
|  78|0x000000070b400000, 0x000000070b400000, 0x000000070b600000|  0%| F|  |TAMS 0x000000070b400000, 0x000000070b400000| Untracked 
|  79|0x000000070b600000, 0x000000070b600000, 0x000000070b800000|  0%| F|  |TAMS 0x000000070b600000, 0x000000070b600000| Untracked 
|  80|0x000000070b800000, 0x000000070b800000, 0x000000070ba00000|  0%| F|  |TAMS 0x000000070b800000, 0x000000070b800000| Untracked 
|  81|0x000000070ba00000, 0x000000070ba00000, 0x000000070bc00000|  0%| F|  |TAMS 0x000000070ba00000, 0x000000070ba00000| Untracked 
|  82|0x000000070bc00000, 0x000000070bc00000, 0x000000070be00000|  0%| F|  |TAMS 0x000000070bc00000, 0x000000070bc00000| Untracked 
|  83|0x000000070be00000, 0x000000070be00000, 0x000000070c000000|  0%| F|  |TAMS 0x000000070be00000, 0x000000070be00000| Untracked 
|  84|0x000000070c000000, 0x000000070c000000, 0x000000070c200000|  0%| F|  |TAMS 0x000000070c000000, 0x000000070c000000| Untracked 
|  85|0x000000070c200000, 0x000000070c200000, 0x000000070c400000|  0%| F|  |TAMS 0x000000070c200000, 0x000000070c200000| Untracked 
|  86|0x000000070c400000, 0x000000070c400000, 0x000000070c600000|  0%| F|  |TAMS 0x000000070c400000, 0x000000070c400000| Untracked 
|  87|0x000000070c600000, 0x000000070c600000, 0x000000070c800000|  0%| F|  |TAMS 0x000000070c600000, 0x000000070c600000| Untracked 
|  88|0x000000070c800000, 0x000000070c800000, 0x000000070ca00000|  0%| F|  |TAMS 0x000000070c800000, 0x000000070c800000| Untracked 
|  89|0x000000070ca00000, 0x000000070ca00000, 0x000000070cc00000|  0%| F|  |TAMS 0x000000070ca00000, 0x000000070ca00000| Untracked 
|  90|0x000000070cc00000, 0x000000070cc00000, 0x000000070ce00000|  0%| F|  |TAMS 0x000000070cc00000, 0x000000070cc00000| Untracked 
|  91|0x000000070ce00000, 0x000000070ce00000, 0x000000070d000000|  0%| F|  |TAMS 0x000000070ce00000, 0x000000070ce00000| Untracked 
|  92|0x000000070d000000, 0x000000070d000000, 0x000000070d200000|  0%| F|  |TAMS 0x000000070d000000, 0x000000070d000000| Untracked 
|  93|0x000000070d200000, 0x000000070d200000, 0x000000070d400000|  0%| F|  |TAMS 0x000000070d200000, 0x000000070d200000| Untracked 
|  94|0x000000070d400000, 0x000000070d400000, 0x000000070d600000|  0%| F|  |TAMS 0x000000070d400000, 0x000000070d400000| Untracked 
|  95|0x000000070d600000, 0x000000070d600000, 0x000000070d800000|  0%| F|  |TAMS 0x000000070d600000, 0x000000070d600000| Untracked 
|  96|0x000000070d800000, 0x000000070d800000, 0x000000070da00000|  0%| F|  |TAMS 0x000000070d800000, 0x000000070d800000| Untracked 
|  97|0x000000070da00000, 0x000000070da00000, 0x000000070dc00000|  0%| F|  |TAMS 0x000000070da00000, 0x000000070da00000| Untracked 
|  98|0x000000070dc00000, 0x000000070dc00000, 0x000000070de00000|  0%| F|  |TAMS 0x000000070dc00000, 0x000000070dc00000| Untracked 
|  99|0x000000070de00000, 0x000000070de00000, 0x000000070e000000|  0%| F|  |TAMS 0x000000070de00000, 0x000000070de00000| Untracked 
| 100|0x000000070e000000, 0x000000070e000000, 0x000000070e200000|  0%| F|  |TAMS 0x000000070e000000, 0x000000070e000000| Untracked 
| 101|0x000000070e200000, 0x000000070e200000, 0x000000070e400000|  0%| F|  |TAMS 0x000000070e200000, 0x000000070e200000| Untracked 
| 102|0x000000070e400000, 0x000000070e400000, 0x000000070e600000|  0%| F|  |TAMS 0x000000070e400000, 0x000000070e400000| Untracked 
| 103|0x000000070e600000, 0x000000070e600000, 0x000000070e800000|  0%| F|  |TAMS 0x000000070e600000, 0x000000070e600000| Untracked 
| 104|0x000000070e800000, 0x000000070e800000, 0x000000070ea00000|  0%| F|  |TAMS 0x000000070e800000, 0x000000070e800000| Untracked 
| 105|0x000000070ea00000, 0x000000070ea00000, 0x000000070ec00000|  0%| F|  |TAMS 0x000000070ea00000, 0x000000070ea00000| Untracked 
| 106|0x000000070ec00000, 0x000000070ec00000, 0x000000070ee00000|  0%| F|  |TAMS 0x000000070ec00000, 0x000000070ec00000| Untracked 
| 107|0x000000070ee00000, 0x000000070ee00000, 0x000000070f000000|  0%| F|  |TAMS 0x000000070ee00000, 0x000000070ee00000| Untracked 
| 108|0x000000070f000000, 0x000000070f000000, 0x000000070f200000|  0%| F|  |TAMS 0x000000070f000000, 0x000000070f000000| Untracked 
| 109|0x000000070f200000, 0x000000070f200000, 0x000000070f400000|  0%| F|  |TAMS 0x000000070f200000, 0x000000070f200000| Untracked 
| 110|0x000000070f400000, 0x000000070f400000, 0x000000070f600000|  0%| F|  |TAMS 0x000000070f400000, 0x000000070f400000| Untracked 
| 111|0x000000070f600000, 0x000000070f600000, 0x000000070f800000|  0%| F|  |TAMS 0x000000070f600000, 0x000000070f600000| Untracked 
| 112|0x000000070f800000, 0x000000070f800000, 0x000000070fa00000|  0%| F|  |TAMS 0x000000070f800000, 0x000000070f800000| Untracked 
| 113|0x000000070fa00000, 0x000000070fa00000, 0x000000070fc00000|  0%| F|  |TAMS 0x000000070fa00000, 0x000000070fa00000| Untracked 
| 114|0x000000070fc00000, 0x000000070fc00000, 0x000000070fe00000|  0%| F|  |TAMS 0x000000070fc00000, 0x000000070fc00000| Untracked 
| 115|0x000000070fe00000, 0x0000000710000000, 0x0000000710000000|100%| S|CS|TAMS 0x000000070fe00000, 0x000000070fe00000| Complete 
| 116|0x0000000710000000, 0x0000000710200000, 0x0000000710200000|100%| S|CS|TAMS 0x0000000710000000, 0x0000000710000000| Complete 
| 117|0x0000000710200000, 0x0000000710200000, 0x0000000710400000|  0%| F|  |TAMS 0x0000000710200000, 0x0000000710200000| Untracked 
| 118|0x0000000710400000, 0x0000000710400000, 0x0000000710600000|  0%| F|  |TAMS 0x0000000710400000, 0x0000000710400000| Untracked 
| 119|0x0000000710600000, 0x0000000710600000, 0x0000000710800000|  0%| F|  |TAMS 0x0000000710600000, 0x0000000710600000| Untracked 
| 120|0x0000000710800000, 0x0000000710800000, 0x0000000710a00000|  0%| F|  |TAMS 0x0000000710800000, 0x0000000710800000| Untracked 
| 121|0x0000000710a00000, 0x0000000710a00000, 0x0000000710c00000|  0%| F|  |TAMS 0x0000000710a00000, 0x0000000710a00000| Untracked 
| 122|0x0000000710c00000, 0x0000000710c00000, 0x0000000710e00000|  0%| F|  |TAMS 0x0000000710c00000, 0x0000000710c00000| Untracked 
| 123|0x0000000710e00000, 0x0000000710f877f8, 0x0000000711000000| 76%| E|  |TAMS 0x0000000710e00000, 0x0000000710e00000| Complete 
| 124|0x0000000711000000, 0x0000000711200000, 0x0000000711200000|100%| E|CS|TAMS 0x0000000711000000, 0x0000000711000000| Complete 
| 125|0x0000000711200000, 0x0000000711400000, 0x0000000711400000|100%| E|CS|TAMS 0x0000000711200000, 0x0000000711200000| Complete 
| 126|0x0000000711400000, 0x0000000711600000, 0x0000000711600000|100%| E|CS|TAMS 0x0000000711400000, 0x0000000711400000| Complete 
| 127|0x0000000711600000, 0x0000000711800000, 0x0000000711800000|100%| E|CS|TAMS 0x0000000711600000, 0x0000000711600000| Complete 

Card table byte_map: [0x00000253f8b60000,0x00000253f9360000] _byte_map_base: 0x00000253f5354000

Marking Bits (Prev, Next): (CMBitMap*) 0x00000253efc2f6b0, (CMBitMap*) 0x00000253efc2f6f0
 Prev Bits: [0x00000253f9b60000, 0x00000253fdb00000)
 Next Bits: [0x000002538f000000, 0x0000025392fa0000)

Polling page: 0x00000253ef3b0000

Metaspace:

Usage:
  Non-class:      5.82 MB capacity,     3.70 MB ( 64%) used,     2.11 MB ( 36%) free+waste,     5.44 KB ( <1%) overhead. 
      Class:    674.00 KB capacity,   444.32 KB ( 66%) used,   227.24 KB ( 34%) free+waste,     2.44 KB ( <1%) overhead. 
       Both:      6.48 MB capacity,     4.14 MB ( 64%) used,     2.33 MB ( 36%) free+waste,     7.88 KB ( <1%) overhead. 

Virtual space:
  Non-class space:        8.00 MB reserved,       6.00 MB ( 75%) committed 
      Class space:        1.00 GB reserved,     768.00 KB ( <1%) committed 
             Both:        1.01 GB reserved,       6.75 MB ( <1%) committed 

Chunk freelists:
   Non-Class:  0 bytes
       Class:  0 bytes
        Both:  0 bytes

MaxMetaspaceSize: 17179869184.00 GB
CompressedClassSpaceSize: 1.00 GB

CodeHeap 'non-profiled nmethods': size=120000Kb used=538Kb max_used=538Kb free=119461Kb
 bounds [0x0000025387ad0000, 0x0000025387d40000, 0x000002538f000000]
CodeHeap 'profiled nmethods': size=120000Kb used=2168Kb max_used=2168Kb free=117831Kb
 bounds [0x00000253805a0000, 0x0000025380810000, 0x0000025387ad0000]
CodeHeap 'non-nmethods': size=5760Kb used=1178Kb max_used=1218Kb free=4581Kb
 bounds [0x0000025380000000, 0x0000025380270000, 0x00000253805a0000]
 total_blobs=1515 nmethods=1078 adapters=350
 compilation: enabled
              stopped_count=0, restarted_count=0
 full_count=0

Compilation events (20 events):
Event: 0.509 Thread 0x000002539402da50 1063       3       jdk.internal.org.objectweb.asm.SymbolTable::addConstantNameAndType (137 bytes)
Event: 0.509 Thread 0x000002539402da50 nmethod 1063 0x00000253807baf90 code [0x00000253807bb1e0, 0x00000253807bb908]
Event: 0.510 Thread 0x000002539402da50 1072       3       java.lang.invoke.LambdaForm$Name::useCount (42 bytes)
Event: 0.510 Thread 0x000002539402da50 nmethod 1072 0x00000253807bbd10 code [0x00000253807bbec0, 0x00000253807bc1b8]
Event: 0.510 Thread 0x000002539402da50 1064       3       jdk.internal.org.objectweb.asm.SymbolTable$Entry::<init> (20 bytes)
Event: 0.510 Thread 0x000002539402da50 nmethod 1064 0x00000253807bc310 code [0x00000253807bc4c0, 0x00000253807bc608]
Event: 0.510 Thread 0x000002539402da50 1066       3       java.lang.invoke.LambdaForm::internArgument (85 bytes)
Event: 0.510 Thread 0x000002539402da50 nmethod 1066 0x00000253807bc710 code [0x00000253807bc8e0, 0x00000253807bcc08]
Event: 0.510 Thread 0x000002539402da50 1071       3       java.lang.invoke.LambdaForm$NamedFunction::methodType (23 bytes)
Event: 0.510 Thread 0x000002539402da50 nmethod 1071 0x00000253807bce10 code [0x00000253807bcfc0, 0x00000253807bd208]
Event: 0.510 Thread 0x000002539402da50 1056       3       jdk.internal.org.objectweb.asm.SymbolTable::addConstantMethodref (24 bytes)
Event: 0.510 Thread 0x000002539402da50 nmethod 1056 0x00000253807bd310 code [0x00000253807bd4c0, 0x00000253807bd668]
Event: 0.510 Thread 0x000002539402da50 1076       3       java.util.concurrent.ConcurrentHashMap::values (25 bytes)
Event: 0.510 Thread 0x000002539402da50 nmethod 1076 0x00000253807bd710 code [0x00000253807bd8c0, 0x00000253807bdc58]
Event: 0.510 Thread 0x000002539402da50 1075       1       java.lang.invoke.DirectMethodHandle::internalMemberName (5 bytes)
Event: 0.510 Thread 0x000002539402da50 nmethod 1075 0x0000025387b55e90 code [0x0000025387b56020, 0x0000025387b560d8]
Event: 0.511 Thread 0x0000025394156ae0 1077       4       java.util.concurrent.ConcurrentHashMap$BaseIterator::hasNext (13 bytes)
Event: 0.511 Thread 0x000002539402da50 1079       3       java.lang.invoke.DirectMethodHandle::internalMemberName (8 bytes)
Event: 0.511 Thread 0x000002539402da50 nmethod 1079 0x00000253807bdd90 code [0x00000253807bdf20, 0x00000253807be118]
Event: 0.511 Thread 0x0000025394156ae0 nmethod 1077 0x0000025387b56590 code [0x0000025387b56700, 0x0000025387b56778]

GC Heap History (2 events):
Event: 0.332 GC heap before
{Heap before GC invocations=0 (full 0):
 garbage-first heap   total 262144K, used 20480K [0x0000000701800000, 0x0000000800000000)
  region size 2048K, 11 young (22528K), 0 survivors (0K)
 Metaspace       used 2051K, capacity 4883K, committed 5120K, reserved 1056768K
  class space    used 175K, capacity 433K, committed 512K, reserved 1048576K
}
Event: 0.335 GC heap after
{Heap after GC invocations=1 (full 0):
 garbage-first heap   total 262144K, used 5883K [0x0000000701800000, 0x0000000800000000)
  region size 2048K, 2 young (4096K), 2 survivors (4096K)
 Metaspace       used 2051K, capacity 4883K, committed 5120K, reserved 1056768K
  class space    used 175K, capacity 433K, committed 512K, reserved 1048576K
}

Deoptimization events (20 events):
Event: 0.455 Thread 0x00000253efbded20 Uncommon trap: trap_request=0xffffff45 fr.pc=0x0000025387b02978 relative=0x0000000000000338
Event: 0.455 Thread 0x00000253efbded20 Uncommon trap: reason=unstable_if action=reinterpret pc=0x0000025387b02978 method=java.io.WinNTFileSystem.normalize(Ljava/lang/String;)Ljava/lang/String; @ 128 c2
Event: 0.455 Thread 0x00000253efbded20 DEOPT PACKING pc=0x0000025387b02978 sp=0x000000bf094fe1f0
Event: 0.455 Thread 0x00000253efbded20 DEOPT UNPACKING pc=0x000002538004e42f sp=0x000000bf094fe178 mode 2
Event: 0.456 Thread 0x00000253efbded20 Uncommon trap: trap_request=0xffffff45 fr.pc=0x0000025387b20cd8 relative=0x00000000000001b8
Event: 0.456 Thread 0x00000253efbded20 Uncommon trap: reason=unstable_if action=reinterpret pc=0x0000025387b20cd8 method=java.io.WinNTFileSystem.prefixLength(Ljava/lang/String;)I @ 82 c2
Event: 0.456 Thread 0x00000253efbded20 DEOPT PACKING pc=0x0000025387b20cd8 sp=0x000000bf094fe200
Event: 0.456 Thread 0x00000253efbded20 DEOPT UNPACKING pc=0x000002538004e42f sp=0x000000bf094fe198 mode 2
Event: 0.479 Thread 0x00000253efbded20 DEOPT PACKING pc=0x0000025380789358 sp=0x000000bf094fc680
Event: 0.479 Thread 0x00000253efbded20 DEOPT UNPACKING pc=0x000002538004e23f sp=0x000000bf094fbb88 mode 0
Event: 0.488 Thread 0x00000253efbded20 DEOPT PACKING pc=0x00000253806d16a1 sp=0x000000bf094fde60
Event: 0.488 Thread 0x00000253efbded20 DEOPT UNPACKING pc=0x000002538004e23f sp=0x000000bf094fd378 mode 0
Event: 0.510 Thread 0x00000253efbded20 Uncommon trap: trap_request=0xffffff45 fr.pc=0x0000025387b099cc relative=0x000000000000004c
Event: 0.510 Thread 0x00000253efbded20 Uncommon trap: reason=unstable_if action=reinterpret pc=0x0000025387b099cc method=java.lang.Integer.stringSize(I)I @ 24 c2
Event: 0.510 Thread 0x00000253efbded20 DEOPT PACKING pc=0x0000025387b099cc sp=0x000000bf094fe4e0
Event: 0.510 Thread 0x00000253efbded20 DEOPT UNPACKING pc=0x000002538004e42f sp=0x000000bf094fe460 mode 2
Event: 0.510 Thread 0x00000253efbded20 Uncommon trap: trap_request=0xffffff45 fr.pc=0x0000025387b09d74 relative=0x00000000000000d4
Event: 0.510 Thread 0x00000253efbded20 Uncommon trap: reason=unstable_if action=reinterpret pc=0x0000025387b09d74 method=java.lang.Integer.getChars(II[B)I @ 99 c2
Event: 0.510 Thread 0x00000253efbded20 DEOPT PACKING pc=0x0000025387b09d74 sp=0x000000bf094fe420
Event: 0.510 Thread 0x00000253efbded20 DEOPT UNPACKING pc=0x000002538004e42f sp=0x000000bf094fe3b0 mode 2

Classes unloaded (0 events):
No events

Classes redefined (0 events):
No events

Internal exceptions (8 events):
Event: 0.127 Thread 0x0000025394342180 Exception <a 'java/lang/NoSuchMethodError'{0x000000071116efb0}: 'java.lang.Object java.lang.invoke.DirectMethodHandle$Holder.invokeStatic(java.lang.Object)'> (0x000000071116efb0) 
thrown [./open/src/hotspot/share/interpreter/linkResolver.cpp, line 782]
Event: 0.127 Thread 0x0000025394342180 Exception <a 'java/lang/NoSuchMethodError'{0x00000007111728c0}: 'java.lang.Object java.lang.invoke.DirectMethodHandle$Holder.invokeStaticInit(java.lang.Object)'> (0x00000007111728c0) 
thrown [./open/src/hotspot/share/interpreter/linkResolver.cpp, line 782]
Event: 0.131 Thread 0x0000025394342180 Exception <a 'java/lang/NoSuchMethodError'{0x000000071117fd08}: 'void java.lang.invoke.DirectMethodHandle$Holder.invokeStatic(java.lang.Object, java.lang.Object)'> (0x000000071117fd08) 
thrown [./open/src/hotspot/share/interpreter/linkResolver.cpp, line 782]
Event: 0.135 Thread 0x00000253efbded20 Exception <a 'java/lang/NoSuchMethodError'{0x00000007111f5f78}: 'int java.lang.invoke.DirectMethodHandle$Holder.invokeStaticInit(java.lang.Object, java.lang.Object, java.lang.Object, java.lang.Object)'> (0x00000007111f5f78) 
thrown [./open/src/hotspot/share/interpreter/linkResolver.cpp, line 782]
Event: 0.136 Thread 0x00000253efbded20 Exception <a 'java/lang/NoSuchMethodError'{0x0000000710e01140}: 'java.lang.Object java.lang.invoke.DirectMethodHandle$Holder.invokeInterface(java.lang.Object, java.lang.Object)'> (0x0000000710e01140) 
thrown [./open/src/hotspot/share/interpreter/linkResolver.cpp, line 782]
Event: 0.136 Thread 0x00000253efbded20 Exception <a 'java/lang/IncompatibleClassChangeError'{0x0000000710e04890}: Found class java.lang.Object, but interface was expected> (0x0000000710e04890) 
thrown [./open/src/hotspot/share/interpreter/linkResolver.cpp, line 848]
Event: 0.136 Thread 0x00000253efbded20 Exception <a 'java/lang/NoSuchMethodError'{0x0000000710e07ad8}: 'void java.lang.invoke.DirectMethodHandle$Holder.invokeStaticInit(java.lang.Object, java.lang.Object)'> (0x0000000710e07ad8) 
thrown [./open/src/hotspot/share/interpreter/linkResolver.cpp, line 782]
Event: 0.137 Thread 0x00000253efbded20 Exception <a 'java/lang/NoSuchMethodError'{0x0000000710e0dbf0}: 'int java.lang.invoke.DirectMethodHandle$Holder.invokeStaticInit(java.lang.Object, java.lang.Object)'> (0x0000000710e0dbf0) 
thrown [./open/src/hotspot/share/interpreter/linkResolver.cpp, line 782]

Events (20 events):
Event: 0.438 loading class java/util/regex/Pattern$BnM done
Event: 0.438 loading class java/util/regex/Pattern$SliceS
Event: 0.438 loading class java/util/regex/Pattern$SliceS done
Event: 0.463 Loaded shared library C:\Users\Destroy\.javacpp\cache\llvm-13.0.1-1.5.7-windows-x86_64.jar\org\bytedeco\llvm\windows-x86_64\LTO.dll
Event: 0.466 Loaded shared library C:\Users\Destroy\.javacpp\cache\llvm-13.0.1-1.5.7-windows-x86_64.jar\org\bytedeco\llvm\windows-x86_64\Remarks.dll
Event: 0.471 Loaded shared library C:\Users\Destroy\.javacpp\cache\llvm-13.0.1-1.5.7-windows-x86_64.jar\org\bytedeco\llvm\windows-x86_64\jniLLVM.dll
Event: 0.500 loading class java/lang/invoke/BoundMethodHandle$Species_LL
Event: 0.500 loading class java/lang/invoke/BoundMethodHandle$Species_LL done
Event: 0.502 loading class java/lang/invoke/BoundMethodHandle$Species_LLL
Event: 0.502 loading class java/lang/invoke/BoundMethodHandle$Species_LLL done
Event: 0.503 loading class java/lang/invoke/BoundMethodHandle$Species_LLLL
Event: 0.503 loading class java/lang/invoke/BoundMethodHandle$Species_LLLL done
Event: 0.503 loading class java/lang/invoke/BoundMethodHandle$Species_LLLLL
Event: 0.504 loading class java/lang/invoke/BoundMethodHandle$Species_LLLLL done
Event: 0.504 loading class java/lang/invoke/BoundMethodHandle$Species_LJ
Event: 0.504 loading class java/lang/invoke/BoundMethodHandle$Species_LJ done
Event: 0.505 loading class java/lang/invoke/BoundMethodHandle$Species_LLLLLL
Event: 0.505 loading class java/lang/invoke/BoundMethodHandle$Species_LLLLLL done
Event: 0.506 loading class java/lang/invoke/BoundMethodHandle$Species_LLLLLLL
Event: 0.506 loading class java/lang/invoke/BoundMethodHandle$Species_LLLLLLL done


Dynamic libraries:
0x00007ff66b240000 - 0x00007ff66b24d000 	C:\Users\Destroy\.jdks\openjdk-15.0.2\bin\java.exe
0x00007ff970b90000 - 0x00007ff970d88000 	C:\WINDOWS\SYSTEM32\ntdll.dll
0x00007ff96ed30000 - 0x00007ff96edef000 	C:\WINDOWS\System32\KERNEL32.DLL
0x00007ff96e6b0000 - 0x00007ff96e982000 	C:\WINDOWS\System32\KERNELBASE.dll
0x00007ff96e490000 - 0x00007ff96e590000 	C:\WINDOWS\System32\ucrtbase.dll
0x00007ff967d00000 - 0x00007ff967d19000 	C:\Users\Destroy\.jdks\openjdk-15.0.2\bin\VCRUNTIME140.dll
0x00007ff968800000 - 0x00007ff968818000 	C:\Users\Destroy\.jdks\openjdk-15.0.2\bin\jli.dll
0x00007ff970410000 - 0x00007ff9705b1000 	C:\WINDOWS\System32\USER32.dll
0x00007ff96e3e0000 - 0x00007ff96e402000 	C:\WINDOWS\System32\win32u.dll
0x00007ff959880000 - 0x00007ff959b1a000 	C:\WINDOWS\WinSxS\amd64_microsoft.windows.common-controls_6595b64144ccf1df_6.0.19041.1110_none_60b5254171f9507e\COMCTL32.dll
0x00007ff96ecc0000 - 0x00007ff96eceb000 	C:\WINDOWS\System32\GDI32.dll
0x00007ff96eac0000 - 0x00007ff96ebcf000 	C:\WINDOWS\System32\gdi32full.dll
0x00007ff96f840000 - 0x00007ff96f8de000 	C:\WINDOWS\System32\msvcrt.dll
0x00007ff96e990000 - 0x00007ff96ea2d000 	C:\WINDOWS\System32\msvcp_win.dll
0x00007ff96ecf0000 - 0x00007ff96ed22000 	C:\WINDOWS\System32\IMM32.DLL
0x00007ff9689f0000 - 0x00007ff9689fc000 	C:\Users\Destroy\.jdks\openjdk-15.0.2\bin\vcruntime140_1.dll
0x00007ff946b90000 - 0x00007ff946c21000 	C:\Users\Destroy\.jdks\openjdk-15.0.2\bin\msvcp140.dll
0x00007ff8e2d70000 - 0x00007ff8e38ce000 	C:\Users\Destroy\.jdks\openjdk-15.0.2\bin\server\jvm.dll
0x00007ff9709f0000 - 0x00007ff970a9e000 	C:\WINDOWS\System32\ADVAPI32.dll
0x00007ff970950000 - 0x00007ff9709ec000 	C:\WINDOWS\System32\sechost.dll
0x00007ff96fd70000 - 0x00007ff96fe95000 	C:\WINDOWS\System32\RPCRT4.dll
0x00007ff96ebd0000 - 0x00007ff96ebd8000 	C:\WINDOWS\System32\PSAPI.DLL
0x00007ff96aaa0000 - 0x00007ff96aaa9000 	C:\WINDOWS\SYSTEM32\WSOCK32.dll
0x00007ff960990000 - 0x00007ff9609b7000 	C:\WINDOWS\SYSTEM32\WINMM.dll
0x00007ff96fd00000 - 0x00007ff96fd6b000 	C:\WINDOWS\System32\WS2_32.dll
0x00007ff966880000 - 0x00007ff96688a000 	C:\WINDOWS\SYSTEM32\VERSION.dll
0x00007ff96cb20000 - 0x00007ff96cb32000 	C:\WINDOWS\SYSTEM32\kernel.appcore.dll
0x00007ff967850000 - 0x00007ff96785a000 	C:\Users\Destroy\.jdks\openjdk-15.0.2\bin\jimage.dll
0x00007ff95ea00000 - 0x00007ff95ebe4000 	C:\WINDOWS\SYSTEM32\DBGHELP.DLL
0x00007ff957160000 - 0x00007ff957195000 	C:\WINDOWS\SYSTEM32\dbgcore.DLL
0x00007ff96ea30000 - 0x00007ff96eab2000 	C:\WINDOWS\System32\bcryptPrimitives.dll
0x00007ff958160000 - 0x00007ff95816e000 	C:\Users\Destroy\.jdks\openjdk-15.0.2\bin\instrument.dll
0x00007ff959490000 - 0x00007ff9594b5000 	C:\Users\Destroy\.jdks\openjdk-15.0.2\bin\java.dll
0x00007ff96ee90000 - 0x00007ff96f5d4000 	C:\WINDOWS\System32\SHELL32.dll
0x00007ff96c110000 - 0x00007ff96c8a2000 	C:\WINDOWS\SYSTEM32\windows.storage.dll
0x00007ff96f8e0000 - 0x00007ff96fc35000 	C:\WINDOWS\System32\combase.dll
0x00007ff96dce0000 - 0x00007ff96dd10000 	C:\WINDOWS\SYSTEM32\Wldp.dll
0x00007ff970aa0000 - 0x00007ff970b4d000 	C:\WINDOWS\System32\SHCORE.dll
0x00007ff9707c0000 - 0x00007ff970815000 	C:\WINDOWS\System32\shlwapi.dll
0x00007ff96e1c0000 - 0x00007ff96e1df000 	C:\WINDOWS\SYSTEM32\profapi.dll
0x00007ff9544f0000 - 0x00007ff954508000 	C:\Users\Destroy\.jdks\openjdk-15.0.2\bin\zip.dll
0x00007ff9571d0000 - 0x00007ff9571e9000 	C:\Users\Destroy\.jdks\openjdk-15.0.2\bin\net.dll
0x00007ff967aa0000 - 0x00007ff967bac000 	C:\WINDOWS\SYSTEM32\WINHTTP.dll
0x00007ff96da40000 - 0x00007ff96daaa000 	C:\WINDOWS\system32\mswsock.dll
0x00007ff957120000 - 0x00007ff957132000 	C:\Users\Destroy\.jdks\openjdk-15.0.2\bin\nio.dll
0x00007ff944500000 - 0x00007ff94451a000 	E:\IntelliJ IDEA 2021.3.2\bin\breakgen64.dll
0x00000253fffc0000 - 0x00000253fffc4000 	C:\Users\Destroy\.javacpp\cache\javacpp-1.5.7-windows-x86_64.jar\org\bytedeco\javacpp\windows-x86_64\api-ms-win-crt-locale-l1-1-0.dll
0x00000253fffd0000 - 0x00000253fffd5000 	C:\Users\Destroy\.javacpp\cache\javacpp-1.5.7-windows-x86_64.jar\org\bytedeco\javacpp\windows-x86_64\api-ms-win-crt-string-l1-1-0.dll
0x00000253fffe0000 - 0x00000253fffe5000 	C:\Users\Destroy\.javacpp\cache\javacpp-1.5.7-windows-x86_64.jar\org\bytedeco\javacpp\windows-x86_64\api-ms-win-crt-stdio-l1-1-0.dll
0x00000253ffff0000 - 0x00000253ffff6000 	C:\Users\Destroy\.javacpp\cache\javacpp-1.5.7-windows-x86_64.jar\org\bytedeco\javacpp\windows-x86_64\api-ms-win-crt-math-l1-1-0.dll
0x0000025394c00000 - 0x0000025394c04000 	C:\Users\Destroy\.javacpp\cache\javacpp-1.5.7-windows-x86_64.jar\org\bytedeco\javacpp\windows-x86_64\api-ms-win-crt-heap-l1-1-0.dll
0x0000025394c10000 - 0x0000025394c15000 	C:\Users\Destroy\.javacpp\cache\javacpp-1.5.7-windows-x86_64.jar\org\bytedeco\javacpp\windows-x86_64\api-ms-win-crt-runtime-l1-1-0.dll
0x0000025394c20000 - 0x0000025394c25000 	C:\Users\Destroy\.javacpp\cache\javacpp-1.5.7-windows-x86_64.jar\org\bytedeco\javacpp\windows-x86_64\api-ms-win-crt-convert-l1-1-0.dll
0x0000025394c30000 - 0x0000025394c34000 	C:\Users\Destroy\.javacpp\cache\javacpp-1.5.7-windows-x86_64.jar\org\bytedeco\javacpp\windows-x86_64\api-ms-win-crt-environment-l1-1-0.dll
0x0000025394c40000 - 0x0000025394c44000 	C:\Users\Destroy\.javacpp\cache\javacpp-1.5.7-windows-x86_64.jar\org\bytedeco\javacpp\windows-x86_64\api-ms-win-crt-time-l1-1-0.dll
0x0000025394c50000 - 0x0000025394c54000 	C:\Users\Destroy\.javacpp\cache\javacpp-1.5.7-windows-x86_64.jar\org\bytedeco\javacpp\windows-x86_64\api-ms-win-crt-filesystem-l1-1-0.dll
0x0000025394c60000 - 0x0000025394c64000 	C:\Users\Destroy\.javacpp\cache\javacpp-1.5.7-windows-x86_64.jar\org\bytedeco\javacpp\windows-x86_64\api-ms-win-crt-utility-l1-1-0.dll
0x0000025394c70000 - 0x0000025394c76000 	C:\Users\Destroy\.javacpp\cache\javacpp-1.5.7-windows-x86_64.jar\org\bytedeco\javacpp\windows-x86_64\api-ms-win-crt-multibyte-l1-1-0.dll
0x0000025394c80000 - 0x0000025394c84000 	C:\Users\Destroy\.javacpp\cache\javacpp-1.5.7-windows-x86_64.jar\org\bytedeco\javacpp\windows-x86_64\api-ms-win-crt-conio-l1-1-0.dll
0x0000025394c90000 - 0x0000025394ca1000 	C:\Users\Destroy\.javacpp\cache\javacpp-1.5.7-windows-x86_64.jar\org\bytedeco\javacpp\windows-x86_64\api-ms-win-crt-private-l1-1-0.dll
0x0000025394cb0000 - 0x0000025394cb4000 	C:\Users\Destroy\.javacpp\cache\javacpp-1.5.7-windows-x86_64.jar\org\bytedeco\javacpp\windows-x86_64\api-ms-win-crt-process-l1-1-0.dll
0x0000025394cc0000 - 0x0000025394cc4000 	C:\Users\Destroy\.javacpp\cache\javacpp-1.5.7-windows-x86_64.jar\org\bytedeco\javacpp\windows-x86_64\api-ms-win-core-console-l1-2-0.dll
0x0000025394cd0000 - 0x0000025394cd4000 	C:\Users\Destroy\.javacpp\cache\javacpp-1.5.7-windows-x86_64.jar\org\bytedeco\javacpp\windows-x86_64\api-ms-win-core-string-l1-1-0.dll
0x0000025394ce0000 - 0x0000025394ce4000 	C:\Users\Destroy\.javacpp\cache\javacpp-1.5.7-windows-x86_64.jar\org\bytedeco\javacpp\windows-x86_64\api-ms-win-core-errorhandling-l1-1-0.dll
0x0000025394cf0000 - 0x0000025394cf4000 	C:\Users\Destroy\.javacpp\cache\javacpp-1.5.7-windows-x86_64.jar\org\bytedeco\javacpp\windows-x86_64\api-ms-win-core-timezone-l1-1-0.dll
0x0000025394d00000 - 0x0000025394d05000 	C:\Users\Destroy\.javacpp\cache\javacpp-1.5.7-windows-x86_64.jar\org\bytedeco\javacpp\windows-x86_64\api-ms-win-core-file-l1-1-0.dll
0x0000025394d10000 - 0x0000025394d14000 	C:\Users\Destroy\.javacpp\cache\javacpp-1.5.7-windows-x86_64.jar\org\bytedeco\javacpp\windows-x86_64\api-ms-win-core-namedpipe-l1-1-0.dll
0x0000025394d20000 - 0x0000025394d24000 	C:\Users\Destroy\.javacpp\cache\javacpp-1.5.7-windows-x86_64.jar\org\bytedeco\javacpp\windows-x86_64\api-ms-win-core-handle-l1-1-0.dll
0x0000025394d30000 - 0x0000025394d34000 	C:\Users\Destroy\.javacpp\cache\javacpp-1.5.7-windows-x86_64.jar\org\bytedeco\javacpp\windows-x86_64\api-ms-win-core-file-l2-1-0.dll
0x0000025394d40000 - 0x0000025394d44000 	C:\Users\Destroy\.javacpp\cache\javacpp-1.5.7-windows-x86_64.jar\org\bytedeco\javacpp\windows-x86_64\api-ms-win-core-heap-l1-1-0.dll
0x0000025394d50000 - 0x0000025394d54000 	C:\Users\Destroy\.javacpp\cache\javacpp-1.5.7-windows-x86_64.jar\org\bytedeco\javacpp\windows-x86_64\api-ms-win-core-libraryloader-l1-1-0.dll
0x0000025394d60000 - 0x0000025394d64000 	C:\Users\Destroy\.javacpp\cache\javacpp-1.5.7-windows-x86_64.jar\org\bytedeco\javacpp\windows-x86_64\api-ms-win-core-synch-l1-1-0.dll
0x0000025394d70000 - 0x0000025394d74000 	C:\Users\Destroy\.javacpp\cache\javacpp-1.5.7-windows-x86_64.jar\org\bytedeco\javacpp\windows-x86_64\api-ms-win-core-processthreads-l1-1-0.dll
0x0000025394d80000 - 0x0000025394d84000 	C:\Users\Destroy\.javacpp\cache\javacpp-1.5.7-windows-x86_64.jar\org\bytedeco\javacpp\windows-x86_64\api-ms-win-core-processenvironment-l1-1-0.dll
0x0000025394d90000 - 0x0000025394d94000 	C:\Users\Destroy\.javacpp\cache\javacpp-1.5.7-windows-x86_64.jar\org\bytedeco\javacpp\windows-x86_64\api-ms-win-core-datetime-l1-1-0.dll
0x0000025394da0000 - 0x0000025394da4000 	C:\Users\Destroy\.javacpp\cache\javacpp-1.5.7-windows-x86_64.jar\org\bytedeco\javacpp\windows-x86_64\api-ms-win-core-localization-l1-2-0.dll
0x0000025395d80000 - 0x0000025395d84000 	C:\Users\Destroy\.javacpp\cache\javacpp-1.5.7-windows-x86_64.jar\org\bytedeco\javacpp\windows-x86_64\api-ms-win-core-sysinfo-l1-1-0.dll
0x0000025395d90000 - 0x0000025395d94000 	C:\Users\Destroy\.javacpp\cache\javacpp-1.5.7-windows-x86_64.jar\org\bytedeco\javacpp\windows-x86_64\api-ms-win-core-synch-l1-2-0.dll
0x0000025395da0000 - 0x0000025395da4000 	C:\Users\Destroy\.javacpp\cache\javacpp-1.5.7-windows-x86_64.jar\org\bytedeco\javacpp\windows-x86_64\api-ms-win-core-console-l1-1-0.dll
0x0000025395db0000 - 0x0000025395db4000 	C:\Users\Destroy\.javacpp\cache\javacpp-1.5.7-windows-x86_64.jar\org\bytedeco\javacpp\windows-x86_64\api-ms-win-core-debug-l1-1-0.dll
0x0000025395dc0000 - 0x0000025395dc4000 	C:\Users\Destroy\.javacpp\cache\javacpp-1.5.7-windows-x86_64.jar\org\bytedeco\javacpp\windows-x86_64\api-ms-win-core-rtlsupport-l1-1-0.dll
0x0000025395dd0000 - 0x0000025395dd4000 	C:\Users\Destroy\.javacpp\cache\javacpp-1.5.7-windows-x86_64.jar\org\bytedeco\javacpp\windows-x86_64\api-ms-win-core-processthreads-l1-1-1.dll
0x0000025395de0000 - 0x0000025395de4000 	C:\Users\Destroy\.javacpp\cache\javacpp-1.5.7-windows-x86_64.jar\org\bytedeco\javacpp\windows-x86_64\api-ms-win-core-file-l1-2-0.dll
0x0000025395df0000 - 0x0000025395df4000 	C:\Users\Destroy\.javacpp\cache\javacpp-1.5.7-windows-x86_64.jar\org\bytedeco\javacpp\windows-x86_64\api-ms-win-core-profile-l1-1-0.dll
0x0000025395e00000 - 0x0000025395e04000 	C:\Users\Destroy\.javacpp\cache\javacpp-1.5.7-windows-x86_64.jar\org\bytedeco\javacpp\windows-x86_64\api-ms-win-core-memory-l1-1-0.dll
0x0000025395e10000 - 0x0000025395e14000 	C:\Users\Destroy\.javacpp\cache\javacpp-1.5.7-windows-x86_64.jar\org\bytedeco\javacpp\windows-x86_64\api-ms-win-core-util-l1-1-0.dll
0x0000025395e20000 - 0x0000025395e24000 	C:\Users\Destroy\.javacpp\cache\javacpp-1.5.7-windows-x86_64.jar\org\bytedeco\javacpp\windows-x86_64\api-ms-win-core-interlocked-l1-1-0.dll
0x00007ff8fd1f0000 - 0x00007ff8fd301000 	C:\Users\Destroy\.javacpp\cache\javacpp-1.5.7-windows-x86_64.jar\org\bytedeco\javacpp\windows-x86_64\ucrtbase.dll
0x00007ff9444e0000 - 0x00007ff9444fb000 	C:\Users\Destroy\.javacpp\cache\javacpp-1.5.7-windows-x86_64.jar\org\bytedeco\javacpp\windows-x86_64\vcruntime140.dll
0x00007ff9444d0000 - 0x00007ff9444dc000 	C:\Users\Destroy\.javacpp\cache\javacpp-1.5.7-windows-x86_64.jar\org\bytedeco\javacpp\windows-x86_64\vcruntime140_1.dll
0x00007ff8f8bd0000 - 0x00007ff8f8c5d000 	C:\Users\Destroy\.javacpp\cache\javacpp-1.5.7-windows-x86_64.jar\org\bytedeco\javacpp\windows-x86_64\msvcp140.dll
0x00007ff9444c0000 - 0x00007ff9444c9000 	C:\Users\Destroy\.javacpp\cache\javacpp-1.5.7-windows-x86_64.jar\org\bytedeco\javacpp\windows-x86_64\msvcp140_1.dll
0x00007ff930e90000 - 0x00007ff930ede000 	C:\Users\Destroy\.javacpp\cache\javacpp-1.5.7-windows-x86_64.jar\org\bytedeco\javacpp\windows-x86_64\concrt140.dll
0x00007ff931220000 - 0x00007ff931251000 	C:\Users\Destroy\.javacpp\cache\javacpp-1.5.7-windows-x86_64.jar\org\bytedeco\javacpp\windows-x86_64\vcomp140.dll
0x00007ff9444b0000 - 0x00007ff9444be000 	C:\Users\Destroy\.javacpp\cache\javacpp-1.5.7-windows-x86_64.jar\org\bytedeco\javacpp\windows-x86_64\jnijavacpp.dll
0x00007ff8db140000 - 0x00007ff8df7dd000 	C:\Users\Destroy\.javacpp\cache\llvm-13.0.1-1.5.7-windows-x86_64.jar\org\bytedeco\llvm\windows-x86_64\LTO.dll
0x00007ff9276c0000 - 0x00007ff9276fb000 	C:\Users\Destroy\.javacpp\cache\llvm-13.0.1-1.5.7-windows-x86_64.jar\org\bytedeco\llvm\windows-x86_64\Remarks.dll
0x00007ff8d68f0000 - 0x00007ff8db140000 	C:\Users\Destroy\.javacpp\cache\llvm-13.0.1-1.5.7-windows-x86_64.jar\org\bytedeco\llvm\windows-x86_64\jniLLVM.dll
0x00007ff970820000 - 0x00007ff97094a000 	C:\WINDOWS\System32\ole32.dll

dbghelp: loaded successfully - version: 4.0.5 - missing functions: none
symbol engine: initialized successfully - sym options: 0x614 - pdb path: .;C:\Users\Destroy\.jdks\openjdk-15.0.2\bin;C:\WINDOWS\SYSTEM32;C:\WINDOWS\WinSxS\amd64_microsoft.windows.common-controls_6595b64144ccf1df_6.0.19041.1110_none_60b5254171f9507e;C:\Users\Destroy\.jdks\openjdk-15.0.2\bin\server;E:\IntelliJ IDEA 2021.3.2\bin;C:\Users\Destroy\.javacpp\cache\javacpp-1.5.7-windows-x86_64.jar\org\bytedeco\javacpp\windows-x86_64;C:\Users\Destroy\.javacpp\cache\llvm-13.0.1-1.5.7-windows-x86_64.jar\org\bytedeco\llvm\windows-x86_64

VM Arguments:
jvm_args: -javaagent:E:\IntelliJ IDEA 2021.3.2\lib\idea_rt.jar=63822:E:\IntelliJ IDEA 2021.3.2\bin -Dfile.encoding=UTF-8 
java_command: Main E:\\bianyiyuanli\\Lab\\src\\a.txt E:\\bianyiyuanli\\Lab\\src\\b.txt
java_class_path (initial): E:\bianyiyuanli\Lab\target\classes;C:\Users\Destroy\.m2\repository\org\antlr\antlr4-runtime\4.10.1\antlr4-runtime-4.10.1.jar;C:\Users\Destroy\.m2\repository\org\antlr\antlr4\4.10.1\antlr4-4.10.1.jar;C:\Users\Destroy\.m2\repository\org\bytedeco\llvm-platform\13.0.1-1.5.7\llvm-platform-13.0.1-1.5.7.jar;C:\Users\Destroy\.m2\repository\org\bytedeco\javacpp-platform\1.5.7\javacpp-platform-1.5.7.jar;C:\Users\Destroy\.m2\repository\org\bytedeco\javacpp\1.5.7\javacpp-1.5.7.jar;C:\Users\Destroy\.m2\repository\org\bytedeco\javacpp\1.5.7\javacpp-1.5.7-android-arm.jar;C:\Users\Destroy\.m2\repository\org\bytedeco\javacpp\1.5.7\javacpp-1.5.7-android-arm64.jar;C:\Users\Destroy\.m2\repository\org\bytedeco\javacpp\1.5.7\javacpp-1.5.7-android-x86.jar;C:\Users\Destroy\.m2\repository\org\bytedeco\javacpp\1.5.7\javacpp-1.5.7-android-x86_64.jar;C:\Users\Destroy\.m2\repository\org\bytedeco\javacpp\1.5.7\javacpp-1.5.7-ios-arm64.jar;C:\Users\Destroy\.m2\repository\org\bytedeco\javacpp\1.5.7\javacpp-1.5.7-ios-x86_64.jar;C:\Users\Destroy\.m2\repository\org\bytedeco\javacpp\1.5.7\javacpp-1.5.7-linux-armhf.jar;C:\Users\Destroy\.m2\repository\org\bytedeco\javacpp\1.5.7\javacpp-1.5.7-linux-arm64.jar;C:\Users\Destroy\.m2\repository\org\bytedeco\javacpp\1.5.7\javacpp-1.5.7-linux-ppc64le.jar;C:\Users\Destroy\.m2\repository\org\bytedeco\javacpp\1.5.7\javacpp-1.5.7-linux-x86.jar;C:\Users\Destroy\.m2\repository\org\bytedeco\javacpp\1.5.7\javacpp-1.5.7-linux-x86_64.jar;C:\Users\Destroy\.m2\repository\org\bytedeco\javacpp\1.5.7\javacpp-1.5.7-macosx-arm64.jar;C:\Users\Destroy\.m2\repository\org\bytedeco\javacpp\1.5.7\javacpp-1.5.7-macosx-x86_64.jar;C:\Users\Destroy\.m2\repository\org\bytedeco\javacpp\1.5.7\javacpp-1.5.7-windows-x86.jar;C:\Users\Destroy\.m2\repository\org\bytedeco\javacpp\1.5.7\javacpp-1.5.7-windows-x86_64.jar;C:\Users\Destroy\.m2\repository\org\bytedeco\llvm\13.0.1-1.5.7\llvm-13.0.1-1.5.7.jar;C:\Users\Destroy\.m2\repository\org\bytedeco\llvm\13.0.1-1.5.7\llvm-
Launcher Type: SUN_STANDARD

[Global flags]
     intx CICompilerCount                          = 4                                         {product} {ergonomic}
     uint ConcGCThreads                            = 3                                         {product} {ergonomic}
     uint G1ConcRefinementThreads                  = 10                                        {product} {ergonomic}
   size_t G1HeapRegionSize                         = 2097152                                   {product} {ergonomic}
    uintx GCDrainStackTargetSize                   = 64                                        {product} {ergonomic}
   size_t InitialHeapSize                          = 268435456                                 {product} {ergonomic}
   size_t MarkStackSize                            = 4194304                                   {product} {ergonomic}
   size_t MaxHeapSize                              = 4269801472                                {product} {ergonomic}
   size_t MaxNewSize                               = 2560622592                                {product} {ergonomic}
   size_t MinHeapDeltaBytes                        = 2097152                                   {product} {ergonomic}
   size_t MinHeapSize                              = 8388608                                   {product} {ergonomic}
    uintx NonNMethodCodeHeapSize                   = 5839372                                {pd product} {ergonomic}
    uintx NonProfiledCodeHeapSize                  = 122909434                              {pd product} {ergonomic}
    uintx ProfiledCodeHeapSize                     = 122909434                              {pd product} {ergonomic}
    uintx ReservedCodeCacheSize                    = 251658240                              {pd product} {ergonomic}
     bool SegmentedCodeCache                       = true                                      {product} {ergonomic}
   size_t SoftMaxHeapSize                          = 4269801472                             {manageable} {ergonomic}
     bool UseCompressedClassPointers               = true                                 {lp64_product} {ergonomic}
     bool UseCompressedOops                        = true                                 {lp64_product} {ergonomic}
     bool UseG1GC                                  = true                                      {product} {ergonomic}
     bool UseLargePagesIndividualAllocation        = false                                  {pd product} {ergonomic}

Logging:
Log output configuration:
 #0: stdout all=warning uptime,level,tags
 #1: stderr all=off uptime,level,tags

Environment Variables:
PATH=C:\Program Files\PlasticSCM5\server;C:\Program Files\PlasticSCM5\client;C:\Program Files\NVIDIA GPU Computing Toolkit\CUDA\v11.4\bin;C:\Program Files\NVIDIA GPU Computing Toolkit\CUDA\v11.4\libnvvp;C:\Program Files (x86)\Common Files\Oracle\Java\javapath;C:\Program Files (x86)\Common Files\Intel\Shared Libraries\redist\intel64\compiler;C:\Windows\system32;C:\Windows;C:\Windows\System32\Wbem;C:\Windows\System32\WindowsPowerShell\v1.0\;C:\Windows\System32\OpenSSH\;C:\Program Files (x86)\NVIDIA Corporation\PhysX\Common;C:\Program Files\NVIDIA Corporation\NVIDIA NvDLISR;C:\Users\Destroy\.dnx\bin;C:\Program Files\Microsoft DNX\Dnvm\;C:\Program Files\Microsoft SQL Server\130\Tools\Binn\;D:\Git\cmd;C:\Program Files\dotnet\;C:\Program Files\NVIDIA Corporation\Nsight Compute 2021.2.2\;C:\Program Files\Microsoft SQL Server\Client SDK\ODBC\170\Tools\Binn\;C:\Program Files\nodejs\;C:\WINDOWS\system32;C:\WINDOWS;C:\WINDOWS\System32\Wbem;C:\WINDOWS\System32\WindowsPowerShell\v1.0\;C:\WINDOWS\System32\OpenSSH\;C:;C:\Program Files (x86)\scala\bin;C:\Users\Destroy\AppData\Local\bin\NASM;D:\U_pro\A_GAME\python-envs;C:\Program Files\MySQL\MySQL Shell 8.0\bin\;D:\ANACONDA\envs\tf;C:\Users\Destroy\AppData\Local\Programs\Python\Python39\Scripts\;C:\Users\Destroy\AppData\Local\Programs\Python\Python39\;C:\Users\Destroy\AppData\Local\Microsoft\WindowsApps;D:\texlive\2020\bin\win32;C:\Users\Destroy\.dotnet\tools;C:\Users\Destroy\AppData\Local\Programs\Fiddler;C:\Users\Destroy\AppData\Roaming\npm;C:\Users\Destroy\AppData\Local\Microsoft\WindowsApps;E:\Microsoft VS Code\bin;C:\MinGW\bin;C:\Users\Destroy\AppData\Local\bin\NASM;D:\U_pro\A_GAME\python-envs;
USERNAME=Destroy
OS=Windows_NT
PROCESSOR_IDENTIFIER=AMD64 Family 23 Model 113 Stepping 0, AuthenticAMD



---------------  S Y S T E M  ---------------

OS:
 Windows 10 , 64 bit Build 19041 (10.0.19041.2364)
OS uptime: 0 days 5:24 hours

CPU: total 12 (initial active 12) (12 cores per cpu, 2 threads per core) family 23 model 113 stepping 0 microcode 0x0, cmov, cx8, fxsr, mmx, sse, sse2, sse3, ssse3, sse4.1, sse4.2, popcnt, vzeroupper, avx, avx2, aes, clmul, 3dnowpref, lzcnt, sse4a, ht, tsc, tscinvbit, tscinv, bmi1, bmi2, adx, sha, fma, clflush, clflushopt

Memory: 4k page, system-wide physical 16280M (4075M free)
TotalPageFile size 27032M (AvailPageFile size 10147M)
current process WorkingSet (physical memory assigned to process): 100M, peak: 101M
current process commit charge ("private bytes"): 381M, peak: 382M

vm_info: OpenJDK 64-Bit Server VM (15.0.2+7-27) for windows-amd64 JRE (15.0.2+7-27), built on Dec  7 2020 20:02:38 by "mach5one" with unknown MS VC++:1925

END.
