#
# A fatal error has been detected by the Java Runtime Environment:
#
#  EXCEPTION_ACCESS_VIOLATION (0xc0000005) at pc=0x00007ffb46815354, pid=760, tid=16408
#
# JRE version: OpenJDK Runtime Environment (15.0.2+7) (build 15.0.2+7-27)
# Java VM: OpenJDK 64-Bit Server VM (15.0.2+7-27, mixed mode, sharing, tiered, compressed oops, g1 gc, windows-amd64)
# Problematic frame:
# C  [jniLLVM.dll+0xea5354]
#
# No core dump will be written. Minidumps are not enabled by default on client versions of Windows
#
# If you would like to submit a bug report, please visit:
#   https://bugreport.java.com/bugreport/crash.jsp
# The crash happened outside the Java Virtual Machine in native code.
# See problematic frame for where to report the bug.
#

---------------  S U M M A R Y ------------

Command Line: -javaagent:E:\IntelliJ IDEA 2021.3.2\lib\idea_rt.jar=62562:E:\IntelliJ IDEA 2021.3.2\bin -Dfile.encoding=UTF-8 Main E:\\bianyiyuanli\\Lab\\src\\a.txt E:\\bianyiyuanli\\Lab\\src\\b.txt

Host: AMD Ryzen 5 3600 6-Core Processor              , 12 cores, 15G,  Windows 10 , 64 bit Build 19041 (10.0.19041.2364)
Time: Fri Jan 13 02:17:08 2023 中国标准时间 elapsed time: 0.463640 seconds (0d 0h 0m 0s)

---------------  T H R E A D  ---------------

Current thread (0x000002a90cb8ec30):  JavaThread "main" [_thread_in_native, id=16408, stack(0x000000d5fa700000,0x000000d5fa800000)]

Stack: [0x000000d5fa700000,0x000000d5fa800000],  sp=0x000000d5fa7fe800,  free space=1018k
Native frames: (J=compiled Java code, j=interpreted, Vv=VM code, C=native code)
C  [jniLLVM.dll+0xea5354]

Java frames: (J=compiled Java code, j=interpreted, Vv=VM code)
j  org.bytedeco.llvm.global.LLVM.LLVMBuildCall(Lorg/bytedeco/llvm/LLVM/LLVMBuilderRef;Lorg/bytedeco/llvm/LLVM/LLVMValueRef;Lorg/bytedeco/javacpp/PointerPointer;ILjava/lang/String;)Lorg/bytedeco/llvm/LLVM/LLVMValueRef;+0
j  LLVMVisitor.functionCallHandler(LSysYParser$CallFuncExpContext;)Lorg/bytedeco/llvm/LLVM/LLVMValueRef;+131
j  LLVMVisitor.visitStmt(LSysYParser$StmtContext;)Lorg/bytedeco/llvm/LLVM/LLVMValueRef;+196
j  LLVMVisitor.visitStmt(LSysYParser$StmtContext;)Ljava/lang/Object;+2
j  SysYParser$StmtContext.accept(Lorg/antlr/v4/runtime/tree/ParseTreeVisitor;)Ljava/lang/Object;+12
j  org.antlr.v4.runtime.tree.AbstractParseTreeVisitor.visitChildren(Lorg/antlr/v4/runtime/tree/RuleNode;)Ljava/lang/Object;+46
j  SysYParserBaseVisitor.visitBlockItem(LSysYParser$BlockItemContext;)Ljava/lang/Object;+2
j  SysYParser$BlockItemContext.accept(Lorg/antlr/v4/runtime/tree/ParseTreeVisitor;)Ljava/lang/Object;+12
j  org.antlr.v4.runtime.tree.AbstractParseTreeVisitor.visitChildren(Lorg/antlr/v4/runtime/tree/RuleNode;)Ljava/lang/Object;+46
j  SysYParserBaseVisitor.visitBlock(LSysYParser$BlockContext;)Ljava/lang/Object;+2
j  LLVMVisitor.visitBlock(LSysYParser$BlockContext;)Lorg/bytedeco/llvm/LLVM/LLVMValueRef;+32
j  LLVMVisitor.visitBlock(LSysYParser$BlockContext;)Ljava/lang/Object;+2
j  SysYParser$BlockContext.accept(Lorg/antlr/v4/runtime/tree/ParseTreeVisitor;)Ljava/lang/Object;+12
j  org.antlr.v4.runtime.tree.AbstractParseTreeVisitor.visitChildren(Lorg/antlr/v4/runtime/tree/RuleNode;)Ljava/lang/Object;+46
j  SysYParserBaseVisitor.visitFuncDef(LSysYParser$FuncDefContext;)Ljava/lang/Object;+2
j  LLVMVisitor.visitFuncDef(LSysYParser$FuncDefContext;)Lorg/bytedeco/llvm/LLVM/LLVMValueRef;+364
j  LLVMVisitor.visitFuncDef(LSysYParser$FuncDefContext;)Ljava/lang/Object;+2
j  SysYParser$FuncDefContext.accept(Lorg/antlr/v4/runtime/tree/ParseTreeVisitor;)Ljava/lang/Object;+12
j  org.antlr.v4.runtime.tree.AbstractParseTreeVisitor.visitChildren(Lorg/antlr/v4/runtime/tree/RuleNode;)Ljava/lang/Object;+46
j  SysYParserBaseVisitor.visitCompUnit(LSysYParser$CompUnitContext;)Ljava/lang/Object;+2
j  LLVMVisitor.visitCompUnit(LSysYParser$CompUnitContext;)Lorg/bytedeco/llvm/LLVM/LLVMValueRef;+13
j  LLVMVisitor.visitCompUnit(LSysYParser$CompUnitContext;)Ljava/lang/Object;+2
j  SysYParser$CompUnitContext.accept(Lorg/antlr/v4/runtime/tree/ParseTreeVisitor;)Ljava/lang/Object;+12
j  org.antlr.v4.runtime.tree.AbstractParseTreeVisitor.visitChildren(Lorg/antlr/v4/runtime/tree/RuleNode;)Ljava/lang/Object;+46
j  SysYParserBaseVisitor.visitProgram(LSysYParser$ProgramContext;)Ljava/lang/Object;+2
j  SysYParser$ProgramContext.accept(Lorg/antlr/v4/runtime/tree/ParseTreeVisitor;)Ljava/lang/Object;+12
j  org.antlr.v4.runtime.tree.AbstractParseTreeVisitor.visit(Lorg/antlr/v4/runtime/tree/ParseTree;)Ljava/lang/Object;+2
j  Main.main([Ljava/lang/String;)V+94
v  ~StubRoutines::call_stub

siginfo: EXCEPTION_ACCESS_VIOLATION (0xc0000005), reading address 0x0000000000000000


Register to memory mapping:

RIP=0x00007ffb46815354 jniLLVM.dll
RAX=0x000002a9336cffe0 points into unknown readable memory: 0x0500570000003d00 | 00 3d 00 00 00 57 00 05
RBX=0x0 is NULL
RCX=0x000002a93424b480 points into unknown readable memory: 0x000002a93424b490 | 90 b4 24 34 a9 02 00 00
RDX=0x0 is NULL
RSP=0x000000d5fa7fe800 is pointing into the stack for thread: 0x000002a90cb8ec30
RBP=0x0 is NULL
RSI=0x0 is NULL
RDI=0x000002a90cb8ef58 points into unknown readable memory: 0x00007ffba866de40 | 40 de 66 a8 fb 7f 00 00
R8 =0x000002a933674f70 points into unknown readable memory: 0x000002a934198020 | 20 80 19 34 a9 02 00 00
R9 =0x0000000000000001 is an unknown value
R10=0x00007ffba866de40 jvm.dll
R11=0x000000d5fa7fe7b0 is pointing into the stack for thread: 0x000002a90cb8ec30
R12=0x000002a9336cffe0 points into unknown readable memory: 0x0500570000003d00 | 00 3d 00 00 00 57 00 05
R13=0x000002a933674f70 points into unknown readable memory: 0x000002a934198020 | 20 80 19 34 a9 02 00 00
R14=0x0 is NULL
R15=0x000002a93424b480 points into unknown readable memory: 0x000002a93424b490 | 90 b4 24 34 a9 02 00 00


Registers:
RAX=0x000002a9336cffe0, RBX=0x0000000000000000, RCX=0x000002a93424b480, RDX=0x0000000000000000
RSP=0x000000d5fa7fe800, RBP=0x0000000000000000, RSI=0x0000000000000000, RDI=0x000002a90cb8ef58
R8 =0x000002a933674f70, R9 =0x0000000000000001, R10=0x00007ffba866de40, R11=0x000000d5fa7fe7b0
R12=0x000002a9336cffe0, R13=0x000002a933674f70, R14=0x0000000000000000, R15=0x000002a93424b480
RIP=0x00007ffb46815354, EFLAGS=0x0000000000010206

Top of Stack: (sp=0x000000d5fa7fe800)
0x000000d5fa7fe800:   000002a90cb8ec30 0000000000000000
0x000000d5fa7fe810:   000002a90cb8ef58 0000000000000000
0x000000d5fa7fe820:   000002a93424b480 0000000000000000
0x000000d5fa7fe830:   000002a9336cffe0 00007ffb45a318a1
0x000000d5fa7fe840:   000002a90cb8ef58 0000000000000000
0x000000d5fa7fe850:   000002a90cc51050 0000000710f1aa90
0x000000d5fa7fe860:   000002a9336cffe0 0000000800935676
0x000000d5fa7fe870:   0000000000000000 00007ffb45a47118
0x000000d5fa7fe880:   0000000000000000 0000000000000000
0x000000d5fa7fe890:   000002a90cb8ef58 0000000000000000
0x000000d5fa7fe8a0:   000002a9336cffe0 000002a91e0e3e10
0x000000d5fa7fe8b0:   000002a90cb8ec30 000000d5fa7fe9b8
0x000000d5fa7fe8c0:   000002a932c2a9d0 0000000000000000
0x000000d5fa7fe8d0:   000000000000009e 000002a9165bf177
0x000000d5fa7fe8e0:   000002a932c2a9d8 000000d5fa7fe978
0x000000d5fa7fe8f0:   0000000000000180 000000d5fa7fe940 

Instructions: (pc=0x00007ffb46815354)
0x00007ffb46815254:   8b f0 80 78 10 1a 0f 82 c7 00 00 00 48 8b 4f 50
0x00007ffb46815264:   4c 8d 44 24 30 48 8b 47 38 48 8b d6 4c 8b 4f 30
0x00007ffb46815274:   48 89 44 24 20 4c 8b 11 41 ff 52 08 48 8b 1f 8b
0x00007ffb46815284:   7f 08 48 c1 e7 04 48 03 fb 48 3b df 0f 84 91 00
0x00007ffb46815294:   00 00 66 66 0f 1f 84 00 00 00 00 00 4c 8b 43 08
0x00007ffb468152a4:   48 8b ce 8b 13 e8 b2 a8 09 00 48 83 c3 10 48 3b
0x00007ffb468152b4:   df 75 e9 eb 6e 4c 8d 4c 24 58 66 c7 44 24 78 01
0x00007ffb468152c4:   01 4d 8b c2 48 89 44 24 20 b9 31 00 00 00 e8 29
0x00007ffb468152d4:   b4 06 00 48 8b 4f 50 4c 8d 44 24 30 4c 8b 4f 30
0x00007ffb468152e4:   48 8b f0 48 8b 47 38 48 8b d6 48 89 44 24 20 4c
0x00007ffb468152f4:   8b 11 41 ff 52 08 48 8b 1f 8b 7f 08 48 c1 e7 04
0x00007ffb46815304:   48 03 fb 48 3b df 74 1b 0f 1f 40 00 4c 8b 43 08
0x00007ffb46815314:   48 8b ce 8b 13 e8 42 a8 09 00 48 83 c3 10 48 3b
0x00007ffb46815324:   df 75 e9 48 8b 9c 24 90 00 00 00 48 8b c6 48 8b
0x00007ffb46815334:   b4 24 98 00 00 00 48 81 c4 80 00 00 00 5f c3 cc
0x00007ffb46815344:   cc cc cc cc cc cc cc cc cc cc cc cc 48 83 ec 78
0x00007ffb46815354:   48 8b 02 c6 44 24 61 01 4c 8b 50 18 48 8b 84 24
0x00007ffb46815364:   a0 00 00 00 80 38 00 74 0c 48 89 44 24 40 c6 44
0x00007ffb46815374:   24 60 03 eb 05 c6 44 24 60 01 41 8b c1 4c 8d 4c
0x00007ffb46815384:   24 30 48 89 44 24 38 48 8d 44 24 40 4c 89 44 24
0x00007ffb46815394:   30 4c 8b c2 48 c7 44 24 28 00 00 00 00 49 8b d2
0x00007ffb468153a4:   48 89 44 24 20 e8 82 b0 fb ff 48 83 c4 78 c3 cc
0x00007ffb468153b4:   cc cc cc cc cc cc cc cc cc cc cc cc 48 83 ec 78
0x00007ffb468153c4:   48 8b 84 24 a8 00 00 00 c6 44 24 61 01 80 38 00
0x00007ffb468153d4:   74 0c 48 89 44 24 40 c6 44 24 60 03 eb 05 c6 44
0x00007ffb468153e4:   24 60 01 8b 84 24 a0 00 00 00 48 89 44 24 38 48
0x00007ffb468153f4:   8d 44 24 40 4c 89 4c 24 30 4c 8d 4c 24 30 48 c7
0x00007ffb46815404:   44 24 28 00 00 00 00 48 89 44 24 20 e8 1b b0 fb
0x00007ffb46815414:   ff 48 83 c4 78 c3 cc cc cc cc cc cc 48 89 5c 24
0x00007ffb46815424:   18 41 56 48 81 ec 80 00 00 00 48 8b 84 24 b0 00
0x00007ffb46815434:   00 00 4d 8b d9 4d 8b d0 c6 44 24 51 01 4c 8b f1
0x00007ffb46815444:   80 38 00 74 0c 48 89 44 24 30 c6 44 24 50 03 eb 


Stack slot to memory mapping:
stack at sp + 0 slots: 0x000002a90cb8ec30 is a thread
stack at sp + 1 slots: 0x0 is NULL
stack at sp + 2 slots: 0x000002a90cb8ef58 points into unknown readable memory: 0x00007ffba866de40 | 40 de 66 a8 fb 7f 00 00
stack at sp + 3 slots: 0x0 is NULL
stack at sp + 4 slots: 0x000002a93424b480 points into unknown readable memory: 0x000002a93424b490 | 90 b4 24 34 a9 02 00 00
stack at sp + 5 slots: 0x0 is NULL
stack at sp + 6 slots: 0x000002a9336cffe0 points into unknown readable memory: 0x0500570000003d00 | 00 3d 00 00 00 57 00 05
stack at sp + 7 slots: 0x00007ffb45a318a1 jniLLVM.dll


---------------  P R O C E S S  ---------------

Threads class SMR info:
_java_thread_list=0x000002a933361030, length=14, elements={
0x000002a90cb8ec30, 0x000002a932ec41c0, 0x000002a932ec4d90, 0x000002a932ee26b0,
0x000002a932ee4080, 0x000002a932ee4b30, 0x000002a932ef19f0, 0x000002a932ef7830,
0x000002a932f04240, 0x000002a932fcd9f0, 0x000002a9331e5c70, 0x000002a93328ab40,
0x000002a9332b7510, 0x000002a933366d60
}

Java Threads: ( => current thread )
=>0x000002a90cb8ec30 JavaThread "main" [_thread_in_native, id=16408, stack(0x000000d5fa700000,0x000000d5fa800000)]
  0x000002a932ec41c0 JavaThread "Reference Handler" daemon [_thread_blocked, id=14276, stack(0x000000d5fae00000,0x000000d5faf00000)]
  0x000002a932ec4d90 JavaThread "Finalizer" daemon [_thread_blocked, id=7988, stack(0x000000d5faf00000,0x000000d5fb000000)]
  0x000002a932ee26b0 JavaThread "Signal Dispatcher" daemon [_thread_blocked, id=10264, stack(0x000000d5fb000000,0x000000d5fb100000)]
  0x000002a932ee4080 JavaThread "Attach Listener" daemon [_thread_blocked, id=6496, stack(0x000000d5fb100000,0x000000d5fb200000)]
  0x000002a932ee4b30 JavaThread "Service Thread" daemon [_thread_blocked, id=9080, stack(0x000000d5fb200000,0x000000d5fb300000)]
  0x000002a932ef19f0 JavaThread "C2 CompilerThread0" daemon [_thread_blocked, id=1228, stack(0x000000d5fb300000,0x000000d5fb400000)]
  0x000002a932ef7830 JavaThread "C1 CompilerThread0" daemon [_thread_blocked, id=18840, stack(0x000000d5fb400000,0x000000d5fb500000)]
  0x000002a932f04240 JavaThread "Sweeper thread" daemon [_thread_blocked, id=3356, stack(0x000000d5fb500000,0x000000d5fb600000)]
  0x000002a932fcd9f0 JavaThread "Common-Cleaner" daemon [_thread_blocked, id=7360, stack(0x000000d5fb600000,0x000000d5fb700000)]
  0x000002a9331e5c70 JavaThread "C2 CompilerThread1" daemon [_thread_blocked, id=11784, stack(0x000000d5fb700000,0x000000d5fb800000)]
  0x000002a93328ab40 JavaThread "Monitor Ctrl-Break" daemon [_thread_in_native, id=19964, stack(0x000000d5fb800000,0x000000d5fb900000)]
  0x000002a9332b7510 JavaThread "Notification Thread" daemon [_thread_blocked, id=14764, stack(0x000000d5fb900000,0x000000d5fba00000)]
  0x000002a933366d60 JavaThread "JavaCPP Deallocator" daemon [_thread_blocked, id=14756, stack(0x000000d5fbb00000,0x000000d5fbc00000)]

Other Threads:
  0x000002a9326bd810 VMThread "VM Thread" [stack: 0x000000d5fad00000,0x000000d5fae00000] [id=19336]
  0x000002a933161b80 WatcherThread [stack: 0x000000d5fba00000,0x000000d5fbb00000] [id=14320]
  0x000002a90cbde910 GCTaskThread "GC Thread#0" [stack: 0x000000d5fa800000,0x000000d5fa900000] [id=11564]
  0x000002a93378adf0 GCTaskThread "GC Thread#1" [stack: 0x000000d5fbc00000,0x000000d5fbd00000] [id=11540]
  0x000002a93378c770 GCTaskThread "GC Thread#2" [stack: 0x000000d5fbd00000,0x000000d5fbe00000] [id=14092]
  0x000002a93378caa0 GCTaskThread "GC Thread#3" [stack: 0x000000d5fbe00000,0x000000d5fbf00000] [id=5092]
  0x000002a93378b120 GCTaskThread "GC Thread#4" [stack: 0x000000d5fbf00000,0x000000d5fc000000] [id=6388]
  0x000002a93378a130 GCTaskThread "GC Thread#5" [stack: 0x000000d5fc000000,0x000000d5fc100000] [id=17720]
  0x000002a90cbefdc0 ConcurrentGCThread "G1 Main Marker" [stack: 0x000000d5fa900000,0x000000d5faa00000] [id=15116]
  0x000002a90cbf2700 ConcurrentGCThread "G1 Conc#0" [stack: 0x000000d5faa00000,0x000000d5fab00000] [id=19776]
  0x000002a90cc529d0 ConcurrentGCThread "G1 Refine#0" [stack: 0x000000d5fab00000,0x000000d5fac00000] [id=2596]
  0x000002a90cc53310 ConcurrentGCThread "G1 Young RemSet Sampling" [stack: 0x000000d5fac00000,0x000000d5fad00000] [id=11500]

Threads with active compile tasks:

VM state: not at safepoint (normal execution)

VM Mutex/Monitor currently owned by a thread: None

Heap address: 0x0000000701800000, size: 4072 MB, Compressed Oops mode: Zero based, Oop shift amount: 3
CDS archive(s) mapped at: [0x0000000800000000-0x0000000800b50000-0x0000000800b50000), size 11862016, SharedBaseAddress: 0x0000000800000000, ArchiveRelocationMode: 0.
Compressed class space mapped at: 0x0000000800b50000-0x0000000840b50000, size: 1073741824
Narrow klass base: 0x0000000800000000, Narrow klass shift: 3, Narrow klass range: 0x100000000

GC Precious Log:
 CPUs: 12 total, 12 available
 Memory: 16280M
 Large Page Support: Disabled
 NUMA Support: Disabled
 Compressed Oops: Enabled (Zero based)
 Heap Region Size: 2M
 Heap Min Capacity: 8M
 Heap Initial Capacity: 256M
 Heap Max Capacity: 4072M
 Pre-touch: Disabled
 Parallel Workers: 10
 Concurrent Workers: 3
 Concurrent Refinement Workers: 10
 Periodic GC: Disabled

Heap:
 garbage-first heap   total 262144K, used 14024K [0x0000000701800000, 0x0000000800000000)
  region size 2048K, 7 young (14336K), 2 survivors (4096K)
 Metaspace       used 4221K, capacity 6632K, committed 6912K, reserved 1056768K
  class space    used 441K, capacity 674K, committed 768K, reserved 1048576K

Heap Regions: E=young(eden), S=young(survivor), O=old, HS=humongous(starts), HC=humongous(continues), CS=collection set, F=free, OA=open archive, CA=closed archive, TAMS=top-at-mark-start (previous, next)
|   0|0x0000000701800000, 0x00000007019b2000, 0x0000000701a00000| 84%| O|  |TAMS 0x0000000701800000, 0x0000000701800000| Untracked 
|   1|0x0000000701a00000, 0x0000000701a00000, 0x0000000701c00000|  0%| F|  |TAMS 0x0000000701a00000, 0x0000000701a00000| Untracked 
|   2|0x0000000701c00000, 0x0000000701c00000, 0x0000000701e00000|  0%| F|  |TAMS 0x0000000701c00000, 0x0000000701c00000| Untracked 
|   3|0x0000000701e00000, 0x0000000701e00000, 0x0000000702000000|  0%| F|  |TAMS 0x0000000701e00000, 0x0000000701e00000| Untracked 
|   4|0x0000000702000000, 0x0000000702000000, 0x0000000702200000|  0%| F|  |TAMS 0x0000000702000000, 0x0000000702000000| Untracked 
|   5|0x0000000702200000, 0x0000000702200000, 0x0000000702400000|  0%| F|  |TAMS 0x0000000702200000, 0x0000000702200000| Untracked 
|   6|0x0000000702400000, 0x0000000702400000, 0x0000000702600000|  0%| F|  |TAMS 0x0000000702400000, 0x0000000702400000| Untracked 
|   7|0x0000000702600000, 0x0000000702600000, 0x0000000702800000|  0%| F|  |TAMS 0x0000000702600000, 0x0000000702600000| Untracked 
|   8|0x0000000702800000, 0x0000000702800000, 0x0000000702a00000|  0%| F|  |TAMS 0x0000000702800000, 0x0000000702800000| Untracked 
|   9|0x0000000702a00000, 0x0000000702a00000, 0x0000000702c00000|  0%| F|  |TAMS 0x0000000702a00000, 0x0000000702a00000| Untracked 
|  10|0x0000000702c00000, 0x0000000702c00000, 0x0000000702e00000|  0%| F|  |TAMS 0x0000000702c00000, 0x0000000702c00000| Untracked 
|  11|0x0000000702e00000, 0x0000000702e00000, 0x0000000703000000|  0%| F|  |TAMS 0x0000000702e00000, 0x0000000702e00000| Untracked 
|  12|0x0000000703000000, 0x0000000703000000, 0x0000000703200000|  0%| F|  |TAMS 0x0000000703000000, 0x0000000703000000| Untracked 
|  13|0x0000000703200000, 0x0000000703200000, 0x0000000703400000|  0%| F|  |TAMS 0x0000000703200000, 0x0000000703200000| Untracked 
|  14|0x0000000703400000, 0x0000000703400000, 0x0000000703600000|  0%| F|  |TAMS 0x0000000703400000, 0x0000000703400000| Untracked 
|  15|0x0000000703600000, 0x0000000703600000, 0x0000000703800000|  0%| F|  |TAMS 0x0000000703600000, 0x0000000703600000| Untracked 
|  16|0x0000000703800000, 0x0000000703800000, 0x0000000703a00000|  0%| F|  |TAMS 0x0000000703800000, 0x0000000703800000| Untracked 
|  17|0x0000000703a00000, 0x0000000703a00000, 0x0000000703c00000|  0%| F|  |TAMS 0x0000000703a00000, 0x0000000703a00000| Untracked 
|  18|0x0000000703c00000, 0x0000000703c00000, 0x0000000703e00000|  0%| F|  |TAMS 0x0000000703c00000, 0x0000000703c00000| Untracked 
|  19|0x0000000703e00000, 0x0000000703e00000, 0x0000000704000000|  0%| F|  |TAMS 0x0000000703e00000, 0x0000000703e00000| Untracked 
|  20|0x0000000704000000, 0x0000000704000000, 0x0000000704200000|  0%| F|  |TAMS 0x0000000704000000, 0x0000000704000000| Untracked 
|  21|0x0000000704200000, 0x0000000704200000, 0x0000000704400000|  0%| F|  |TAMS 0x0000000704200000, 0x0000000704200000| Untracked 
|  22|0x0000000704400000, 0x0000000704400000, 0x0000000704600000|  0%| F|  |TAMS 0x0000000704400000, 0x0000000704400000| Untracked 
|  23|0x0000000704600000, 0x0000000704600000, 0x0000000704800000|  0%| F|  |TAMS 0x0000000704600000, 0x0000000704600000| Untracked 
|  24|0x0000000704800000, 0x0000000704800000, 0x0000000704a00000|  0%| F|  |TAMS 0x0000000704800000, 0x0000000704800000| Untracked 
|  25|0x0000000704a00000, 0x0000000704a00000, 0x0000000704c00000|  0%| F|  |TAMS 0x0000000704a00000, 0x0000000704a00000| Untracked 
|  26|0x0000000704c00000, 0x0000000704c00000, 0x0000000704e00000|  0%| F|  |TAMS 0x0000000704c00000, 0x0000000704c00000| Untracked 
|  27|0x0000000704e00000, 0x0000000704e00000, 0x0000000705000000|  0%| F|  |TAMS 0x0000000704e00000, 0x0000000704e00000| Untracked 
|  28|0x0000000705000000, 0x0000000705000000, 0x0000000705200000|  0%| F|  |TAMS 0x0000000705000000, 0x0000000705000000| Untracked 
|  29|0x0000000705200000, 0x0000000705200000, 0x0000000705400000|  0%| F|  |TAMS 0x0000000705200000, 0x0000000705200000| Untracked 
|  30|0x0000000705400000, 0x0000000705400000, 0x0000000705600000|  0%| F|  |TAMS 0x0000000705400000, 0x0000000705400000| Untracked 
|  31|0x0000000705600000, 0x0000000705600000, 0x0000000705800000|  0%| F|  |TAMS 0x0000000705600000, 0x0000000705600000| Untracked 
|  32|0x0000000705800000, 0x0000000705800000, 0x0000000705a00000|  0%| F|  |TAMS 0x0000000705800000, 0x0000000705800000| Untracked 
|  33|0x0000000705a00000, 0x0000000705a00000, 0x0000000705c00000|  0%| F|  |TAMS 0x0000000705a00000, 0x0000000705a00000| Untracked 
|  34|0x0000000705c00000, 0x0000000705c00000, 0x0000000705e00000|  0%| F|  |TAMS 0x0000000705c00000, 0x0000000705c00000| Untracked 
|  35|0x0000000705e00000, 0x0000000705e00000, 0x0000000706000000|  0%| F|  |TAMS 0x0000000705e00000, 0x0000000705e00000| Untracked 
|  36|0x0000000706000000, 0x0000000706000000, 0x0000000706200000|  0%| F|  |TAMS 0x0000000706000000, 0x0000000706000000| Untracked 
|  37|0x0000000706200000, 0x0000000706200000, 0x0000000706400000|  0%| F|  |TAMS 0x0000000706200000, 0x0000000706200000| Untracked 
|  38|0x0000000706400000, 0x0000000706400000, 0x0000000706600000|  0%| F|  |TAMS 0x0000000706400000, 0x0000000706400000| Untracked 
|  39|0x0000000706600000, 0x0000000706600000, 0x0000000706800000|  0%| F|  |TAMS 0x0000000706600000, 0x0000000706600000| Untracked 
|  40|0x0000000706800000, 0x0000000706800000, 0x0000000706a00000|  0%| F|  |TAMS 0x0000000706800000, 0x0000000706800000| Untracked 
|  41|0x0000000706a00000, 0x0000000706a00000, 0x0000000706c00000|  0%| F|  |TAMS 0x0000000706a00000, 0x0000000706a00000| Untracked 
|  42|0x0000000706c00000, 0x0000000706c00000, 0x0000000706e00000|  0%| F|  |TAMS 0x0000000706c00000, 0x0000000706c00000| Untracked 
|  43|0x0000000706e00000, 0x0000000706e00000, 0x0000000707000000|  0%| F|  |TAMS 0x0000000706e00000, 0x0000000706e00000| Untracked 
|  44|0x0000000707000000, 0x0000000707000000, 0x0000000707200000|  0%| F|  |TAMS 0x0000000707000000, 0x0000000707000000| Untracked 
|  45|0x0000000707200000, 0x0000000707200000, 0x0000000707400000|  0%| F|  |TAMS 0x0000000707200000, 0x0000000707200000| Untracked 
|  46|0x0000000707400000, 0x0000000707400000, 0x0000000707600000|  0%| F|  |TAMS 0x0000000707400000, 0x0000000707400000| Untracked 
|  47|0x0000000707600000, 0x0000000707600000, 0x0000000707800000|  0%| F|  |TAMS 0x0000000707600000, 0x0000000707600000| Untracked 
|  48|0x0000000707800000, 0x0000000707800000, 0x0000000707a00000|  0%| F|  |TAMS 0x0000000707800000, 0x0000000707800000| Untracked 
|  49|0x0000000707a00000, 0x0000000707a00000, 0x0000000707c00000|  0%| F|  |TAMS 0x0000000707a00000, 0x0000000707a00000| Untracked 
|  50|0x0000000707c00000, 0x0000000707c00000, 0x0000000707e00000|  0%| F|  |TAMS 0x0000000707c00000, 0x0000000707c00000| Untracked 
|  51|0x0000000707e00000, 0x0000000707e00000, 0x0000000708000000|  0%| F|  |TAMS 0x0000000707e00000, 0x0000000707e00000| Untracked 
|  52|0x0000000708000000, 0x0000000708000000, 0x0000000708200000|  0%| F|  |TAMS 0x0000000708000000, 0x0000000708000000| Untracked 
|  53|0x0000000708200000, 0x0000000708200000, 0x0000000708400000|  0%| F|  |TAMS 0x0000000708200000, 0x0000000708200000| Untracked 
|  54|0x0000000708400000, 0x0000000708400000, 0x0000000708600000|  0%| F|  |TAMS 0x0000000708400000, 0x0000000708400000| Untracked 
|  55|0x0000000708600000, 0x0000000708600000, 0x0000000708800000|  0%| F|  |TAMS 0x0000000708600000, 0x0000000708600000| Untracked 
|  56|0x0000000708800000, 0x0000000708800000, 0x0000000708a00000|  0%| F|  |TAMS 0x0000000708800000, 0x0000000708800000| Untracked 
|  57|0x0000000708a00000, 0x0000000708a00000, 0x0000000708c00000|  0%| F|  |TAMS 0x0000000708a00000, 0x0000000708a00000| Untracked 
|  58|0x0000000708c00000, 0x0000000708c00000, 0x0000000708e00000|  0%| F|  |TAMS 0x0000000708c00000, 0x0000000708c00000| Untracked 
|  59|0x0000000708e00000, 0x0000000708e00000, 0x0000000709000000|  0%| F|  |TAMS 0x0000000708e00000, 0x0000000708e00000| Untracked 
|  60|0x0000000709000000, 0x0000000709000000, 0x0000000709200000|  0%| F|  |TAMS 0x0000000709000000, 0x0000000709000000| Untracked 
|  61|0x0000000709200000, 0x0000000709200000, 0x0000000709400000|  0%| F|  |TAMS 0x0000000709200000, 0x0000000709200000| Untracked 
|  62|0x0000000709400000, 0x0000000709400000, 0x0000000709600000|  0%| F|  |TAMS 0x0000000709400000, 0x0000000709400000| Untracked 
|  63|0x0000000709600000, 0x0000000709600000, 0x0000000709800000|  0%| F|  |TAMS 0x0000000709600000, 0x0000000709600000| Untracked 
|  64|0x0000000709800000, 0x0000000709800000, 0x0000000709a00000|  0%| F|  |TAMS 0x0000000709800000, 0x0000000709800000| Untracked 
|  65|0x0000000709a00000, 0x0000000709a00000, 0x0000000709c00000|  0%| F|  |TAMS 0x0000000709a00000, 0x0000000709a00000| Untracked 
|  66|0x0000000709c00000, 0x0000000709c00000, 0x0000000709e00000|  0%| F|  |TAMS 0x0000000709c00000, 0x0000000709c00000| Untracked 
|  67|0x0000000709e00000, 0x0000000709e00000, 0x000000070a000000|  0%| F|  |TAMS 0x0000000709e00000, 0x0000000709e00000| Untracked 
|  68|0x000000070a000000, 0x000000070a000000, 0x000000070a200000|  0%| F|  |TAMS 0x000000070a000000, 0x000000070a000000| Untracked 
|  69|0x000000070a200000, 0x000000070a200000, 0x000000070a400000|  0%| F|  |TAMS 0x000000070a200000, 0x000000070a200000| Untracked 
|  70|0x000000070a400000, 0x000000070a400000, 0x000000070a600000|  0%| F|  |TAMS 0x000000070a400000, 0x000000070a400000| Untracked 
|  71|0x000000070a600000, 0x000000070a600000, 0x000000070a800000|  0%| F|  |TAMS 0x000000070a600000, 0x000000070a600000| Untracked 
|  72|0x000000070a800000, 0x000000070a800000, 0x000000070aa00000|  0%| F|  |TAMS 0x000000070a800000, 0x000000070a800000| Untracked 
|  73|0x000000070aa00000, 0x000000070aa00000, 0x000000070ac00000|  0%| F|  |TAMS 0x000000070aa00000, 0x000000070aa00000| Untracked 
|  74|0x000000070ac00000, 0x000000070ac00000, 0x000000070ae00000|  0%| F|  |TAMS 0x000000070ac00000, 0x000000070ac00000| Untracked 
|  75|0x000000070ae00000, 0x000000070ae00000, 0x000000070b000000|  0%| F|  |TAMS 0x000000070ae00000, 0x000000070ae00000| Untracked 
|  76|0x000000070b000000, 0x000000070b000000, 0x000000070b200000|  0%| F|  |TAMS 0x000000070b000000, 0x000000070b000000| Untracked 
|  77|0x000000070b200000, 0x000000070b200000, 0x000000070b400000|  0%| F|  |TAMS 0x000000070b200000, 0x000000070b200000| Untracked 
|  78|0x000000070b400000, 0x000000070b400000, 0x000000070b600000|  0%| F|  |TAMS 0x000000070b400000, 0x000000070b400000| Untracked 
|  79|0x000000070b600000, 0x000000070b600000, 0x000000070b800000|  0%| F|  |TAMS 0x000000070b600000, 0x000000070b600000| Untracked 
|  80|0x000000070b800000, 0x000000070b800000, 0x000000070ba00000|  0%| F|  |TAMS 0x000000070b800000, 0x000000070b800000| Untracked 
|  81|0x000000070ba00000, 0x000000070ba00000, 0x000000070bc00000|  0%| F|  |TAMS 0x000000070ba00000, 0x000000070ba00000| Untracked 
|  82|0x000000070bc00000, 0x000000070bc00000, 0x000000070be00000|  0%| F|  |TAMS 0x000000070bc00000, 0x000000070bc00000| Untracked 
|  83|0x000000070be00000, 0x000000070be00000, 0x000000070c000000|  0%| F|  |TAMS 0x000000070be00000, 0x000000070be00000| Untracked 
|  84|0x000000070c000000, 0x000000070c000000, 0x000000070c200000|  0%| F|  |TAMS 0x000000070c000000, 0x000000070c000000| Untracked 
|  85|0x000000070c200000, 0x000000070c200000, 0x000000070c400000|  0%| F|  |TAMS 0x000000070c200000, 0x000000070c200000| Untracked 
|  86|0x000000070c400000, 0x000000070c400000, 0x000000070c600000|  0%| F|  |TAMS 0x000000070c400000, 0x000000070c400000| Untracked 
|  87|0x000000070c600000, 0x000000070c600000, 0x000000070c800000|  0%| F|  |TAMS 0x000000070c600000, 0x000000070c600000| Untracked 
|  88|0x000000070c800000, 0x000000070c800000, 0x000000070ca00000|  0%| F|  |TAMS 0x000000070c800000, 0x000000070c800000| Untracked 
|  89|0x000000070ca00000, 0x000000070ca00000, 0x000000070cc00000|  0%| F|  |TAMS 0x000000070ca00000, 0x000000070ca00000| Untracked 
|  90|0x000000070cc00000, 0x000000070cc00000, 0x000000070ce00000|  0%| F|  |TAMS 0x000000070cc00000, 0x000000070cc00000| Untracked 
|  91|0x000000070ce00000, 0x000000070ce00000, 0x000000070d000000|  0%| F|  |TAMS 0x000000070ce00000, 0x000000070ce00000| Untracked 
|  92|0x000000070d000000, 0x000000070d000000, 0x000000070d200000|  0%| F|  |TAMS 0x000000070d000000, 0x000000070d000000| Untracked 
|  93|0x000000070d200000, 0x000000070d200000, 0x000000070d400000|  0%| F|  |TAMS 0x000000070d200000, 0x000000070d200000| Untracked 
|  94|0x000000070d400000, 0x000000070d400000, 0x000000070d600000|  0%| F|  |TAMS 0x000000070d400000, 0x000000070d400000| Untracked 
|  95|0x000000070d600000, 0x000000070d600000, 0x000000070d800000|  0%| F|  |TAMS 0x000000070d600000, 0x000000070d600000| Untracked 
|  96|0x000000070d800000, 0x000000070d800000, 0x000000070da00000|  0%| F|  |TAMS 0x000000070d800000, 0x000000070d800000| Untracked 
|  97|0x000000070da00000, 0x000000070da00000, 0x000000070dc00000|  0%| F|  |TAMS 0x000000070da00000, 0x000000070da00000| Untracked 
|  98|0x000000070dc00000, 0x000000070dc00000, 0x000000070de00000|  0%| F|  |TAMS 0x000000070dc00000, 0x000000070dc00000| Untracked 
|  99|0x000000070de00000, 0x000000070de00000, 0x000000070e000000|  0%| F|  |TAMS 0x000000070de00000, 0x000000070de00000| Untracked 
| 100|0x000000070e000000, 0x000000070e000000, 0x000000070e200000|  0%| F|  |TAMS 0x000000070e000000, 0x000000070e000000| Untracked 
| 101|0x000000070e200000, 0x000000070e200000, 0x000000070e400000|  0%| F|  |TAMS 0x000000070e200000, 0x000000070e200000| Untracked 
| 102|0x000000070e400000, 0x000000070e400000, 0x000000070e600000|  0%| F|  |TAMS 0x000000070e400000, 0x000000070e400000| Untracked 
| 103|0x000000070e600000, 0x000000070e600000, 0x000000070e800000|  0%| F|  |TAMS 0x000000070e600000, 0x000000070e600000| Untracked 
| 104|0x000000070e800000, 0x000000070e800000, 0x000000070ea00000|  0%| F|  |TAMS 0x000000070e800000, 0x000000070e800000| Untracked 
| 105|0x000000070ea00000, 0x000000070ea00000, 0x000000070ec00000|  0%| F|  |TAMS 0x000000070ea00000, 0x000000070ea00000| Untracked 
| 106|0x000000070ec00000, 0x000000070ec00000, 0x000000070ee00000|  0%| F|  |TAMS 0x000000070ec00000, 0x000000070ec00000| Untracked 
| 107|0x000000070ee00000, 0x000000070ee00000, 0x000000070f000000|  0%| F|  |TAMS 0x000000070ee00000, 0x000000070ee00000| Untracked 
| 108|0x000000070f000000, 0x000000070f000000, 0x000000070f200000|  0%| F|  |TAMS 0x000000070f000000, 0x000000070f000000| Untracked 
| 109|0x000000070f200000, 0x000000070f200000, 0x000000070f400000|  0%| F|  |TAMS 0x000000070f200000, 0x000000070f200000| Untracked 
| 110|0x000000070f400000, 0x000000070f400000, 0x000000070f600000|  0%| F|  |TAMS 0x000000070f400000, 0x000000070f400000| Untracked 
| 111|0x000000070f600000, 0x000000070f600000, 0x000000070f800000|  0%| F|  |TAMS 0x000000070f600000, 0x000000070f600000| Untracked 
| 112|0x000000070f800000, 0x000000070f800000, 0x000000070fa00000|  0%| F|  |TAMS 0x000000070f800000, 0x000000070f800000| Untracked 
| 113|0x000000070fa00000, 0x000000070fa00000, 0x000000070fc00000|  0%| F|  |TAMS 0x000000070fa00000, 0x000000070fa00000| Untracked 
| 114|0x000000070fc00000, 0x000000070fc00000, 0x000000070fe00000|  0%| F|  |TAMS 0x000000070fc00000, 0x000000070fc00000| Untracked 
| 115|0x000000070fe00000, 0x0000000710000000, 0x0000000710000000|100%| S|CS|TAMS 0x000000070fe00000, 0x000000070fe00000| Complete 
| 116|0x0000000710000000, 0x0000000710200000, 0x0000000710200000|100%| S|CS|TAMS 0x0000000710000000, 0x0000000710000000| Complete 
| 117|0x0000000710200000, 0x0000000710200000, 0x0000000710400000|  0%| F|  |TAMS 0x0000000710200000, 0x0000000710200000| Untracked 
| 118|0x0000000710400000, 0x0000000710400000, 0x0000000710600000|  0%| F|  |TAMS 0x0000000710400000, 0x0000000710400000| Untracked 
| 119|0x0000000710600000, 0x0000000710600000, 0x0000000710800000|  0%| F|  |TAMS 0x0000000710600000, 0x0000000710600000| Untracked 
| 120|0x0000000710800000, 0x0000000710800000, 0x0000000710a00000|  0%| F|  |TAMS 0x0000000710800000, 0x0000000710800000| Untracked 
| 121|0x0000000710a00000, 0x0000000710a00000, 0x0000000710c00000|  0%| F|  |TAMS 0x0000000710a00000, 0x0000000710a00000| Untracked 
| 122|0x0000000710c00000, 0x0000000710c00000, 0x0000000710e00000|  0%| F|  |TAMS 0x0000000710c00000, 0x0000000710c00000| Untracked 
| 123|0x0000000710e00000, 0x0000000710f87728, 0x0000000711000000| 76%| E|  |TAMS 0x0000000710e00000, 0x0000000710e00000| Complete 
| 124|0x0000000711000000, 0x0000000711200000, 0x0000000711200000|100%| E|CS|TAMS 0x0000000711000000, 0x0000000711000000| Complete 
| 125|0x0000000711200000, 0x0000000711400000, 0x0000000711400000|100%| E|CS|TAMS 0x0000000711200000, 0x0000000711200000| Complete 
| 126|0x0000000711400000, 0x0000000711600000, 0x0000000711600000|100%| E|CS|TAMS 0x0000000711400000, 0x0000000711400000| Complete 
| 127|0x0000000711600000, 0x0000000711800000, 0x0000000711800000|100%| E|CS|TAMS 0x0000000711600000, 0x0000000711600000| Complete 

Card table byte_map: [0x000002a926a40000,0x000002a927240000] _byte_map_base: 0x000002a923234000

Marking Bits (Prev, Next): (CMBitMap*) 0x000002a90cbdee40, (CMBitMap*) 0x000002a90cbdee80
 Prev Bits: [0x000002a927a40000, 0x000002a92b9e0000)
 Next Bits: [0x000002a92b9e0000, 0x000002a92f980000)

Polling page: 0x000002a90c9e0000

Metaspace:

Usage:
  Non-class:      5.82 MB capacity,     3.69 MB ( 63%) used,     2.12 MB ( 36%) free+waste,     5.44 KB ( <1%) overhead. 
      Class:    674.00 KB capacity,   441.58 KB ( 66%) used,   229.98 KB ( 34%) free+waste,     2.44 KB ( <1%) overhead. 
       Both:      6.48 MB capacity,     4.12 MB ( 64%) used,     2.35 MB ( 36%) free+waste,     7.88 KB ( <1%) overhead. 

Virtual space:
  Non-class space:        8.00 MB reserved,       6.00 MB ( 75%) committed 
      Class space:        1.00 GB reserved,     768.00 KB ( <1%) committed 
             Both:        1.01 GB reserved,       6.75 MB ( <1%) committed 

Chunk freelists:
   Non-Class:  0 bytes
       Class:  0 bytes
        Both:  0 bytes

MaxMetaspaceSize: 17179869184.00 GB
CompressedClassSpaceSize: 1.00 GB

CodeHeap 'non-profiled nmethods': size=120000Kb used=499Kb max_used=499Kb free=119500Kb
 bounds [0x000002a91e080000, 0x000002a91e2f0000, 0x000002a9255b0000]
CodeHeap 'profiled nmethods': size=120000Kb used=2219Kb max_used=2219Kb free=117781Kb
 bounds [0x000002a916b50000, 0x000002a916dc0000, 0x000002a91e080000]
CodeHeap 'non-nmethods': size=5760Kb used=1177Kb max_used=1203Kb free=4582Kb
 bounds [0x000002a9165b0000, 0x000002a916820000, 0x000002a916b50000]
 total_blobs=1521 nmethods=1084 adapters=350
 compilation: enabled
              stopped_count=0, restarted_count=0
 full_count=0

Compilation events (20 events):
Event: 0.447 Thread 0x000002a932ef19f0 nmethod 1007 0x000002a91e0fba90 code [0x000002a91e0fbc20, 0x000002a91e0fc088]
Event: 0.448 Thread 0x000002a932ef7830 nmethod 1064 0x000002a916d77810 code [0x000002a916d77a80, 0x000002a916d785a8]
Event: 0.448 Thread 0x000002a932ef7830 1075       3       java.lang.invoke.LambdaForm$Name::useCount (42 bytes)
Event: 0.448 Thread 0x000002a932ef7830 nmethod 1075 0x000002a916d78a10 code [0x000002a916d78bc0, 0x000002a916d78eb8]
Event: 0.448 Thread 0x000002a932ef7830 1071       3       java.lang.invoke.MethodType::erase (8 bytes)
Event: 0.448 Thread 0x000002a932ef7830 nmethod 1071 0x000002a916d79010 code [0x000002a916d791a0, 0x000002a916d792d8]
Event: 0.448 Thread 0x000002a932ef7830 1074       3       java.lang.invoke.LambdaForm$NamedFunction::methodType (23 bytes)
Event: 0.448 Thread 0x000002a932ef7830 nmethod 1074 0x000002a916d79390 code [0x000002a916d79540, 0x000002a916d79788]
Event: 0.448 Thread 0x000002a932ef7830 1078       1       java.lang.invoke.DirectMethodHandle::internalMemberName (5 bytes)
Event: 0.448 Thread 0x000002a932ef7830 nmethod 1078 0x000002a91e0fc310 code [0x000002a91e0fc4a0, 0x000002a91e0fc558]
Event: 0.448 Thread 0x000002a932ef7830 1079       3       java.util.concurrent.ConcurrentHashMap::values (25 bytes)
Event: 0.448 Thread 0x000002a932ef7830 nmethod 1079 0x000002a916d79890 code [0x000002a916d79a40, 0x000002a916d79dd8]
Event: 0.448 Thread 0x000002a932ef7830 1080       3       java.util.concurrent.ConcurrentHashMap$ValuesView::iterator (34 bytes)
Event: 0.448 Thread 0x000002a932ef7830 nmethod 1080 0x000002a916d79f10 code [0x000002a916d7a0c0, 0x000002a916d7a2e8]
Event: 0.448 Thread 0x000002a932ef7830 1081       3       java.util.concurrent.ConcurrentHashMap$ValueIterator::<init> (12 bytes)
Event: 0.448 Thread 0x000002a932ef7830 nmethod 1081 0x000002a916d7a410 code [0x000002a916d7a5c0, 0x000002a916d7a6e8]
Event: 0.449 Thread 0x000002a932ef7830 1083       3       java.lang.invoke.DirectMethodHandle::internalMemberName (8 bytes)
Event: 0.449 Thread 0x000002a932ef19f0 1084       4       java.util.concurrent.ConcurrentHashMap$BaseIterator::hasNext (13 bytes)
Event: 0.449 Thread 0x000002a932ef7830 nmethod 1083 0x000002a916d7a790 code [0x000002a916d7a920, 0x000002a916d7ab18]
Event: 0.449 Thread 0x000002a932ef19f0 nmethod 1084 0x000002a91e0fca10 code [0x000002a91e0fcb80, 0x000002a91e0fcbf8]

GC Heap History (2 events):
Event: 0.293 GC heap before
{Heap before GC invocations=0 (full 0):
 garbage-first heap   total 262144K, used 20480K [0x0000000701800000, 0x0000000800000000)
  region size 2048K, 11 young (22528K), 0 survivors (0K)
 Metaspace       used 2050K, capacity 4883K, committed 5120K, reserved 1056768K
  class space    used 175K, capacity 433K, committed 512K, reserved 1048576K
}
Event: 0.296 GC heap after
{Heap after GC invocations=1 (full 0):
 garbage-first heap   total 262144K, used 5832K [0x0000000701800000, 0x0000000800000000)
  region size 2048K, 2 young (4096K), 2 survivors (4096K)
 Metaspace       used 2050K, capacity 4883K, committed 5120K, reserved 1056768K
  class space    used 175K, capacity 433K, committed 512K, reserved 1048576K
}

Deoptimization events (20 events):
Event: 0.400 Thread 0x000002a90cb8ec30 DEOPT PACKING pc=0x000002a91e0b4a9c sp=0x000000d5fa7fe280
Event: 0.400 Thread 0x000002a90cb8ec30 DEOPT UNPACKING pc=0x000002a9165fe42f sp=0x000000d5fa7fe218 mode 2
Event: 0.401 Thread 0x000002a90cb8ec30 Uncommon trap: trap_request=0xffffff45 fr.pc=0x000002a91e0b51f8 relative=0x0000000000000338
Event: 0.401 Thread 0x000002a90cb8ec30 Uncommon trap: reason=unstable_if action=reinterpret pc=0x000002a91e0b51f8 method=java.io.WinNTFileSystem.normalize(Ljava/lang/String;)Ljava/lang/String; @ 128 c2
Event: 0.401 Thread 0x000002a90cb8ec30 DEOPT PACKING pc=0x000002a91e0b51f8 sp=0x000000d5fa7fe380
Event: 0.401 Thread 0x000002a90cb8ec30 DEOPT UNPACKING pc=0x000002a9165fe42f sp=0x000000d5fa7fe308 mode 2
Event: 0.402 Thread 0x000002a90cb8ec30 Uncommon trap: trap_request=0xffffff45 fr.pc=0x000002a91e0d9bd8 relative=0x00000000000001b8
Event: 0.402 Thread 0x000002a90cb8ec30 Uncommon trap: reason=unstable_if action=reinterpret pc=0x000002a91e0d9bd8 method=java.io.WinNTFileSystem.prefixLength(Ljava/lang/String;)I @ 82 c2
Event: 0.402 Thread 0x000002a90cb8ec30 DEOPT PACKING pc=0x000002a91e0d9bd8 sp=0x000000d5fa7fe390
Event: 0.402 Thread 0x000002a90cb8ec30 DEOPT UNPACKING pc=0x000002a9165fe42f sp=0x000000d5fa7fe328 mode 2
Event: 0.402 Thread 0x000002a90cb8ec30 Uncommon trap: trap_request=0xffffff45 fr.pc=0x000002a91e0b309c relative=0x000000000000045c
Event: 0.402 Thread 0x000002a90cb8ec30 Uncommon trap: reason=unstable_if action=reinterpret pc=0x000002a91e0b309c method=java.io.WinNTFileSystem.normalize(Ljava/lang/String;)Ljava/lang/String; @ 128 c2
Event: 0.402 Thread 0x000002a90cb8ec30 DEOPT PACKING pc=0x000002a91e0b309c sp=0x000000d5fa7fe370
Event: 0.402 Thread 0x000002a90cb8ec30 DEOPT UNPACKING pc=0x000002a9165fe42f sp=0x000000d5fa7fe318 mode 2
Event: 0.434 Thread 0x000002a90cb8ec30 DEOPT PACKING pc=0x000002a916c81ba1 sp=0x000000d5fa7fe0e0
Event: 0.434 Thread 0x000002a90cb8ec30 DEOPT UNPACKING pc=0x000002a9165fe23f sp=0x000000d5fa7fd5f8 mode 0
Event: 0.448 Thread 0x000002a90cb8ec30 Uncommon trap: trap_request=0xffffff45 fr.pc=0x000002a91e0ba8cc relative=0x000000000000004c
Event: 0.448 Thread 0x000002a90cb8ec30 Uncommon trap: reason=unstable_if action=reinterpret pc=0x000002a91e0ba8cc method=java.lang.Integer.stringSize(I)I @ 24 c2
Event: 0.448 Thread 0x000002a90cb8ec30 DEOPT PACKING pc=0x000002a91e0ba8cc sp=0x000000d5fa7fe650
Event: 0.448 Thread 0x000002a90cb8ec30 DEOPT UNPACKING pc=0x000002a9165fe42f sp=0x000000d5fa7fe5d0 mode 2

Classes unloaded (0 events):
No events

Classes redefined (0 events):
No events

Internal exceptions (8 events):
Event: 0.115 Thread 0x000002a93328ab40 Exception <a 'java/lang/NoSuchMethodError'{0x000000071116efb0}: 'java.lang.Object java.lang.invoke.DirectMethodHandle$Holder.invokeStatic(java.lang.Object)'> (0x000000071116efb0) 
thrown [./open/src/hotspot/share/interpreter/linkResolver.cpp, line 782]
Event: 0.116 Thread 0x000002a93328ab40 Exception <a 'java/lang/NoSuchMethodError'{0x00000007111728c0}: 'java.lang.Object java.lang.invoke.DirectMethodHandle$Holder.invokeStaticInit(java.lang.Object)'> (0x00000007111728c0) 
thrown [./open/src/hotspot/share/interpreter/linkResolver.cpp, line 782]
Event: 0.121 Thread 0x000002a93328ab40 Exception <a 'java/lang/NoSuchMethodError'{0x000000071117fd08}: 'void java.lang.invoke.DirectMethodHandle$Holder.invokeStatic(java.lang.Object, java.lang.Object)'> (0x000000071117fd08) 
thrown [./open/src/hotspot/share/interpreter/linkResolver.cpp, line 782]
Event: 0.123 Thread 0x000002a90cb8ec30 Exception <a 'java/lang/NoSuchMethodError'{0x00000007111f63b8}: 'int java.lang.invoke.DirectMethodHandle$Holder.invokeStaticInit(java.lang.Object, java.lang.Object, java.lang.Object, java.lang.Object)'> (0x00000007111f63b8) 
thrown [./open/src/hotspot/share/interpreter/linkResolver.cpp, line 782]
Event: 0.124 Thread 0x000002a90cb8ec30 Exception <a 'java/lang/NoSuchMethodError'{0x0000000710e01720}: 'java.lang.Object java.lang.invoke.DirectMethodHandle$Holder.invokeInterface(java.lang.Object, java.lang.Object)'> (0x0000000710e01720) 
thrown [./open/src/hotspot/share/interpreter/linkResolver.cpp, line 782]
Event: 0.124 Thread 0x000002a90cb8ec30 Exception <a 'java/lang/IncompatibleClassChangeError'{0x0000000710e04e70}: Found class java.lang.Object, but interface was expected> (0x0000000710e04e70) 
thrown [./open/src/hotspot/share/interpreter/linkResolver.cpp, line 848]
Event: 0.124 Thread 0x000002a90cb8ec30 Exception <a 'java/lang/NoSuchMethodError'{0x0000000710e080b8}: 'void java.lang.invoke.DirectMethodHandle$Holder.invokeStaticInit(java.lang.Object, java.lang.Object)'> (0x0000000710e080b8) 
thrown [./open/src/hotspot/share/interpreter/linkResolver.cpp, line 782]
Event: 0.125 Thread 0x000002a90cb8ec30 Exception <a 'java/lang/NoSuchMethodError'{0x0000000710e0e210}: 'int java.lang.invoke.DirectMethodHandle$Holder.invokeStaticInit(java.lang.Object, java.lang.Object)'> (0x0000000710e0e210) 
thrown [./open/src/hotspot/share/interpreter/linkResolver.cpp, line 782]

Events (20 events):
Event: 0.390 loading class java/util/regex/Pattern$BnM done
Event: 0.390 loading class java/util/regex/Pattern$SliceS
Event: 0.390 loading class java/util/regex/Pattern$SliceS done
Event: 0.407 Loaded shared library C:\Users\Destroy\.javacpp\cache\llvm-13.0.1-1.5.7-windows-x86_64.jar\org\bytedeco\llvm\windows-x86_64\LTO.dll
Event: 0.410 Loaded shared library C:\Users\Destroy\.javacpp\cache\llvm-13.0.1-1.5.7-windows-x86_64.jar\org\bytedeco\llvm\windows-x86_64\Remarks.dll
Event: 0.414 Loaded shared library C:\Users\Destroy\.javacpp\cache\llvm-13.0.1-1.5.7-windows-x86_64.jar\org\bytedeco\llvm\windows-x86_64\jniLLVM.dll
Event: 0.439 loading class java/lang/invoke/BoundMethodHandle$Species_LL
Event: 0.440 loading class java/lang/invoke/BoundMethodHandle$Species_LL done
Event: 0.441 loading class java/lang/invoke/BoundMethodHandle$Species_LLL
Event: 0.441 loading class java/lang/invoke/BoundMethodHandle$Species_LLL done
Event: 0.442 loading class java/lang/invoke/BoundMethodHandle$Species_LLLL
Event: 0.442 loading class java/lang/invoke/BoundMethodHandle$Species_LLLL done
Event: 0.443 loading class java/lang/invoke/BoundMethodHandle$Species_LLLLL
Event: 0.443 loading class java/lang/invoke/BoundMethodHandle$Species_LLLLL done
Event: 0.443 loading class java/lang/invoke/BoundMethodHandle$Species_LJ
Event: 0.443 loading class java/lang/invoke/BoundMethodHandle$Species_LJ done
Event: 0.444 loading class java/lang/invoke/BoundMethodHandle$Species_LLLLLL
Event: 0.444 loading class java/lang/invoke/BoundMethodHandle$Species_LLLLLL done
Event: 0.444 loading class java/lang/invoke/BoundMethodHandle$Species_LLLLLLL
Event: 0.444 loading class java/lang/invoke/BoundMethodHandle$Species_LLLLLLL done


Dynamic libraries:
0x00007ff6180f0000 - 0x00007ff6180fd000 	C:\Users\Destroy\.jdks\openjdk-15.0.2\bin\java.exe
0x00007ffbe2d70000 - 0x00007ffbe2f68000 	C:\WINDOWS\SYSTEM32\ntdll.dll
0x00007ffbe1e70000 - 0x00007ffbe1f2f000 	C:\WINDOWS\System32\KERNEL32.DLL
0x00007ffbe09f0000 - 0x00007ffbe0cc2000 	C:\WINDOWS\System32\KERNELBASE.dll
0x00007ffbe05e0000 - 0x00007ffbe06e0000 	C:\WINDOWS\System32\ucrtbase.dll
0x00007ffbdb3d0000 - 0x00007ffbdb3e8000 	C:\Users\Destroy\.jdks\openjdk-15.0.2\bin\jli.dll
0x00007ffbdcc00000 - 0x00007ffbdcc19000 	C:\Users\Destroy\.jdks\openjdk-15.0.2\bin\VCRUNTIME140.dll
0x00007ffbe0ed0000 - 0x00007ffbe1071000 	C:\WINDOWS\System32\USER32.dll
0x00007ffbcb850000 - 0x00007ffbcbaea000 	C:\WINDOWS\WinSxS\amd64_microsoft.windows.common-controls_6595b64144ccf1df_6.0.19041.1110_none_60b5254171f9507e\COMCTL32.dll
0x00007ffbe1130000 - 0x00007ffbe11ce000 	C:\WINDOWS\System32\msvcrt.dll
0x00007ffbe06e0000 - 0x00007ffbe0702000 	C:\WINDOWS\System32\win32u.dll
0x00007ffbe0ea0000 - 0x00007ffbe0ecb000 	C:\WINDOWS\System32\GDI32.dll
0x00007ffbe04d0000 - 0x00007ffbe05df000 	C:\WINDOWS\System32\gdi32full.dll
0x00007ffbe0870000 - 0x00007ffbe090d000 	C:\WINDOWS\System32\msvcp_win.dll
0x00007ffbe0e60000 - 0x00007ffbe0e92000 	C:\WINDOWS\System32\IMM32.DLL
0x00007ffbdb3c0000 - 0x00007ffbdb3cc000 	C:\Users\Destroy\.jdks\openjdk-15.0.2\bin\vcruntime140_1.dll
0x00007ffbc08d0000 - 0x00007ffbc0961000 	C:\Users\Destroy\.jdks\openjdk-15.0.2\bin\msvcp140.dll
0x00007ffba7c70000 - 0x00007ffba87ce000 	C:\Users\Destroy\.jdks\openjdk-15.0.2\bin\server\jvm.dll
0x00007ffbe1080000 - 0x00007ffbe112e000 	C:\WINDOWS\System32\ADVAPI32.dll
0x00007ffbe2c90000 - 0x00007ffbe2d2c000 	C:\WINDOWS\System32\sechost.dll
0x00007ffbe2b60000 - 0x00007ffbe2c85000 	C:\WINDOWS\System32\RPCRT4.dll
0x00007ffbe1e60000 - 0x00007ffbe1e68000 	C:\WINDOWS\System32\PSAPI.DLL
0x00007ffbd2d50000 - 0x00007ffbd2d77000 	C:\WINDOWS\SYSTEM32\WINMM.dll
0x00007ffbdcc90000 - 0x00007ffbdcc99000 	C:\WINDOWS\SYSTEM32\WSOCK32.dll
0x00007ffbd8a90000 - 0x00007ffbd8a9a000 	C:\WINDOWS\SYSTEM32\VERSION.dll
0x00007ffbe1290000 - 0x00007ffbe12fb000 	C:\WINDOWS\System32\WS2_32.dll
0x00007ffbdece0000 - 0x00007ffbdecf2000 	C:\WINDOWS\SYSTEM32\kernel.appcore.dll
0x00007ffbdb3b0000 - 0x00007ffbdb3ba000 	C:\Users\Destroy\.jdks\openjdk-15.0.2\bin\jimage.dll
0x00007ffbd0120000 - 0x00007ffbd0304000 	C:\WINDOWS\SYSTEM32\DBGHELP.DLL
0x00007ffbc8350000 - 0x00007ffbc8385000 	C:\WINDOWS\SYSTEM32\dbgcore.DLL
0x00007ffbe0960000 - 0x00007ffbe09e2000 	C:\WINDOWS\System32\bcryptPrimitives.dll
0x00007ffbcab50000 - 0x00007ffbcab5e000 	C:\Users\Destroy\.jdks\openjdk-15.0.2\bin\instrument.dll
0x00007ffbd6a00000 - 0x00007ffbd6a25000 	C:\Users\Destroy\.jdks\openjdk-15.0.2\bin\java.dll
0x00007ffbe1710000 - 0x00007ffbe1e54000 	C:\WINDOWS\System32\SHELL32.dll
0x00007ffbde390000 - 0x00007ffbdeb22000 	C:\WINDOWS\SYSTEM32\windows.storage.dll
0x00007ffbe1f90000 - 0x00007ffbe22e5000 	C:\WINDOWS\System32\combase.dll
0x00007ffbdfec0000 - 0x00007ffbdfef0000 	C:\WINDOWS\SYSTEM32\Wldp.dll
0x00007ffbe0db0000 - 0x00007ffbe0e5d000 	C:\WINDOWS\System32\SHCORE.dll
0x00007ffbe1f30000 - 0x00007ffbe1f85000 	C:\WINDOWS\System32\shlwapi.dll
0x00007ffbe03a0000 - 0x00007ffbe03bf000 	C:\WINDOWS\SYSTEM32\profapi.dll
0x00007ffbc9c10000 - 0x00007ffbc9c28000 	C:\Users\Destroy\.jdks\openjdk-15.0.2\bin\zip.dll
0x00007ffbcbb20000 - 0x00007ffbcbb39000 	C:\Users\Destroy\.jdks\openjdk-15.0.2\bin\net.dll
0x00007ffbd8100000 - 0x00007ffbd820c000 	C:\WINDOWS\SYSTEM32\WINHTTP.dll
0x00007ffbdfc20000 - 0x00007ffbdfc8a000 	C:\WINDOWS\system32\mswsock.dll
0x00007ffbcbb00000 - 0x00007ffbcbb12000 	C:\Users\Destroy\.jdks\openjdk-15.0.2\bin\nio.dll
0x00007ffbc95d0000 - 0x00007ffbc95ea000 	E:\IntelliJ IDEA 2021.3.2\bin\breakgen64.dll
0x000002a933b20000 - 0x000002a933b24000 	C:\Users\Destroy\.javacpp\cache\javacpp-1.5.7-windows-x86_64.jar\org\bytedeco\javacpp\windows-x86_64\api-ms-win-crt-locale-l1-1-0.dll
0x000002a933b30000 - 0x000002a933b35000 	C:\Users\Destroy\.javacpp\cache\javacpp-1.5.7-windows-x86_64.jar\org\bytedeco\javacpp\windows-x86_64\api-ms-win-crt-string-l1-1-0.dll
0x000002a933b40000 - 0x000002a933b45000 	C:\Users\Destroy\.javacpp\cache\javacpp-1.5.7-windows-x86_64.jar\org\bytedeco\javacpp\windows-x86_64\api-ms-win-crt-stdio-l1-1-0.dll
0x000002a933b50000 - 0x000002a933b56000 	C:\Users\Destroy\.javacpp\cache\javacpp-1.5.7-windows-x86_64.jar\org\bytedeco\javacpp\windows-x86_64\api-ms-win-crt-math-l1-1-0.dll
0x000002a933b60000 - 0x000002a933b64000 	C:\Users\Destroy\.javacpp\cache\javacpp-1.5.7-windows-x86_64.jar\org\bytedeco\javacpp\windows-x86_64\api-ms-win-crt-heap-l1-1-0.dll
0x000002a933b70000 - 0x000002a933b75000 	C:\Users\Destroy\.javacpp\cache\javacpp-1.5.7-windows-x86_64.jar\org\bytedeco\javacpp\windows-x86_64\api-ms-win-crt-runtime-l1-1-0.dll
0x000002a933b80000 - 0x000002a933b85000 	C:\Users\Destroy\.javacpp\cache\javacpp-1.5.7-windows-x86_64.jar\org\bytedeco\javacpp\windows-x86_64\api-ms-win-crt-convert-l1-1-0.dll
0x000002a933b90000 - 0x000002a933b94000 	C:\Users\Destroy\.javacpp\cache\javacpp-1.5.7-windows-x86_64.jar\org\bytedeco\javacpp\windows-x86_64\api-ms-win-crt-environment-l1-1-0.dll
0x000002a933ba0000 - 0x000002a933ba4000 	C:\Users\Destroy\.javacpp\cache\javacpp-1.5.7-windows-x86_64.jar\org\bytedeco\javacpp\windows-x86_64\api-ms-win-crt-time-l1-1-0.dll
0x000002a933bb0000 - 0x000002a933bb4000 	C:\Users\Destroy\.javacpp\cache\javacpp-1.5.7-windows-x86_64.jar\org\bytedeco\javacpp\windows-x86_64\api-ms-win-crt-filesystem-l1-1-0.dll
0x000002a933bc0000 - 0x000002a933bc4000 	C:\Users\Destroy\.javacpp\cache\javacpp-1.5.7-windows-x86_64.jar\org\bytedeco\javacpp\windows-x86_64\api-ms-win-crt-utility-l1-1-0.dll
0x000002a933bd0000 - 0x000002a933bd6000 	C:\Users\Destroy\.javacpp\cache\javacpp-1.5.7-windows-x86_64.jar\org\bytedeco\javacpp\windows-x86_64\api-ms-win-crt-multibyte-l1-1-0.dll
0x000002a933be0000 - 0x000002a933be4000 	C:\Users\Destroy\.javacpp\cache\javacpp-1.5.7-windows-x86_64.jar\org\bytedeco\javacpp\windows-x86_64\api-ms-win-crt-conio-l1-1-0.dll
0x000002a933bf0000 - 0x000002a933c01000 	C:\Users\Destroy\.javacpp\cache\javacpp-1.5.7-windows-x86_64.jar\org\bytedeco\javacpp\windows-x86_64\api-ms-win-crt-private-l1-1-0.dll
0x000002a933c10000 - 0x000002a933c14000 	C:\Users\Destroy\.javacpp\cache\javacpp-1.5.7-windows-x86_64.jar\org\bytedeco\javacpp\windows-x86_64\api-ms-win-crt-process-l1-1-0.dll
0x000002a933c20000 - 0x000002a933c24000 	C:\Users\Destroy\.javacpp\cache\javacpp-1.5.7-windows-x86_64.jar\org\bytedeco\javacpp\windows-x86_64\api-ms-win-core-console-l1-2-0.dll
0x000002a933c30000 - 0x000002a933c34000 	C:\Users\Destroy\.javacpp\cache\javacpp-1.5.7-windows-x86_64.jar\org\bytedeco\javacpp\windows-x86_64\api-ms-win-core-string-l1-1-0.dll
0x000002a933c40000 - 0x000002a933c44000 	C:\Users\Destroy\.javacpp\cache\javacpp-1.5.7-windows-x86_64.jar\org\bytedeco\javacpp\windows-x86_64\api-ms-win-core-errorhandling-l1-1-0.dll
0x000002a933c50000 - 0x000002a933c54000 	C:\Users\Destroy\.javacpp\cache\javacpp-1.5.7-windows-x86_64.jar\org\bytedeco\javacpp\windows-x86_64\api-ms-win-core-timezone-l1-1-0.dll
0x000002a933c60000 - 0x000002a933c65000 	C:\Users\Destroy\.javacpp\cache\javacpp-1.5.7-windows-x86_64.jar\org\bytedeco\javacpp\windows-x86_64\api-ms-win-core-file-l1-1-0.dll
0x000002a933c70000 - 0x000002a933c74000 	C:\Users\Destroy\.javacpp\cache\javacpp-1.5.7-windows-x86_64.jar\org\bytedeco\javacpp\windows-x86_64\api-ms-win-core-namedpipe-l1-1-0.dll
0x000002a933c80000 - 0x000002a933c84000 	C:\Users\Destroy\.javacpp\cache\javacpp-1.5.7-windows-x86_64.jar\org\bytedeco\javacpp\windows-x86_64\api-ms-win-core-handle-l1-1-0.dll
0x000002a933c90000 - 0x000002a933c94000 	C:\Users\Destroy\.javacpp\cache\javacpp-1.5.7-windows-x86_64.jar\org\bytedeco\javacpp\windows-x86_64\api-ms-win-core-file-l2-1-0.dll
0x000002a933ca0000 - 0x000002a933ca4000 	C:\Users\Destroy\.javacpp\cache\javacpp-1.5.7-windows-x86_64.jar\org\bytedeco\javacpp\windows-x86_64\api-ms-win-core-heap-l1-1-0.dll
0x000002a933cb0000 - 0x000002a933cb4000 	C:\Users\Destroy\.javacpp\cache\javacpp-1.5.7-windows-x86_64.jar\org\bytedeco\javacpp\windows-x86_64\api-ms-win-core-libraryloader-l1-1-0.dll
0x000002a933cc0000 - 0x000002a933cc4000 	C:\Users\Destroy\.javacpp\cache\javacpp-1.5.7-windows-x86_64.jar\org\bytedeco\javacpp\windows-x86_64\api-ms-win-core-synch-l1-1-0.dll
0x000002a933cd0000 - 0x000002a933cd4000 	C:\Users\Destroy\.javacpp\cache\javacpp-1.5.7-windows-x86_64.jar\org\bytedeco\javacpp\windows-x86_64\api-ms-win-core-processthreads-l1-1-0.dll
0x000002a933ce0000 - 0x000002a933ce4000 	C:\Users\Destroy\.javacpp\cache\javacpp-1.5.7-windows-x86_64.jar\org\bytedeco\javacpp\windows-x86_64\api-ms-win-core-processenvironment-l1-1-0.dll
0x000002a933cf0000 - 0x000002a933cf4000 	C:\Users\Destroy\.javacpp\cache\javacpp-1.5.7-windows-x86_64.jar\org\bytedeco\javacpp\windows-x86_64\api-ms-win-core-datetime-l1-1-0.dll
0x000002a933d00000 - 0x000002a933d04000 	C:\Users\Destroy\.javacpp\cache\javacpp-1.5.7-windows-x86_64.jar\org\bytedeco\javacpp\windows-x86_64\api-ms-win-core-localization-l1-2-0.dll
0x000002a933d10000 - 0x000002a933d14000 	C:\Users\Destroy\.javacpp\cache\javacpp-1.5.7-windows-x86_64.jar\org\bytedeco\javacpp\windows-x86_64\api-ms-win-core-sysinfo-l1-1-0.dll
0x000002a933d20000 - 0x000002a933d24000 	C:\Users\Destroy\.javacpp\cache\javacpp-1.5.7-windows-x86_64.jar\org\bytedeco\javacpp\windows-x86_64\api-ms-win-core-synch-l1-2-0.dll
0x000002a933d30000 - 0x000002a933d34000 	C:\Users\Destroy\.javacpp\cache\javacpp-1.5.7-windows-x86_64.jar\org\bytedeco\javacpp\windows-x86_64\api-ms-win-core-console-l1-1-0.dll
0x000002a933d40000 - 0x000002a933d44000 	C:\Users\Destroy\.javacpp\cache\javacpp-1.5.7-windows-x86_64.jar\org\bytedeco\javacpp\windows-x86_64\api-ms-win-core-debug-l1-1-0.dll
0x000002a933d50000 - 0x000002a933d54000 	C:\Users\Destroy\.javacpp\cache\javacpp-1.5.7-windows-x86_64.jar\org\bytedeco\javacpp\windows-x86_64\api-ms-win-core-rtlsupport-l1-1-0.dll
0x000002a933d60000 - 0x000002a933d64000 	C:\Users\Destroy\.javacpp\cache\javacpp-1.5.7-windows-x86_64.jar\org\bytedeco\javacpp\windows-x86_64\api-ms-win-core-processthreads-l1-1-1.dll
0x000002a933d70000 - 0x000002a933d74000 	C:\Users\Destroy\.javacpp\cache\javacpp-1.5.7-windows-x86_64.jar\org\bytedeco\javacpp\windows-x86_64\api-ms-win-core-file-l1-2-0.dll
0x000002a933d80000 - 0x000002a933d84000 	C:\Users\Destroy\.javacpp\cache\javacpp-1.5.7-windows-x86_64.jar\org\bytedeco\javacpp\windows-x86_64\api-ms-win-core-profile-l1-1-0.dll
0x000002a933d90000 - 0x000002a933d94000 	C:\Users\Destroy\.javacpp\cache\javacpp-1.5.7-windows-x86_64.jar\org\bytedeco\javacpp\windows-x86_64\api-ms-win-core-memory-l1-1-0.dll
0x000002a933da0000 - 0x000002a933da4000 	C:\Users\Destroy\.javacpp\cache\javacpp-1.5.7-windows-x86_64.jar\org\bytedeco\javacpp\windows-x86_64\api-ms-win-core-util-l1-1-0.dll
0x000002a933db0000 - 0x000002a933db4000 	C:\Users\Destroy\.javacpp\cache\javacpp-1.5.7-windows-x86_64.jar\org\bytedeco\javacpp\windows-x86_64\api-ms-win-core-interlocked-l1-1-0.dll
0x00007ffbb7090000 - 0x00007ffbb71a1000 	C:\Users\Destroy\.javacpp\cache\javacpp-1.5.7-windows-x86_64.jar\org\bytedeco\javacpp\windows-x86_64\ucrtbase.dll
0x00007ffbc62b0000 - 0x00007ffbc62cb000 	C:\Users\Destroy\.javacpp\cache\javacpp-1.5.7-windows-x86_64.jar\org\bytedeco\javacpp\windows-x86_64\vcruntime140.dll
0x00007ffbca520000 - 0x00007ffbca52c000 	C:\Users\Destroy\.javacpp\cache\javacpp-1.5.7-windows-x86_64.jar\org\bytedeco\javacpp\windows-x86_64\vcruntime140_1.dll
0x00007ffbb7000000 - 0x00007ffbb708d000 	C:\Users\Destroy\.javacpp\cache\javacpp-1.5.7-windows-x86_64.jar\org\bytedeco\javacpp\windows-x86_64\msvcp140.dll
0x00007ffbc9360000 - 0x00007ffbc9369000 	C:\Users\Destroy\.javacpp\cache\javacpp-1.5.7-windows-x86_64.jar\org\bytedeco\javacpp\windows-x86_64\msvcp140_1.dll
0x00007ffbb7390000 - 0x00007ffbb73de000 	C:\Users\Destroy\.javacpp\cache\javacpp-1.5.7-windows-x86_64.jar\org\bytedeco\javacpp\windows-x86_64\concrt140.dll
0x00007ffbbac30000 - 0x00007ffbbac61000 	C:\Users\Destroy\.javacpp\cache\javacpp-1.5.7-windows-x86_64.jar\org\bytedeco\javacpp\windows-x86_64\vcomp140.dll
0x00007ffbc8310000 - 0x00007ffbc831e000 	C:\Users\Destroy\.javacpp\cache\javacpp-1.5.7-windows-x86_64.jar\org\bytedeco\javacpp\windows-x86_64\jnijavacpp.dll
0x00007ffba11f0000 - 0x00007ffba588d000 	C:\Users\Destroy\.javacpp\cache\llvm-13.0.1-1.5.7-windows-x86_64.jar\org\bytedeco\llvm\windows-x86_64\LTO.dll
0x00007ffbb9c10000 - 0x00007ffbb9c4b000 	C:\Users\Destroy\.javacpp\cache\llvm-13.0.1-1.5.7-windows-x86_64.jar\org\bytedeco\llvm\windows-x86_64\Remarks.dll
0x00007ffb45970000 - 0x00007ffb4a1c0000 	C:\Users\Destroy\.javacpp\cache\llvm-13.0.1-1.5.7-windows-x86_64.jar\org\bytedeco\llvm\windows-x86_64\jniLLVM.dll
0x00007ffbe1430000 - 0x00007ffbe155a000 	C:\WINDOWS\System32\ole32.dll

dbghelp: loaded successfully - version: 4.0.5 - missing functions: none
symbol engine: initialized successfully - sym options: 0x614 - pdb path: .;C:\Users\Destroy\.jdks\openjdk-15.0.2\bin;C:\WINDOWS\SYSTEM32;C:\WINDOWS\WinSxS\amd64_microsoft.windows.common-controls_6595b64144ccf1df_6.0.19041.1110_none_60b5254171f9507e;C:\Users\Destroy\.jdks\openjdk-15.0.2\bin\server;E:\IntelliJ IDEA 2021.3.2\bin;C:\Users\Destroy\.javacpp\cache\javacpp-1.5.7-windows-x86_64.jar\org\bytedeco\javacpp\windows-x86_64;C:\Users\Destroy\.javacpp\cache\llvm-13.0.1-1.5.7-windows-x86_64.jar\org\bytedeco\llvm\windows-x86_64

VM Arguments:
jvm_args: -javaagent:E:\IntelliJ IDEA 2021.3.2\lib\idea_rt.jar=62562:E:\IntelliJ IDEA 2021.3.2\bin -Dfile.encoding=UTF-8 
java_command: Main E:\\bianyiyuanli\\Lab\\src\\a.txt E:\\bianyiyuanli\\Lab\\src\\b.txt
java_class_path (initial): E:\bianyiyuanli\Lab\target\classes;C:\Users\Destroy\.m2\repository\org\antlr\antlr4-runtime\4.10.1\antlr4-runtime-4.10.1.jar;C:\Users\Destroy\.m2\repository\org\antlr\antlr4\4.10.1\antlr4-4.10.1.jar;C:\Users\Destroy\.m2\repository\org\bytedeco\llvm-platform\13.0.1-1.5.7\llvm-platform-13.0.1-1.5.7.jar;C:\Users\Destroy\.m2\repository\org\bytedeco\javacpp-platform\1.5.7\javacpp-platform-1.5.7.jar;C:\Users\Destroy\.m2\repository\org\bytedeco\javacpp\1.5.7\javacpp-1.5.7.jar;C:\Users\Destroy\.m2\repository\org\bytedeco\javacpp\1.5.7\javacpp-1.5.7-android-arm.jar;C:\Users\Destroy\.m2\repository\org\bytedeco\javacpp\1.5.7\javacpp-1.5.7-android-arm64.jar;C:\Users\Destroy\.m2\repository\org\bytedeco\javacpp\1.5.7\javacpp-1.5.7-android-x86.jar;C:\Users\Destroy\.m2\repository\org\bytedeco\javacpp\1.5.7\javacpp-1.5.7-android-x86_64.jar;C:\Users\Destroy\.m2\repository\org\bytedeco\javacpp\1.5.7\javacpp-1.5.7-ios-arm64.jar;C:\Users\Destroy\.m2\repository\org\bytedeco\javacpp\1.5.7\javacpp-1.5.7-ios-x86_64.jar;C:\Users\Destroy\.m2\repository\org\bytedeco\javacpp\1.5.7\javacpp-1.5.7-linux-armhf.jar;C:\Users\Destroy\.m2\repository\org\bytedeco\javacpp\1.5.7\javacpp-1.5.7-linux-arm64.jar;C:\Users\Destroy\.m2\repository\org\bytedeco\javacpp\1.5.7\javacpp-1.5.7-linux-ppc64le.jar;C:\Users\Destroy\.m2\repository\org\bytedeco\javacpp\1.5.7\javacpp-1.5.7-linux-x86.jar;C:\Users\Destroy\.m2\repository\org\bytedeco\javacpp\1.5.7\javacpp-1.5.7-linux-x86_64.jar;C:\Users\Destroy\.m2\repository\org\bytedeco\javacpp\1.5.7\javacpp-1.5.7-macosx-arm64.jar;C:\Users\Destroy\.m2\repository\org\bytedeco\javacpp\1.5.7\javacpp-1.5.7-macosx-x86_64.jar;C:\Users\Destroy\.m2\repository\org\bytedeco\javacpp\1.5.7\javacpp-1.5.7-windows-x86.jar;C:\Users\Destroy\.m2\repository\org\bytedeco\javacpp\1.5.7\javacpp-1.5.7-windows-x86_64.jar;C:\Users\Destroy\.m2\repository\org\bytedeco\llvm\13.0.1-1.5.7\llvm-13.0.1-1.5.7.jar;C:\Users\Destroy\.m2\repository\org\bytedeco\llvm\13.0.1-1.5.7\llvm-
Launcher Type: SUN_STANDARD

[Global flags]
     intx CICompilerCount                          = 4                                         {product} {ergonomic}
     uint ConcGCThreads                            = 3                                         {product} {ergonomic}
     uint G1ConcRefinementThreads                  = 10                                        {product} {ergonomic}
   size_t G1HeapRegionSize                         = 2097152                                   {product} {ergonomic}
    uintx GCDrainStackTargetSize                   = 64                                        {product} {ergonomic}
   size_t InitialHeapSize                          = 268435456                                 {product} {ergonomic}
   size_t MarkStackSize                            = 4194304                                   {product} {ergonomic}
   size_t MaxHeapSize                              = 4269801472                                {product} {ergonomic}
   size_t MaxNewSize                               = 2560622592                                {product} {ergonomic}
   size_t MinHeapDeltaBytes                        = 2097152                                   {product} {ergonomic}
   size_t MinHeapSize                              = 8388608                                   {product} {ergonomic}
    uintx NonNMethodCodeHeapSize                   = 5839372                                {pd product} {ergonomic}
    uintx NonProfiledCodeHeapSize                  = 122909434                              {pd product} {ergonomic}
    uintx ProfiledCodeHeapSize                     = 122909434                              {pd product} {ergonomic}
    uintx ReservedCodeCacheSize                    = 251658240                              {pd product} {ergonomic}
     bool SegmentedCodeCache                       = true                                      {product} {ergonomic}
   size_t SoftMaxHeapSize                          = 4269801472                             {manageable} {ergonomic}
     bool UseCompressedClassPointers               = true                                 {lp64_product} {ergonomic}
     bool UseCompressedOops                        = true                                 {lp64_product} {ergonomic}
     bool UseG1GC                                  = true                                      {product} {ergonomic}
     bool UseLargePagesIndividualAllocation        = false                                  {pd product} {ergonomic}

Logging:
Log output configuration:
 #0: stdout all=warning uptime,level,tags
 #1: stderr all=off uptime,level,tags

Environment Variables:
PATH=C:\Program Files\PlasticSCM5\server;C:\Program Files\PlasticSCM5\client;C:\Program Files\NVIDIA GPU Computing Toolkit\CUDA\v11.4\bin;C:\Program Files\NVIDIA GPU Computing Toolkit\CUDA\v11.4\libnvvp;C:\Program Files (x86)\Common Files\Oracle\Java\javapath;C:\Program Files (x86)\Common Files\Intel\Shared Libraries\redist\intel64\compiler;C:\Windows\system32;C:\Windows;C:\Windows\System32\Wbem;C:\Windows\System32\WindowsPowerShell\v1.0\;C:\Windows\System32\OpenSSH\;C:\Program Files (x86)\NVIDIA Corporation\PhysX\Common;C:\Program Files\NVIDIA Corporation\NVIDIA NvDLISR;C:\Users\Destroy\.dnx\bin;C:\Program Files\Microsoft DNX\Dnvm\;C:\Program Files\Microsoft SQL Server\130\Tools\Binn\;D:\Git\cmd;C:\Program Files\dotnet\;C:\Program Files\NVIDIA Corporation\Nsight Compute 2021.2.2\;C:\Program Files\Microsoft SQL Server\Client SDK\ODBC\170\Tools\Binn\;C:\Program Files\nodejs\;C:\WINDOWS\system32;C:\WINDOWS;C:\WINDOWS\System32\Wbem;C:\WINDOWS\System32\WindowsPowerShell\v1.0\;C:\WINDOWS\System32\OpenSSH\;C:;C:\Program Files (x86)\scala\bin;C:\Users\Destroy\AppData\Local\bin\NASM;D:\U_pro\A_GAME\python-envs;C:\Program Files\MySQL\MySQL Shell 8.0\bin\;D:\ANACONDA\envs\tf;C:\Users\Destroy\AppData\Local\Programs\Python\Python39\Scripts\;C:\Users\Destroy\AppData\Local\Programs\Python\Python39\;C:\Users\Destroy\AppData\Local\Microsoft\WindowsApps;D:\texlive\2020\bin\win32;C:\Users\Destroy\.dotnet\tools;C:\Users\Destroy\AppData\Local\Programs\Fiddler;C:\Users\Destroy\AppData\Roaming\npm;C:\Users\Destroy\AppData\Local\Microsoft\WindowsApps;E:\Microsoft VS Code\bin;C:\MinGW\bin;C:\Users\Destroy\AppData\Local\bin\NASM;D:\U_pro\A_GAME\python-envs;
USERNAME=Destroy
OS=Windows_NT
PROCESSOR_IDENTIFIER=AMD64 Family 23 Model 113 Stepping 0, AuthenticAMD



---------------  S Y S T E M  ---------------

OS:
 Windows 10 , 64 bit Build 19041 (10.0.19041.2364)
OS uptime: 0 days 10:14 hours

CPU: total 12 (initial active 12) (12 cores per cpu, 2 threads per core) family 23 model 113 stepping 0 microcode 0x0, cmov, cx8, fxsr, mmx, sse, sse2, sse3, ssse3, sse4.1, sse4.2, popcnt, vzeroupper, avx, avx2, aes, clmul, 3dnowpref, lzcnt, sse4a, ht, tsc, tscinvbit, tscinv, bmi1, bmi2, adx, sha, fma, clflush, clflushopt

Memory: 4k page, system-wide physical 16280M (2469M free)
TotalPageFile size 28056M (AvailPageFile size 8505M)
current process WorkingSet (physical memory assigned to process): 100M, peak: 100M
current process commit charge ("private bytes"): 381M, peak: 383M

vm_info: OpenJDK 64-Bit Server VM (15.0.2+7-27) for windows-amd64 JRE (15.0.2+7-27), built on Dec  7 2020 20:02:38 by "mach5one" with unknown MS VC++:1925

END.
